Analysis & Synthesis report for Semaforo
Tue Jul 01 00:06:16 2008
Quartus II Version 7.2 Build 207 03/18/2008 Service Pack 3 SJ Web Edition


---------------------
; Table of Contents ;
---------------------
  1. Legal Notice
  2. Analysis & Synthesis Summary
  3. Analysis & Synthesis Settings
  4. Analysis & Synthesis Source Files Read
  5. Analysis & Synthesis Resource Usage Summary
  6. Analysis & Synthesis Resource Utilization by Entity
  7. State Machine - |Semaforo|Semaforo_Stati:inst|Macchina
  8. Registers Removed During Synthesis
  9. Source assignments for Contatore:inst1|lpm_add_sub:Add0|addcore:adder[0]
 10. Parameter Settings for Inferred Entity Instance: Contatore:inst1|lpm_add_sub:Add0
 11. Analysis & Synthesis Messages



----------------
; Legal Notice ;
----------------
Copyright (C) 1991-2007 Altera Corporation
Your use of Altera Corporation's design tools, logic functions 
and other software and tools, and its AMPP partner logic 
functions, and any output files from any of the foregoing 
(including device programming or simulation files), and any 
associated documentation or information are expressly subject 
to the terms and conditions of the Altera Program License 
Subscription Agreement, Altera MegaCore Function License 
Agreement, or other applicable license agreement, including, 
without limitation, that your use is for the sole purpose of 
programming logic devices manufactured by Altera and sold by 
Altera or its authorized distributors.  Please refer to the 
applicable agreement for further details.



+----------------------------------------------------------------------------+
; Analysis & Synthesis Summary                                               ;
+-----------------------------+----------------------------------------------+
; Analysis & Synthesis Status ; Successful - Tue Jul 01 00:06:16 2008        ;
; Quartus II Version          ; 7.2 Build 207 03/18/2008 SP 3 SJ Web Edition ;
; Revision Name               ; Semaforo                                     ;
; Top-level Entity Name       ; Semaforo                                     ;
; Family                      ; MAX7000AE                                    ;
; Total macrocells            ; 23                                           ;
; Total pins                  ; 17                                           ;
+-----------------------------+----------------------------------------------+


+-----------------------------------------------------------------------------------------------------+
; Analysis & Synthesis Settings                                                                       ;
+----------------------------------------------------------------------+--------------+---------------+
; Option                                                               ; Setting      ; Default Value ;
+----------------------------------------------------------------------+--------------+---------------+
; Top-level entity name                                                ; Semaforo     ; Semaforo      ;
; Family name                                                          ; MAX7000AE    ; Stratix II    ;
; Use Generated Physical Constraints File                              ; Off          ;               ;
; Use smart compilation                                                ; Off          ; Off           ;
; Create Debugging Nodes for IP Cores                                  ; Off          ; Off           ;
; Preserve fewer node names                                            ; On           ; On            ;
; Disable OpenCore Plus hardware evaluation                            ; Off          ; Off           ;
; Verilog Version                                                      ; Verilog_2001 ; Verilog_2001  ;
; VHDL Version                                                         ; VHDL93       ; VHDL93        ;
; State Machine Processing                                             ; Auto         ; Auto          ;
; Safe State Machine                                                   ; Off          ; Off           ;
; Extract Verilog State Machines                                       ; On           ; On            ;
; Extract VHDL State Machines                                          ; On           ; On            ;
; Ignore Verilog initial constructs                                    ; Off          ; Off           ;
; Add Pass-Through Logic to Inferred RAMs                              ; On           ; On            ;
; Parallel Synthesis                                                   ; Off          ; Off           ;
; NOT Gate Push-Back                                                   ; On           ; On            ;
; Power-Up Don't Care                                                  ; On           ; On            ;
; Remove Duplicate Registers                                           ; On           ; On            ;
; Ignore CARRY Buffers                                                 ; Off          ; Off           ;
; Ignore CASCADE Buffers                                               ; Off          ; Off           ;
; Ignore GLOBAL Buffers                                                ; Off          ; Off           ;
; Ignore ROW GLOBAL Buffers                                            ; Off          ; Off           ;
; Ignore LCELL Buffers -- MAX 7000B/7000AE/3000A/7000S/7000A           ; Auto         ; Auto          ;
; Ignore SOFT Buffers -- MAX 7000B/7000AE/3000A/7000S/7000A            ; Off          ; Off           ;
; Limit AHDL Integers to 32 Bits                                       ; Off          ; Off           ;
; Optimization Technique -- MAX 7000B/7000AE/3000A/7000S/7000A         ; Speed        ; Speed         ;
; Allow XOR Gate Usage                                                 ; On           ; On            ;
; Auto Logic Cell Insertion                                            ; On           ; On            ;
; Parallel Expander Chain Length -- MAX 7000B/7000AE/3000A/7000S/7000A ; 4            ; 4             ;
; Auto Parallel Expanders                                              ; On           ; On            ;
; Auto Open-Drain Pins                                                 ; On           ; On            ;
; Auto Resource Sharing                                                ; Off          ; Off           ;
; Maximum Fan-in Per Macrocell -- MAX 7000B/7000AE/3000A/7000S/7000A   ; 100          ; 100           ;
; Ignore translate_off and synthesis_off directives                    ; Off          ; Off           ;
; Show Parameter Settings Tables in Synthesis Report                   ; On           ; On            ;
; HDL message level                                                    ; Level2       ; Level2        ;
; Suppress Register Optimization Related Messages                      ; Off          ; Off           ;
; Number of Removed Registers Reported in Synthesis Report             ; 100          ; 100           ;
; Block Design Naming                                                  ; Auto         ; Auto          ;
+----------------------------------------------------------------------+--------------+---------------+


+-------------------------------------------------------------------------------------------------------------------------------------------------------------------+
; Analysis & Synthesis Source Files Read                                                                                                                            ;
+----------------------------------+-----------------+------------------------------------+-------------------------------------------------------------------------+
; File Name with User-Entered Path ; Used in Netlist ; File Type                          ; File Name with Absolute Path                                            ;
+----------------------------------+-----------------+------------------------------------+-------------------------------------------------------------------------+
; Semaforo.bdf                     ; yes             ; User Block Diagram/Schematic File  ; C:/Users/Matteo/Desktop/Semaforo VHDL/Semaforo.bdf                      ;
; Semaforo_Stati.vhd               ; yes             ; User VHDL File                     ; C:/Users/Matteo/Desktop/Semaforo VHDL/Semaforo_Stati.vhd                ;
; Contatore.vhd                    ; yes             ; User VHDL File                     ; C:/Users/Matteo/Desktop/Semaforo VHDL/Contatore.vhd                     ;
; lpm_add_sub.tdf                  ; yes             ; Megafunction                       ; c:/altera/72sp3/quartus/libraries/megafunctions/lpm_add_sub.tdf         ;
; addcore.inc                      ; yes             ; Megafunction                       ; c:/altera/72sp3/quartus/libraries/megafunctions/addcore.inc             ;
; look_add.inc                     ; yes             ; Megafunction                       ; c:/altera/72sp3/quartus/libraries/megafunctions/look_add.inc            ;
; bypassff.inc                     ; yes             ; Megafunction                       ; c:/altera/72sp3/quartus/libraries/megafunctions/bypassff.inc            ;
; altshift.inc                     ; yes             ; Megafunction                       ; c:/altera/72sp3/quartus/libraries/megafunctions/altshift.inc            ;
; alt_stratix_add_sub.inc          ; yes             ; Megafunction                       ; c:/altera/72sp3/quartus/libraries/megafunctions/alt_stratix_add_sub.inc ;
; alt_mercury_add_sub.inc          ; yes             ; Megafunction                       ; c:/altera/72sp3/quartus/libraries/megafunctions/alt_mercury_add_sub.inc ;
; aglobal72.inc                    ; yes             ; Megafunction                       ; c:/altera/72sp3/quartus/libraries/megafunctions/aglobal72.inc           ;
; addcore.tdf                      ; yes             ; Megafunction                       ; c:/altera/72sp3/quartus/libraries/megafunctions/addcore.tdf             ;
; a_csnbuffer.inc                  ; yes             ; Megafunction                       ; c:/altera/72sp3/quartus/libraries/megafunctions/a_csnbuffer.inc         ;
; a_csnbuffer.tdf                  ; yes             ; Megafunction                       ; c:/altera/72sp3/quartus/libraries/megafunctions/a_csnbuffer.tdf         ;
; look_add.tdf                     ; yes             ; Megafunction                       ; c:/altera/72sp3/quartus/libraries/megafunctions/look_add.tdf            ;
; altshift.tdf                     ; yes             ; Megafunction                       ; c:/altera/72sp3/quartus/libraries/megafunctions/altshift.tdf            ;
+----------------------------------+-----------------+------------------------------------+-------------------------------------------------------------------------+


+---------------------------------------------+
; Analysis & Synthesis Resource Usage Summary ;
+----------------------+----------------------+
; Resource             ; Usage                ;
+----------------------+----------------------+
; Logic cells          ; 23                   ;
; Total registers      ; 9                    ;
; I/O pins             ; 17                   ;
; Maximum fan-out node ; CLOCK                ;
; Maximum fan-out      ; 9                    ;
; Total fan-out        ; 74                   ;
; Average fan-out      ; 1.85                 ;
+----------------------+----------------------+


+-------------------------------------------------------------------------------------------+
; Analysis & Synthesis Resource Utilization by Entity                                       ;
+----------------------------+------------+------+---------------------------+--------------+
; Compilation Hierarchy Node ; Macrocells ; Pins ; Full Hierarchy Name       ; Library Name ;
+----------------------------+------------+------+---------------------------+--------------+
; |Semaforo                  ; 23         ; 17   ; |Semaforo                 ; work         ;
;    |Contatore:inst1|       ; 9          ; 0    ; |Semaforo|Contatore:inst1 ; work         ;
+----------------------------+------------+------+---------------------------+--------------+


Encoding Type:  Minimal Bits
+--------------------------------------------------------------+
; State Machine - |Semaforo|Semaforo_Stati:inst|Macchina       ;
+----------------+----------------------+----------------------+
; Name           ; Macchina.state_bit_1 ; Macchina.state_bit_0 ;
+----------------+----------------------+----------------------+
; Macchina.red   ; 0                    ; 0                    ;
; Macchina.yel_a ; 0                    ; 1                    ;
; Macchina.yel_b ; 1                    ; 0                    ;
; Macchina.green ; 1                    ; 1                    ;
+----------------+----------------------+----------------------+


+-----------------------------------------------------------------------------------+
; Registers Removed During Synthesis                                                ;
+------------------------------------------+----------------------------------------+
; Register name                            ; Reason for Removal                     ;
+------------------------------------------+----------------------------------------+
; Semaforo_Stati:inst|time_to_wait[3..7]   ; Stuck at GND due to stuck port data_in ;
; Semaforo_Stati:inst|time_to_wait[0..1]   ; Stuck at VCC due to stuck port data_in ;
; Semaforo_Stati:inst|Macchina.state_bit_0 ; Lost fanout                            ;
; Semaforo_Stati:inst|Macchina.state_bit_1 ; Lost fanout                            ;
; Semaforo_Stati:inst|red_a                ; Stuck at VCC due to stuck port data_in ;
; Semaforo_Stati:inst|yellow_a             ; Stuck at GND due to stuck port data_in ;
; Semaforo_Stati:inst|green_a              ; Stuck at GND due to stuck port data_in ;
; Semaforo_Stati:inst|red_b                ; Stuck at GND due to stuck port data_in ;
; Semaforo_Stati:inst|yellow_b             ; Stuck at GND due to stuck port data_in ;
; Semaforo_Stati:inst|green_b              ; Stuck at VCC due to stuck port data_in ;
; Semaforo_Stati:inst|time_to_wait[2]      ; Stuck at VCC due to stuck port data_in ;
; Total Number of Removed Registers = 16   ;                                        ;
+------------------------------------------+----------------------------------------+


+--------------------------------------------------------------------------+
; Source assignments for Contatore:inst1|lpm_add_sub:Add0|addcore:adder[0] ;
+---------------------------+-------+------+-------------------------------+
; Assignment                ; Value ; From ; To                            ;
+---------------------------+-------+------+-------------------------------+
; SUPPRESS_DA_RULE_INTERNAL ; A103  ; -    ; -                             ;
+---------------------------+-------+------+-------------------------------+


+-----------------------------------------------------------------------------------+
; Parameter Settings for Inferred Entity Instance: Contatore:inst1|lpm_add_sub:Add0 ;
+------------------------+-------------+--------------------------------------------+
; Parameter Name         ; Value       ; Type                                       ;
+------------------------+-------------+--------------------------------------------+
; LPM_WIDTH              ; 8           ; Untyped                                    ;
; LPM_REPRESENTATION     ; UNSIGNED    ; Untyped                                    ;
; LPM_DIRECTION          ; ADD         ; Untyped                                    ;
; ONE_INPUT_IS_CONSTANT  ; YES         ; Untyped                                    ;
; LPM_PIPELINE           ; 0           ; Untyped                                    ;
; MAXIMIZE_SPEED         ; 5           ; Untyped                                    ;
; REGISTERED_AT_END      ; 0           ; Untyped                                    ;
; OPTIMIZE_FOR_SPEED     ; 9           ; Untyped                                    ;
; USE_CS_BUFFERS         ; 1           ; Untyped                                    ;
; CARRY_CHAIN            ; MANUAL      ; Untyped                                    ;
; CARRY_CHAIN_LENGTH     ; 48          ; CARRY_CHAIN_LENGTH                         ;
; DEVICE_FAMILY          ; MAX7000AE   ; Untyped                                    ;
; USE_WYS                ; OFF         ; Untyped                                    ;
; STYLE                  ; FAST        ; Untyped                                    ;
; CBXI_PARAMETER         ; add_sub_eqh ; Untyped                                    ;
; AUTO_CARRY_CHAINS      ; ON          ; AUTO_CARRY                                 ;
; IGNORE_CARRY_BUFFERS   ; OFF         ; IGNORE_CARRY                               ;
; AUTO_CASCADE_CHAINS    ; ON          ; AUTO_CASCADE                               ;
; IGNORE_CASCADE_BUFFERS ; OFF         ; IGNORE_CASCADE                             ;
+------------------------+-------------+--------------------------------------------+
Note: In order to hide this table in the UI and the text report file, please set the "Show Parameter Settings Tables in Synthesis Report" option in "Analysis and Synthesis Settings -> More Settings" to "Off".


+-------------------------------+
; Analysis & Synthesis Messages ;
+-------------------------------+
Info: *******************************************************************
Info: Running Quartus II Analysis & Synthesis
    Info: Version 7.2 Build 207 03/18/2008 Service Pack 3 SJ Web Edition
    Info: Processing started: Tue Jul 01 00:06:11 2008
Info: Command: quartus_map --read_settings_files=on --write_settings_files=off Semaforo -c Semaforo
Info: Found 1 design units, including 1 entities, in source file Semaforo.bdf
    Info: Found entity 1: Semaforo
Info: Found 2 design units, including 1 entities, in source file Semaforo_Stati.vhd
    Info: Found design unit 1: Semaforo_Stati-Semaforo_Stati
    Info: Found entity 1: Semaforo_Stati
Info: Found 2 design units, including 1 entities, in source file Contatore.vhd
    Info: Found design unit 1: Contatore-Contatore
    Info: Found entity 1: Contatore
Info: Elaborating entity "Semaforo" for the top level hierarchy
Info: Elaborating entity "Semaforo_Stati" for hierarchy "Semaforo_Stati:inst"
Info: Elaborating entity "Contatore" for hierarchy "Contatore:inst1"
Warning (14130): Reduced register "Semaforo_Stati:inst|time_to_wait[7]" with stuck data_in port to stuck value GND
Warning (14130): Reduced register "Semaforo_Stati:inst|time_to_wait[6]" with stuck data_in port to stuck value GND
Warning (14130): Reduced register "Semaforo_Stati:inst|time_to_wait[5]" with stuck data_in port to stuck value GND
Warning (14130): Reduced register "Semaforo_Stati:inst|time_to_wait[4]" with stuck data_in port to stuck value GND
Warning (14130): Reduced register "Semaforo_Stati:inst|time_to_wait[3]" with stuck data_in port to stuck value GND
Info: Power-up level of register "Semaforo_Stati:inst|time_to_wait[1]" is not specified -- using power-up level of High to minimize register
Warning (14130): Reduced register "Semaforo_Stati:inst|time_to_wait[1]" with stuck data_in port to stuck value VCC
Info: Power-up level of register "Semaforo_Stati:inst|time_to_wait[0]" is not specified -- using power-up level of High to minimize register
Warning (14130): Reduced register "Semaforo_Stati:inst|time_to_wait[0]" with stuck data_in port to stuck value VCC
Info: Inferred 1 megafunctions from design logic
    Info: Inferred adder/subtractor megafunction ("lpm_add_sub") from the following logic: "Contatore:inst1|Add0"
Info: Found 1 design units, including 1 entities, in source file ../../../../altera/72sp3/quartus/libraries/megafunctions/lpm_add_sub.tdf
    Info: Found entity 1: lpm_add_sub
Info: Elaborated megafunction instantiation "Contatore:inst1|lpm_add_sub:Add0"
Info: Found 1 design units, including 1 entities, in source file ../../../../altera/72sp3/quartus/libraries/megafunctions/addcore.tdf
    Info: Found entity 1: addcore
Info: Elaborated megafunction instantiation "Contatore:inst1|lpm_add_sub:Add0|addcore:adder[0]", which is child of megafunction instantiation "Contatore:inst1|lpm_add_sub:Add0"
Info: Instantiated megafunction "Contatore:inst1|lpm_add_sub:Add0" with the following parameter:
    Info: Parameter "LPM_WIDTH" = "8"
    Info: Parameter "LPM_DIRECTION" = "ADD"
    Info: Parameter "LPM_REPRESENTATION" = "UNSIGNED"
    Info: Parameter "ONE_INPUT_IS_CONSTANT" = "YES"
Info: Found 1 design units, including 1 entities, in source file ../../../../altera/72sp3/quartus/libraries/megafunctions/a_csnbuffer.tdf
    Info: Found entity 1: a_csnbuffer
Info: Elaborated megafunction instantiation "Contatore:inst1|lpm_add_sub:Add0|addcore:adder[0]|a_csnbuffer:oflow_node", which is child of megafunction instantiation "Contatore:inst1|lpm_add_sub:Add0"
Info: Instantiated megafunction "Contatore:inst1|lpm_add_sub:Add0" with the following parameter:
    Info: Parameter "LPM_WIDTH" = "8"
    Info: Parameter "LPM_DIRECTION" = "ADD"
    Info: Parameter "LPM_REPRESENTATION" = "UNSIGNED"
    Info: Parameter "ONE_INPUT_IS_CONSTANT" = "YES"
Info: Elaborated megafunction instantiation "Contatore:inst1|lpm_add_sub:Add0|addcore:adder[0]|a_csnbuffer:result_node", which is child of megafunction instantiation "Contatore:inst1|lpm_add_sub:Add0"
Info: Instantiated megafunction "Contatore:inst1|lpm_add_sub:Add0" with the following parameter:
    Info: Parameter "LPM_WIDTH" = "8"
    Info: Parameter "LPM_DIRECTION" = "ADD"
    Info: Parameter "LPM_REPRESENTATION" = "UNSIGNED"
    Info: Parameter "ONE_INPUT_IS_CONSTANT" = "YES"
Info: Found 1 design units, including 1 entities, in source file ../../../../altera/72sp3/quartus/libraries/megafunctions/look_add.tdf
    Info: Found entity 1: look_add
Info: Elaborated megafunction instantiation "Contatore:inst1|lpm_add_sub:Add0|look_add:look_ahead_unit", which is child of megafunction instantiation "Contatore:inst1|lpm_add_sub:Add0"
Info: Instantiated megafunction "Contatore:inst1|lpm_add_sub:Add0" with the following parameter:
    Info: Parameter "LPM_WIDTH" = "8"
    Info: Parameter "LPM_DIRECTION" = "ADD"
    Info: Parameter "LPM_REPRESENTATION" = "UNSIGNED"
    Info: Parameter "ONE_INPUT_IS_CONSTANT" = "YES"
Info: Found 1 design units, including 1 entities, in source file ../../../../altera/72sp3/quartus/libraries/megafunctions/altshift.tdf
    Info: Found entity 1: altshift
Info: Elaborated megafunction instantiation "Contatore:inst1|lpm_add_sub:Add0|altshift:result_ext_latency_ffs", which is child of megafunction instantiation "Contatore:inst1|lpm_add_sub:Add0"
Info: Instantiated megafunction "Contatore:inst1|lpm_add_sub:Add0" with the following parameter:
    Info: Parameter "LPM_WIDTH" = "8"
    Info: Parameter "LPM_DIRECTION" = "ADD"
    Info: Parameter "LPM_REPRESENTATION" = "UNSIGNED"
    Info: Parameter "ONE_INPUT_IS_CONSTANT" = "YES"
Info: Elaborated megafunction instantiation "Contatore:inst1|lpm_add_sub:Add0|altshift:carry_ext_latency_ffs", which is child of megafunction instantiation "Contatore:inst1|lpm_add_sub:Add0"
Info: Instantiated megafunction "Contatore:inst1|lpm_add_sub:Add0" with the following parameter:
    Info: Parameter "LPM_WIDTH" = "8"
    Info: Parameter "LPM_DIRECTION" = "ADD"
    Info: Parameter "LPM_REPRESENTATION" = "UNSIGNED"
    Info: Parameter "ONE_INPUT_IS_CONSTANT" = "YES"
Info: State machine "|Semaforo|Semaforo_Stati:inst|Macchina" contains 4 states
Info: Selected Auto state machine encoding method for state machine "|Semaforo|Semaforo_Stati:inst|Macchina"
Info: Encoding result for state machine "|Semaforo|Semaforo_Stati:inst|Macchina"
    Info: Completed encoding using 2 state bits
        Info: Encoded state bit "Semaforo_Stati:inst|Macchina.state_bit_1"
        Info: Encoded state bit "Semaforo_Stati:inst|Macchina.state_bit_0"
    Info: State "|Semaforo|Semaforo_Stati:inst|Macchina.red" uses code string "00"
    Info: State "|Semaforo|Semaforo_Stati:inst|Macchina.yel_a" uses code string "01"
    Info: State "|Semaforo|Semaforo_Stati:inst|Macchina.yel_b" uses code string "10"
    Info: State "|Semaforo|Semaforo_Stati:inst|Macchina.green" uses code string "11"
Info: Ignored 8 buffer(s)
    Info: Ignored 8 SOFT buffer(s)
Info: Power-up level of register "Semaforo_Stati:inst|red_a" is not specified -- using power-up level of High to minimize register
Warning (14130): Reduced register "Semaforo_Stati:inst|red_a" with stuck data_in port to stuck value VCC
Warning (14130): Reduced register "Semaforo_Stati:inst|yellow_a" with stuck data_in port to stuck value GND
Warning (14130): Reduced register "Semaforo_Stati:inst|green_a" with stuck data_in port to stuck value GND
Warning (14130): Reduced register "Semaforo_Stati:inst|red_b" with stuck data_in port to stuck value GND
Warning (14130): Reduced register "Semaforo_Stati:inst|yellow_b" with stuck data_in port to stuck value GND
Info: Power-up level of register "Semaforo_Stati:inst|green_b" is not specified -- using power-up level of High to minimize register
Warning (14130): Reduced register "Semaforo_Stati:inst|green_b" with stuck data_in port to stuck value VCC
Info: Power-up level of register "Semaforo_Stati:inst|time_to_wait[2]" is not specified -- using power-up level of High to minimize register
Warning (14130): Reduced register "Semaforo_Stati:inst|time_to_wait[2]" with stuck data_in port to stuck value VCC
Warning: Output pins are stuck at VCC or GND
    Warning (13410): Pin "ROSSO_A" stuck at VCC
    Warning (13410): Pin "GIALLO_A" stuck at GND
    Warning (13410): Pin "VERDE_A" stuck at GND
    Warning (13410): Pin "ROSSO_B" stuck at GND
    Warning (13410): Pin "GIALLO_B" stuck at GND
    Warning (13410): Pin "VERDE_B" stuck at VCC
    Warning (13410): Pin "VALUE[7]" stuck at GND
    Warning (13410): Pin "VALUE[6]" stuck at GND
    Warning (13410): Pin "VALUE[5]" stuck at GND
    Warning (13410): Pin "VALUE[4]" stuck at GND
    Warning (13410): Pin "VALUE[3]" stuck at GND
    Warning (13410): Pin "VALUE[2]" stuck at VCC
    Warning (13410): Pin "VALUE[1]" stuck at VCC
    Warning (13410): Pin "VALUE[0]" stuck at VCC
Info: Promoted pin-driven signal(s) to global signal
    Info: Promoted clock signal driven by pin "CLOCK" to global clock signal
Info: 2 registers lost all their fanouts during netlist optimizations. The first 2 are displayed below.
    Info: Register "Semaforo_Stati:inst|Macchina.state_bit_0" lost all its fanouts during netlist optimizations.
    Info: Register "Semaforo_Stati:inst|Macchina.state_bit_1" lost all its fanouts during netlist optimizations.
Info: Implemented 40 device resources after synthesis - the final resource count might be different
    Info: Implemented 2 input pins
    Info: Implemented 15 output pins
    Info: Implemented 23 macrocells
Info: Quartus II Analysis & Synthesis was successful. 0 errors, 29 warnings
    Info: Allocated 185 megabytes of memory during processing
    Info: Processing ended: Tue Jul 01 00:06:16 2008
    Info: Elapsed time: 00:00:05


