Flow report for VHDL_VAR_SIG
Wed Jun 11 11:20:50 2008
Version 6.0 Build 202 06/20/2006 Service Pack 1 SJ Web Edition


---------------------
; Table of Contents ;
---------------------
  1. Legal Notice
  2. Flow Summary
  3. Flow Settings
  4. Flow Non-Default Global Settings
  5. Flow Elapsed Time
  6. Flow Log



----------------
; Legal Notice ;
----------------
Copyright (C) 1991-2006 Altera Corporation
Your use of Altera Corporation's design tools, logic functions 
and other software and tools, and its AMPP partner logic 
functions, and any output files any of the foregoing 
(including device programming or simulation files), and any 
associated documentation or information are expressly subject 
to the terms and conditions of the Altera Program License 
Subscription Agreement, Altera MegaCore Function License 
Agreement, or other applicable license agreement, including, 
without limitation, that your use is for the sole purpose of 
programming logic devices manufactured by Altera and sold by 
Altera or its authorized distributors.  Please refer to the 
applicable agreement for further details.



+------------------------------------------------------------------------+
; Flow Summary                                                           ;
+-------------------------+----------------------------------------------+
; Flow Status             ; Successful - Wed Jun 11 11:20:50 2008        ;
; Quartus II Version      ; 6.0 Build 202 06/20/2006 SP 1 SJ Web Edition ;
; Revision Name           ; VHDL_VAR_SIG                                 ;
; Top-level Entity Name   ; VHDL_VAR_SIG                                 ;
; Family                  ; MAX7000AE                                    ;
; Device                  ; EPM7512AEQC208-10                            ;
; Timing Models           ; Final                                        ;
; Met timing requirements ; Yes                                          ;
; Total macrocells        ; 58 / 512 ( 11 % )                            ;
; Total pins              ; 38 / 176 ( 22 % )                            ;
+-------------------------+----------------------------------------------+


+-----------------------------------------+
; Flow Settings                           ;
+-------------------+---------------------+
; Option            ; Setting             ;
+-------------------+---------------------+
; Start date & time ; 06/11/2008 11:20:30 ;
; Main task         ; Compilation         ;
; Revision Name     ; VHDL_VAR_SIG        ;
+-------------------+---------------------+


+--------------------------------------------------------------------+
; Flow Non-Default Global Settings                                   ;
+-----------------+-------+---------------+-------------+------------+
; Assignment Name ; Value ; Default Value ; Entity Name ; Section Id ;
+-----------------+-------+---------------+-------------+------------+


+-------------------------------------+
; Flow Elapsed Time                   ;
+----------------------+--------------+
; Module Name          ; Elapsed Time ;
+----------------------+--------------+
; Analysis & Synthesis ; 00:00:09     ;
; Fitter               ; 00:00:06     ;
; Assembler            ; 00:00:01     ;
; Timing Analyzer      ; 00:00:00     ;
; Total                ; 00:00:16     ;
+----------------------+--------------+


------------
; Flow Log ;
------------
quartus_map --read_settings_files=on --write_settings_files=off VHDL_VAR_SIG -c VHDL_VAR_SIG
quartus_fit --read_settings_files=off --write_settings_files=off VHDL_VAR_SIG -c VHDL_VAR_SIG
quartus_asm --read_settings_files=off --write_settings_files=off VHDL_VAR_SIG -c VHDL_VAR_SIG
quartus_tan --read_settings_files=off --write_settings_files=off VHDL_VAR_SIG -c VHDL_VAR_SIG



