Timing Analyzer report for VHDL_VAR_SIG
Wed Jun 11 11:20:50 2008
Version 6.0 Build 202 06/20/2006 Service Pack 1 SJ Web Edition


---------------------
; Table of Contents ;
---------------------
  1. Legal Notice
  2. Timing Analyzer Summary
  3. Timing Analyzer Settings
  4. Clock Settings Summary
  5. Clock Setup: 'clk'
  6. tco
  7. Timing Analyzer Messages



----------------
; Legal Notice ;
----------------
Copyright (C) 1991-2006 Altera Corporation
Your use of Altera Corporation's design tools, logic functions 
and other software and tools, and its AMPP partner logic 
functions, and any output files any of the foregoing 
(including device programming or simulation files), and any 
associated documentation or information are expressly subject 
to the terms and conditions of the Altera Program License 
Subscription Agreement, Altera MegaCore Function License 
Agreement, or other applicable license agreement, including, 
without limitation, that your use is for the sole purpose of 
programming logic devices manufactured by Altera and sold by 
Altera or its authorized distributors.  Please refer to the 
applicable agreement for further details.



+--------------------------------------------------------------------------------------------------------------------------------------------------------------------------------------------------------------+
; Timing Analyzer Summary                                                                                                                                                                                      ;
+------------------------------+-------+---------------+----------------------------------+---------------------------------------------------+-------------------------+------------+----------+--------------+
; Type                         ; Slack ; Required Time ; Actual Time                      ; From                                              ; To                      ; From Clock ; To Clock ; Failed Paths ;
+------------------------------+-------+---------------+----------------------------------+---------------------------------------------------+-------------------------+------------+----------+--------------+
; Worst-case tco               ; N/A   ; None          ; 14.400 ns                        ; lpm_counter:\Prova_Variabili:num[0]_rtl_0|dffs[0] ; num_sig[0]              ; clk        ; --       ; 0            ;
; Clock Setup: 'clk'           ; N/A   ; None          ; 43.29 MHz ( period = 23.100 ns ) ; lpm_counter:\Prova_Variabili:num[0]_rtl_0|dffs[0] ; \Prova_Variabili:sum[7] ; clk        ; clk      ; 0            ;
; Total number of failed paths ;       ;               ;                                  ;                                                   ;                         ;            ;          ; 0            ;
+------------------------------+-------+---------------+----------------------------------+---------------------------------------------------+-------------------------+------------+----------+--------------+


+------------------------------------------------------------------------------------------------------+
; Timing Analyzer Settings                                                                             ;
+-------------------------------------------------------+--------------------+------+----+-------------+
; Option                                                ; Setting            ; From ; To ; Entity Name ;
+-------------------------------------------------------+--------------------+------+----+-------------+
; Device Name                                           ; EPM7512AEQC208-10  ;      ;    ;             ;
; Timing Models                                         ; Final              ;      ;    ;             ;
; Number of source nodes to report per destination node ; 10                 ;      ;    ;             ;
; Number of destination nodes to report                 ; 10                 ;      ;    ;             ;
; Number of paths to report                             ; 200                ;      ;    ;             ;
; Report Minimum Timing Checks                          ; Off                ;      ;    ;             ;
; Use Fast Timing Models                                ; Off                ;      ;    ;             ;
; Report IO Paths Separately                            ; Off                ;      ;    ;             ;
; Default hold multicycle                               ; Same As Multicycle ;      ;    ;             ;
; Cut paths between unrelated clock domains             ; On                 ;      ;    ;             ;
; Cut off read during write signal paths                ; On                 ;      ;    ;             ;
; Cut off feedback from I/O pins                        ; On                 ;      ;    ;             ;
; Report Combined Fast/Slow Timing                      ; Off                ;      ;    ;             ;
; Ignore Clock Settings                                 ; Off                ;      ;    ;             ;
; Analyze latches as synchronous elements               ; On                 ;      ;    ;             ;
; Enable Recovery/Removal analysis                      ; Off                ;      ;    ;             ;
; Enable Clock Latency                                  ; Off                ;      ;    ;             ;
; Use TimeQuest Timing Analyzer                         ; Off                ;      ;    ;             ;
+-------------------------------------------------------+--------------------+------+----+-------------+


+------------------------------------------------------------------------------------------------------------------------------------------------------------------------------------+
; Clock Settings Summary                                                                                                                                                             ;
+-----------------+--------------------+----------+------------------+---------------+--------------+----------+-----------------------+---------------------+--------+--------------+
; Clock Node Name ; Clock Setting Name ; Type     ; Fmax Requirement ; Early Latency ; Late Latency ; Based on ; Multiply Base Fmax by ; Divide Base Fmax by ; Offset ; Phase offset ;
+-----------------+--------------------+----------+------------------+---------------+--------------+----------+-----------------------+---------------------+--------+--------------+
; clk             ;                    ; User Pin ; None             ; 0.000 ns      ; 0.000 ns     ; --       ; N/A                   ; N/A                 ; N/A    ;              ;
+-----------------+--------------------+----------+------------------+---------------+--------------+----------+-----------------------+---------------------+--------+--------------+


+--------------------------------------------------------------------------------------------------------------------------------------------------------------------------------------------------------------------------------------------------------------+
; Clock Setup: 'clk'                                                                                                                                                                                                                                           ;
+-------+----------------------------------+---------------------------------------------------+---------------------------------------------------+------------+----------+-----------------------------+---------------------------+-------------------------+
; Slack ; Actual fmax (period)             ; From                                              ; To                                                ; From Clock ; To Clock ; Required Setup Relationship ; Required Longest P2P Time ; Actual Longest P2P Time ;
+-------+----------------------------------+---------------------------------------------------+---------------------------------------------------+------------+----------+-----------------------------+---------------------------+-------------------------+
; N/A   ; 43.29 MHz ( period = 23.100 ns ) ; lpm_counter:\Prova_Variabili:num[0]_rtl_0|dffs[0] ; \Prova_Variabili:sum[7]                           ; clk        ; clk      ; None                        ; None                      ; 18.400 ns               ;
; N/A   ; 43.48 MHz ( period = 23.000 ns ) ; lpm_counter:\Prova_Variabili:num[0]_rtl_0|dffs[1] ; sum_tmp[5]                                        ; clk        ; clk      ; None                        ; None                      ; 18.300 ns               ;
; N/A   ; 43.48 MHz ( period = 23.000 ns ) ; lpm_counter:\Prova_Variabili:num[0]_rtl_0|dffs[2] ; sum_tmp[5]                                        ; clk        ; clk      ; None                        ; None                      ; 18.300 ns               ;
; N/A   ; 43.48 MHz ( period = 23.000 ns ) ; lpm_counter:\Prova_Variabili:num[0]_rtl_0|dffs[1] ; sum_tmp[6]                                        ; clk        ; clk      ; None                        ; None                      ; 18.300 ns               ;
; N/A   ; 43.48 MHz ( period = 23.000 ns ) ; lpm_counter:\Prova_Variabili:num[0]_rtl_0|dffs[2] ; sum_tmp[6]                                        ; clk        ; clk      ; None                        ; None                      ; 18.300 ns               ;
; N/A   ; 43.48 MHz ( period = 23.000 ns ) ; lpm_counter:\Prova_Variabili:num[0]_rtl_0|dffs[2] ; \Prova_Variabili:sum[7]                           ; clk        ; clk      ; None                        ; None                      ; 18.300 ns               ;
; N/A   ; 43.48 MHz ( period = 23.000 ns ) ; lpm_counter:\Prova_Variabili:num[0]_rtl_0|dffs[1] ; sum_tmp[7]                                        ; clk        ; clk      ; None                        ; None                      ; 18.300 ns               ;
; N/A   ; 43.48 MHz ( period = 23.000 ns ) ; lpm_counter:\Prova_Variabili:num[0]_rtl_0|dffs[2] ; sum_tmp[7]                                        ; clk        ; clk      ; None                        ; None                      ; 18.300 ns               ;
; N/A   ; 43.67 MHz ( period = 22.900 ns ) ; lpm_counter:\Prova_Variabili:num[0]_rtl_0|dffs[3] ; sum_tmp[5]                                        ; clk        ; clk      ; None                        ; None                      ; 18.200 ns               ;
; N/A   ; 43.67 MHz ( period = 22.900 ns ) ; lpm_counter:\Prova_Variabili:num[0]_rtl_0|dffs[4] ; sum_tmp[5]                                        ; clk        ; clk      ; None                        ; None                      ; 18.200 ns               ;
; N/A   ; 43.67 MHz ( period = 22.900 ns ) ; lpm_counter:\Prova_Variabili:num[0]_rtl_0|dffs[3] ; sum_tmp[6]                                        ; clk        ; clk      ; None                        ; None                      ; 18.200 ns               ;
; N/A   ; 43.67 MHz ( period = 22.900 ns ) ; lpm_counter:\Prova_Variabili:num[0]_rtl_0|dffs[4] ; sum_tmp[6]                                        ; clk        ; clk      ; None                        ; None                      ; 18.200 ns               ;
; N/A   ; 43.67 MHz ( period = 22.900 ns ) ; lpm_counter:\Prova_Variabili:num[0]_rtl_0|dffs[3] ; \Prova_Variabili:sum[7]                           ; clk        ; clk      ; None                        ; None                      ; 18.200 ns               ;
; N/A   ; 43.67 MHz ( period = 22.900 ns ) ; lpm_counter:\Prova_Variabili:num[0]_rtl_0|dffs[4] ; \Prova_Variabili:sum[7]                           ; clk        ; clk      ; None                        ; None                      ; 18.200 ns               ;
; N/A   ; 43.67 MHz ( period = 22.900 ns ) ; lpm_counter:\Prova_Variabili:num[0]_rtl_0|dffs[3] ; sum_tmp[7]                                        ; clk        ; clk      ; None                        ; None                      ; 18.200 ns               ;
; N/A   ; 43.67 MHz ( period = 22.900 ns ) ; lpm_counter:\Prova_Variabili:num[0]_rtl_0|dffs[4] ; sum_tmp[7]                                        ; clk        ; clk      ; None                        ; None                      ; 18.200 ns               ;
; N/A   ; 43.86 MHz ( period = 22.800 ns ) ; lpm_counter:\Prova_Variabili:num[0]_rtl_0|dffs[5] ; sum_tmp[5]                                        ; clk        ; clk      ; None                        ; None                      ; 18.100 ns               ;
; N/A   ; 43.86 MHz ( period = 22.800 ns ) ; lpm_counter:\Prova_Variabili:num[0]_rtl_0|dffs[5] ; sum_tmp[6]                                        ; clk        ; clk      ; None                        ; None                      ; 18.100 ns               ;
; N/A   ; 43.86 MHz ( period = 22.800 ns ) ; lpm_counter:\Prova_Variabili:num[0]_rtl_0|dffs[5] ; sum_tmp[7]                                        ; clk        ; clk      ; None                        ; None                      ; 18.100 ns               ;
; N/A   ; 44.05 MHz ( period = 22.700 ns ) ; sum_tmp[1]                                        ; sum_tmp[5]                                        ; clk        ; clk      ; None                        ; None                      ; 18.000 ns               ;
; N/A   ; 44.05 MHz ( period = 22.700 ns ) ; sum_tmp[2]                                        ; sum_tmp[5]                                        ; clk        ; clk      ; None                        ; None                      ; 18.000 ns               ;
; N/A   ; 44.05 MHz ( period = 22.700 ns ) ; sum_tmp[3]                                        ; sum_tmp[5]                                        ; clk        ; clk      ; None                        ; None                      ; 18.000 ns               ;
; N/A   ; 44.05 MHz ( period = 22.700 ns ) ; sum_tmp[4]                                        ; sum_tmp[5]                                        ; clk        ; clk      ; None                        ; None                      ; 18.000 ns               ;
; N/A   ; 44.05 MHz ( period = 22.700 ns ) ; sum_tmp[1]                                        ; sum_tmp[6]                                        ; clk        ; clk      ; None                        ; None                      ; 18.000 ns               ;
; N/A   ; 44.05 MHz ( period = 22.700 ns ) ; sum_tmp[2]                                        ; sum_tmp[6]                                        ; clk        ; clk      ; None                        ; None                      ; 18.000 ns               ;
; N/A   ; 44.05 MHz ( period = 22.700 ns ) ; sum_tmp[3]                                        ; sum_tmp[6]                                        ; clk        ; clk      ; None                        ; None                      ; 18.000 ns               ;
; N/A   ; 44.05 MHz ( period = 22.700 ns ) ; lpm_counter:\Prova_Variabili:num[0]_rtl_0|dffs[6] ; sum_tmp[6]                                        ; clk        ; clk      ; None                        ; None                      ; 18.000 ns               ;
; N/A   ; 44.05 MHz ( period = 22.700 ns ) ; sum_tmp[4]                                        ; sum_tmp[6]                                        ; clk        ; clk      ; None                        ; None                      ; 18.000 ns               ;
; N/A   ; 44.05 MHz ( period = 22.700 ns ) ; \Prova_Variabili:sum[0]                           ; \Prova_Variabili:sum[7]                           ; clk        ; clk      ; None                        ; None                      ; 18.000 ns               ;
; N/A   ; 44.05 MHz ( period = 22.700 ns ) ; \Prova_Variabili:sum[1]                           ; \Prova_Variabili:sum[7]                           ; clk        ; clk      ; None                        ; None                      ; 18.000 ns               ;
; N/A   ; 44.05 MHz ( period = 22.700 ns ) ; \Prova_Variabili:sum[2]                           ; \Prova_Variabili:sum[7]                           ; clk        ; clk      ; None                        ; None                      ; 18.000 ns               ;
; N/A   ; 44.05 MHz ( period = 22.700 ns ) ; \Prova_Variabili:sum[3]                           ; \Prova_Variabili:sum[7]                           ; clk        ; clk      ; None                        ; None                      ; 18.000 ns               ;
; N/A   ; 44.05 MHz ( period = 22.700 ns ) ; \Prova_Variabili:sum[4]                           ; \Prova_Variabili:sum[7]                           ; clk        ; clk      ; None                        ; None                      ; 18.000 ns               ;
; N/A   ; 44.05 MHz ( period = 22.700 ns ) ; sum_tmp[1]                                        ; sum_tmp[7]                                        ; clk        ; clk      ; None                        ; None                      ; 18.000 ns               ;
; N/A   ; 44.05 MHz ( period = 22.700 ns ) ; sum_tmp[2]                                        ; sum_tmp[7]                                        ; clk        ; clk      ; None                        ; None                      ; 18.000 ns               ;
; N/A   ; 44.05 MHz ( period = 22.700 ns ) ; sum_tmp[3]                                        ; sum_tmp[7]                                        ; clk        ; clk      ; None                        ; None                      ; 18.000 ns               ;
; N/A   ; 44.05 MHz ( period = 22.700 ns ) ; lpm_counter:\Prova_Variabili:num[0]_rtl_0|dffs[6] ; sum_tmp[7]                                        ; clk        ; clk      ; None                        ; None                      ; 18.000 ns               ;
; N/A   ; 44.05 MHz ( period = 22.700 ns ) ; sum_tmp[4]                                        ; sum_tmp[7]                                        ; clk        ; clk      ; None                        ; None                      ; 18.000 ns               ;
; N/A   ; 44.25 MHz ( period = 22.600 ns ) ; sum_tmp[5]                                        ; sum_tmp[5]                                        ; clk        ; clk      ; None                        ; None                      ; 17.900 ns               ;
; N/A   ; 44.25 MHz ( period = 22.600 ns ) ; sum_tmp[5]                                        ; sum_tmp[6]                                        ; clk        ; clk      ; None                        ; None                      ; 17.900 ns               ;
; N/A   ; 44.25 MHz ( period = 22.600 ns ) ; sum_tmp[6]                                        ; sum_tmp[6]                                        ; clk        ; clk      ; None                        ; None                      ; 17.900 ns               ;
; N/A   ; 44.25 MHz ( period = 22.600 ns ) ; sum_tmp[5]                                        ; sum_tmp[7]                                        ; clk        ; clk      ; None                        ; None                      ; 17.900 ns               ;
; N/A   ; 44.25 MHz ( period = 22.600 ns ) ; sum_tmp[6]                                        ; sum_tmp[7]                                        ; clk        ; clk      ; None                        ; None                      ; 17.900 ns               ;
; N/A   ; 51.02 MHz ( period = 19.600 ns ) ; lpm_counter:\Prova_Variabili:num[0]_rtl_0|dffs[0] ; sum_tmp[5]                                        ; clk        ; clk      ; None                        ; None                      ; 14.900 ns               ;
; N/A   ; 51.02 MHz ( period = 19.600 ns ) ; lpm_counter:\Prova_Variabili:num[0]_rtl_0|dffs[0] ; sum_tmp[6]                                        ; clk        ; clk      ; None                        ; None                      ; 14.900 ns               ;
; N/A   ; 51.02 MHz ( period = 19.600 ns ) ; lpm_counter:\Prova_Variabili:num[0]_rtl_0|dffs[0] ; sum_tmp[7]                                        ; clk        ; clk      ; None                        ; None                      ; 14.900 ns               ;
; N/A   ; 51.28 MHz ( period = 19.500 ns ) ; lpm_counter:\Prova_Variabili:num[0]_rtl_0|dffs[1] ; \Prova_Variabili:sum[7]                           ; clk        ; clk      ; None                        ; None                      ; 14.800 ns               ;
; N/A   ; 51.81 MHz ( period = 19.300 ns ) ; lpm_counter:\Prova_Variabili:num[0]_rtl_0|dffs[5] ; \Prova_Variabili:sum[7]                           ; clk        ; clk      ; None                        ; None                      ; 14.600 ns               ;
; N/A   ; 52.08 MHz ( period = 19.200 ns ) ; sum_tmp[0]                                        ; sum_tmp[5]                                        ; clk        ; clk      ; None                        ; None                      ; 14.500 ns               ;
; N/A   ; 52.08 MHz ( period = 19.200 ns ) ; sum_tmp[0]                                        ; sum_tmp[6]                                        ; clk        ; clk      ; None                        ; None                      ; 14.500 ns               ;
; N/A   ; 52.08 MHz ( period = 19.200 ns ) ; lpm_counter:\Prova_Variabili:num[0]_rtl_0|dffs[6] ; \Prova_Variabili:sum[7]                           ; clk        ; clk      ; None                        ; None                      ; 14.500 ns               ;
; N/A   ; 52.08 MHz ( period = 19.200 ns ) ; sum_tmp[0]                                        ; sum_tmp[7]                                        ; clk        ; clk      ; None                        ; None                      ; 14.500 ns               ;
; N/A   ; 52.36 MHz ( period = 19.100 ns ) ; \Prova_Variabili:sum[6]                           ; \Prova_Variabili:sum[7]                           ; clk        ; clk      ; None                        ; None                      ; 14.400 ns               ;
; N/A   ; 52.36 MHz ( period = 19.100 ns ) ; \Prova_Variabili:sum[5]                           ; \Prova_Variabili:sum[7]                           ; clk        ; clk      ; None                        ; None                      ; 14.400 ns               ;
; N/A   ; 61.35 MHz ( period = 16.300 ns ) ; lpm_counter:\Prova_Variabili:num[0]_rtl_0|dffs[3] ; sum_tmp[4]                                        ; clk        ; clk      ; None                        ; None                      ; 11.600 ns               ;
; N/A   ; 61.35 MHz ( period = 16.300 ns ) ; lpm_counter:\Prova_Variabili:num[0]_rtl_0|dffs[3] ; \Prova_Variabili:sum[4]                           ; clk        ; clk      ; None                        ; None                      ; 11.600 ns               ;
; N/A   ; 62.11 MHz ( period = 16.100 ns ) ; sum_tmp[3]                                        ; sum_tmp[4]                                        ; clk        ; clk      ; None                        ; None                      ; 11.400 ns               ;
; N/A   ; 62.11 MHz ( period = 16.100 ns ) ; \Prova_Variabili:sum[3]                           ; \Prova_Variabili:sum[4]                           ; clk        ; clk      ; None                        ; None                      ; 11.400 ns               ;
; N/A   ; 62.50 MHz ( period = 16.000 ns ) ; lpm_counter:\Prova_Variabili:num[0]_rtl_0|dffs[0] ; sum_tmp[3]                                        ; clk        ; clk      ; None                        ; None                      ; 11.300 ns               ;
; N/A   ; 62.50 MHz ( period = 16.000 ns ) ; lpm_counter:\Prova_Variabili:num[0]_rtl_0|dffs[0] ; sum_tmp[4]                                        ; clk        ; clk      ; None                        ; None                      ; 11.300 ns               ;
; N/A   ; 62.50 MHz ( period = 16.000 ns ) ; lpm_counter:\Prova_Variabili:num[0]_rtl_0|dffs[0] ; \Prova_Variabili:sum[4]                           ; clk        ; clk      ; None                        ; None                      ; 11.300 ns               ;
; N/A   ; 62.89 MHz ( period = 15.900 ns ) ; lpm_counter:\Prova_Variabili:num[0]_rtl_0|dffs[2] ; sum_tmp[3]                                        ; clk        ; clk      ; None                        ; None                      ; 11.200 ns               ;
; N/A   ; 62.89 MHz ( period = 15.900 ns ) ; lpm_counter:\Prova_Variabili:num[0]_rtl_0|dffs[2] ; sum_tmp[4]                                        ; clk        ; clk      ; None                        ; None                      ; 11.200 ns               ;
; N/A   ; 62.89 MHz ( period = 15.900 ns ) ; lpm_counter:\Prova_Variabili:num[0]_rtl_0|dffs[2] ; \Prova_Variabili:sum[4]                           ; clk        ; clk      ; None                        ; None                      ; 11.200 ns               ;
; N/A   ; 63.29 MHz ( period = 15.800 ns ) ; lpm_counter:\Prova_Variabili:num[0]_rtl_0|dffs[4] ; \Prova_Variabili:sum[6]                           ; clk        ; clk      ; None                        ; None                      ; 11.100 ns               ;
; N/A   ; 63.29 MHz ( period = 15.800 ns ) ; lpm_counter:\Prova_Variabili:num[0]_rtl_0|dffs[4] ; \Prova_Variabili:sum[5]                           ; clk        ; clk      ; None                        ; None                      ; 11.100 ns               ;
; N/A   ; 63.69 MHz ( period = 15.700 ns ) ; lpm_counter:\Prova_Variabili:num[0]_rtl_0|dffs[5] ; \Prova_Variabili:sum[6]                           ; clk        ; clk      ; None                        ; None                      ; 11.000 ns               ;
; N/A   ; 64.10 MHz ( period = 15.600 ns ) ; sum_tmp[0]                                        ; sum_tmp[3]                                        ; clk        ; clk      ; None                        ; None                      ; 10.900 ns               ;
; N/A   ; 64.10 MHz ( period = 15.600 ns ) ; sum_tmp[1]                                        ; sum_tmp[3]                                        ; clk        ; clk      ; None                        ; None                      ; 10.900 ns               ;
; N/A   ; 64.10 MHz ( period = 15.600 ns ) ; sum_tmp[2]                                        ; sum_tmp[3]                                        ; clk        ; clk      ; None                        ; None                      ; 10.900 ns               ;
; N/A   ; 64.10 MHz ( period = 15.600 ns ) ; sum_tmp[0]                                        ; sum_tmp[4]                                        ; clk        ; clk      ; None                        ; None                      ; 10.900 ns               ;
; N/A   ; 64.10 MHz ( period = 15.600 ns ) ; sum_tmp[1]                                        ; sum_tmp[4]                                        ; clk        ; clk      ; None                        ; None                      ; 10.900 ns               ;
; N/A   ; 64.10 MHz ( period = 15.600 ns ) ; sum_tmp[2]                                        ; sum_tmp[4]                                        ; clk        ; clk      ; None                        ; None                      ; 10.900 ns               ;
; N/A   ; 64.10 MHz ( period = 15.600 ns ) ; \Prova_Variabili:sum[0]                           ; \Prova_Variabili:sum[4]                           ; clk        ; clk      ; None                        ; None                      ; 10.900 ns               ;
; N/A   ; 64.10 MHz ( period = 15.600 ns ) ; \Prova_Variabili:sum[1]                           ; \Prova_Variabili:sum[4]                           ; clk        ; clk      ; None                        ; None                      ; 10.900 ns               ;
; N/A   ; 64.10 MHz ( period = 15.600 ns ) ; \Prova_Variabili:sum[2]                           ; \Prova_Variabili:sum[4]                           ; clk        ; clk      ; None                        ; None                      ; 10.900 ns               ;
; N/A   ; 64.10 MHz ( period = 15.600 ns ) ; \Prova_Variabili:sum[4]                           ; \Prova_Variabili:sum[6]                           ; clk        ; clk      ; None                        ; None                      ; 10.900 ns               ;
; N/A   ; 64.10 MHz ( period = 15.600 ns ) ; \Prova_Variabili:sum[4]                           ; \Prova_Variabili:sum[5]                           ; clk        ; clk      ; None                        ; None                      ; 10.900 ns               ;
; N/A   ; 64.52 MHz ( period = 15.500 ns ) ; \Prova_Variabili:sum[5]                           ; \Prova_Variabili:sum[6]                           ; clk        ; clk      ; None                        ; None                      ; 10.800 ns               ;
; N/A   ; 64.94 MHz ( period = 15.400 ns ) ; lpm_counter:\Prova_Variabili:num[0]_rtl_0|dffs[1] ; sum_tmp[3]                                        ; clk        ; clk      ; None                        ; None                      ; 10.700 ns               ;
; N/A   ; 64.94 MHz ( period = 15.400 ns ) ; lpm_counter:\Prova_Variabili:num[0]_rtl_0|dffs[1] ; sum_tmp[4]                                        ; clk        ; clk      ; None                        ; None                      ; 10.700 ns               ;
; N/A   ; 64.94 MHz ( period = 15.400 ns ) ; lpm_counter:\Prova_Variabili:num[0]_rtl_0|dffs[1] ; \Prova_Variabili:sum[4]                           ; clk        ; clk      ; None                        ; None                      ; 10.700 ns               ;
; N/A   ; 64.94 MHz ( period = 15.400 ns ) ; lpm_counter:\Prova_Variabili:num[0]_rtl_0|dffs[1] ; \Prova_Variabili:sum[6]                           ; clk        ; clk      ; None                        ; None                      ; 10.700 ns               ;
; N/A   ; 64.94 MHz ( period = 15.400 ns ) ; lpm_counter:\Prova_Variabili:num[0]_rtl_0|dffs[2] ; \Prova_Variabili:sum[6]                           ; clk        ; clk      ; None                        ; None                      ; 10.700 ns               ;
; N/A   ; 64.94 MHz ( period = 15.400 ns ) ; lpm_counter:\Prova_Variabili:num[0]_rtl_0|dffs[1] ; \Prova_Variabili:sum[5]                           ; clk        ; clk      ; None                        ; None                      ; 10.700 ns               ;
; N/A   ; 64.94 MHz ( period = 15.400 ns ) ; lpm_counter:\Prova_Variabili:num[0]_rtl_0|dffs[2] ; \Prova_Variabili:sum[5]                           ; clk        ; clk      ; None                        ; None                      ; 10.700 ns               ;
; N/A   ; 65.36 MHz ( period = 15.300 ns ) ; lpm_counter:\Prova_Variabili:num[0]_rtl_0|dffs[3] ; \Prova_Variabili:sum[3]                           ; clk        ; clk      ; None                        ; None                      ; 10.600 ns               ;
; N/A   ; 65.36 MHz ( period = 15.300 ns ) ; lpm_counter:\Prova_Variabili:num[0]_rtl_0|dffs[3] ; \Prova_Variabili:sum[6]                           ; clk        ; clk      ; None                        ; None                      ; 10.600 ns               ;
; N/A   ; 65.36 MHz ( period = 15.300 ns ) ; lpm_counter:\Prova_Variabili:num[0]_rtl_0|dffs[3] ; \Prova_Variabili:sum[5]                           ; clk        ; clk      ; None                        ; None                      ; 10.600 ns               ;
; N/A   ; 65.79 MHz ( period = 15.200 ns ) ; lpm_counter:\Prova_Variabili:num[0]_rtl_0|dffs[5] ; \Prova_Variabili:sum[5]                           ; clk        ; clk      ; None                        ; None                      ; 10.500 ns               ;
; N/A   ; 66.23 MHz ( period = 15.100 ns ) ; \Prova_Variabili:sum[3]                           ; \Prova_Variabili:sum[3]                           ; clk        ; clk      ; None                        ; None                      ; 10.400 ns               ;
; N/A   ; 66.23 MHz ( period = 15.100 ns ) ; \Prova_Variabili:sum[1]                           ; \Prova_Variabili:sum[6]                           ; clk        ; clk      ; None                        ; None                      ; 10.400 ns               ;
; N/A   ; 66.23 MHz ( period = 15.100 ns ) ; \Prova_Variabili:sum[2]                           ; \Prova_Variabili:sum[6]                           ; clk        ; clk      ; None                        ; None                      ; 10.400 ns               ;
; N/A   ; 66.23 MHz ( period = 15.100 ns ) ; \Prova_Variabili:sum[3]                           ; \Prova_Variabili:sum[6]                           ; clk        ; clk      ; None                        ; None                      ; 10.400 ns               ;
; N/A   ; 66.23 MHz ( period = 15.100 ns ) ; lpm_counter:\Prova_Variabili:num[0]_rtl_0|dffs[6] ; \Prova_Variabili:sum[6]                           ; clk        ; clk      ; None                        ; None                      ; 10.400 ns               ;
; N/A   ; 66.23 MHz ( period = 15.100 ns ) ; \Prova_Variabili:sum[1]                           ; \Prova_Variabili:sum[5]                           ; clk        ; clk      ; None                        ; None                      ; 10.400 ns               ;
; N/A   ; 66.23 MHz ( period = 15.100 ns ) ; \Prova_Variabili:sum[2]                           ; \Prova_Variabili:sum[5]                           ; clk        ; clk      ; None                        ; None                      ; 10.400 ns               ;
; N/A   ; 66.23 MHz ( period = 15.100 ns ) ; \Prova_Variabili:sum[3]                           ; \Prova_Variabili:sum[5]                           ; clk        ; clk      ; None                        ; None                      ; 10.400 ns               ;
; N/A   ; 66.67 MHz ( period = 15.000 ns ) ; \Prova_Variabili:sum[6]                           ; \Prova_Variabili:sum[6]                           ; clk        ; clk      ; None                        ; None                      ; 10.300 ns               ;
; N/A   ; 66.67 MHz ( period = 15.000 ns ) ; \Prova_Variabili:sum[5]                           ; \Prova_Variabili:sum[5]                           ; clk        ; clk      ; None                        ; None                      ; 10.300 ns               ;
; N/A   ; 74.63 MHz ( period = 13.400 ns ) ; lpm_counter:\Prova_Variabili:num[0]_rtl_0|dffs[2] ; \Prova_Variabili:sum[2]                           ; clk        ; clk      ; None                        ; None                      ; 8.700 ns                ;
; N/A   ; 75.19 MHz ( period = 13.300 ns ) ; lpm_counter:\Prova_Variabili:num[0]_rtl_0|dffs[4] ; sum_tmp[4]                                        ; clk        ; clk      ; None                        ; None                      ; 8.600 ns                ;
; N/A   ; 75.19 MHz ( period = 13.300 ns ) ; lpm_counter:\Prova_Variabili:num[0]_rtl_0|dffs[4] ; \Prova_Variabili:sum[4]                           ; clk        ; clk      ; None                        ; None                      ; 8.600 ns                ;
; N/A   ; 76.34 MHz ( period = 13.100 ns ) ; \Prova_Variabili:sum[0]                           ; \Prova_Variabili:sum[2]                           ; clk        ; clk      ; None                        ; None                      ; 8.400 ns                ;
; N/A   ; 76.34 MHz ( period = 13.100 ns ) ; \Prova_Variabili:sum[1]                           ; \Prova_Variabili:sum[2]                           ; clk        ; clk      ; None                        ; None                      ; 8.400 ns                ;
; N/A   ; 76.34 MHz ( period = 13.100 ns ) ; \Prova_Variabili:sum[2]                           ; \Prova_Variabili:sum[2]                           ; clk        ; clk      ; None                        ; None                      ; 8.400 ns                ;
; N/A   ; 76.34 MHz ( period = 13.100 ns ) ; sum_tmp[4]                                        ; sum_tmp[4]                                        ; clk        ; clk      ; None                        ; None                      ; 8.400 ns                ;
; N/A   ; 76.34 MHz ( period = 13.100 ns ) ; \Prova_Variabili:sum[4]                           ; \Prova_Variabili:sum[4]                           ; clk        ; clk      ; None                        ; None                      ; 8.400 ns                ;
; N/A   ; 76.92 MHz ( period = 13.000 ns ) ; lpm_counter:\Prova_Variabili:num[0]_rtl_0|dffs[0] ; sum_tmp[2]                                        ; clk        ; clk      ; None                        ; None                      ; 8.300 ns                ;
; N/A   ; 76.92 MHz ( period = 13.000 ns ) ; lpm_counter:\Prova_Variabili:num[0]_rtl_0|dffs[0] ; \Prova_Variabili:sum[2]                           ; clk        ; clk      ; None                        ; None                      ; 8.300 ns                ;
; N/A   ; 77.52 MHz ( period = 12.900 ns ) ; lpm_counter:\Prova_Variabili:num[0]_rtl_0|dffs[1] ; sum_tmp[2]                                        ; clk        ; clk      ; None                        ; None                      ; 8.200 ns                ;
; N/A   ; 77.52 MHz ( period = 12.900 ns ) ; lpm_counter:\Prova_Variabili:num[0]_rtl_0|dffs[2] ; sum_tmp[2]                                        ; clk        ; clk      ; None                        ; None                      ; 8.200 ns                ;
; N/A   ; 77.52 MHz ( period = 12.900 ns ) ; lpm_counter:\Prova_Variabili:num[0]_rtl_0|dffs[1] ; \Prova_Variabili:sum[2]                           ; clk        ; clk      ; None                        ; None                      ; 8.200 ns                ;
; N/A   ; 78.13 MHz ( period = 12.800 ns ) ; lpm_counter:\Prova_Variabili:num[0]_rtl_0|dffs[3] ; sum_tmp[3]                                        ; clk        ; clk      ; None                        ; None                      ; 8.100 ns                ;
; N/A   ; 79.37 MHz ( period = 12.600 ns ) ; sum_tmp[0]                                        ; sum_tmp[2]                                        ; clk        ; clk      ; None                        ; None                      ; 7.900 ns                ;
; N/A   ; 79.37 MHz ( period = 12.600 ns ) ; sum_tmp[1]                                        ; sum_tmp[2]                                        ; clk        ; clk      ; None                        ; None                      ; 7.900 ns                ;
; N/A   ; 79.37 MHz ( period = 12.600 ns ) ; sum_tmp[2]                                        ; sum_tmp[2]                                        ; clk        ; clk      ; None                        ; None                      ; 7.900 ns                ;
; N/A   ; 79.37 MHz ( period = 12.600 ns ) ; sum_tmp[3]                                        ; sum_tmp[3]                                        ; clk        ; clk      ; None                        ; None                      ; 7.900 ns                ;
; N/A   ; 80.00 MHz ( period = 12.500 ns ) ; lpm_counter:\Prova_Variabili:num[0]_rtl_0|dffs[0] ; \Prova_Variabili:sum[3]                           ; clk        ; clk      ; None                        ; None                      ; 7.800 ns                ;
; N/A   ; 80.65 MHz ( period = 12.400 ns ) ; lpm_counter:\Prova_Variabili:num[0]_rtl_0|dffs[1] ; \Prova_Variabili:sum[3]                           ; clk        ; clk      ; None                        ; None                      ; 7.700 ns                ;
; N/A   ; 80.65 MHz ( period = 12.400 ns ) ; lpm_counter:\Prova_Variabili:num[0]_rtl_0|dffs[2] ; \Prova_Variabili:sum[3]                           ; clk        ; clk      ; None                        ; None                      ; 7.700 ns                ;
; N/A   ; 82.64 MHz ( period = 12.100 ns ) ; \Prova_Variabili:sum[0]                           ; \Prova_Variabili:sum[3]                           ; clk        ; clk      ; None                        ; None                      ; 7.400 ns                ;
; N/A   ; 82.64 MHz ( period = 12.100 ns ) ; \Prova_Variabili:sum[1]                           ; \Prova_Variabili:sum[3]                           ; clk        ; clk      ; None                        ; None                      ; 7.400 ns                ;
; N/A   ; 82.64 MHz ( period = 12.100 ns ) ; \Prova_Variabili:sum[2]                           ; \Prova_Variabili:sum[3]                           ; clk        ; clk      ; None                        ; None                      ; 7.400 ns                ;
; N/A   ; 83.33 MHz ( period = 12.000 ns ) ; lpm_counter:\Prova_Variabili:num[0]_rtl_0|dffs[0] ; lpm_counter:\Prova_Variabili:num[0]_rtl_0|dffs[1] ; clk        ; clk      ; None                        ; None                      ; 7.300 ns                ;
; N/A   ; 83.33 MHz ( period = 12.000 ns ) ; lpm_counter:\Prova_Variabili:num[0]_rtl_0|dffs[0] ; sum_tmp[0]                                        ; clk        ; clk      ; None                        ; None                      ; 7.300 ns                ;
; N/A   ; 83.33 MHz ( period = 12.000 ns ) ; lpm_counter:\Prova_Variabili:num[0]_rtl_0|dffs[0] ; lpm_counter:\Prova_Variabili:num[0]_rtl_0|dffs[2] ; clk        ; clk      ; None                        ; None                      ; 7.300 ns                ;
; N/A   ; 83.33 MHz ( period = 12.000 ns ) ; lpm_counter:\Prova_Variabili:num[0]_rtl_0|dffs[0] ; \Prova_Variabili:sum[0]                           ; clk        ; clk      ; None                        ; None                      ; 7.300 ns                ;
; N/A   ; 83.33 MHz ( period = 12.000 ns ) ; lpm_counter:\Prova_Variabili:num[0]_rtl_0|dffs[0] ; lpm_counter:\Prova_Variabili:num[0]_rtl_0|dffs[3] ; clk        ; clk      ; None                        ; None                      ; 7.300 ns                ;
; N/A   ; 83.33 MHz ( period = 12.000 ns ) ; lpm_counter:\Prova_Variabili:num[0]_rtl_0|dffs[0] ; sum_tmp[1]                                        ; clk        ; clk      ; None                        ; None                      ; 7.300 ns                ;
; N/A   ; 83.33 MHz ( period = 12.000 ns ) ; lpm_counter:\Prova_Variabili:num[0]_rtl_0|dffs[0] ; \Prova_Variabili:sum[1]                           ; clk        ; clk      ; None                        ; None                      ; 7.300 ns                ;
; N/A   ; 83.33 MHz ( period = 12.000 ns ) ; lpm_counter:\Prova_Variabili:num[0]_rtl_0|dffs[0] ; lpm_counter:\Prova_Variabili:num[0]_rtl_0|dffs[4] ; clk        ; clk      ; None                        ; None                      ; 7.300 ns                ;
; N/A   ; 83.33 MHz ( period = 12.000 ns ) ; lpm_counter:\Prova_Variabili:num[0]_rtl_0|dffs[0] ; lpm_counter:\Prova_Variabili:num[0]_rtl_0|dffs[5] ; clk        ; clk      ; None                        ; None                      ; 7.300 ns                ;
; N/A   ; 83.33 MHz ( period = 12.000 ns ) ; lpm_counter:\Prova_Variabili:num[0]_rtl_0|dffs[0] ; lpm_counter:\Prova_Variabili:num[0]_rtl_0|dffs[6] ; clk        ; clk      ; None                        ; None                      ; 7.300 ns                ;
; N/A   ; 83.33 MHz ( period = 12.000 ns ) ; lpm_counter:\Prova_Variabili:num[0]_rtl_0|dffs[0] ; lpm_counter:\Prova_Variabili:num[0]_rtl_0|dffs[7] ; clk        ; clk      ; None                        ; None                      ; 7.300 ns                ;
; N/A   ; 83.33 MHz ( period = 12.000 ns ) ; lpm_counter:\Prova_Variabili:num[0]_rtl_0|dffs[0] ; \Prova_Variabili:sum[6]                           ; clk        ; clk      ; None                        ; None                      ; 7.300 ns                ;
; N/A   ; 83.33 MHz ( period = 12.000 ns ) ; lpm_counter:\Prova_Variabili:num[0]_rtl_0|dffs[0] ; \Prova_Variabili:sum[5]                           ; clk        ; clk      ; None                        ; None                      ; 7.300 ns                ;
; N/A   ; 84.03 MHz ( period = 11.900 ns ) ; lpm_counter:\Prova_Variabili:num[0]_rtl_0|dffs[1] ; lpm_counter:\Prova_Variabili:num[0]_rtl_0|dffs[2] ; clk        ; clk      ; None                        ; None                      ; 7.200 ns                ;
; N/A   ; 84.03 MHz ( period = 11.900 ns ) ; lpm_counter:\Prova_Variabili:num[0]_rtl_0|dffs[1] ; lpm_counter:\Prova_Variabili:num[0]_rtl_0|dffs[3] ; clk        ; clk      ; None                        ; None                      ; 7.200 ns                ;
; N/A   ; 84.03 MHz ( period = 11.900 ns ) ; lpm_counter:\Prova_Variabili:num[0]_rtl_0|dffs[2] ; lpm_counter:\Prova_Variabili:num[0]_rtl_0|dffs[3] ; clk        ; clk      ; None                        ; None                      ; 7.200 ns                ;
; N/A   ; 84.03 MHz ( period = 11.900 ns ) ; lpm_counter:\Prova_Variabili:num[0]_rtl_0|dffs[1] ; sum_tmp[1]                                        ; clk        ; clk      ; None                        ; None                      ; 7.200 ns                ;
; N/A   ; 84.03 MHz ( period = 11.900 ns ) ; lpm_counter:\Prova_Variabili:num[0]_rtl_0|dffs[1] ; \Prova_Variabili:sum[1]                           ; clk        ; clk      ; None                        ; None                      ; 7.200 ns                ;
; N/A   ; 84.03 MHz ( period = 11.900 ns ) ; lpm_counter:\Prova_Variabili:num[0]_rtl_0|dffs[1] ; lpm_counter:\Prova_Variabili:num[0]_rtl_0|dffs[4] ; clk        ; clk      ; None                        ; None                      ; 7.200 ns                ;
; N/A   ; 84.03 MHz ( period = 11.900 ns ) ; lpm_counter:\Prova_Variabili:num[0]_rtl_0|dffs[2] ; lpm_counter:\Prova_Variabili:num[0]_rtl_0|dffs[4] ; clk        ; clk      ; None                        ; None                      ; 7.200 ns                ;
; N/A   ; 84.03 MHz ( period = 11.900 ns ) ; lpm_counter:\Prova_Variabili:num[0]_rtl_0|dffs[1] ; lpm_counter:\Prova_Variabili:num[0]_rtl_0|dffs[5] ; clk        ; clk      ; None                        ; None                      ; 7.200 ns                ;
; N/A   ; 84.03 MHz ( period = 11.900 ns ) ; lpm_counter:\Prova_Variabili:num[0]_rtl_0|dffs[2] ; lpm_counter:\Prova_Variabili:num[0]_rtl_0|dffs[5] ; clk        ; clk      ; None                        ; None                      ; 7.200 ns                ;
; N/A   ; 84.03 MHz ( period = 11.900 ns ) ; lpm_counter:\Prova_Variabili:num[0]_rtl_0|dffs[1] ; lpm_counter:\Prova_Variabili:num[0]_rtl_0|dffs[6] ; clk        ; clk      ; None                        ; None                      ; 7.200 ns                ;
; N/A   ; 84.03 MHz ( period = 11.900 ns ) ; lpm_counter:\Prova_Variabili:num[0]_rtl_0|dffs[2] ; lpm_counter:\Prova_Variabili:num[0]_rtl_0|dffs[6] ; clk        ; clk      ; None                        ; None                      ; 7.200 ns                ;
; N/A   ; 84.03 MHz ( period = 11.900 ns ) ; lpm_counter:\Prova_Variabili:num[0]_rtl_0|dffs[1] ; lpm_counter:\Prova_Variabili:num[0]_rtl_0|dffs[7] ; clk        ; clk      ; None                        ; None                      ; 7.200 ns                ;
; N/A   ; 84.03 MHz ( period = 11.900 ns ) ; lpm_counter:\Prova_Variabili:num[0]_rtl_0|dffs[2] ; lpm_counter:\Prova_Variabili:num[0]_rtl_0|dffs[7] ; clk        ; clk      ; None                        ; None                      ; 7.200 ns                ;
; N/A   ; 84.75 MHz ( period = 11.800 ns ) ; lpm_counter:\Prova_Variabili:num[0]_rtl_0|dffs[3] ; lpm_counter:\Prova_Variabili:num[0]_rtl_0|dffs[4] ; clk        ; clk      ; None                        ; None                      ; 7.100 ns                ;
; N/A   ; 84.75 MHz ( period = 11.800 ns ) ; lpm_counter:\Prova_Variabili:num[0]_rtl_0|dffs[3] ; lpm_counter:\Prova_Variabili:num[0]_rtl_0|dffs[5] ; clk        ; clk      ; None                        ; None                      ; 7.100 ns                ;
; N/A   ; 84.75 MHz ( period = 11.800 ns ) ; lpm_counter:\Prova_Variabili:num[0]_rtl_0|dffs[4] ; lpm_counter:\Prova_Variabili:num[0]_rtl_0|dffs[5] ; clk        ; clk      ; None                        ; None                      ; 7.100 ns                ;
; N/A   ; 84.75 MHz ( period = 11.800 ns ) ; lpm_counter:\Prova_Variabili:num[0]_rtl_0|dffs[3] ; lpm_counter:\Prova_Variabili:num[0]_rtl_0|dffs[6] ; clk        ; clk      ; None                        ; None                      ; 7.100 ns                ;
; N/A   ; 84.75 MHz ( period = 11.800 ns ) ; lpm_counter:\Prova_Variabili:num[0]_rtl_0|dffs[4] ; lpm_counter:\Prova_Variabili:num[0]_rtl_0|dffs[6] ; clk        ; clk      ; None                        ; None                      ; 7.100 ns                ;
; N/A   ; 84.75 MHz ( period = 11.800 ns ) ; lpm_counter:\Prova_Variabili:num[0]_rtl_0|dffs[3] ; lpm_counter:\Prova_Variabili:num[0]_rtl_0|dffs[7] ; clk        ; clk      ; None                        ; None                      ; 7.100 ns                ;
; N/A   ; 84.75 MHz ( period = 11.800 ns ) ; lpm_counter:\Prova_Variabili:num[0]_rtl_0|dffs[4] ; lpm_counter:\Prova_Variabili:num[0]_rtl_0|dffs[7] ; clk        ; clk      ; None                        ; None                      ; 7.100 ns                ;
; N/A   ; 85.47 MHz ( period = 11.700 ns ) ; lpm_counter:\Prova_Variabili:num[0]_rtl_0|dffs[5] ; lpm_counter:\Prova_Variabili:num[0]_rtl_0|dffs[6] ; clk        ; clk      ; None                        ; None                      ; 7.000 ns                ;
; N/A   ; 85.47 MHz ( period = 11.700 ns ) ; lpm_counter:\Prova_Variabili:num[0]_rtl_0|dffs[5] ; lpm_counter:\Prova_Variabili:num[0]_rtl_0|dffs[7] ; clk        ; clk      ; None                        ; None                      ; 7.000 ns                ;
; N/A   ; 86.21 MHz ( period = 11.600 ns ) ; sum_tmp[0]                                        ; sum_tmp[1]                                        ; clk        ; clk      ; None                        ; None                      ; 6.900 ns                ;
; N/A   ; 86.21 MHz ( period = 11.600 ns ) ; sum_tmp[1]                                        ; sum_tmp[1]                                        ; clk        ; clk      ; None                        ; None                      ; 6.900 ns                ;
; N/A   ; 86.21 MHz ( period = 11.600 ns ) ; \Prova_Variabili:sum[0]                           ; \Prova_Variabili:sum[1]                           ; clk        ; clk      ; None                        ; None                      ; 6.900 ns                ;
; N/A   ; 86.21 MHz ( period = 11.600 ns ) ; lpm_counter:\Prova_Variabili:num[0]_rtl_0|dffs[6] ; lpm_counter:\Prova_Variabili:num[0]_rtl_0|dffs[7] ; clk        ; clk      ; None                        ; None                      ; 6.900 ns                ;
; N/A   ; 86.21 MHz ( period = 11.600 ns ) ; \Prova_Variabili:sum[0]                           ; \Prova_Variabili:sum[6]                           ; clk        ; clk      ; None                        ; None                      ; 6.900 ns                ;
; N/A   ; 86.21 MHz ( period = 11.600 ns ) ; \Prova_Variabili:sum[0]                           ; \Prova_Variabili:sum[5]                           ; clk        ; clk      ; None                        ; None                      ; 6.900 ns                ;
; N/A   ; 86.96 MHz ( period = 11.500 ns ) ; lpm_counter:\Prova_Variabili:num[0]_rtl_0|dffs[0] ; lpm_counter:\Prova_Variabili:num[0]_rtl_0|dffs[0] ; clk        ; clk      ; None                        ; None                      ; 6.800 ns                ;
; N/A   ; 86.96 MHz ( period = 11.500 ns ) ; lpm_counter:\Prova_Variabili:num[0]_rtl_0|dffs[1] ; lpm_counter:\Prova_Variabili:num[0]_rtl_0|dffs[1] ; clk        ; clk      ; None                        ; None                      ; 6.800 ns                ;
; N/A   ; 86.96 MHz ( period = 11.500 ns ) ; sum_tmp[0]                                        ; sum_tmp[0]                                        ; clk        ; clk      ; None                        ; None                      ; 6.800 ns                ;
; N/A   ; 86.96 MHz ( period = 11.500 ns ) ; lpm_counter:\Prova_Variabili:num[0]_rtl_0|dffs[2] ; lpm_counter:\Prova_Variabili:num[0]_rtl_0|dffs[2] ; clk        ; clk      ; None                        ; None                      ; 6.800 ns                ;
; N/A   ; 86.96 MHz ( period = 11.500 ns ) ; \Prova_Variabili:sum[0]                           ; \Prova_Variabili:sum[0]                           ; clk        ; clk      ; None                        ; None                      ; 6.800 ns                ;
; N/A   ; 86.96 MHz ( period = 11.500 ns ) ; lpm_counter:\Prova_Variabili:num[0]_rtl_0|dffs[3] ; lpm_counter:\Prova_Variabili:num[0]_rtl_0|dffs[3] ; clk        ; clk      ; None                        ; None                      ; 6.800 ns                ;
; N/A   ; 86.96 MHz ( period = 11.500 ns ) ; \Prova_Variabili:sum[1]                           ; \Prova_Variabili:sum[1]                           ; clk        ; clk      ; None                        ; None                      ; 6.800 ns                ;
; N/A   ; 86.96 MHz ( period = 11.500 ns ) ; lpm_counter:\Prova_Variabili:num[0]_rtl_0|dffs[4] ; lpm_counter:\Prova_Variabili:num[0]_rtl_0|dffs[4] ; clk        ; clk      ; None                        ; None                      ; 6.800 ns                ;
; N/A   ; 86.96 MHz ( period = 11.500 ns ) ; lpm_counter:\Prova_Variabili:num[0]_rtl_0|dffs[5] ; lpm_counter:\Prova_Variabili:num[0]_rtl_0|dffs[5] ; clk        ; clk      ; None                        ; None                      ; 6.800 ns                ;
; N/A   ; 86.96 MHz ( period = 11.500 ns ) ; lpm_counter:\Prova_Variabili:num[0]_rtl_0|dffs[6] ; lpm_counter:\Prova_Variabili:num[0]_rtl_0|dffs[6] ; clk        ; clk      ; None                        ; None                      ; 6.800 ns                ;
; N/A   ; 86.96 MHz ( period = 11.500 ns ) ; lpm_counter:\Prova_Variabili:num[0]_rtl_0|dffs[7] ; lpm_counter:\Prova_Variabili:num[0]_rtl_0|dffs[7] ; clk        ; clk      ; None                        ; None                      ; 6.800 ns                ;
; N/A   ; 86.96 MHz ( period = 11.500 ns ) ; lpm_counter:\Prova_Variabili:num[0]_rtl_0|dffs[7] ; \Prova_Variabili:sum[7]                           ; clk        ; clk      ; None                        ; None                      ; 6.800 ns                ;
; N/A   ; 86.96 MHz ( period = 11.500 ns ) ; \Prova_Variabili:sum[7]                           ; \Prova_Variabili:sum[7]                           ; clk        ; clk      ; None                        ; None                      ; 6.800 ns                ;
; N/A   ; 86.96 MHz ( period = 11.500 ns ) ; lpm_counter:\Prova_Variabili:num[0]_rtl_0|dffs[7] ; sum_tmp[7]                                        ; clk        ; clk      ; None                        ; None                      ; 6.800 ns                ;
; N/A   ; 86.96 MHz ( period = 11.500 ns ) ; sum_tmp[7]                                        ; sum_tmp[7]                                        ; clk        ; clk      ; None                        ; None                      ; 6.800 ns                ;
+-------+----------------------------------+---------------------------------------------------+---------------------------------------------------+------------+----------+-----------------------------+---------------------------+-------------------------+


+-----------------------------------------------------------------------------------------------------------------+
; tco                                                                                                             ;
+-------+--------------+------------+---------------------------------------------------+------------+------------+
; Slack ; Required tco ; Actual tco ; From                                              ; To         ; From Clock ;
+-------+--------------+------------+---------------------------------------------------+------------+------------+
; N/A   ; None         ; 14.400 ns  ; lpm_counter:\Prova_Variabili:num[0]_rtl_0|dffs[0] ; num_sig[0] ; clk        ;
; N/A   ; None         ; 14.300 ns  ; lpm_counter:\Prova_Variabili:num[0]_rtl_0|dffs[2] ; num_sig[2] ; clk        ;
; N/A   ; None         ; 14.300 ns  ; lpm_counter:\Prova_Variabili:num[0]_rtl_0|dffs[1] ; num_sig[1] ; clk        ;
; N/A   ; None         ; 14.200 ns  ; lpm_counter:\Prova_Variabili:num[0]_rtl_0|dffs[4] ; num_sig[4] ; clk        ;
; N/A   ; None         ; 14.200 ns  ; lpm_counter:\Prova_Variabili:num[0]_rtl_0|dffs[3] ; num_sig[3] ; clk        ;
; N/A   ; None         ; 14.100 ns  ; lpm_counter:\Prova_Variabili:num[0]_rtl_0|dffs[5] ; num_sig[5] ; clk        ;
; N/A   ; None         ; 14.000 ns  ; lpm_counter:\Prova_Variabili:num[0]_rtl_0|dffs[6] ; num_sig[6] ; clk        ;
; N/A   ; None         ; 13.900 ns  ; lpm_counter:\Prova_Variabili:num[0]_rtl_0|dffs[7] ; num_sig[7] ; clk        ;
; N/A   ; None         ; 6.300 ns   ; sum_tmp[7]                                        ; sum_sig[7] ; clk        ;
; N/A   ; None         ; 6.300 ns   ; \Prova_Variabili:sum[7]                           ; sum_var[7] ; clk        ;
; N/A   ; None         ; 6.300 ns   ; sum_tmp[6]                                        ; sum_sig[6] ; clk        ;
; N/A   ; None         ; 6.300 ns   ; \Prova_Variabili:sum[6]                           ; sum_var[6] ; clk        ;
; N/A   ; None         ; 6.300 ns   ; sum_tmp[5]                                        ; sum_sig[5] ; clk        ;
; N/A   ; None         ; 6.300 ns   ; \Prova_Variabili:sum[5]                           ; sum_var[5] ; clk        ;
; N/A   ; None         ; 6.300 ns   ; lpm_counter:\Prova_Variabili:num[0]_rtl_0|dffs[7] ; num_var[7] ; clk        ;
; N/A   ; None         ; 6.300 ns   ; sum_tmp[4]                                        ; sum_sig[4] ; clk        ;
; N/A   ; None         ; 6.300 ns   ; \Prova_Variabili:sum[4]                           ; sum_var[4] ; clk        ;
; N/A   ; None         ; 6.300 ns   ; lpm_counter:\Prova_Variabili:num[0]_rtl_0|dffs[6] ; num_var[6] ; clk        ;
; N/A   ; None         ; 6.300 ns   ; sum_tmp[3]                                        ; sum_sig[3] ; clk        ;
; N/A   ; None         ; 6.300 ns   ; \Prova_Variabili:sum[3]                           ; sum_var[3] ; clk        ;
; N/A   ; None         ; 6.300 ns   ; lpm_counter:\Prova_Variabili:num[0]_rtl_0|dffs[5] ; num_var[5] ; clk        ;
; N/A   ; None         ; 6.300 ns   ; sum_tmp[2]                                        ; sum_sig[2] ; clk        ;
; N/A   ; None         ; 6.300 ns   ; \Prova_Variabili:sum[2]                           ; sum_var[2] ; clk        ;
; N/A   ; None         ; 6.300 ns   ; lpm_counter:\Prova_Variabili:num[0]_rtl_0|dffs[4] ; num_var[4] ; clk        ;
; N/A   ; None         ; 6.300 ns   ; sum_tmp[1]                                        ; sum_sig[1] ; clk        ;
; N/A   ; None         ; 6.300 ns   ; \Prova_Variabili:sum[1]                           ; sum_var[1] ; clk        ;
; N/A   ; None         ; 6.300 ns   ; lpm_counter:\Prova_Variabili:num[0]_rtl_0|dffs[3] ; num_var[3] ; clk        ;
; N/A   ; None         ; 6.300 ns   ; \Prova_Variabili:sum[0]                           ; sum_var[0] ; clk        ;
; N/A   ; None         ; 6.300 ns   ; sum_tmp[0]                                        ; sum_sig[0] ; clk        ;
; N/A   ; None         ; 6.300 ns   ; lpm_counter:\Prova_Variabili:num[0]_rtl_0|dffs[2] ; num_var[2] ; clk        ;
; N/A   ; None         ; 6.300 ns   ; lpm_counter:\Prova_Variabili:num[0]_rtl_0|dffs[1] ; num_var[1] ; clk        ;
; N/A   ; None         ; 6.300 ns   ; lpm_counter:\Prova_Variabili:num[0]_rtl_0|dffs[0] ; num_var[0] ; clk        ;
+-------+--------------+------------+---------------------------------------------------+------------+------------+


+--------------------------+
; Timing Analyzer Messages ;
+--------------------------+
Info: *******************************************************************
Info: Running Quartus II Timing Analyzer
    Info: Version 6.0 Build 202 06/20/2006 Service Pack 1 SJ Web Edition
    Info: Processing started: Wed Jun 11 11:20:50 2008
Info: Command: quartus_tan --read_settings_files=off --write_settings_files=off VHDL_VAR_SIG -c VHDL_VAR_SIG
Info: Started post-fitting delay annotation
Info: Delay annotation completed successfully
Warning: Timing Analysis does not support the analysis of latches as synchronous elements for the currently selected device family
Warning: Found pins functioning as undefined clocks and/or memory enables
    Info: Assuming node "clk" is an undefined clock
Info: Clock "clk" has Internal fmax of 43.29 MHz between source register "lpm_counter:\Prova_Variabili:num[0]_rtl_0|dffs[0]" and destination register "\Prova_Variabili:sum[7]" (period= 23.1 ns)
    Info: + Longest register to register delay is 18.400 ns
        Info: 1: + IC(0.000 ns) + CELL(0.000 ns) = 0.000 ns; Loc. = LC81; Fanout = 48; REG Node = 'lpm_counter:\Prova_Variabili:num[0]_rtl_0|dffs[0]'
        Info: 2: + IC(4.500 ns) + CELL(3.500 ns) = 8.000 ns; Loc. = SEXP33; Fanout = 3; COMB Node = 'lpm_add_sub:Add0|addcore:adder[0]|a_csnbuffer:result_node|sout_node[5]~77'
        Info: 3: + IC(0.000 ns) + CELL(3.600 ns) = 11.600 ns; Loc. = LC42; Fanout = 2; COMB Node = 'lpm_add_sub:Add0|addcore:adder[0]|bg_out~39'
        Info: 4: + IC(4.000 ns) + CELL(2.800 ns) = 18.400 ns; Loc. = LC83; Fanout = 2; REG Node = '\Prova_Variabili:sum[7]'
        Info: Total cell delay = 9.900 ns ( 53.80 % )
        Info: Total interconnect delay = 8.500 ns ( 46.20 % )
    Info: - Smallest clock skew is 0.000 ns
        Info: + Shortest clock path from clock "clk" to destination register is 3.100 ns
            Info: 1: + IC(0.000 ns) + CELL(2.100 ns) = 2.100 ns; Loc. = PIN_184; Fanout = 24; CLK Node = 'clk'
            Info: 2: + IC(0.000 ns) + CELL(1.000 ns) = 3.100 ns; Loc. = LC83; Fanout = 2; REG Node = '\Prova_Variabili:sum[7]'
            Info: Total cell delay = 3.100 ns ( 100.00 % )
        Info: - Longest clock path from clock "clk" to source register is 3.100 ns
            Info: 1: + IC(0.000 ns) + CELL(2.100 ns) = 2.100 ns; Loc. = PIN_184; Fanout = 24; CLK Node = 'clk'
            Info: 2: + IC(0.000 ns) + CELL(1.000 ns) = 3.100 ns; Loc. = LC81; Fanout = 48; REG Node = 'lpm_counter:\Prova_Variabili:num[0]_rtl_0|dffs[0]'
            Info: Total cell delay = 3.100 ns ( 100.00 % )
    Info: + Micro clock to output delay of source is 1.700 ns
    Info: + Micro setup delay of destination is 3.000 ns
Info: tco from clock "clk" to destination pin "num_sig[0]" through register "lpm_counter:\Prova_Variabili:num[0]_rtl_0|dffs[0]" is 14.400 ns
    Info: + Longest clock path from clock "clk" to source register is 3.100 ns
        Info: 1: + IC(0.000 ns) + CELL(2.100 ns) = 2.100 ns; Loc. = PIN_184; Fanout = 24; CLK Node = 'clk'
        Info: 2: + IC(0.000 ns) + CELL(1.000 ns) = 3.100 ns; Loc. = LC81; Fanout = 48; REG Node = 'lpm_counter:\Prova_Variabili:num[0]_rtl_0|dffs[0]'
        Info: Total cell delay = 3.100 ns ( 100.00 % )
    Info: + Micro clock to output delay of source is 1.700 ns
    Info: + Longest register to pin delay is 9.600 ns
        Info: 1: + IC(0.000 ns) + CELL(0.000 ns) = 0.000 ns; Loc. = LC81; Fanout = 48; REG Node = 'lpm_counter:\Prova_Variabili:num[0]_rtl_0|dffs[0]'
        Info: 2: + IC(4.500 ns) + CELL(3.600 ns) = 8.100 ns; Loc. = LC105; Fanout = 1; COMB Node = 'lpm_counter:\Prova_Variabili:num[0]_rtl_0|dffs[0]~131'
        Info: 3: + IC(0.000 ns) + CELL(1.500 ns) = 9.600 ns; Loc. = PIN_144; Fanout = 0; PIN Node = 'num_sig[0]'
        Info: Total cell delay = 5.100 ns ( 53.13 % )
        Info: Total interconnect delay = 4.500 ns ( 46.88 % )
Info: Quartus II Timing Analyzer was successful. 0 errors, 2 warnings
    Info: Processing ended: Wed Jun 11 11:20:50 2008
    Info: Elapsed time: 00:00:00


