Analysis & Synthesis report for ApricancelloVHDL
Wed Jun 18 19:37:28 2008
Quartus II Version 6.1 Build 201 11/27/2006 SJ Web Edition


---------------------
; Table of Contents ;
---------------------
  1. Legal Notice
  2. Analysis & Synthesis Summary
  3. Analysis & Synthesis Settings
  4. Analysis & Synthesis Source Files Read
  5. Analysis & Synthesis Resource Usage Summary
  6. Analysis & Synthesis Resource Utilization by Entity
  7. State Machine - |ApricancelloVHDL|Stati_Cancello:inst|StatoCorrente
  8. Parameter Settings for Inferred Entity Instance: Timer:inst1|lpm_add_sub:Add0
  9. Analysis & Synthesis Messages



----------------
; Legal Notice ;
----------------
Copyright (C) 1991-2006 Altera Corporation
Your use of Altera Corporation's design tools, logic functions 
and other software and tools, and its AMPP partner logic 
functions, and any output files from any of the foregoing 
(including device programming or simulation files), and any 
associated documentation or information are expressly subject 
to the terms and conditions of the Altera Program License 
Subscription Agreement, Altera MegaCore Function License 
Agreement, or other applicable license agreement, including, 
without limitation, that your use is for the sole purpose of 
programming logic devices manufactured by Altera and sold by 
Altera or its authorized distributors.  Please refer to the 
applicable agreement for further details.



+-----------------------------------------------------------------------+
; Analysis & Synthesis Summary                                          ;
+-----------------------------+-----------------------------------------+
; Analysis & Synthesis Status ; Successful - Wed Jun 18 19:37:28 2008   ;
; Quartus II Version          ; 6.1 Build 201 11/27/2006 SJ Web Edition ;
; Revision Name               ; ApricancelloVHDL                        ;
; Top-level Entity Name       ; ApricancelloVHDL                        ;
; Family                      ; MAX7000AE                               ;
; Total macrocells            ; 26                                      ;
; Total pins                  ; 18                                      ;
+-----------------------------+-----------------------------------------+


+------------------------------------------------------------------------------------------------------------+
; Analysis & Synthesis Settings                                                                              ;
+----------------------------------------------------------------------+------------------+------------------+
; Option                                                               ; Setting          ; Default Value    ;
+----------------------------------------------------------------------+------------------+------------------+
; Top-level entity name                                                ; ApricancelloVHDL ; ApricancelloVHDL ;
; Family name                                                          ; MAX7000AE        ; Stratix          ;
; Create Debugging Nodes for IP Cores                                  ; Off              ; Off              ;
; Preserve fewer node names                                            ; On               ; On               ;
; Disable OpenCore Plus hardware evaluation                            ; Off              ; Off              ;
; Verilog Version                                                      ; Verilog_2001     ; Verilog_2001     ;
; VHDL Version                                                         ; VHDL93           ; VHDL93           ;
; State Machine Processing                                             ; Auto             ; Auto             ;
; Safe State Machine                                                   ; Off              ; Off              ;
; Extract Verilog State Machines                                       ; On               ; On               ;
; Extract VHDL State Machines                                          ; On               ; On               ;
; Ignore Verilog initial constructs                                    ; Off              ; Off              ;
; Add Pass-Through Logic to Inferred RAMs                              ; On               ; On               ;
; NOT Gate Push-Back                                                   ; On               ; On               ;
; Power-Up Don't Care                                                  ; On               ; On               ;
; Remove Duplicate Registers                                           ; On               ; On               ;
; Ignore CARRY Buffers                                                 ; Off              ; Off              ;
; Ignore CASCADE Buffers                                               ; Off              ; Off              ;
; Ignore GLOBAL Buffers                                                ; Off              ; Off              ;
; Ignore ROW GLOBAL Buffers                                            ; Off              ; Off              ;
; Ignore LCELL Buffers -- MAX 7000B/7000AE/3000A/7000S/7000A           ; Auto             ; Auto             ;
; Ignore SOFT Buffers -- MAX 7000B/7000AE/3000A/7000S/7000A            ; Off              ; Off              ;
; Limit AHDL Integers to 32 Bits                                       ; Off              ; Off              ;
; Optimization Technique -- MAX 7000B/7000AE/3000A/7000S/7000A         ; Speed            ; Speed            ;
; Allow XOR Gate Usage                                                 ; On               ; On               ;
; Auto Logic Cell Insertion                                            ; On               ; On               ;
; Parallel Expander Chain Length -- MAX 7000B/7000AE/3000A/7000S/7000A ; 4                ; 4                ;
; Auto Parallel Expanders                                              ; On               ; On               ;
; Auto Open-Drain Pins                                                 ; On               ; On               ;
; Auto Resource Sharing                                                ; Off              ; Off              ;
; Maximum Fan-in Per Macrocell -- MAX 7000B/7000AE/3000A/7000S/7000A   ; 100              ; 100              ;
; Ignore translate_off and synthesis_off directives                    ; Off              ; Off              ;
; Show Parameter Settings Tables in Synthesis Report                   ; On               ; On               ;
; HDL message level                                                    ; Level2           ; Level2           ;
; Suppress Register Optimization Related Messages                      ; Off              ; Off              ;
; Number of Removed Registers Reported in Synthesis Report             ; 100              ; 100              ;
; Use smart compilation                                                ; Off              ; Off              ;
+----------------------------------------------------------------------+------------------+------------------+


+---------------------------------------------------------------------------------------------------------------------------------------------------------------------------+
; Analysis & Synthesis Source Files Read                                                                                                                                    ;
+----------------------------------+-----------------+------------------------------------+---------------------------------------------------------------------------------+
; File Name with User-Entered Path ; Used in Netlist ; File Type                          ; File Name with Absolute Path                                                    ;
+----------------------------------+-----------------+------------------------------------+---------------------------------------------------------------------------------+
; ApricancelloVHDL.bdf             ; yes             ; User Block Diagram/Schematic File  ; C:/Documents and Settings/Matteo/Desktop/Apricancello VHDL/ApricancelloVHDL.bdf ;
; StatiCancello.vhd                ; yes             ; User VHDL File                     ; C:/Documents and Settings/Matteo/Desktop/Apricancello VHDL/StatiCancello.vhd    ;
; Timer.vhd                        ; yes             ; User VHDL File                     ; C:/Documents and Settings/Matteo/Desktop/Apricancello VHDL/Timer.vhd            ;
; lpm_add_sub.tdf                  ; yes             ; Megafunction                       ; c:/altera/61/quartus/libraries/megafunctions/lpm_add_sub.tdf                    ;
; addcore.inc                      ; yes             ; Megafunction                       ; c:/altera/61/quartus/libraries/megafunctions/addcore.inc                        ;
; look_add.inc                     ; yes             ; Megafunction                       ; c:/altera/61/quartus/libraries/megafunctions/look_add.inc                       ;
; bypassff.inc                     ; yes             ; Megafunction                       ; c:/altera/61/quartus/libraries/megafunctions/bypassff.inc                       ;
; altshift.inc                     ; yes             ; Megafunction                       ; c:/altera/61/quartus/libraries/megafunctions/altshift.inc                       ;
; alt_stratix_add_sub.inc          ; yes             ; Megafunction                       ; c:/altera/61/quartus/libraries/megafunctions/alt_stratix_add_sub.inc            ;
; alt_mercury_add_sub.inc          ; yes             ; Megafunction                       ; c:/altera/61/quartus/libraries/megafunctions/alt_mercury_add_sub.inc            ;
; aglobal61.inc                    ; yes             ; Megafunction                       ; c:/altera/61/quartus/libraries/megafunctions/aglobal61.inc                      ;
; addcore.tdf                      ; yes             ; Megafunction                       ; c:/altera/61/quartus/libraries/megafunctions/addcore.tdf                        ;
; a_csnbuffer.inc                  ; yes             ; Megafunction                       ; c:/altera/61/quartus/libraries/megafunctions/a_csnbuffer.inc                    ;
; a_csnbuffer.tdf                  ; yes             ; Megafunction                       ; c:/altera/61/quartus/libraries/megafunctions/a_csnbuffer.tdf                    ;
; look_add.tdf                     ; yes             ; Megafunction                       ; c:/altera/61/quartus/libraries/megafunctions/look_add.tdf                       ;
; altshift.tdf                     ; yes             ; Megafunction                       ; c:/altera/61/quartus/libraries/megafunctions/altshift.tdf                       ;
+----------------------------------+-----------------+------------------------------------+---------------------------------------------------------------------------------+


+----------------------------------------------------------------------+
; Analysis & Synthesis Resource Usage Summary                          ;
+----------------------+-----------------------------------------------+
; Resource             ; Usage                                         ;
+----------------------+-----------------------------------------------+
; Logic cells          ; 26                                            ;
; Total registers      ; 12                                            ;
; I/O pins             ; 18                                            ;
; Shareable expanders  ; 1                                             ;
; Parallel expanders   ; 3                                             ;
; Maximum fan-out node ; Stati_Cancello:inst|StatoCorrente.state_bit_2 ;
; Maximum fan-out      ; 18                                            ;
; Total fan-out        ; 164                                           ;
; Average fan-out      ; 3.64                                          ;
+----------------------+-----------------------------------------------+


+----------------------------------------------------------------------------------------+
; Analysis & Synthesis Resource Utilization by Entity                                    ;
+----------------------------+------------+------+---------------------------------------+
; Compilation Hierarchy Node ; Macrocells ; Pins ; Full Hierarchy Name                   ;
+----------------------------+------------+------+---------------------------------------+
; |ApricancelloVHDL          ; 26         ; 18   ; |ApricancelloVHDL                     ;
;    |Stati_Cancello:inst|   ; 13         ; 0    ; |ApricancelloVHDL|Stati_Cancello:inst ;
;    |Timer:inst1|           ; 11         ; 0    ; |ApricancelloVHDL|Timer:inst1         ;
+----------------------------+------------+------+---------------------------------------+


Encoding Type:  Minimal Bits
+------------------------------------------------------------------------------------------------------------+
; State Machine - |ApricancelloVHDL|Stati_Cancello:inst|StatoCorrente                                        ;
+------------------------+---------------------------+---------------------------+---------------------------+
; Name                   ; StatoCorrente.state_bit_2 ; StatoCorrente.state_bit_1 ; StatoCorrente.state_bit_0 ;
+------------------------+---------------------------+---------------------------+---------------------------+
; StatoCorrente.chiuso   ; 0                         ; 0                         ; 0                         ;
; StatoCorrente.apertura ; 0                         ; 0                         ; 1                         ;
; StatoCorrente.aperto   ; 1                         ; 0                         ; 0                         ;
; StatoCorrente.chiusura ; 0                         ; 1                         ; 1                         ;
; StatoCorrente.pausa    ; 0                         ; 1                         ; 0                         ;
+------------------------+---------------------------+---------------------------+---------------------------+


+-------------------------------------------------------------------------------+
; Parameter Settings for Inferred Entity Instance: Timer:inst1|lpm_add_sub:Add0 ;
+------------------------+-------------+----------------------------------------+
; Parameter Name         ; Value       ; Type                                   ;
+------------------------+-------------+----------------------------------------+
; LPM_WIDTH              ; 8           ; Untyped                                ;
; LPM_REPRESENTATION     ; UNSIGNED    ; Untyped                                ;
; LPM_DIRECTION          ; ADD         ; Untyped                                ;
; ONE_INPUT_IS_CONSTANT  ; YES         ; Untyped                                ;
; LPM_PIPELINE           ; 0           ; Untyped                                ;
; MAXIMIZE_SPEED         ; 5           ; Untyped                                ;
; REGISTERED_AT_END      ; 0           ; Untyped                                ;
; OPTIMIZE_FOR_SPEED     ; 9           ; Untyped                                ;
; USE_CS_BUFFERS         ; 1           ; Untyped                                ;
; CARRY_CHAIN            ; MANUAL      ; Untyped                                ;
; CARRY_CHAIN_LENGTH     ; 48          ; CARRY_CHAIN_LENGTH                     ;
; DEVICE_FAMILY          ; MAX7000AE   ; Untyped                                ;
; USE_WYS                ; OFF         ; Untyped                                ;
; STYLE                  ; FAST        ; Untyped                                ;
; CBXI_PARAMETER         ; add_sub_eqh ; Untyped                                ;
; AUTO_CARRY_CHAINS      ; ON          ; AUTO_CARRY                             ;
; IGNORE_CARRY_BUFFERS   ; OFF         ; IGNORE_CARRY                           ;
; AUTO_CASCADE_CHAINS    ; ON          ; AUTO_CASCADE                           ;
; IGNORE_CASCADE_BUFFERS ; OFF         ; IGNORE_CASCADE                         ;
+------------------------+-------------+----------------------------------------+
Note: In order to hide this table in the UI and the text report file, please set the "Show Parameter Settings Tables in Synthesis Report" option in "Analysis and Synthesis Settings -> More Settings" to "Off".


+-------------------------------+
; Analysis & Synthesis Messages ;
+-------------------------------+
Info: *******************************************************************
Info: Running Quartus II Analysis & Synthesis
    Info: Version 6.1 Build 201 11/27/2006 SJ Web Edition
    Info: Processing started: Wed Jun 18 19:37:25 2008
Info: Command: quartus_map --read_settings_files=on --write_settings_files=off ApricancelloVHDL -c ApricancelloVHDL
Info: Found 1 design units, including 1 entities, in source file ApricancelloVHDL.bdf
    Info: Found entity 1: ApricancelloVHDL
Info: Found 2 design units, including 1 entities, in source file StatiCancello.vhd
    Info: Found design unit 1: Stati_Cancello-rtl
    Info: Found entity 1: Stati_Cancello
Info: Found 2 design units, including 1 entities, in source file Timer.vhd
    Info: Found design unit 1: Timer-Timer
    Info: Found entity 1: Timer
Info: Elaborating entity "ApricancelloVHDL" for the top level hierarchy
Info: Elaborating entity "Stati_Cancello" for hierarchy "Stati_Cancello:inst"
Info: Elaborating entity "Timer" for hierarchy "Timer:inst1"
Info: Found 1 design units, including 1 entities, in source file ../../../../altera/61/quartus/libraries/megafunctions/lpm_add_sub.tdf
    Info: Found entity 1: lpm_add_sub
Info: Elaborated megafunction instantiation "Timer:inst1|lpm_add_sub:Add0"
Info: Found 1 design units, including 1 entities, in source file ../../../../altera/61/quartus/libraries/megafunctions/addcore.tdf
    Info: Found entity 1: addcore
Info: Elaborated megafunction instantiation "Timer:inst1|lpm_add_sub:Add0|addcore:adder[0]", which is child of megafunction instantiation "Timer:inst1|lpm_add_sub:Add0"
Info: Instantiated megafunction "Timer:inst1|lpm_add_sub:Add0" with the following parameter:
    Info: Parameter "LPM_WIDTH" = "8"
    Info: Parameter "LPM_DIRECTION" = "ADD"
    Info: Parameter "LPM_REPRESENTATION" = "UNSIGNED"
    Info: Parameter "ONE_INPUT_IS_CONSTANT" = "YES"
Info: Found 1 design units, including 1 entities, in source file ../../../../altera/61/quartus/libraries/megafunctions/a_csnbuffer.tdf
    Info: Found entity 1: a_csnbuffer
Info: Elaborated megafunction instantiation "Timer:inst1|lpm_add_sub:Add0|addcore:adder[0]|a_csnbuffer:oflow_node", which is child of megafunction instantiation "Timer:inst1|lpm_add_sub:Add0"
Info: Instantiated megafunction "Timer:inst1|lpm_add_sub:Add0" with the following parameter:
    Info: Parameter "LPM_WIDTH" = "8"
    Info: Parameter "LPM_DIRECTION" = "ADD"
    Info: Parameter "LPM_REPRESENTATION" = "UNSIGNED"
    Info: Parameter "ONE_INPUT_IS_CONSTANT" = "YES"
Info: Elaborated megafunction instantiation "Timer:inst1|lpm_add_sub:Add0|addcore:adder[0]|a_csnbuffer:result_node", which is child of megafunction instantiation "Timer:inst1|lpm_add_sub:Add0"
Info: Instantiated megafunction "Timer:inst1|lpm_add_sub:Add0" with the following parameter:
    Info: Parameter "LPM_WIDTH" = "8"
    Info: Parameter "LPM_DIRECTION" = "ADD"
    Info: Parameter "LPM_REPRESENTATION" = "UNSIGNED"
    Info: Parameter "ONE_INPUT_IS_CONSTANT" = "YES"
Info: Found 1 design units, including 1 entities, in source file ../../../../altera/61/quartus/libraries/megafunctions/look_add.tdf
    Info: Found entity 1: look_add
Info: Elaborated megafunction instantiation "Timer:inst1|lpm_add_sub:Add0|look_add:look_ahead_unit", which is child of megafunction instantiation "Timer:inst1|lpm_add_sub:Add0"
Info: Instantiated megafunction "Timer:inst1|lpm_add_sub:Add0" with the following parameter:
    Info: Parameter "LPM_WIDTH" = "8"
    Info: Parameter "LPM_DIRECTION" = "ADD"
    Info: Parameter "LPM_REPRESENTATION" = "UNSIGNED"
    Info: Parameter "ONE_INPUT_IS_CONSTANT" = "YES"
Info: Found 1 design units, including 1 entities, in source file ../../../../altera/61/quartus/libraries/megafunctions/altshift.tdf
    Info: Found entity 1: altshift
Info: Elaborated megafunction instantiation "Timer:inst1|lpm_add_sub:Add0|altshift:result_ext_latency_ffs", which is child of megafunction instantiation "Timer:inst1|lpm_add_sub:Add0"
Info: Instantiated megafunction "Timer:inst1|lpm_add_sub:Add0" with the following parameter:
    Info: Parameter "LPM_WIDTH" = "8"
    Info: Parameter "LPM_DIRECTION" = "ADD"
    Info: Parameter "LPM_REPRESENTATION" = "UNSIGNED"
    Info: Parameter "ONE_INPUT_IS_CONSTANT" = "YES"
Info: Elaborated megafunction instantiation "Timer:inst1|lpm_add_sub:Add0|altshift:carry_ext_latency_ffs", which is child of megafunction instantiation "Timer:inst1|lpm_add_sub:Add0"
Info: Instantiated megafunction "Timer:inst1|lpm_add_sub:Add0" with the following parameter:
    Info: Parameter "LPM_WIDTH" = "8"
    Info: Parameter "LPM_DIRECTION" = "ADD"
    Info: Parameter "LPM_REPRESENTATION" = "UNSIGNED"
    Info: Parameter "ONE_INPUT_IS_CONSTANT" = "YES"
Info: State machine "|ApricancelloVHDL|Stati_Cancello:inst|StatoCorrente" contains 5 states
Info: Selected Auto state machine encoding method for state machine "|ApricancelloVHDL|Stati_Cancello:inst|StatoCorrente"
Info: Encoding result for state machine "|ApricancelloVHDL|Stati_Cancello:inst|StatoCorrente"
    Info: Completed encoding using 3 state bits
        Info: Encoded state bit "Stati_Cancello:inst|StatoCorrente.state_bit_2"
        Info: Encoded state bit "Stati_Cancello:inst|StatoCorrente.state_bit_1"
        Info: Encoded state bit "Stati_Cancello:inst|StatoCorrente.state_bit_0"
    Info: State "|ApricancelloVHDL|Stati_Cancello:inst|StatoCorrente.chiuso" uses code string "000"
    Info: State "|ApricancelloVHDL|Stati_Cancello:inst|StatoCorrente.apertura" uses code string "001"
    Info: State "|ApricancelloVHDL|Stati_Cancello:inst|StatoCorrente.aperto" uses code string "100"
    Info: State "|ApricancelloVHDL|Stati_Cancello:inst|StatoCorrente.chiusura" uses code string "011"
    Info: State "|ApricancelloVHDL|Stati_Cancello:inst|StatoCorrente.pausa" uses code string "010"
Info: Ignored 8 buffer(s)
    Info: Ignored 8 SOFT buffer(s)
Warning: Output pins are stuck at VCC or GND
    Warning: Pin "value[1]" stuck at VCC
    Warning: Pin "value[0]" stuck at VCC
Info: Promoted pin-driven signal(s) to global signal
    Info: Promoted clock signal driven by pin "clk" to global clock signal
Info: Implemented 45 device resources after synthesis - the final resource count might be different
    Info: Implemented 6 input pins
    Info: Implemented 12 output pins
    Info: Implemented 26 macrocells
    Info: Implemented 1 shareable expanders
Info: Quartus II Analysis & Synthesis was successful. 0 errors, 3 warnings
    Info: Allocated 133 megabytes of memory during processing
    Info: Processing ended: Wed Jun 18 19:37:28 2008
    Info: Elapsed time: 00:00:03


