Flow report for TimingCompitoA
Tue Jul 03 10:31:55 2007
Quartus II Version 6.1 Build 201 11/27/2006 SJ Web Edition


---------------------
; Table of Contents ;
---------------------
  1. Legal Notice
  2. Flow Summary
  3. Flow Settings
  4. Flow Non-Default Global Settings
  5. Flow Elapsed Time
  6. Flow Log



----------------
; Legal Notice ;
----------------
Copyright (C) 1991-2006 Altera Corporation
Your use of Altera Corporation's design tools, logic functions 
and other software and tools, and its AMPP partner logic 
functions, and any output files from any of the foregoing 
(including device programming or simulation files), and any 
associated documentation or information are expressly subject 
to the terms and conditions of the Altera Program License 
Subscription Agreement, Altera MegaCore Function License 
Agreement, or other applicable license agreement, including, 
without limitation, that your use is for the sole purpose of 
programming logic devices manufactured by Altera and sold by 
Altera or its authorized distributors.  Please refer to the 
applicable agreement for further details.



+-------------------------------------------------------------------+
; Flow Summary                                                      ;
+-------------------------+-----------------------------------------+
; Flow Status             ; Successful - Tue Jul 03 10:31:55 2007   ;
; Quartus II Version      ; 6.1 Build 201 11/27/2006 SJ Web Edition ;
; Revision Name           ; TimingCompitoA                          ;
; Top-level Entity Name   ; TimingCompitoA                          ;
; Family                  ; MAX7000AE                               ;
; Device                  ; EPM7032AELC44-10                        ;
; Timing Models           ; Final                                   ;
; Met timing requirements ; Yes                                     ;
; Total macrocells        ; 2 / 32 ( 6 % )                          ;
; Total pins              ; 8 / 36 ( 22 % )                         ;
+-------------------------+-----------------------------------------+


+-----------------------------------------+
; Flow Settings                           ;
+-------------------+---------------------+
; Option            ; Setting             ;
+-------------------+---------------------+
; Start date & time ; 07/03/2007 10:30:06 ;
; Main task         ; Compilation         ;
; Revision Name     ; TimingCompitoA      ;
+-------------------+---------------------+


+--------------------------------------------------------------------+
; Flow Non-Default Global Settings                                   ;
+-----------------+-------+---------------+-------------+------------+
; Assignment Name ; Value ; Default Value ; Entity Name ; Section Id ;
+-----------------+-------+---------------+-------------+------------+


+----------------------------------------+
; Flow Elapsed Time                      ;
+-------------------------+--------------+
; Module Name             ; Elapsed Time ;
+-------------------------+--------------+
; Analysis & Synthesis    ; 00:00:01     ;
; Fitter                  ; 00:00:01     ;
; Assembler               ; 00:00:06     ;
; Classic Timing Analyzer ; 00:00:00     ;
; Classic Timing Analyzer ; 00:00:01     ;
; Total                   ; 00:00:09     ;
+-------------------------+--------------+


------------
; Flow Log ;
------------
quartus_map --read_settings_files=on --write_settings_files=off TimingCompitoA -c TimingCompitoA
quartus_fit --read_settings_files=off --write_settings_files=off TimingCompitoA -c TimingCompitoA
quartus_asm --read_settings_files=off --write_settings_files=off TimingCompitoA -c TimingCompitoA
quartus_tan --read_settings_files=off --write_settings_files=off TimingCompitoA -c TimingCompitoA
quartus_tan --read_settings_files=on --write_settings_files=off TimingCompitoA -c TimingCompitoA --speed=10



