Classic Timing Analyzer report for Decoder
Fri Jun 13 18:11:52 2008
Quartus II Version 6.1 Build 201 11/27/2006 SJ Web Edition


---------------------
; Table of Contents ;
---------------------
  1. Legal Notice
  2. Timing Analyzer Summary
  3. Timing Analyzer Settings
  4. tpd
  5. Timing Analyzer Messages



----------------
; Legal Notice ;
----------------
Copyright (C) 1991-2006 Altera Corporation
Your use of Altera Corporation's design tools, logic functions 
and other software and tools, and its AMPP partner logic 
functions, and any output files from any of the foregoing 
(including device programming or simulation files), and any 
associated documentation or information are expressly subject 
to the terms and conditions of the Altera Program License 
Subscription Agreement, Altera MegaCore Function License 
Agreement, or other applicable license agreement, including, 
without limitation, that your use is for the sole purpose of 
programming logic devices manufactured by Altera and sold by 
Altera or its authorized distributors.  Please refer to the 
applicable agreement for further details.



+--------------------------------------------------------------------------------------------------------------------------+
; Timing Analyzer Summary                                                                                                  ;
+------------------------------+-------+---------------+-------------+------+-------+------------+----------+--------------+
; Type                         ; Slack ; Required Time ; Actual Time ; From ; To    ; From Clock ; To Clock ; Failed Paths ;
+------------------------------+-------+---------------+-------------+------+-------+------------+----------+--------------+
; Worst-case tpd               ; N/A   ; None          ; 10.100 ns   ; IN0  ; OUT16 ; --         ; --       ; 0            ;
; Total number of failed paths ;       ;               ;             ;      ;       ;            ;          ; 0            ;
+------------------------------+-------+---------------+-------------+------+-------+------------+----------+--------------+


+------------------------------------------------------------------------------------------------------+
; Timing Analyzer Settings                                                                             ;
+-------------------------------------------------------+--------------------+------+----+-------------+
; Option                                                ; Setting            ; From ; To ; Entity Name ;
+-------------------------------------------------------+--------------------+------+----+-------------+
; Device Name                                           ; EPM7032AELC44-10   ;      ;    ;             ;
; Timing Models                                         ; Final              ;      ;    ;             ;
; Default hold multicycle                               ; Same as Multicycle ;      ;    ;             ;
; Cut paths between unrelated clock domains             ; On                 ;      ;    ;             ;
; Cut off read during write signal paths                ; On                 ;      ;    ;             ;
; Cut off feedback from I/O pins                        ; On                 ;      ;    ;             ;
; Report Combined Fast/Slow Timing                      ; Off                ;      ;    ;             ;
; Ignore Clock Settings                                 ; Off                ;      ;    ;             ;
; Analyze latches as synchronous elements               ; On                 ;      ;    ;             ;
; Enable Recovery/Removal analysis                      ; Off                ;      ;    ;             ;
; Enable Clock Latency                                  ; Off                ;      ;    ;             ;
; Number of source nodes to report per destination node ; 10                 ;      ;    ;             ;
; Number of destination nodes to report                 ; 10                 ;      ;    ;             ;
; Number of paths to report                             ; 200                ;      ;    ;             ;
; Report Minimum Timing Checks                          ; Off                ;      ;    ;             ;
; Use Fast Timing Models                                ; Off                ;      ;    ;             ;
; Report IO Paths Separately                            ; Off                ;      ;    ;             ;
+-------------------------------------------------------+--------------------+------+----+-------------+


+----------------------------------------------------------------+
; tpd                                                            ;
+-------+-------------------+-----------------+------+-----------+
; Slack ; Required P2P Time ; Actual P2P Time ; From ; To        ;
+-------+-------------------+-----------------+------+-----------+
; N/A   ; None              ; 10.100 ns       ; IN1  ; OUTPUT[0] ;
; N/A   ; None              ; 10.100 ns       ; IN0  ; OUTPUT[0] ;
; N/A   ; None              ; 10.100 ns       ; IN1  ; OUTPUT[1] ;
; N/A   ; None              ; 10.100 ns       ; IN0  ; OUTPUT[1] ;
; N/A   ; None              ; 10.100 ns       ; IN1  ; OUTPUT[2] ;
; N/A   ; None              ; 10.100 ns       ; IN0  ; OUTPUT[2] ;
; N/A   ; None              ; 10.100 ns       ; IN1  ; OUTPUT[3] ;
; N/A   ; None              ; 10.100 ns       ; IN0  ; OUTPUT[3] ;
; N/A   ; None              ; 10.100 ns       ; IN1  ; OUT15     ;
; N/A   ; None              ; 10.100 ns       ; IN0  ; OUT15     ;
; N/A   ; None              ; 10.100 ns       ; IN1  ; OUT14     ;
; N/A   ; None              ; 10.100 ns       ; IN0  ; OUT14     ;
; N/A   ; None              ; 10.100 ns       ; IN1  ; OUT13     ;
; N/A   ; None              ; 10.100 ns       ; IN0  ; OUT13     ;
; N/A   ; None              ; 10.100 ns       ; IN1  ; OUT12     ;
; N/A   ; None              ; 10.100 ns       ; IN0  ; OUT12     ;
; N/A   ; None              ; 10.100 ns       ; IN1  ; OUT11     ;
; N/A   ; None              ; 10.100 ns       ; IN0  ; OUT11     ;
; N/A   ; None              ; 10.100 ns       ; IN1  ; OUT10     ;
; N/A   ; None              ; 10.100 ns       ; IN0  ; OUT10     ;
; N/A   ; None              ; 10.100 ns       ; IN1  ; OUT9      ;
; N/A   ; None              ; 10.100 ns       ; IN0  ; OUT9      ;
; N/A   ; None              ; 10.100 ns       ; IN1  ; OUT8      ;
; N/A   ; None              ; 10.100 ns       ; IN0  ; OUT8      ;
; N/A   ; None              ; 10.100 ns       ; IN1  ; OUT7      ;
; N/A   ; None              ; 10.100 ns       ; IN0  ; OUT7      ;
; N/A   ; None              ; 10.100 ns       ; IN1  ; OUT6      ;
; N/A   ; None              ; 10.100 ns       ; IN0  ; OUT6      ;
; N/A   ; None              ; 10.100 ns       ; IN1  ; OUT5      ;
; N/A   ; None              ; 10.100 ns       ; IN0  ; OUT5      ;
; N/A   ; None              ; 10.100 ns       ; IN1  ; OUT4      ;
; N/A   ; None              ; 10.100 ns       ; IN0  ; OUT4      ;
; N/A   ; None              ; 10.100 ns       ; IN1  ; OUT3      ;
; N/A   ; None              ; 10.100 ns       ; IN0  ; OUT3      ;
; N/A   ; None              ; 10.100 ns       ; IN1  ; OUT2      ;
; N/A   ; None              ; 10.100 ns       ; IN0  ; OUT2      ;
; N/A   ; None              ; 10.100 ns       ; IN1  ; OUT1      ;
; N/A   ; None              ; 10.100 ns       ; IN0  ; OUT1      ;
; N/A   ; None              ; 10.100 ns       ; IN1  ; OUT0      ;
; N/A   ; None              ; 10.100 ns       ; IN0  ; OUT0      ;
; N/A   ; None              ; 10.100 ns       ; IN1  ; OUT19     ;
; N/A   ; None              ; 10.100 ns       ; IN0  ; OUT19     ;
; N/A   ; None              ; 10.100 ns       ; IN1  ; OUT18     ;
; N/A   ; None              ; 10.100 ns       ; IN0  ; OUT18     ;
; N/A   ; None              ; 10.100 ns       ; IN1  ; OUT17     ;
; N/A   ; None              ; 10.100 ns       ; IN0  ; OUT17     ;
; N/A   ; None              ; 10.100 ns       ; IN1  ; OUT16     ;
; N/A   ; None              ; 10.100 ns       ; IN0  ; OUT16     ;
+-------+-------------------+-----------------+------+-----------+


+--------------------------+
; Timing Analyzer Messages ;
+--------------------------+
Info: *******************************************************************
Info: Running Quartus II Classic Timing Analyzer
    Info: Version 6.1 Build 201 11/27/2006 SJ Web Edition
    Info: Processing started: Fri Jun 13 18:11:51 2008
Info: Command: quartus_tan --read_settings_files=off --write_settings_files=off Decoder -c Decoder
Info: Started post-fitting delay annotation
Info: Delay annotation completed successfully
Warning: Timing Analysis does not support the analysis of latches as synchronous elements for the currently selected device family
Info: Longest tpd from source pin "IN1" to destination pin "OUTPUT[0]" is 10.100 ns
    Info: 1: + IC(0.000 ns) + CELL(2.100 ns) = 2.100 ns; Loc. = PIN_44; Fanout = 25; PIN Node = 'IN1'
    Info: 2: + IC(1.600 ns) + CELL(4.600 ns) = 8.300 ns; Loc. = LC19; Fanout = 1; COMB Node = 'Decoder0:inst4|OUT0~99'
    Info: 3: + IC(0.000 ns) + CELL(1.800 ns) = 10.100 ns; Loc. = PIN_39; Fanout = 0; PIN Node = 'OUTPUT[0]'
    Info: Total cell delay = 8.500 ns ( 84.16 % )
    Info: Total interconnect delay = 1.600 ns ( 15.84 % )
Info: Quartus II Classic Timing Analyzer was successful. 0 errors, 1 warning
    Info: Allocated 95 megabytes of memory during processing
    Info: Processing ended: Fri Jun 13 18:11:51 2008
    Info: Elapsed time: 00:00:00


