Flow report for TriState
Wed Jun 11 20:37:43 2008
Quartus II Version 6.1 Build 201 11/27/2006 SJ Web Edition


---------------------
; Table of Contents ;
---------------------
  1. Legal Notice
  2. Flow Summary
  3. Flow Settings
  4. Flow Non-Default Global Settings
  5. Flow Elapsed Time
  6. Flow Log



----------------
; Legal Notice ;
----------------
Copyright (C) 1991-2006 Altera Corporation
Your use of Altera Corporation's design tools, logic functions 
and other software and tools, and its AMPP partner logic 
functions, and any output files from any of the foregoing 
(including device programming or simulation files), and any 
associated documentation or information are expressly subject 
to the terms and conditions of the Altera Program License 
Subscription Agreement, Altera MegaCore Function License 
Agreement, or other applicable license agreement, including, 
without limitation, that your use is for the sole purpose of 
programming logic devices manufactured by Altera and sold by 
Altera or its authorized distributors.  Please refer to the 
applicable agreement for further details.



+--------------------------------------------------------------------+
; Flow Summary                                                       ;
+--------------------------+-----------------------------------------+
; Flow Status              ; Successful - Wed Jun 11 20:37:43 2008   ;
; Quartus II Version       ; 6.1 Build 201 11/27/2006 SJ Web Edition ;
; Revision Name            ; TriState                                ;
; Top-level Entity Name    ; TriState                                ;
; Family                   ; Stratix                                 ;
; Met timing requirements  ; Yes                                     ;
; Total logic elements     ; 0 / 10,570 ( 0 % )                      ;
; Total pins               ; 17 / 336 ( 5 % )                        ;
; Total virtual pins       ; 0                                       ;
; Total memory bits        ; 0 / 920,448 ( 0 % )                     ;
; DSP block 9-bit elements ; 0 / 48 ( 0 % )                          ;
; Total PLLs               ; 0 / 6 ( 0 % )                           ;
; Total DLLs               ; 0 / 2 ( 0 % )                           ;
; Device                   ; EP1S10F484C5                            ;
; Timing Models            ; Final                                   ;
+--------------------------+-----------------------------------------+


+-----------------------------------------+
; Flow Settings                           ;
+-------------------+---------------------+
; Option            ; Setting             ;
+-------------------+---------------------+
; Start date & time ; 06/11/2008 20:37:16 ;
; Main task         ; Compilation         ;
; Revision Name     ; TriState            ;
+-------------------+---------------------+


+----------------------------------------------------------------------------+
; Flow Non-Default Global Settings                                           ;
+------------------------+--------+---------------+-------------+------------+
; Assignment Name        ; Value  ; Default Value ; Entity Name ; Section Id ;
+------------------------+--------+---------------+-------------+------------+
; PARTITION_NETLIST_TYPE ; SOURCE ; --            ; --          ; Top        ;
+------------------------+--------+---------------+-------------+------------+


+----------------------------------------+
; Flow Elapsed Time                      ;
+-------------------------+--------------+
; Module Name             ; Elapsed Time ;
+-------------------------+--------------+
; Analysis & Synthesis    ; 00:00:02     ;
; Partition Merge         ; 00:00:01     ;
; Fitter                  ; 00:00:12     ;
; Assembler               ; 00:00:07     ;
; Classic Timing Analyzer ; 00:00:01     ;
; Total                   ; 00:00:23     ;
+-------------------------+--------------+


------------
; Flow Log ;
------------
quartus_map --read_settings_files=on --write_settings_files=off TriState -c TriState
quartus_cdb --read_settings_files=off --write_settings_files=off TriState -c TriState --merge=on
quartus_fit --read_settings_files=off --write_settings_files=off TriState -c TriState
quartus_asm --read_settings_files=off --write_settings_files=off TriState -c TriState
quartus_tan --read_settings_files=off --write_settings_files=off TriState -c TriState --timing_analysis_only



