Flow report for Prova
Tue Jun 10 15:39:31 2008
Quartus II Version 6.1 Build 201 11/27/2006 SJ Web Edition


---------------------
; Table of Contents ;
---------------------
  1. Legal Notice
  2. Flow Summary
  3. Flow Settings
  4. Flow Non-Default Global Settings
  5. Flow Elapsed Time
  6. Flow Log



----------------
; Legal Notice ;
----------------
Copyright (C) 1991-2006 Altera Corporation
Your use of Altera Corporation's design tools, logic functions 
and other software and tools, and its AMPP partner logic 
functions, and any output files from any of the foregoing 
(including device programming or simulation files), and any 
associated documentation or information are expressly subject 
to the terms and conditions of the Altera Program License 
Subscription Agreement, Altera MegaCore Function License 
Agreement, or other applicable license agreement, including, 
without limitation, that your use is for the sole purpose of 
programming logic devices manufactured by Altera and sold by 
Altera or its authorized distributors.  Please refer to the 
applicable agreement for further details.



+-------------------------------------------------------------------+
; Flow Summary                                                      ;
+-------------------------+-----------------------------------------+
; Flow Status             ; Successful - Tue Jun 10 15:39:31 2008   ;
; Quartus II Version      ; 6.1 Build 201 11/27/2006 SJ Web Edition ;
; Revision Name           ; Prova                                   ;
; Top-level Entity Name   ; Prova                                   ;
; Family                  ; MAX7000AE                               ;
; Met timing requirements ; Yes                                     ;
; Total macrocells        ; 55 / 64 ( 86 % )                        ;
; Total pins              ; 48 / 68 ( 71 % )                        ;
; Device                  ; EPM7064AEFC100-10                       ;
; Timing Models           ; Final                                   ;
+-------------------------+-----------------------------------------+


+-----------------------------------------+
; Flow Settings                           ;
+-------------------+---------------------+
; Option            ; Setting             ;
+-------------------+---------------------+
; Start date & time ; 06/10/2008 15:39:16 ;
; Main task         ; Compilation         ;
; Revision Name     ; Prova               ;
+-------------------+---------------------+


+--------------------------------------------------------------------+
; Flow Non-Default Global Settings                                   ;
+-----------------+-------+---------------+-------------+------------+
; Assignment Name ; Value ; Default Value ; Entity Name ; Section Id ;
+-----------------+-------+---------------+-------------+------------+


+----------------------------------------+
; Flow Elapsed Time                      ;
+-------------------------+--------------+
; Module Name             ; Elapsed Time ;
+-------------------------+--------------+
; Analysis & Synthesis    ; 00:00:06     ;
; Fitter                  ; 00:00:00     ;
; Assembler               ; 00:00:05     ;
; Classic Timing Analyzer ; 00:00:01     ;
; Total                   ; 00:00:12     ;
+-------------------------+--------------+


------------
; Flow Log ;
------------
quartus_map --read_settings_files=on --write_settings_files=off Prova -c Prova
quartus_fit --read_settings_files=off --write_settings_files=off Prova -c Prova
quartus_asm --read_settings_files=off --write_settings_files=off Prova -c Prova
quartus_tan --read_settings_files=off --write_settings_files=off Prova -c Prova



