Analysis & Synthesis report for Prova
Tue Jun 10 15:39:21 2008
Quartus II Version 6.1 Build 201 11/27/2006 SJ Web Edition


---------------------
; Table of Contents ;
---------------------
  1. Legal Notice
  2. Analysis & Synthesis Summary
  3. Analysis & Synthesis Settings
  4. Analysis & Synthesis Source Files Read
  5. Analysis & Synthesis Resource Usage Summary
  6. Analysis & Synthesis Resource Utilization by Entity
  7. User-Specified and Inferred Latches
  8. Parameter Settings for Inferred Entity Instance: lpm_add_sub:Add0
  9. Parameter Settings for Inferred Entity Instance: lpm_add_sub:Add1
 10. Analysis & Synthesis Messages



----------------
; Legal Notice ;
----------------
Copyright (C) 1991-2006 Altera Corporation
Your use of Altera Corporation's design tools, logic functions 
and other software and tools, and its AMPP partner logic 
functions, and any output files from any of the foregoing 
(including device programming or simulation files), and any 
associated documentation or information are expressly subject 
to the terms and conditions of the Altera Program License 
Subscription Agreement, Altera MegaCore Function License 
Agreement, or other applicable license agreement, including, 
without limitation, that your use is for the sole purpose of 
programming logic devices manufactured by Altera and sold by 
Altera or its authorized distributors.  Please refer to the 
applicable agreement for further details.



+-----------------------------------------------------------------------+
; Analysis & Synthesis Summary                                          ;
+-----------------------------+-----------------------------------------+
; Analysis & Synthesis Status ; Successful - Tue Jun 10 15:39:21 2008   ;
; Quartus II Version          ; 6.1 Build 201 11/27/2006 SJ Web Edition ;
; Revision Name               ; Prova                                   ;
; Top-level Entity Name       ; Prova                                   ;
; Family                      ; MAX7000AE                               ;
; Total macrocells            ; 55                                      ;
; Total pins                  ; 44                                      ;
+-----------------------------+-----------------------------------------+


+-----------------------------------------------------------------------------------------------------+
; Analysis & Synthesis Settings                                                                       ;
+----------------------------------------------------------------------+--------------+---------------+
; Option                                                               ; Setting      ; Default Value ;
+----------------------------------------------------------------------+--------------+---------------+
; Top-level entity name                                                ; Prova        ; Prova         ;
; Family name                                                          ; MAX7000AE    ; Stratix       ;
; Create Debugging Nodes for IP Cores                                  ; Off          ; Off           ;
; Preserve fewer node names                                            ; On           ; On            ;
; Disable OpenCore Plus hardware evaluation                            ; Off          ; Off           ;
; Verilog Version                                                      ; Verilog_2001 ; Verilog_2001  ;
; VHDL Version                                                         ; VHDL93       ; VHDL93        ;
; State Machine Processing                                             ; Auto         ; Auto          ;
; Safe State Machine                                                   ; Off          ; Off           ;
; Extract Verilog State Machines                                       ; On           ; On            ;
; Extract VHDL State Machines                                          ; On           ; On            ;
; Ignore Verilog initial constructs                                    ; Off          ; Off           ;
; Add Pass-Through Logic to Inferred RAMs                              ; On           ; On            ;
; NOT Gate Push-Back                                                   ; On           ; On            ;
; Power-Up Don't Care                                                  ; On           ; On            ;
; Remove Duplicate Registers                                           ; On           ; On            ;
; Ignore CARRY Buffers                                                 ; Off          ; Off           ;
; Ignore CASCADE Buffers                                               ; Off          ; Off           ;
; Ignore GLOBAL Buffers                                                ; Off          ; Off           ;
; Ignore ROW GLOBAL Buffers                                            ; Off          ; Off           ;
; Ignore LCELL Buffers -- MAX 7000B/7000AE/3000A/7000S/7000A           ; Auto         ; Auto          ;
; Ignore SOFT Buffers -- MAX 7000B/7000AE/3000A/7000S/7000A            ; Off          ; Off           ;
; Limit AHDL Integers to 32 Bits                                       ; Off          ; Off           ;
; Optimization Technique -- MAX 7000B/7000AE/3000A/7000S/7000A         ; Speed        ; Speed         ;
; Allow XOR Gate Usage                                                 ; On           ; On            ;
; Auto Logic Cell Insertion                                            ; On           ; On            ;
; Parallel Expander Chain Length -- MAX 7000B/7000AE/3000A/7000S/7000A ; 4            ; 4             ;
; Auto Parallel Expanders                                              ; On           ; On            ;
; Auto Open-Drain Pins                                                 ; On           ; On            ;
; Auto Resource Sharing                                                ; Off          ; Off           ;
; Maximum Fan-in Per Macrocell -- MAX 7000B/7000AE/3000A/7000S/7000A   ; 100          ; 100           ;
; Ignore translate_off and synthesis_off directives                    ; Off          ; Off           ;
; Show Parameter Settings Tables in Synthesis Report                   ; On           ; On            ;
; HDL message level                                                    ; Level2       ; Level2        ;
; Suppress Register Optimization Related Messages                      ; Off          ; Off           ;
; Number of Removed Registers Reported in Synthesis Report             ; 100          ; 100           ;
; Use smart compilation                                                ; Off          ; Off           ;
+----------------------------------------------------------------------+--------------+---------------+


+---------------------------------------------------------------------------------------------------------------------------------------------+
; Analysis & Synthesis Source Files Read                                                                                                      ;
+----------------------------------+-----------------+-----------------+----------------------------------------------------------------------+
; File Name with User-Entered Path ; Used in Netlist ; File Type       ; File Name with Absolute Path                                         ;
+----------------------------------+-----------------+-----------------+----------------------------------------------------------------------+
; MiaNAND.vhd                      ; yes             ; User VHDL File  ; C:/Documents and Settings/Matteo/Desktop/ProvaVhdl/MiaNAND.vhd       ;
; Prova.vhd                        ; yes             ; Other           ; C:/Documents and Settings/Matteo/Desktop/ProvaVhdl/Prova.vhd         ;
; lpm_add_sub.tdf                  ; yes             ; Megafunction    ; c:/altera/61/quartus/libraries/megafunctions/lpm_add_sub.tdf         ;
; addcore.inc                      ; yes             ; Megafunction    ; c:/altera/61/quartus/libraries/megafunctions/addcore.inc             ;
; look_add.inc                     ; yes             ; Megafunction    ; c:/altera/61/quartus/libraries/megafunctions/look_add.inc            ;
; bypassff.inc                     ; yes             ; Megafunction    ; c:/altera/61/quartus/libraries/megafunctions/bypassff.inc            ;
; altshift.inc                     ; yes             ; Megafunction    ; c:/altera/61/quartus/libraries/megafunctions/altshift.inc            ;
; alt_stratix_add_sub.inc          ; yes             ; Megafunction    ; c:/altera/61/quartus/libraries/megafunctions/alt_stratix_add_sub.inc ;
; alt_mercury_add_sub.inc          ; yes             ; Megafunction    ; c:/altera/61/quartus/libraries/megafunctions/alt_mercury_add_sub.inc ;
; aglobal61.inc                    ; yes             ; Megafunction    ; c:/altera/61/quartus/libraries/megafunctions/aglobal61.inc           ;
; addcore.tdf                      ; yes             ; Megafunction    ; c:/altera/61/quartus/libraries/megafunctions/addcore.tdf             ;
; a_csnbuffer.inc                  ; yes             ; Megafunction    ; c:/altera/61/quartus/libraries/megafunctions/a_csnbuffer.inc         ;
; a_csnbuffer.tdf                  ; yes             ; Megafunction    ; c:/altera/61/quartus/libraries/megafunctions/a_csnbuffer.tdf         ;
; look_add.tdf                     ; yes             ; Megafunction    ; c:/altera/61/quartus/libraries/megafunctions/look_add.tdf            ;
; altshift.tdf                     ; yes             ; Megafunction    ; c:/altera/61/quartus/libraries/megafunctions/altshift.tdf            ;
+----------------------------------+-----------------+-----------------+----------------------------------------------------------------------+


+---------------------------------------------+
; Analysis & Synthesis Resource Usage Summary ;
+----------------------+----------------------+
; Resource             ; Usage                ;
+----------------------+----------------------+
; Logic cells          ; 55                   ;
; Total registers      ; 9                    ;
; I/O pins             ; 44                   ;
; Shareable expanders  ; 31                   ;
; Parallel expanders   ; 20                   ;
; Maximum fan-out node ; NumeroIN[1]          ;
; Maximum fan-out      ; 38                   ;
; Total fan-out        ; 591                  ;
; Average fan-out      ; 4.55                 ;
+----------------------+----------------------+


+---------------------------------------------------------------------------------------------------------------------------+
; Analysis & Synthesis Resource Utilization by Entity                                                                       ;
+------------------------------------+------------+------+------------------------------------------------------------------+
; Compilation Hierarchy Node         ; Macrocells ; Pins ; Full Hierarchy Name                                              ;
+------------------------------------+------------+------+------------------------------------------------------------------+
; |Prova                             ; 55         ; 44   ; |Prova                                                           ;
;    |MIA_AND:LaMiaNand|             ; 1          ; 0    ; |Prova|MIA_AND:LaMiaNand                                         ;
;    |lpm_add_sub:Add0|              ; 7          ; 0    ; |Prova|lpm_add_sub:Add0                                          ;
;       |addcore:adder[0]|           ; 7          ; 0    ; |Prova|lpm_add_sub:Add0|addcore:adder[0]                         ;
;    |lpm_add_sub:Add1|              ; 21         ; 0    ; |Prova|lpm_add_sub:Add1                                          ;
;       |addcore:adder[0]|           ; 21         ; 0    ; |Prova|lpm_add_sub:Add1|addcore:adder[0]                         ;
;          |a_csnbuffer:result_node| ; 12         ; 0    ; |Prova|lpm_add_sub:Add1|addcore:adder[0]|a_csnbuffer:result_node ;
+------------------------------------+------------+------+------------------------------------------------------------------+


+---------------------------------------------------------------------------------------------------+
; User-Specified and Inferred Latches                                                               ;
+----------------------------------------------------+---------------------+------------------------+
; Latch Name                                         ; Latch Enable Signal ; Free of Timing Hazards ;
+----------------------------------------------------+---------------------+------------------------+
; TestVector[7]$latch                                ; WideNor0            ; yes                    ;
; TestVector[6]$latch                                ; WideNor0            ; yes                    ;
; TestVector[5]$latch                                ; WideNor0            ; yes                    ;
; TestVector[4]$latch                                ; WideNor0            ; yes                    ;
; TestVector[3]$latch                                ; WideNor0            ; yes                    ;
; TestVector[2]$latch                                ; WideNor0            ; yes                    ;
; TestVector[1]$latch                                ; WideNor0            ; yes                    ;
; TestVector[0]$latch                                ; WideNor0            ; yes                    ;
; Number of user-specified and inferred latches = 8  ;                     ;                        ;
+----------------------------------------------------+---------------------+------------------------+
Note: All latches listed above may not be present at the end of synthesis due to various synthesis optimizations.


+-------------------------------------------------------------------+
; Parameter Settings for Inferred Entity Instance: lpm_add_sub:Add0 ;
+------------------------+-------------+----------------------------+
; Parameter Name         ; Value       ; Type                       ;
+------------------------+-------------+----------------------------+
; LPM_WIDTH              ; 9           ; Untyped                    ;
; LPM_REPRESENTATION     ; UNSIGNED    ; Untyped                    ;
; LPM_DIRECTION          ; ADD         ; Untyped                    ;
; ONE_INPUT_IS_CONSTANT  ; NO          ; Untyped                    ;
; LPM_PIPELINE           ; 0           ; Untyped                    ;
; MAXIMIZE_SPEED         ; 5           ; Untyped                    ;
; REGISTERED_AT_END      ; 0           ; Untyped                    ;
; OPTIMIZE_FOR_SPEED     ; 9           ; Untyped                    ;
; USE_CS_BUFFERS         ; 1           ; Untyped                    ;
; CARRY_CHAIN            ; MANUAL      ; Untyped                    ;
; CARRY_CHAIN_LENGTH     ; 48          ; CARRY_CHAIN_LENGTH         ;
; DEVICE_FAMILY          ; MAX7000AE   ; Untyped                    ;
; USE_WYS                ; OFF         ; Untyped                    ;
; STYLE                  ; FAST        ; Untyped                    ;
; CBXI_PARAMETER         ; add_sub_rmh ; Untyped                    ;
; AUTO_CARRY_CHAINS      ; ON          ; AUTO_CARRY                 ;
; IGNORE_CARRY_BUFFERS   ; OFF         ; IGNORE_CARRY               ;
; AUTO_CASCADE_CHAINS    ; ON          ; AUTO_CASCADE               ;
; IGNORE_CASCADE_BUFFERS ; OFF         ; IGNORE_CASCADE             ;
+------------------------+-------------+----------------------------+
Note: In order to hide this table in the UI and the text report file, please set the "Show Parameter Settings Tables in Synthesis Report" option in "Analysis and Synthesis Settings -> More Settings" to "Off".


+-------------------------------------------------------------------+
; Parameter Settings for Inferred Entity Instance: lpm_add_sub:Add1 ;
+------------------------+-------------+----------------------------+
; Parameter Name         ; Value       ; Type                       ;
+------------------------+-------------+----------------------------+
; LPM_WIDTH              ; 8           ; Untyped                    ;
; LPM_REPRESENTATION     ; UNSIGNED    ; Untyped                    ;
; LPM_DIRECTION          ; ADD         ; Untyped                    ;
; ONE_INPUT_IS_CONSTANT  ; YES         ; Untyped                    ;
; LPM_PIPELINE           ; 0           ; Untyped                    ;
; MAXIMIZE_SPEED         ; 5           ; Untyped                    ;
; REGISTERED_AT_END      ; 0           ; Untyped                    ;
; OPTIMIZE_FOR_SPEED     ; 9           ; Untyped                    ;
; USE_CS_BUFFERS         ; 1           ; Untyped                    ;
; CARRY_CHAIN            ; MANUAL      ; Untyped                    ;
; CARRY_CHAIN_LENGTH     ; 48          ; CARRY_CHAIN_LENGTH         ;
; DEVICE_FAMILY          ; MAX7000AE   ; Untyped                    ;
; USE_WYS                ; OFF         ; Untyped                    ;
; STYLE                  ; FAST        ; Untyped                    ;
; CBXI_PARAMETER         ; add_sub_eqh ; Untyped                    ;
; AUTO_CARRY_CHAINS      ; ON          ; AUTO_CARRY                 ;
; IGNORE_CARRY_BUFFERS   ; OFF         ; IGNORE_CARRY               ;
; AUTO_CASCADE_CHAINS    ; ON          ; AUTO_CASCADE               ;
; IGNORE_CASCADE_BUFFERS ; OFF         ; IGNORE_CASCADE             ;
+------------------------+-------------+----------------------------+
Note: In order to hide this table in the UI and the text report file, please set the "Show Parameter Settings Tables in Synthesis Report" option in "Analysis and Synthesis Settings -> More Settings" to "Off".


+-------------------------------+
; Analysis & Synthesis Messages ;
+-------------------------------+
Info: *******************************************************************
Info: Running Quartus II Analysis & Synthesis
    Info: Version 6.1 Build 201 11/27/2006 SJ Web Edition
    Info: Processing started: Tue Jun 10 15:39:15 2008
Info: Command: quartus_map --read_settings_files=on --write_settings_files=off Prova -c Prova
Info: Found 2 design units, including 1 entities, in source file MiaNAND.vhd
    Info: Found design unit 1: MIA_AND-MIA_AND
    Info: Found entity 1: MIA_AND
Warning: Using design file Prova.vhd, which is not specified as a design file for the current project, but contains definitions for 2 design units and 1 entities in project
    Info: Found design unit 1: Prova-ProvaProva
    Info: Found entity 1: Prova
Info: Elaborating entity "Prova" for the top level hierarchy
Warning (10036): Verilog HDL or VHDL warning at Prova.vhd(36): object "VettoreDiInteri" assigned a value but never read
Info (10041): Verilog HDL or VHDL info at Prova.vhd(87): inferred latch for "TestVector[7]"
Info (10041): Verilog HDL or VHDL info at Prova.vhd(87): inferred latch for "TestVector[6]"
Info (10041): Verilog HDL or VHDL info at Prova.vhd(87): inferred latch for "TestVector[5]"
Info (10041): Verilog HDL or VHDL info at Prova.vhd(87): inferred latch for "TestVector[4]"
Info (10041): Verilog HDL or VHDL info at Prova.vhd(87): inferred latch for "TestVector[3]"
Info (10041): Verilog HDL or VHDL info at Prova.vhd(87): inferred latch for "TestVector[2]"
Info (10041): Verilog HDL or VHDL info at Prova.vhd(87): inferred latch for "TestVector[1]"
Info (10041): Verilog HDL or VHDL info at Prova.vhd(87): inferred latch for "TestVector[0]"
Info: Elaborating entity "MIA_AND" for hierarchy "MIA_AND:LaMiaNand"
Info: Found 1 design units, including 1 entities, in source file ../../../../altera/61/quartus/libraries/megafunctions/lpm_add_sub.tdf
    Info: Found entity 1: lpm_add_sub
Info: Elaborated megafunction instantiation "lpm_add_sub:Add0"
Info: Found 1 design units, including 1 entities, in source file ../../../../altera/61/quartus/libraries/megafunctions/addcore.tdf
    Info: Found entity 1: addcore
Info: Elaborated megafunction instantiation "lpm_add_sub:Add0|addcore:adder[1]", which is child of megafunction instantiation "lpm_add_sub:Add0"
Info: Instantiated megafunction "lpm_add_sub:Add0" with the following parameter:
    Info: Parameter "LPM_WIDTH" = "9"
    Info: Parameter "LPM_DIRECTION" = "ADD"
    Info: Parameter "LPM_REPRESENTATION" = "UNSIGNED"
    Info: Parameter "ONE_INPUT_IS_CONSTANT" = "NO"
Info: Found 1 design units, including 1 entities, in source file ../../../../altera/61/quartus/libraries/megafunctions/a_csnbuffer.tdf
    Info: Found entity 1: a_csnbuffer
Info: Elaborated megafunction instantiation "lpm_add_sub:Add0|addcore:adder[1]|a_csnbuffer:oflow_node", which is child of megafunction instantiation "lpm_add_sub:Add0"
Info: Instantiated megafunction "lpm_add_sub:Add0" with the following parameter:
    Info: Parameter "LPM_WIDTH" = "9"
    Info: Parameter "LPM_DIRECTION" = "ADD"
    Info: Parameter "LPM_REPRESENTATION" = "UNSIGNED"
    Info: Parameter "ONE_INPUT_IS_CONSTANT" = "NO"
Info: Elaborated megafunction instantiation "lpm_add_sub:Add0|addcore:adder[1]|a_csnbuffer:result_node", which is child of megafunction instantiation "lpm_add_sub:Add0"
Info: Instantiated megafunction "lpm_add_sub:Add0" with the following parameter:
    Info: Parameter "LPM_WIDTH" = "9"
    Info: Parameter "LPM_DIRECTION" = "ADD"
    Info: Parameter "LPM_REPRESENTATION" = "UNSIGNED"
    Info: Parameter "ONE_INPUT_IS_CONSTANT" = "NO"
Info: Elaborated megafunction instantiation "lpm_add_sub:Add0|addcore:adder[0]", which is child of megafunction instantiation "lpm_add_sub:Add0"
Info: Instantiated megafunction "lpm_add_sub:Add0" with the following parameter:
    Info: Parameter "LPM_WIDTH" = "9"
    Info: Parameter "LPM_DIRECTION" = "ADD"
    Info: Parameter "LPM_REPRESENTATION" = "UNSIGNED"
    Info: Parameter "ONE_INPUT_IS_CONSTANT" = "NO"
Info: Found 1 design units, including 1 entities, in source file ../../../../altera/61/quartus/libraries/megafunctions/look_add.tdf
    Info: Found entity 1: look_add
Info: Elaborated megafunction instantiation "lpm_add_sub:Add0|look_add:look_ahead_unit", which is child of megafunction instantiation "lpm_add_sub:Add0"
Info: Instantiated megafunction "lpm_add_sub:Add0" with the following parameter:
    Info: Parameter "LPM_WIDTH" = "9"
    Info: Parameter "LPM_DIRECTION" = "ADD"
    Info: Parameter "LPM_REPRESENTATION" = "UNSIGNED"
    Info: Parameter "ONE_INPUT_IS_CONSTANT" = "NO"
Info: Found 1 design units, including 1 entities, in source file ../../../../altera/61/quartus/libraries/megafunctions/altshift.tdf
    Info: Found entity 1: altshift
Info: Elaborated megafunction instantiation "lpm_add_sub:Add0|altshift:result_ext_latency_ffs", which is child of megafunction instantiation "lpm_add_sub:Add0"
Info: Instantiated megafunction "lpm_add_sub:Add0" with the following parameter:
    Info: Parameter "LPM_WIDTH" = "9"
    Info: Parameter "LPM_DIRECTION" = "ADD"
    Info: Parameter "LPM_REPRESENTATION" = "UNSIGNED"
    Info: Parameter "ONE_INPUT_IS_CONSTANT" = "NO"
Info: Elaborated megafunction instantiation "lpm_add_sub:Add0|altshift:carry_ext_latency_ffs", which is child of megafunction instantiation "lpm_add_sub:Add0"
Info: Instantiated megafunction "lpm_add_sub:Add0" with the following parameter:
    Info: Parameter "LPM_WIDTH" = "9"
    Info: Parameter "LPM_DIRECTION" = "ADD"
    Info: Parameter "LPM_REPRESENTATION" = "UNSIGNED"
    Info: Parameter "ONE_INPUT_IS_CONSTANT" = "NO"
Info: Elaborated megafunction instantiation "lpm_add_sub:Add1"
Info: Elaborated megafunction instantiation "lpm_add_sub:Add1|look_add:look_ahead_unit", which is child of megafunction instantiation "lpm_add_sub:Add1"
Info: Instantiated megafunction "lpm_add_sub:Add1" with the following parameter:
    Info: Parameter "LPM_WIDTH" = "8"
    Info: Parameter "LPM_DIRECTION" = "ADD"
    Info: Parameter "LPM_REPRESENTATION" = "UNSIGNED"
    Info: Parameter "ONE_INPUT_IS_CONSTANT" = "YES"
Info: Elaborated megafunction instantiation "lpm_add_sub:Add1|altshift:result_ext_latency_ffs", which is child of megafunction instantiation "lpm_add_sub:Add1"
Info: Instantiated megafunction "lpm_add_sub:Add1" with the following parameter:
    Info: Parameter "LPM_WIDTH" = "8"
    Info: Parameter "LPM_DIRECTION" = "ADD"
    Info: Parameter "LPM_REPRESENTATION" = "UNSIGNED"
    Info: Parameter "ONE_INPUT_IS_CONSTANT" = "YES"
Info: Ignored 8 buffer(s)
    Info: Ignored 8 SOFT buffer(s)
Info: Promoted pin-driven signal(s) to global signal
    Info: Promoted clock signal driven by pin "Clock" to global clock signal
Info: Implemented 130 device resources after synthesis - the final resource count might be different
    Info: Implemented 20 input pins
    Info: Implemented 24 output pins
    Info: Implemented 55 macrocells
    Info: Implemented 31 shareable expanders
Info: Quartus II Analysis & Synthesis was successful. 0 errors, 2 warnings
    Info: Allocated 134 megabytes of memory during processing
    Info: Processing ended: Tue Jun 10 15:39:21 2008
    Info: Elapsed time: 00:00:06


