Fitter report for Pallet
Wed Jul 04 00:36:37 2007
Quartus II Version 6.1 Build 201 11/27/2006 SJ Web Edition


---------------------
; Table of Contents ;
---------------------
  1. Legal Notice
  2. Fitter Summary
  3. Fitter Settings
  4. Pin-Out File
  5. Fitter Resource Usage Summary
  6. Input Pins
  7. Output Pins
  8. All Package Pins
  9. I/O Standard
 10. Dedicated Inputs I/O
 11. Output Pin Default Load For Reported TCO
 12. Fitter Resource Utilization by Entity
 13. Control Signals
 14. Global & Other Fast Signals
 15. Non-Global High Fan-Out Signals
 16. Interconnect Usage Summary
 17. LAB Macrocells
 18. Parallel Expander
 19. Logic Cell Interconnection
 20. Fitter Device Options
 21. Fitter Messages



----------------
; Legal Notice ;
----------------
Copyright (C) 1991-2006 Altera Corporation
Your use of Altera Corporation's design tools, logic functions 
and other software and tools, and its AMPP partner logic 
functions, and any output files from any of the foregoing 
(including device programming or simulation files), and any 
associated documentation or information are expressly subject 
to the terms and conditions of the Altera Program License 
Subscription Agreement, Altera MegaCore Function License 
Agreement, or other applicable license agreement, including, 
without limitation, that your use is for the sole purpose of 
programming logic devices manufactured by Altera and sold by 
Altera or its authorized distributors.  Please refer to the 
applicable agreement for further details.



+-----------------------------------------------------------------+
; Fitter Summary                                                  ;
+-----------------------+-----------------------------------------+
; Fitter Status         ; Successful - Wed Jul 04 00:36:37 2007   ;
; Quartus II Version    ; 6.1 Build 201 11/27/2006 SJ Web Edition ;
; Revision Name         ; Pallet                                  ;
; Top-level Entity Name ; Pallet                                  ;
; Family                ; MAX7000AE                               ;
; Device                ; EPM7032AELC44-10                        ;
; Timing Models         ; Final                                   ;
; Total macrocells      ; 14 / 32 ( 44 % )                        ;
; Total pins            ; 19 / 36 ( 53 % )                        ;
+-----------------------+-----------------------------------------+


+-------------------------------------------------------------------------------+
; Fitter Settings                                                               ;
+--------------------------------------------+------------------+---------------+
; Option                                     ; Setting          ; Default Value ;
+--------------------------------------------+------------------+---------------+
; Device                                     ; EPM7032AELC44-10 ;               ;
; Optimize IOC Register Placement for Timing ; On               ; On            ;
; Limit to One Fitting Attempt               ; Off              ; Off           ;
; Fitter Initial Placement Seed              ; 1                ; 1             ;
; Slow Slew Rate                             ; Off              ; Off           ;
; Fitter Effort                              ; Auto Fit         ; Auto Fit      ;
; Use smart compilation                      ; Off              ; Off           ;
+--------------------------------------------+------------------+---------------+


+--------------+
; Pin-Out File ;
+--------------+
The pin-out file can be found in C:/Documents and Settings/Matteo/Desktop/Microelettronica/Pallet/Pallet.pin.


+-------------------------------------------------------------+
; Fitter Resource Usage Summary                               ;
+-----------------------------------+-------------------------+
; Resource                          ; Usage                   ;
+-----------------------------------+-------------------------+
; Logic cells                       ; 14 / 32 ( 44 % )        ;
; Registers                         ; 7 / 32 ( 22 % )         ;
; Number of pterms used             ; 34                      ;
; User inserted logic elements      ; 0                       ;
; I/O pins                          ; 19 / 36 ( 53 % )        ;
;     -- Clock pins                 ; 1 / 2 ( 50 % )          ;
;     -- Dedicated input pins       ; 1 / 2 ( 50 % )          ;
; Global signals                    ; 1                       ;
; Shareable expanders               ; 0 / 32 ( 0 % )          ;
; Parallel expanders                ; 1 / 30 ( 3 % )          ;
; Cells using turbo bit             ; 14 / 32 ( 44 % )        ;
; Maximum fan-out node              ; Macchina_Pallet:inst|q2 ;
; Maximum fan-out                   ; 13                      ;
; Highest non-global fan-out signal ; Macchina_Pallet:inst|q2 ;
; Highest non-global fan-out        ; 13                      ;
; Total fan-out                     ; 79                      ;
; Average fan-out                   ; 2.39                    ;
+-----------------------------------+-------------------------+


+----------------------------------------------------------------------------------------------------------------------------------------------------------------+
; Input Pins                                                                                                                                                     ;
+----------+-------+----------+-----+-----------------------+--------------------+--------+----------------+---------------+--------------+----------------------+
; Name     ; Pin # ; I/O Bank ; LAB ; Combinational Fan-Out ; Registered Fan-Out ; Global ; Input Register ; Power Up High ; I/O Standard ; Location assigned by ;
+----------+-------+----------+-----+-----------------------+--------------------+--------+----------------+---------------+--------------+----------------------+
; caution  ; 25    ; --       ; 2   ; 4                     ; 0                  ; no     ; no             ; no            ; 3.3-V LVTTL  ; Fitter               ;
; clk      ; 43    ; --       ; --  ; 3                     ; 0                  ; yes    ; no             ; no            ; 3.3-V LVTTL  ; Fitter               ;
; f_pallet ; 17    ; --       ; 1   ; 3                     ; 0                  ; no     ; no             ; no            ; 3.3-V LVTTL  ; Fitter               ;
; reset    ; 20    ; --       ; 1   ; 7                     ; 0                  ; no     ; no             ; no            ; 3.3-V LVTTL  ; Fitter               ;
; s_down   ; 44    ; --       ; --  ; 2                     ; 0                  ; no     ; no             ; no            ; 3.3-V LVTTL  ; Fitter               ;
; s_fwd    ; 19    ; --       ; 1   ; 2                     ; 0                  ; no     ; no             ; no            ; 3.3-V LVTTL  ; Fitter               ;
; s_rwd    ; 21    ; --       ; 1   ; 2                     ; 0                  ; no     ; no             ; no            ; 3.3-V LVTTL  ; Fitter               ;
; s_up     ; 18    ; --       ; 1   ; 2                     ; 0                  ; no     ; no             ; no            ; 3.3-V LVTTL  ; Fitter               ;
; start    ; 24    ; --       ; 2   ; 1                     ; 0                  ; no     ; no             ; no            ; 3.3-V LVTTL  ; Fitter               ;
+----------+-------+----------+-----+-----------------------+--------------------+--------+----------------+---------------+--------------+----------------------+


+-----------------------------------------------------------------------------------------------------------------------------------------------------------------------+
; Output Pins                                                                                                                                                           ;
+----------------+-------+----------+-----+-----------------+---------------+----------------+------------+---------------+--------------+----------------------+-------+
; Name           ; Pin # ; I/O Bank ; LAB ; Output Register ; Power Up High ; Slow Slew Rate ; Open Drain ; TRI Primitive ; I/O Standard ; Location assigned by ; Load  ;
+----------------+-------+----------+-----+-----------------+---------------+----------------+------------+---------------+--------------+----------------------+-------+
; count_enable   ; 6     ; --       ; 1   ; no              ; no            ; no             ; no         ; no            ; 3.3-V LVTTL  ; Fitter               ; 10 pF ;
; count_enable12 ; 14    ; --       ; 1   ; no              ; no            ; no             ; no         ; no            ; 3.3-V LVTTL  ; Fitter               ; 10 pF ;
; m_down         ; 11    ; --       ; 1   ; no              ; no            ; no             ; no         ; no            ; 3.3-V LVTTL  ; Fitter               ; 10 pF ;
; m_fwd          ; 12    ; --       ; 1   ; no              ; no            ; no             ; no         ; no            ; 3.3-V LVTTL  ; Fitter               ; 10 pF ;
; m_rwd          ; 8     ; --       ; 1   ; no              ; no            ; no             ; no         ; no            ; 3.3-V LVTTL  ; Fitter               ; 10 pF ;
; m_up           ; 9     ; --       ; 1   ; no              ; no            ; no             ; no         ; no            ; 3.3-V LVTTL  ; Fitter               ; 10 pF ;
+----------------+-------+----------+-----+-----------------+---------------+----------------+------------+---------------+--------------+----------------------+-------+


+-------------------------------------------------------------------------------------------------------+
; All Package Pins                                                                                      ;
+----------+------------+----------+----------------+--------+--------------+---------+-----------------+
; Location ; Pad Number ; I/O Bank ; Pin Name/Usage ; Dir.   ; I/O Standard ; Voltage ; User Assignment ;
+----------+------------+----------+----------------+--------+--------------+---------+-----------------+
; 1        ; 0          ; --       ; GND+           ;        ;              ;         ;                 ;
; 2        ; 1          ; --       ; GND+           ;        ;              ;         ;                 ;
; 3        ; 2          ; --       ; VCCINT         ; power  ;              ; 3.3V    ;                 ;
; 4        ; 3          ; --       ; GND*           ;        ;              ;         ;                 ;
; 5        ; 4          ; --       ; GND*           ;        ;              ;         ;                 ;
; 6        ; 5          ; --       ; count_enable   ; output ; 3.3-V LVTTL  ;         ; N               ;
; 7        ; 6          ; --       ; TDI            ; input  ; 3.3-V LVTTL  ;         ; N               ;
; 8        ; 7          ; --       ; m_rwd          ; output ; 3.3-V LVTTL  ;         ; N               ;
; 9        ; 8          ; --       ; m_up           ; output ; 3.3-V LVTTL  ;         ; N               ;
; 10       ; 9          ; --       ; GND            ; gnd    ;              ;         ;                 ;
; 11       ; 10         ; --       ; m_down         ; output ; 3.3-V LVTTL  ;         ; N               ;
; 12       ; 11         ; --       ; m_fwd          ; output ; 3.3-V LVTTL  ;         ; N               ;
; 13       ; 12         ; --       ; TMS            ; input  ; 3.3-V LVTTL  ;         ; N               ;
; 14       ; 13         ; --       ; count_enable12 ; output ; 3.3-V LVTTL  ;         ; N               ;
; 15       ; 14         ; --       ; VCCIO          ; power  ;              ; 3.3V    ;                 ;
; 16       ; 15         ; --       ; GND*           ;        ;              ;         ;                 ;
; 17       ; 16         ; --       ; f_pallet       ; input  ; 3.3-V LVTTL  ;         ; N               ;
; 18       ; 17         ; --       ; s_up           ; input  ; 3.3-V LVTTL  ;         ; N               ;
; 19       ; 18         ; --       ; s_fwd          ; input  ; 3.3-V LVTTL  ;         ; N               ;
; 20       ; 19         ; --       ; reset          ; input  ; 3.3-V LVTTL  ;         ; N               ;
; 21       ; 20         ; --       ; s_rwd          ; input  ; 3.3-V LVTTL  ;         ; N               ;
; 22       ; 21         ; --       ; GND            ; gnd    ;              ;         ;                 ;
; 23       ; 22         ; --       ; VCCINT         ; power  ;              ; 3.3V    ;                 ;
; 24       ; 23         ; --       ; start          ; input  ; 3.3-V LVTTL  ;         ; N               ;
; 25       ; 24         ; --       ; caution        ; input  ; 3.3-V LVTTL  ;         ; N               ;
; 26       ; 25         ; --       ; GND*           ;        ;              ;         ;                 ;
; 27       ; 26         ; --       ; GND*           ;        ;              ;         ;                 ;
; 28       ; 27         ; --       ; GND*           ;        ;              ;         ;                 ;
; 29       ; 28         ; --       ; GND*           ;        ;              ;         ;                 ;
; 30       ; 29         ; --       ; GND            ; gnd    ;              ;         ;                 ;
; 31       ; 30         ; --       ; GND*           ;        ;              ;         ;                 ;
; 32       ; 31         ; --       ; TCK            ; input  ; 3.3-V LVTTL  ;         ; N               ;
; 33       ; 32         ; --       ; GND*           ;        ;              ;         ;                 ;
; 34       ; 33         ; --       ; GND*           ;        ;              ;         ;                 ;
; 35       ; 34         ; --       ; VCCIO          ; power  ;              ; 3.3V    ;                 ;
; 36       ; 35         ; --       ; GND*           ;        ;              ;         ;                 ;
; 37       ; 36         ; --       ; GND*           ;        ;              ;         ;                 ;
; 38       ; 37         ; --       ; TDO            ; output ; 3.3-V LVTTL  ;         ; N               ;
; 39       ; 38         ; --       ; GND*           ;        ;              ;         ;                 ;
; 40       ; 39         ; --       ; GND*           ;        ;              ;         ;                 ;
; 41       ; 40         ; --       ; GND*           ;        ;              ;         ;                 ;
; 42       ; 41         ; --       ; GND            ; gnd    ;              ;         ;                 ;
; 43       ; 42         ; --       ; clk            ; input  ; 3.3-V LVTTL  ;         ; N               ;
; 44       ; 43         ; --       ; s_down         ; input  ; 3.3-V LVTTL  ;         ; N               ;
+----------+------------+----------+----------------+--------+--------------+---------+-----------------+


+--------------------------------------------------------------------------------------------------+
; I/O Standard                                                                                     ;
+--------------+------------+----------------------+-------------------+-------------------+-------+
; I/O Standard ; Input Vref ; Dedicated Input Pins ; Pins in I/O Bank1 ; Pins in I/O Bank2 ; Total ;
+--------------+------------+----------------------+-------------------+-------------------+-------+
; 3.3-V LVTTL  ; -          ; 2                    ; 0                 ; 0                 ; 2     ;
+--------------+------------+----------------------+-------------------+-------------------+-------+


+----------------------------------------------------------------------+
; Dedicated Inputs I/O                                                 ;
+--------+-------+-------+-------+--------------+------------+---------+
; Name   ; Pin # ; Type  ; VCCIO ; I/O Standard ; Input Vref ; Current ;
+--------+-------+-------+-------+--------------+------------+---------+
; clk    ; 43    ; Input ; --    ; 3.3-V LVTTL  ; -          ; 0 mA    ;
; s_down ; 44    ; Input ; --    ; 3.3-V LVTTL  ; -          ; 0 mA    ;
+--------+-------+-------+-------+--------------+------------+---------+


+-----------------------------------------------+
; Output Pin Default Load For Reported TCO      ;
+--------------+-------+------------------------+
; I/O Standard ; Load  ; Termination Resistance ;
+--------------+-------+------------------------+
; 3.3-V LVTTL  ; 10 pF ; Not Available          ;
; 3.3-V LVCMOS ; 10 pF ; Not Available          ;
; 3.3-V PCI    ; 10 pF ; 25 Ohm (Parallel)      ;
; 2.5 V        ; 10 pF ; Not Available          ;
+--------------+-------+------------------------+
Note: User assignments will override these defaults. The user specified values are listed in the Output Pins and Bidir Pins tables.


+--------------------------------------------------------------------------------------------------------+
; Fitter Resource Utilization by Entity                                                                  ;
+---------------------------------+------------+------+--------------------------------------------------+
; Compilation Hierarchy Node      ; Macrocells ; Pins ; Full Hierarchy Name                              ;
+---------------------------------+------------+------+--------------------------------------------------+
; |Pallet                         ; 14         ; 19   ; |Pallet                                          ;
;    |Contatore:inst11|           ; 5          ; 0    ; |Pallet|Contatore:inst11                         ;
;       |lpm_counter:Count_rtl_0| ; 4          ; 0    ; |Pallet|Contatore:inst11|lpm_counter:Count_rtl_0 ;
;    |Macchina_Pallet:inst|       ; 9          ; 0    ; |Pallet|Macchina_Pallet:inst                     ;
+---------------------------------+------------+------+--------------------------------------------------+


+----------------------------------------------------------------------------------------------------------------+
; Control Signals                                                                                                ;
+-------------------------+----------+---------+--------------+--------+----------------------+------------------+
; Name                    ; Location ; Fan-Out ; Usage        ; Global ; Global Resource Used ; Global Line Name ;
+-------------------------+----------+---------+--------------+--------+----------------------+------------------+
; Macchina_Pallet:inst|q0 ; LC4      ; 12      ; Clock        ; no     ; --                   ; --               ;
; Macchina_Pallet:inst|q2 ; LC2      ; 13      ; Clock        ; no     ; --                   ; --               ;
; clk                     ; PIN_43   ; 3       ; Clock        ; yes    ; On                   ; --               ;
; reset                   ; PIN_20   ; 7       ; Async. clear ; no     ; --                   ; --               ;
+-------------------------+----------+---------+--------------+--------+----------------------+------------------+


+---------------------------------------------------------------------+
; Global & Other Fast Signals                                         ;
+------+----------+---------+----------------------+------------------+
; Name ; Location ; Fan-Out ; Global Resource Used ; Global Line Name ;
+------+----------+---------+----------------------+------------------+
; clk  ; PIN_43   ; 3       ; On                   ; --               ;
+------+----------+---------+----------------------+------------------+


+------------------------------------------------------------+
; Non-Global High Fan-Out Signals                            ;
+--------------------------------------------------+---------+
; Name                                             ; Fan-Out ;
+--------------------------------------------------+---------+
; Macchina_Pallet:inst|q2                          ; 13      ;
; Macchina_Pallet:inst|q0                          ; 12      ;
; reset                                            ; 7       ;
; Macchina_Pallet:inst|q1                          ; 7       ;
; Contatore:inst11|lpm_counter:Count_rtl_0|dffs[0] ; 5       ;
; caution                                          ; 4       ;
; Contatore:inst11|lpm_counter:Count_rtl_0|dffs[1] ; 4       ;
; f_pallet                                         ; 3       ;
; Contatore:inst11|lpm_counter:Count_rtl_0|dffs[2] ; 3       ;
; s_down                                           ; 2       ;
; s_rwd                                            ; 2       ;
; s_fwd                                            ; 2       ;
; s_up                                             ; 2       ;
; Contatore:inst11|lpm_counter:Count_rtl_0|dffs[3] ; 2       ;
; start                                            ; 1       ;
; Macchina_Pallet:inst|q2~305                      ; 1       ;
; Macchina_Pallet:inst|m_down~26                   ; 1       ;
; Macchina_Pallet:inst|m_up~14                     ; 1       ;
; Macchina_Pallet:inst|Sfila~26                    ; 1       ;
; Contatore:inst11|full~13                         ; 1       ;
; Macchina_Pallet:inst|m_rwd~10                    ; 1       ;
; Macchina_Pallet:inst|m_fwd~12                    ; 1       ;
+--------------------------------------------------+---------+


+-----------------------------------------------+
; Interconnect Usage Summary                    ;
+----------------------------+------------------+
; Interconnect Resource Type ; Usage            ;
+----------------------------+------------------+
; Output enables             ; 0 / 6 ( 0 % )    ;
; PIA buffers                ; 15 / 72 ( 21 % ) ;
+----------------------------+------------------+


+----------------------------------------------------------------------+
; LAB Macrocells                                                       ;
+----------------------------------------+-----------------------------+
; Number of Macrocells  (Average = 7.00) ; Number of LABs  (Total = 1) ;
+----------------------------------------+-----------------------------+
; 0                                      ; 1                           ;
; 1                                      ; 0                           ;
; 2                                      ; 0                           ;
; 3                                      ; 0                           ;
; 4                                      ; 0                           ;
; 5                                      ; 0                           ;
; 6                                      ; 0                           ;
; 7                                      ; 0                           ;
; 8                                      ; 0                           ;
; 9                                      ; 0                           ;
; 10                                     ; 0                           ;
; 11                                     ; 0                           ;
; 12                                     ; 0                           ;
; 13                                     ; 0                           ;
; 14                                     ; 1                           ;
+----------------------------------------+-----------------------------+


+---------------------------------------------------------+
; Parallel Expander                                       ;
+--------------------------+------------------------------+
; Parallel Expander Length ; Number of Parallel Expanders ;
+--------------------------+------------------------------+
; 0                        ; 0                            ;
; 1                        ; 1                            ;
+--------------------------+------------------------------+


+------------------------------------------------------------------------------------------------------------------------------------------------------------------------------------------------------------------------------------------------------------------------------------------------------------------------------------------------------------------------------------------------------------------------------------------------------------------------------------------------------------------------------------------------------------------------------------------------------------------------------------------------------------------------------------------------------------------------------------------------------------------------------------------------------------------------------------------------+
; Logic Cell Interconnection                                                                                                                                                                                                                                                                                                                                                                                                                                                                                                                                                                                                                                                                                                                                                                                                                     ;
+-----+------------+-------------------------------------------------------------------------------------------------------------------------------------------------------------------------------------------------------------------------------------------------------------------------------------------------------------------------------------------------+---------------------------------------------------------------------------------------------------------------------------------------------------------------------------------------------------------------------------------------------------------------------------------------------------------------------------------------------------------------------------------------------------------------------------------------------------------------------------+
; LAB ; Logic Cell ; Input                                                                                                                                                                                                                                                                                                                                           ; Output                                                                                                                                                                                                                                                                                                                                                                                                                                                                    ;
+-----+------------+-------------------------------------------------------------------------------------------------------------------------------------------------------------------------------------------------------------------------------------------------------------------------------------------------------------------------------------------------+---------------------------------------------------------------------------------------------------------------------------------------------------------------------------------------------------------------------------------------------------------------------------------------------------------------------------------------------------------------------------------------------------------------------------------------------------------------------------+
;  A  ; LC8        ; caution, Macchina_Pallet:inst|q1, Macchina_Pallet:inst|q2                                                                                                                                                                                                                                                                                       ; m_fwd                                                                                                                                                                                                                                                                                                                                                                                                                                                                     ;
;  A  ; LC4        ; clk, Macchina_Pallet:inst|q1, f_pallet, Macchina_Pallet:inst|q2, Macchina_Pallet:inst|q0, s_down, reset                                                                                                                                                                                                                                         ; Macchina_Pallet:inst|q0, Macchina_Pallet:inst|m_rwd~10, Contatore:inst11|lpm_counter:Count_rtl_0|dffs[0], Contatore:inst11|lpm_counter:Count_rtl_0|dffs[1], Contatore:inst11|lpm_counter:Count_rtl_0|dffs[2], Contatore:inst11|lpm_counter:Count_rtl_0|dffs[3], Macchina_Pallet:inst|q2, Macchina_Pallet:inst|Sfila~26, Macchina_Pallet:inst|q1, Macchina_Pallet:inst|m_up~14, Macchina_Pallet:inst|m_down~26, Macchina_Pallet:inst|q2~305                                ;
;  A  ; LC5        ; caution, Macchina_Pallet:inst|q0, Macchina_Pallet:inst|q2                                                                                                                                                                                                                                                                                       ; m_rwd                                                                                                                                                                                                                                                                                                                                                                                                                                                                     ;
;  A  ; LC9        ; Macchina_Pallet:inst|q0, Macchina_Pallet:inst|q2, reset                                                                                                                                                                                                                                                                                         ; Contatore:inst11|lpm_counter:Count_rtl_0|dffs[1], Contatore:inst11|lpm_counter:Count_rtl_0|dffs[2], Contatore:inst11|lpm_counter:Count_rtl_0|dffs[3], Contatore:inst11|full~13, Macchina_Pallet:inst|q2                                                                                                                                                                                                                                                                   ;
;  A  ; LC11       ; Contatore:inst11|lpm_counter:Count_rtl_0|dffs[0], Macchina_Pallet:inst|q0, Macchina_Pallet:inst|q2, reset                                                                                                                                                                                                                                       ; Contatore:inst11|lpm_counter:Count_rtl_0|dffs[2], Contatore:inst11|lpm_counter:Count_rtl_0|dffs[3], Contatore:inst11|full~13, Macchina_Pallet:inst|q2                                                                                                                                                                                                                                                                                                                     ;
;  A  ; LC12       ; Contatore:inst11|lpm_counter:Count_rtl_0|dffs[1], Contatore:inst11|lpm_counter:Count_rtl_0|dffs[0], Macchina_Pallet:inst|q0, Macchina_Pallet:inst|q2, reset                                                                                                                                                                                     ; Contatore:inst11|lpm_counter:Count_rtl_0|dffs[3], Contatore:inst11|full~13, Macchina_Pallet:inst|q2                                                                                                                                                                                                                                                                                                                                                                       ;
;  A  ; LC14       ; Contatore:inst11|lpm_counter:Count_rtl_0|dffs[2], Contatore:inst11|lpm_counter:Count_rtl_0|dffs[1], Contatore:inst11|lpm_counter:Count_rtl_0|dffs[0], Macchina_Pallet:inst|q0, Macchina_Pallet:inst|q2, reset                                                                                                                                   ; Contatore:inst11|full~13, Macchina_Pallet:inst|q2                                                                                                                                                                                                                                                                                                                                                                                                                         ;
;  A  ; LC10       ; Contatore:inst11|lpm_counter:Count_rtl_0|dffs[3], Contatore:inst11|lpm_counter:Count_rtl_0|dffs[2], Contatore:inst11|lpm_counter:Count_rtl_0|dffs[1], Contatore:inst11|lpm_counter:Count_rtl_0|dffs[0]                                                                                                                                          ; count_enable12                                                                                                                                                                                                                                                                                                                                                                                                                                                            ;
;  A  ; LC2        ; clk, Macchina_Pallet:inst|q2~305, Macchina_Pallet:inst|q2, Macchina_Pallet:inst|q1, Macchina_Pallet:inst|q0, s_fwd, s_rwd, Contatore:inst11|lpm_counter:Count_rtl_0|dffs[3], Contatore:inst11|lpm_counter:Count_rtl_0|dffs[2], Contatore:inst11|lpm_counter:Count_rtl_0|dffs[1], Contatore:inst11|lpm_counter:Count_rtl_0|dffs[0], start, reset ; Macchina_Pallet:inst|m_fwd~12, Macchina_Pallet:inst|q0, Macchina_Pallet:inst|m_rwd~10, Contatore:inst11|lpm_counter:Count_rtl_0|dffs[0], Contatore:inst11|lpm_counter:Count_rtl_0|dffs[1], Contatore:inst11|lpm_counter:Count_rtl_0|dffs[2], Contatore:inst11|lpm_counter:Count_rtl_0|dffs[3], Macchina_Pallet:inst|q2, Macchina_Pallet:inst|Sfila~26, Macchina_Pallet:inst|q1, Macchina_Pallet:inst|m_up~14, Macchina_Pallet:inst|m_down~26, Macchina_Pallet:inst|q2~305 ;
;  A  ; LC3        ; Macchina_Pallet:inst|q0, Macchina_Pallet:inst|q2                                                                                                                                                                                                                                                                                                ; count_enable                                                                                                                                                                                                                                                                                                                                                                                                                                                              ;
;  A  ; LC13       ; clk, Macchina_Pallet:inst|q0, s_up, Macchina_Pallet:inst|q2, Macchina_Pallet:inst|q1, f_pallet, reset                                                                                                                                                                                                                                           ; Macchina_Pallet:inst|m_fwd~12, Macchina_Pallet:inst|q0, Macchina_Pallet:inst|q2, Macchina_Pallet:inst|q1, Macchina_Pallet:inst|m_up~14, Macchina_Pallet:inst|m_down~26, Macchina_Pallet:inst|q2~305                                                                                                                                                                                                                                                                       ;
;  A  ; LC6        ; Macchina_Pallet:inst|q1, Macchina_Pallet:inst|q0, Macchina_Pallet:inst|q2, caution                                                                                                                                                                                                                                                              ; m_up                                                                                                                                                                                                                                                                                                                                                                                                                                                                      ;
;  A  ; LC7        ; Macchina_Pallet:inst|q1, Macchina_Pallet:inst|q2, caution, Macchina_Pallet:inst|q0                                                                                                                                                                                                                                                              ; m_down                                                                                                                                                                                                                                                                                                                                                                                                                                                                    ;
;  A  ; LC1        ; Macchina_Pallet:inst|q2, Macchina_Pallet:inst|q0, s_fwd, s_rwd, s_up, Macchina_Pallet:inst|q1, f_pallet, s_down                                                                                                                                                                                                                                 ; Macchina_Pallet:inst|q2                                                                                                                                                                                                                                                                                                                                                                                                                                                   ;
+-----+------------+-------------------------------------------------------------------------------------------------------------------------------------------------------------------------------------------------------------------------------------------------------------------------------------------------------------------------------------------------+---------------------------------------------------------------------------------------------------------------------------------------------------------------------------------------------------------------------------------------------------------------------------------------------------------------------------------------------------------------------------------------------------------------------------------------------------------------------------+


+-------------------------------------------------------------------------+
; Fitter Device Options                                                   ;
+----------------------------------------------+--------------------------+
; Option                                       ; Setting                  ;
+----------------------------------------------+--------------------------+
; Enable user-supplied start-up clock (CLKUSR) ; Off                      ;
; Enable device-wide reset (DEV_CLRn)          ; Off                      ;
; Enable device-wide output enable (DEV_OE)    ; Off                      ;
; Enable INIT_DONE output                      ; Off                      ;
; Configuration scheme                         ; Passive Serial           ;
; Reserve all unused pins                      ; As output driving ground ;
; Security bit                                 ; Off                      ;
; Base pin-out file on sameframe device        ; Off                      ;
+----------------------------------------------+--------------------------+


+-----------------+
; Fitter Messages ;
+-----------------+
Info: *******************************************************************
Info: Running Quartus II Fitter
    Info: Version 6.1 Build 201 11/27/2006 SJ Web Edition
    Info: Processing started: Wed Jul 04 00:36:37 2007
Info: Command: quartus_fit --read_settings_files=off --write_settings_files=off Pallet -c Pallet
Info: Selected device EPM7032AELC44-10 for design "Pallet"
Info: Quartus II Fitter was successful. 0 errors, 0 warnings
    Info: Allocated 124 megabytes of memory during processing
    Info: Processing ended: Wed Jul 04 00:36:37 2007
    Info: Elapsed time: 00:00:00


