Classic Timing Analyzer report for VHDL_FuncProc
Wed Jun 11 20:14:34 2008
Quartus II Version 6.1 Build 201 11/27/2006 SJ Web Edition


---------------------
; Table of Contents ;
---------------------
  1. Legal Notice
  2. Timing Analyzer Summary
  3. Timing Analyzer Settings
  4. tpd
  5. Timing Analyzer Messages



----------------
; Legal Notice ;
----------------
Copyright (C) 1991-2006 Altera Corporation
Your use of Altera Corporation's design tools, logic functions 
and other software and tools, and its AMPP partner logic 
functions, and any output files from any of the foregoing 
(including device programming or simulation files), and any 
associated documentation or information are expressly subject 
to the terms and conditions of the Altera Program License 
Subscription Agreement, Altera MegaCore Function License 
Agreement, or other applicable license agreement, including, 
without limitation, that your use is for the sole purpose of 
programming logic devices manufactured by Altera and sold by 
Altera or its authorized distributors.  Please refer to the 
applicable agreement for further details.



+--------------------------------------------------------------------------------------------------------------------------------+
; Timing Analyzer Summary                                                                                                        ;
+------------------------------+-------+---------------+-------------+--------+-----------+------------+----------+--------------+
; Type                         ; Slack ; Required Time ; Actual Time ; From   ; To        ; From Clock ; To Clock ; Failed Paths ;
+------------------------------+-------+---------------+-------------+--------+-----------+------------+----------+--------------+
; Worst-case tpd               ; N/A   ; None          ; 29.400 ns   ; IN1[5] ; OUT_A[22] ; --         ; --       ; 0            ;
; Total number of failed paths ;       ;               ;             ;        ;           ;            ;          ; 0            ;
+------------------------------+-------+---------------+-------------+--------+-----------+------------+----------+--------------+


+------------------------------------------------------------------------------------------------------+
; Timing Analyzer Settings                                                                             ;
+-------------------------------------------------------+--------------------+------+----+-------------+
; Option                                                ; Setting            ; From ; To ; Entity Name ;
+-------------------------------------------------------+--------------------+------+----+-------------+
; Device Name                                           ; EPM7256AEFC256-10  ;      ;    ;             ;
; Timing Models                                         ; Final              ;      ;    ;             ;
; Default hold multicycle                               ; Same as Multicycle ;      ;    ;             ;
; Cut paths between unrelated clock domains             ; On                 ;      ;    ;             ;
; Cut off read during write signal paths                ; On                 ;      ;    ;             ;
; Cut off feedback from I/O pins                        ; On                 ;      ;    ;             ;
; Report Combined Fast/Slow Timing                      ; Off                ;      ;    ;             ;
; Ignore Clock Settings                                 ; Off                ;      ;    ;             ;
; Analyze latches as synchronous elements               ; On                 ;      ;    ;             ;
; Enable Recovery/Removal analysis                      ; Off                ;      ;    ;             ;
; Enable Clock Latency                                  ; Off                ;      ;    ;             ;
; Number of source nodes to report per destination node ; 10                 ;      ;    ;             ;
; Number of destination nodes to report                 ; 10                 ;      ;    ;             ;
; Number of paths to report                             ; 200                ;      ;    ;             ;
; Report Minimum Timing Checks                          ; Off                ;      ;    ;             ;
; Use Fast Timing Models                                ; Off                ;      ;    ;             ;
; Report IO Paths Separately                            ; Off                ;      ;    ;             ;
+-------------------------------------------------------+--------------------+------+----+-------------+


+---------------------------------------------------------------------------------------------------------------------------------------+
; tpd                                                                                                                                   ;
+-----------------------------------------+-----------------------------------------------------+-----------------+---------+-----------+
; Slack                                   ; Required P2P Time                                   ; Actual P2P Time ; From    ; To        ;
+-----------------------------------------+-----------------------------------------------------+-----------------+---------+-----------+
; N/A                                     ; None                                                ; 29.400 ns       ; IN1[1]  ; OUT_A[31] ;
; N/A                                     ; None                                                ; 29.400 ns       ; IN1[2]  ; OUT_A[31] ;
; N/A                                     ; None                                                ; 29.400 ns       ; IN1[3]  ; OUT_A[31] ;
; N/A                                     ; None                                                ; 29.400 ns       ; IN1[4]  ; OUT_A[31] ;
; N/A                                     ; None                                                ; 29.400 ns       ; IN1[5]  ; OUT_A[31] ;
; N/A                                     ; None                                                ; 29.400 ns       ; IN1[1]  ; OUT_A[30] ;
; N/A                                     ; None                                                ; 29.400 ns       ; IN1[2]  ; OUT_A[30] ;
; N/A                                     ; None                                                ; 29.400 ns       ; IN1[3]  ; OUT_A[30] ;
; N/A                                     ; None                                                ; 29.400 ns       ; IN1[4]  ; OUT_A[30] ;
; N/A                                     ; None                                                ; 29.400 ns       ; IN1[5]  ; OUT_A[30] ;
; N/A                                     ; None                                                ; 29.400 ns       ; IN1[1]  ; OUT_A[29] ;
; N/A                                     ; None                                                ; 29.400 ns       ; IN1[2]  ; OUT_A[29] ;
; N/A                                     ; None                                                ; 29.400 ns       ; IN1[3]  ; OUT_A[29] ;
; N/A                                     ; None                                                ; 29.400 ns       ; IN1[4]  ; OUT_A[29] ;
; N/A                                     ; None                                                ; 29.400 ns       ; IN1[5]  ; OUT_A[29] ;
; N/A                                     ; None                                                ; 29.400 ns       ; IN1[1]  ; OUT_A[28] ;
; N/A                                     ; None                                                ; 29.400 ns       ; IN1[2]  ; OUT_A[28] ;
; N/A                                     ; None                                                ; 29.400 ns       ; IN1[3]  ; OUT_A[28] ;
; N/A                                     ; None                                                ; 29.400 ns       ; IN1[4]  ; OUT_A[28] ;
; N/A                                     ; None                                                ; 29.400 ns       ; IN1[5]  ; OUT_A[28] ;
; N/A                                     ; None                                                ; 29.400 ns       ; IN1[1]  ; OUT_A[26] ;
; N/A                                     ; None                                                ; 29.400 ns       ; IN1[2]  ; OUT_A[26] ;
; N/A                                     ; None                                                ; 29.400 ns       ; IN1[3]  ; OUT_A[26] ;
; N/A                                     ; None                                                ; 29.400 ns       ; IN1[4]  ; OUT_A[26] ;
; N/A                                     ; None                                                ; 29.400 ns       ; IN1[5]  ; OUT_A[26] ;
; N/A                                     ; None                                                ; 29.400 ns       ; IN1[1]  ; OUT_A[27] ;
; N/A                                     ; None                                                ; 29.400 ns       ; IN1[2]  ; OUT_A[27] ;
; N/A                                     ; None                                                ; 29.400 ns       ; IN1[3]  ; OUT_A[27] ;
; N/A                                     ; None                                                ; 29.400 ns       ; IN1[4]  ; OUT_A[27] ;
; N/A                                     ; None                                                ; 29.400 ns       ; IN1[5]  ; OUT_A[27] ;
; N/A                                     ; None                                                ; 29.400 ns       ; IN1[1]  ; OUT_A[25] ;
; N/A                                     ; None                                                ; 29.400 ns       ; IN1[2]  ; OUT_A[25] ;
; N/A                                     ; None                                                ; 29.400 ns       ; IN1[3]  ; OUT_A[25] ;
; N/A                                     ; None                                                ; 29.400 ns       ; IN1[4]  ; OUT_A[25] ;
; N/A                                     ; None                                                ; 29.400 ns       ; IN1[5]  ; OUT_A[25] ;
; N/A                                     ; None                                                ; 29.400 ns       ; IN1[1]  ; OUT_A[23] ;
; N/A                                     ; None                                                ; 29.400 ns       ; IN1[2]  ; OUT_A[23] ;
; N/A                                     ; None                                                ; 29.400 ns       ; IN1[3]  ; OUT_A[23] ;
; N/A                                     ; None                                                ; 29.400 ns       ; IN1[4]  ; OUT_A[23] ;
; N/A                                     ; None                                                ; 29.400 ns       ; IN1[5]  ; OUT_A[23] ;
; N/A                                     ; None                                                ; 29.400 ns       ; IN1[1]  ; OUT_A[22] ;
; N/A                                     ; None                                                ; 29.400 ns       ; IN1[2]  ; OUT_A[22] ;
; N/A                                     ; None                                                ; 29.400 ns       ; IN1[3]  ; OUT_A[22] ;
; N/A                                     ; None                                                ; 29.400 ns       ; IN1[4]  ; OUT_A[22] ;
; N/A                                     ; None                                                ; 29.400 ns       ; IN1[5]  ; OUT_A[22] ;
; N/A                                     ; None                                                ; 29.300 ns       ; IN1[10] ; OUT_A[31] ;
; N/A                                     ; None                                                ; 29.300 ns       ; IN1[9]  ; OUT_A[31] ;
; N/A                                     ; None                                                ; 29.300 ns       ; IN1[10] ; OUT_A[30] ;
; N/A                                     ; None                                                ; 29.300 ns       ; IN1[9]  ; OUT_A[30] ;
; N/A                                     ; None                                                ; 29.300 ns       ; IN1[10] ; OUT_A[29] ;
; N/A                                     ; None                                                ; 29.300 ns       ; IN1[9]  ; OUT_A[29] ;
; N/A                                     ; None                                                ; 29.300 ns       ; IN1[10] ; OUT_A[28] ;
; N/A                                     ; None                                                ; 29.300 ns       ; IN1[9]  ; OUT_A[28] ;
; N/A                                     ; None                                                ; 29.300 ns       ; IN1[10] ; OUT_A[26] ;
; N/A                                     ; None                                                ; 29.300 ns       ; IN1[9]  ; OUT_A[26] ;
; N/A                                     ; None                                                ; 29.300 ns       ; IN1[10] ; OUT_A[27] ;
; N/A                                     ; None                                                ; 29.300 ns       ; IN1[9]  ; OUT_A[27] ;
; N/A                                     ; None                                                ; 29.300 ns       ; IN1[10] ; OUT_A[25] ;
; N/A                                     ; None                                                ; 29.300 ns       ; IN1[9]  ; OUT_A[25] ;
; N/A                                     ; None                                                ; 29.300 ns       ; IN1[10] ; OUT_A[23] ;
; N/A                                     ; None                                                ; 29.300 ns       ; IN1[9]  ; OUT_A[23] ;
; N/A                                     ; None                                                ; 29.300 ns       ; IN1[10] ; OUT_A[22] ;
; N/A                                     ; None                                                ; 29.300 ns       ; IN1[9]  ; OUT_A[22] ;
; N/A                                     ; None                                                ; 29.200 ns       ; IN1[12] ; OUT_A[31] ;
; N/A                                     ; None                                                ; 29.200 ns       ; IN1[11] ; OUT_A[31] ;
; N/A                                     ; None                                                ; 29.200 ns       ; IN1[12] ; OUT_A[30] ;
; N/A                                     ; None                                                ; 29.200 ns       ; IN1[11] ; OUT_A[30] ;
; N/A                                     ; None                                                ; 29.200 ns       ; IN1[12] ; OUT_A[29] ;
; N/A                                     ; None                                                ; 29.200 ns       ; IN1[11] ; OUT_A[29] ;
; N/A                                     ; None                                                ; 29.200 ns       ; IN1[12] ; OUT_A[28] ;
; N/A                                     ; None                                                ; 29.200 ns       ; IN1[11] ; OUT_A[28] ;
; N/A                                     ; None                                                ; 29.200 ns       ; IN1[12] ; OUT_A[26] ;
; N/A                                     ; None                                                ; 29.200 ns       ; IN1[11] ; OUT_A[26] ;
; N/A                                     ; None                                                ; 29.200 ns       ; IN1[12] ; OUT_A[27] ;
; N/A                                     ; None                                                ; 29.200 ns       ; IN1[11] ; OUT_A[27] ;
; N/A                                     ; None                                                ; 29.200 ns       ; IN1[12] ; OUT_A[25] ;
; N/A                                     ; None                                                ; 29.200 ns       ; IN1[11] ; OUT_A[25] ;
; N/A                                     ; None                                                ; 29.200 ns       ; IN1[12] ; OUT_A[23] ;
; N/A                                     ; None                                                ; 29.200 ns       ; IN1[11] ; OUT_A[23] ;
; N/A                                     ; None                                                ; 29.200 ns       ; IN1[12] ; OUT_A[22] ;
; N/A                                     ; None                                                ; 29.200 ns       ; IN1[11] ; OUT_A[22] ;
; N/A                                     ; None                                                ; 29.100 ns       ; IN1[13] ; OUT_A[31] ;
; N/A                                     ; None                                                ; 29.100 ns       ; IN1[13] ; OUT_A[30] ;
; N/A                                     ; None                                                ; 29.100 ns       ; IN1[13] ; OUT_A[29] ;
; N/A                                     ; None                                                ; 29.100 ns       ; IN1[13] ; OUT_A[28] ;
; N/A                                     ; None                                                ; 29.100 ns       ; IN1[13] ; OUT_A[26] ;
; N/A                                     ; None                                                ; 29.100 ns       ; IN1[13] ; OUT_A[27] ;
; N/A                                     ; None                                                ; 29.100 ns       ; IN1[13] ; OUT_A[25] ;
; N/A                                     ; None                                                ; 29.100 ns       ; IN1[13] ; OUT_A[23] ;
; N/A                                     ; None                                                ; 29.100 ns       ; IN1[13] ; OUT_A[22] ;
; N/A                                     ; None                                                ; 29.000 ns       ; IN2[1]  ; OUT_A[31] ;
; N/A                                     ; None                                                ; 29.000 ns       ; IN2[4]  ; OUT_A[31] ;
; N/A                                     ; None                                                ; 29.000 ns       ; IN2[2]  ; OUT_A[31] ;
; N/A                                     ; None                                                ; 29.000 ns       ; IN2[3]  ; OUT_A[31] ;
; N/A                                     ; None                                                ; 29.000 ns       ; IN2[1]  ; OUT_A[30] ;
; N/A                                     ; None                                                ; 29.000 ns       ; IN2[4]  ; OUT_A[30] ;
; N/A                                     ; None                                                ; 29.000 ns       ; IN2[2]  ; OUT_A[30] ;
; N/A                                     ; None                                                ; 29.000 ns       ; IN2[3]  ; OUT_A[30] ;
; N/A                                     ; None                                                ; 29.000 ns       ; IN2[1]  ; OUT_A[29] ;
; N/A                                     ; None                                                ; 29.000 ns       ; IN2[4]  ; OUT_A[29] ;
; N/A                                     ; None                                                ; 29.000 ns       ; IN2[2]  ; OUT_A[29] ;
; N/A                                     ; None                                                ; 29.000 ns       ; IN2[3]  ; OUT_A[29] ;
; N/A                                     ; None                                                ; 29.000 ns       ; IN2[1]  ; OUT_A[28] ;
; N/A                                     ; None                                                ; 29.000 ns       ; IN2[4]  ; OUT_A[28] ;
; N/A                                     ; None                                                ; 29.000 ns       ; IN2[2]  ; OUT_A[28] ;
; N/A                                     ; None                                                ; 29.000 ns       ; IN2[3]  ; OUT_A[28] ;
; N/A                                     ; None                                                ; 29.000 ns       ; IN2[1]  ; OUT_A[26] ;
; N/A                                     ; None                                                ; 29.000 ns       ; IN2[4]  ; OUT_A[26] ;
; N/A                                     ; None                                                ; 29.000 ns       ; IN2[2]  ; OUT_A[26] ;
; N/A                                     ; None                                                ; 29.000 ns       ; IN2[3]  ; OUT_A[26] ;
; N/A                                     ; None                                                ; 29.000 ns       ; IN2[1]  ; OUT_A[27] ;
; N/A                                     ; None                                                ; 29.000 ns       ; IN2[4]  ; OUT_A[27] ;
; N/A                                     ; None                                                ; 29.000 ns       ; IN2[2]  ; OUT_A[27] ;
; N/A                                     ; None                                                ; 29.000 ns       ; IN2[3]  ; OUT_A[27] ;
; N/A                                     ; None                                                ; 29.000 ns       ; IN2[1]  ; OUT_A[25] ;
; N/A                                     ; None                                                ; 29.000 ns       ; IN2[4]  ; OUT_A[25] ;
; N/A                                     ; None                                                ; 29.000 ns       ; IN2[2]  ; OUT_A[25] ;
; N/A                                     ; None                                                ; 29.000 ns       ; IN2[3]  ; OUT_A[25] ;
; N/A                                     ; None                                                ; 29.000 ns       ; IN2[1]  ; OUT_A[23] ;
; N/A                                     ; None                                                ; 29.000 ns       ; IN2[4]  ; OUT_A[23] ;
; N/A                                     ; None                                                ; 29.000 ns       ; IN2[2]  ; OUT_A[23] ;
; N/A                                     ; None                                                ; 29.000 ns       ; IN2[3]  ; OUT_A[23] ;
; N/A                                     ; None                                                ; 29.000 ns       ; IN2[1]  ; OUT_A[22] ;
; N/A                                     ; None                                                ; 29.000 ns       ; IN2[4]  ; OUT_A[22] ;
; N/A                                     ; None                                                ; 29.000 ns       ; IN2[2]  ; OUT_A[22] ;
; N/A                                     ; None                                                ; 29.000 ns       ; IN2[3]  ; OUT_A[22] ;
; N/A                                     ; None                                                ; 28.900 ns       ; IN2[12] ; OUT_A[31] ;
; N/A                                     ; None                                                ; 28.900 ns       ; IN2[11] ; OUT_A[31] ;
; N/A                                     ; None                                                ; 28.900 ns       ; IN2[10] ; OUT_A[31] ;
; N/A                                     ; None                                                ; 28.900 ns       ; IN2[9]  ; OUT_A[31] ;
; N/A                                     ; None                                                ; 28.900 ns       ; IN2[5]  ; OUT_A[31] ;
; N/A                                     ; None                                                ; 28.900 ns       ; IN2[12] ; OUT_A[30] ;
; N/A                                     ; None                                                ; 28.900 ns       ; IN2[11] ; OUT_A[30] ;
; N/A                                     ; None                                                ; 28.900 ns       ; IN2[10] ; OUT_A[30] ;
; N/A                                     ; None                                                ; 28.900 ns       ; IN2[9]  ; OUT_A[30] ;
; N/A                                     ; None                                                ; 28.900 ns       ; IN2[5]  ; OUT_A[30] ;
; N/A                                     ; None                                                ; 28.900 ns       ; IN2[12] ; OUT_A[29] ;
; N/A                                     ; None                                                ; 28.900 ns       ; IN2[11] ; OUT_A[29] ;
; N/A                                     ; None                                                ; 28.900 ns       ; IN2[10] ; OUT_A[29] ;
; N/A                                     ; None                                                ; 28.900 ns       ; IN2[9]  ; OUT_A[29] ;
; N/A                                     ; None                                                ; 28.900 ns       ; IN2[5]  ; OUT_A[29] ;
; N/A                                     ; None                                                ; 28.900 ns       ; IN2[12] ; OUT_A[28] ;
; N/A                                     ; None                                                ; 28.900 ns       ; IN2[11] ; OUT_A[28] ;
; N/A                                     ; None                                                ; 28.900 ns       ; IN2[10] ; OUT_A[28] ;
; N/A                                     ; None                                                ; 28.900 ns       ; IN2[9]  ; OUT_A[28] ;
; N/A                                     ; None                                                ; 28.900 ns       ; IN2[5]  ; OUT_A[28] ;
; N/A                                     ; None                                                ; 28.900 ns       ; IN2[12] ; OUT_A[26] ;
; N/A                                     ; None                                                ; 28.900 ns       ; IN2[11] ; OUT_A[26] ;
; N/A                                     ; None                                                ; 28.900 ns       ; IN2[10] ; OUT_A[26] ;
; N/A                                     ; None                                                ; 28.900 ns       ; IN2[9]  ; OUT_A[26] ;
; N/A                                     ; None                                                ; 28.900 ns       ; IN2[5]  ; OUT_A[26] ;
; N/A                                     ; None                                                ; 28.900 ns       ; IN2[12] ; OUT_A[27] ;
; N/A                                     ; None                                                ; 28.900 ns       ; IN2[11] ; OUT_A[27] ;
; N/A                                     ; None                                                ; 28.900 ns       ; IN2[10] ; OUT_A[27] ;
; N/A                                     ; None                                                ; 28.900 ns       ; IN2[9]  ; OUT_A[27] ;
; N/A                                     ; None                                                ; 28.900 ns       ; IN2[5]  ; OUT_A[27] ;
; N/A                                     ; None                                                ; 28.900 ns       ; IN2[12] ; OUT_A[25] ;
; N/A                                     ; None                                                ; 28.900 ns       ; IN2[11] ; OUT_A[25] ;
; N/A                                     ; None                                                ; 28.900 ns       ; IN2[10] ; OUT_A[25] ;
; N/A                                     ; None                                                ; 28.900 ns       ; IN2[9]  ; OUT_A[25] ;
; N/A                                     ; None                                                ; 28.900 ns       ; IN2[5]  ; OUT_A[25] ;
; N/A                                     ; None                                                ; 28.900 ns       ; IN2[12] ; OUT_A[23] ;
; N/A                                     ; None                                                ; 28.900 ns       ; IN2[11] ; OUT_A[23] ;
; N/A                                     ; None                                                ; 28.900 ns       ; IN2[10] ; OUT_A[23] ;
; N/A                                     ; None                                                ; 28.900 ns       ; IN2[9]  ; OUT_A[23] ;
; N/A                                     ; None                                                ; 28.900 ns       ; IN2[5]  ; OUT_A[23] ;
; N/A                                     ; None                                                ; 28.900 ns       ; IN2[12] ; OUT_A[22] ;
; N/A                                     ; None                                                ; 28.900 ns       ; IN2[11] ; OUT_A[22] ;
; N/A                                     ; None                                                ; 28.900 ns       ; IN2[10] ; OUT_A[22] ;
; N/A                                     ; None                                                ; 28.900 ns       ; IN2[9]  ; OUT_A[22] ;
; N/A                                     ; None                                                ; 28.900 ns       ; IN2[5]  ; OUT_A[22] ;
; N/A                                     ; None                                                ; 28.800 ns       ; IN2[13] ; OUT_A[31] ;
; N/A                                     ; None                                                ; 28.800 ns       ; IN2[13] ; OUT_A[30] ;
; N/A                                     ; None                                                ; 28.800 ns       ; IN2[13] ; OUT_A[29] ;
; N/A                                     ; None                                                ; 28.800 ns       ; IN2[13] ; OUT_A[28] ;
; N/A                                     ; None                                                ; 28.800 ns       ; IN2[13] ; OUT_A[26] ;
; N/A                                     ; None                                                ; 28.800 ns       ; IN2[13] ; OUT_A[27] ;
; N/A                                     ; None                                                ; 28.800 ns       ; IN2[13] ; OUT_A[25] ;
; N/A                                     ; None                                                ; 28.800 ns       ; IN2[13] ; OUT_A[23] ;
; N/A                                     ; None                                                ; 28.800 ns       ; IN2[13] ; OUT_A[22] ;
; N/A                                     ; None                                                ; 27.000 ns       ; IN1[24] ; OUT_A[31] ;
; N/A                                     ; None                                                ; 27.000 ns       ; IN1[26] ; OUT_A[31] ;
; N/A                                     ; None                                                ; 27.000 ns       ; IN1[25] ; OUT_A[31] ;
; N/A                                     ; None                                                ; 27.000 ns       ; IN1[27] ; OUT_A[31] ;
; N/A                                     ; None                                                ; 27.000 ns       ; IN1[24] ; OUT_A[30] ;
; N/A                                     ; None                                                ; 27.000 ns       ; IN1[26] ; OUT_A[30] ;
; N/A                                     ; None                                                ; 27.000 ns       ; IN1[25] ; OUT_A[30] ;
; N/A                                     ; None                                                ; 27.000 ns       ; IN1[27] ; OUT_A[30] ;
; N/A                                     ; None                                                ; 27.000 ns       ; IN1[24] ; OUT_A[29] ;
; N/A                                     ; None                                                ; 27.000 ns       ; IN1[26] ; OUT_A[29] ;
; N/A                                     ; None                                                ; 27.000 ns       ; IN1[25] ; OUT_A[29] ;
; N/A                                     ; None                                                ; 27.000 ns       ; IN1[27] ; OUT_A[29] ;
; N/A                                     ; None                                                ; 27.000 ns       ; IN1[24] ; OUT_A[28] ;
; N/A                                     ; None                                                ; 27.000 ns       ; IN1[26] ; OUT_A[28] ;
; N/A                                     ; None                                                ; 27.000 ns       ; IN1[25] ; OUT_A[28] ;
; N/A                                     ; None                                                ; 27.000 ns       ; IN1[27] ; OUT_A[28] ;
; N/A                                     ; None                                                ; 26.900 ns       ; IN1[16] ; OUT_A[23] ;
; N/A                                     ; None                                                ; 26.900 ns       ; IN1[16] ; OUT_A[22] ;
; N/A                                     ; None                                                ; 26.800 ns       ; IN2[24] ; OUT_A[31] ;
; N/A                                     ; None                                                ; 26.800 ns       ; IN2[25] ; OUT_A[31] ;
; Timing analysis restricted to 200 rows. ; To change the limit use Settings (Assignments menu) ;                 ;         ;           ;
+-----------------------------------------+-----------------------------------------------------+-----------------+---------+-----------+


+--------------------------+
; Timing Analyzer Messages ;
+--------------------------+
Info: *******************************************************************
Info: Running Quartus II Classic Timing Analyzer
    Info: Version 6.1 Build 201 11/27/2006 SJ Web Edition
    Info: Processing started: Wed Jun 11 20:14:33 2008
Info: Command: quartus_tan --read_settings_files=off --write_settings_files=off VHDL_FuncProc -c VHDL_FuncProc
Info: Started post-fitting delay annotation
Info: Delay annotation completed successfully
Warning: Timing Analysis does not support the analysis of latches as synchronous elements for the currently selected device family
Info: Longest tpd from source pin "IN1[1]" to destination pin "OUT_A[31]" is 29.400 ns
    Info: 1: + IC(0.000 ns) + CELL(1.200 ns) = 1.200 ns; Loc. = PIN_E14; Fanout = 55; PIN Node = 'IN1[1]'
    Info: 2: + IC(3.700 ns) + CELL(3.700 ns) = 8.600 ns; Loc. = SEXP111; Fanout = 4; COMB Node = 'lpm_add_sub:Add0|addcore:adder[0]|a_csnbuffer:result_node|sout_node[3]~188'
    Info: 3: + IC(0.000 ns) + CELL(4.000 ns) = 12.600 ns; Loc. = LC98; Fanout = 37; COMB Node = 'lpm_add_sub:Add0|addcore:adder[0]|bg_out~39'
    Info: 4: + IC(4.000 ns) + CELL(4.000 ns) = 20.600 ns; Loc. = LC243; Fanout = 1; COMB Node = 'lpm_add_sub:Add0|addcore:adder[3]|a_csnbuffer:result_node|sout_node[7]~100'
    Info: 5: + IC(3.200 ns) + CELL(4.000 ns) = 27.800 ns; Loc. = LC118; Fanout = 1; COMB Node = 'lpm_add_sub:Add0|addcore:adder[3]|a_csnbuffer:result_node|sout_node[7]~109'
    Info: 6: + IC(0.000 ns) + CELL(1.600 ns) = 29.400 ns; Loc. = PIN_R7; Fanout = 0; PIN Node = 'OUT_A[31]'
    Info: Total cell delay = 18.500 ns ( 62.93 % )
    Info: Total interconnect delay = 10.900 ns ( 37.07 % )
Info: Quartus II Classic Timing Analyzer was successful. 0 errors, 1 warning
    Info: Allocated 97 megabytes of memory during processing
    Info: Processing ended: Wed Jun 11 20:14:34 2008
    Info: Elapsed time: 00:00:01


