Analysis & Synthesis report for VHDL_FuncProc
Wed Jun 11 20:44:55 2008
Quartus II Version 6.1 Build 201 11/27/2006 SJ Web Edition


---------------------
; Table of Contents ;
---------------------
  1. Legal Notice
  2. Analysis & Synthesis Summary
  3. Analysis & Synthesis Settings
  4. Analysis & Synthesis Source Files Read
  5. Analysis & Synthesis Resource Usage Summary
  6. Analysis & Synthesis Resource Utilization by Entity
  7. Parameter Settings for Inferred Entity Instance: lpm_add_sub:Add0
  8. Parameter Settings for Inferred Entity Instance: lpm_add_sub:Add1
  9. Analysis & Synthesis Messages



----------------
; Legal Notice ;
----------------
Copyright (C) 1991-2006 Altera Corporation
Your use of Altera Corporation's design tools, logic functions 
and other software and tools, and its AMPP partner logic 
functions, and any output files from any of the foregoing 
(including device programming or simulation files), and any 
associated documentation or information are expressly subject 
to the terms and conditions of the Altera Program License 
Subscription Agreement, Altera MegaCore Function License 
Agreement, or other applicable license agreement, including, 
without limitation, that your use is for the sole purpose of 
programming logic devices manufactured by Altera and sold by 
Altera or its authorized distributors.  Please refer to the 
applicable agreement for further details.



+-----------------------------------------------------------------------+
; Analysis & Synthesis Summary                                          ;
+-----------------------------+-----------------------------------------+
; Analysis & Synthesis Status ; Successful - Wed Jun 11 20:44:55 2008   ;
; Quartus II Version          ; 6.1 Build 201 11/27/2006 SJ Web Edition ;
; Revision Name               ; VHDL_FuncProc                           ;
; Top-level Entity Name       ; VHDL_FuncProc                           ;
; Family                      ; MAX7000AE                               ;
; Total macrocells            ; 461                                     ;
; Total pins                  ; 192                                     ;
+-----------------------------+-----------------------------------------+


+------------------------------------------------------------------------------------------------------+
; Analysis & Synthesis Settings                                                                        ;
+----------------------------------------------------------------------+---------------+---------------+
; Option                                                               ; Setting       ; Default Value ;
+----------------------------------------------------------------------+---------------+---------------+
; Top-level entity name                                                ; VHDL_FuncProc ; VHDL_FuncProc ;
; Family name                                                          ; MAX7000AE     ; Stratix       ;
; Create Debugging Nodes for IP Cores                                  ; Off           ; Off           ;
; Preserve fewer node names                                            ; On            ; On            ;
; Disable OpenCore Plus hardware evaluation                            ; Off           ; Off           ;
; Verilog Version                                                      ; Verilog_2001  ; Verilog_2001  ;
; VHDL Version                                                         ; VHDL93        ; VHDL93        ;
; State Machine Processing                                             ; Auto          ; Auto          ;
; Safe State Machine                                                   ; Off           ; Off           ;
; Extract Verilog State Machines                                       ; On            ; On            ;
; Extract VHDL State Machines                                          ; On            ; On            ;
; Ignore Verilog initial constructs                                    ; Off           ; Off           ;
; Add Pass-Through Logic to Inferred RAMs                              ; On            ; On            ;
; NOT Gate Push-Back                                                   ; On            ; On            ;
; Power-Up Don't Care                                                  ; On            ; On            ;
; Remove Duplicate Registers                                           ; On            ; On            ;
; Ignore CARRY Buffers                                                 ; Off           ; Off           ;
; Ignore CASCADE Buffers                                               ; Off           ; Off           ;
; Ignore GLOBAL Buffers                                                ; Off           ; Off           ;
; Ignore ROW GLOBAL Buffers                                            ; Off           ; Off           ;
; Ignore LCELL Buffers -- MAX 7000B/7000AE/3000A/7000S/7000A           ; Auto          ; Auto          ;
; Ignore SOFT Buffers -- MAX 7000B/7000AE/3000A/7000S/7000A            ; Off           ; Off           ;
; Limit AHDL Integers to 32 Bits                                       ; Off           ; Off           ;
; Optimization Technique -- MAX 7000B/7000AE/3000A/7000S/7000A         ; Speed         ; Speed         ;
; Allow XOR Gate Usage                                                 ; On            ; On            ;
; Auto Logic Cell Insertion                                            ; On            ; On            ;
; Parallel Expander Chain Length -- MAX 7000B/7000AE/3000A/7000S/7000A ; 4             ; 4             ;
; Auto Parallel Expanders                                              ; On            ; On            ;
; Auto Open-Drain Pins                                                 ; On            ; On            ;
; Auto Resource Sharing                                                ; Off           ; Off           ;
; Maximum Fan-in Per Macrocell -- MAX 7000B/7000AE/3000A/7000S/7000A   ; 100           ; 100           ;
; Ignore translate_off and synthesis_off directives                    ; Off           ; Off           ;
; Show Parameter Settings Tables in Synthesis Report                   ; On            ; On            ;
; HDL message level                                                    ; Level2        ; Level2        ;
; Suppress Register Optimization Related Messages                      ; Off           ; Off           ;
; Number of Removed Registers Reported in Synthesis Report             ; 100           ; 100           ;
; Use smart compilation                                                ; Off           ; Off           ;
+----------------------------------------------------------------------+---------------+---------------+


+-------------------------------------------------------------------------------------------------------------------------------------------------+
; Analysis & Synthesis Source Files Read                                                                                                          ;
+----------------------------------+-----------------+-----------------+--------------------------------------------------------------------------+
; File Name with User-Entered Path ; Used in Netlist ; File Type       ; File Name with Absolute Path                                             ;
+----------------------------------+-----------------+-----------------+--------------------------------------------------------------------------+
; VHDL_FuncProc.vhd                ; yes             ; User VHDL File  ; C:/Documents and Settings/Matteo/Desktop/VHDL_FuncProc/VHDL_FuncProc.vhd ;
; lpm_add_sub.tdf                  ; yes             ; Megafunction    ; c:/altera/61/quartus/libraries/megafunctions/lpm_add_sub.tdf             ;
; addcore.inc                      ; yes             ; Megafunction    ; c:/altera/61/quartus/libraries/megafunctions/addcore.inc                 ;
; look_add.inc                     ; yes             ; Megafunction    ; c:/altera/61/quartus/libraries/megafunctions/look_add.inc                ;
; bypassff.inc                     ; yes             ; Megafunction    ; c:/altera/61/quartus/libraries/megafunctions/bypassff.inc                ;
; altshift.inc                     ; yes             ; Megafunction    ; c:/altera/61/quartus/libraries/megafunctions/altshift.inc                ;
; alt_stratix_add_sub.inc          ; yes             ; Megafunction    ; c:/altera/61/quartus/libraries/megafunctions/alt_stratix_add_sub.inc     ;
; alt_mercury_add_sub.inc          ; yes             ; Megafunction    ; c:/altera/61/quartus/libraries/megafunctions/alt_mercury_add_sub.inc     ;
; aglobal61.inc                    ; yes             ; Megafunction    ; c:/altera/61/quartus/libraries/megafunctions/aglobal61.inc               ;
; addcore.tdf                      ; yes             ; Megafunction    ; c:/altera/61/quartus/libraries/megafunctions/addcore.tdf                 ;
; a_csnbuffer.inc                  ; yes             ; Megafunction    ; c:/altera/61/quartus/libraries/megafunctions/a_csnbuffer.inc             ;
; a_csnbuffer.tdf                  ; yes             ; Megafunction    ; c:/altera/61/quartus/libraries/megafunctions/a_csnbuffer.tdf             ;
; look_add.tdf                     ; yes             ; Megafunction    ; c:/altera/61/quartus/libraries/megafunctions/look_add.tdf                ;
; altshift.tdf                     ; yes             ; Megafunction    ; c:/altera/61/quartus/libraries/megafunctions/altshift.tdf                ;
+----------------------------------+-----------------+-----------------+--------------------------------------------------------------------------+


+---------------------------------------------+
; Analysis & Synthesis Resource Usage Summary ;
+----------------------+----------------------+
; Resource             ; Usage                ;
+----------------------+----------------------+
; Logic cells          ; 461                  ;
; Total registers      ; 0                    ;
; I/O pins             ; 192                  ;
; Shareable expanders  ; 68                   ;
; Parallel expanders   ; 247                  ;
; Maximum fan-out node ; LessThan0~959        ;
; Maximum fan-out      ; 208                  ;
; Total fan-out        ; 6308                 ;
; Average fan-out      ; 8.75                 ;
+----------------------+----------------------+


+-----------------------------------------------------------------------------------------------------------------------------------+
; Analysis & Synthesis Resource Utilization by Entity                                                                               ;
+------------------------------------+------------+------+--------------------------------------------------------------------------+
; Compilation Hierarchy Node         ; Macrocells ; Pins ; Full Hierarchy Name                                                      ;
+------------------------------------+------------+------+--------------------------------------------------------------------------+
; |VHDL_FuncProc                     ; 461        ; 192  ; |VHDL_FuncProc                                                           ;
;    |lpm_add_sub:Add0|              ; 131        ; 0    ; |VHDL_FuncProc|lpm_add_sub:Add0                                          ;
;       |addcore:adder[0]|           ; 26         ; 0    ; |VHDL_FuncProc|lpm_add_sub:Add0|addcore:adder[0]                         ;
;          |a_csnbuffer:result_node| ; 19         ; 0    ; |VHDL_FuncProc|lpm_add_sub:Add0|addcore:adder[0]|a_csnbuffer:result_node ;
;       |addcore:adder[1]|           ; 33         ; 0    ; |VHDL_FuncProc|lpm_add_sub:Add0|addcore:adder[1]                         ;
;          |a_csnbuffer:result_node| ; 18         ; 0    ; |VHDL_FuncProc|lpm_add_sub:Add0|addcore:adder[1]|a_csnbuffer:result_node ;
;       |addcore:adder[2]|           ; 37         ; 0    ; |VHDL_FuncProc|lpm_add_sub:Add0|addcore:adder[2]                         ;
;          |a_csnbuffer:result_node| ; 21         ; 0    ; |VHDL_FuncProc|lpm_add_sub:Add0|addcore:adder[2]|a_csnbuffer:result_node ;
;       |addcore:adder[3]|           ; 35         ; 0    ; |VHDL_FuncProc|lpm_add_sub:Add0|addcore:adder[3]                         ;
;          |a_csnbuffer:result_node| ; 27         ; 0    ; |VHDL_FuncProc|lpm_add_sub:Add0|addcore:adder[3]|a_csnbuffer:result_node ;
;    |lpm_add_sub:Add1|              ; 31         ; 0    ; |VHDL_FuncProc|lpm_add_sub:Add1                                          ;
;       |addcore:adder[0]|           ; 7          ; 0    ; |VHDL_FuncProc|lpm_add_sub:Add1|addcore:adder[0]                         ;
;          |a_csnbuffer:result_node| ; 7          ; 0    ; |VHDL_FuncProc|lpm_add_sub:Add1|addcore:adder[0]|a_csnbuffer:result_node ;
;       |addcore:adder[1]|           ; 8          ; 0    ; |VHDL_FuncProc|lpm_add_sub:Add1|addcore:adder[1]                         ;
;          |a_csnbuffer:result_node| ; 8          ; 0    ; |VHDL_FuncProc|lpm_add_sub:Add1|addcore:adder[1]|a_csnbuffer:result_node ;
;       |addcore:adder[2]|           ; 8          ; 0    ; |VHDL_FuncProc|lpm_add_sub:Add1|addcore:adder[2]                         ;
;          |a_csnbuffer:result_node| ; 8          ; 0    ; |VHDL_FuncProc|lpm_add_sub:Add1|addcore:adder[2]|a_csnbuffer:result_node ;
;       |addcore:adder[3]|           ; 8          ; 0    ; |VHDL_FuncProc|lpm_add_sub:Add1|addcore:adder[3]                         ;
;          |a_csnbuffer:result_node| ; 8          ; 0    ; |VHDL_FuncProc|lpm_add_sub:Add1|addcore:adder[3]|a_csnbuffer:result_node ;
+------------------------------------+------------+------+--------------------------------------------------------------------------+


+-------------------------------------------------------------------+
; Parameter Settings for Inferred Entity Instance: lpm_add_sub:Add0 ;
+------------------------+-------------+----------------------------+
; Parameter Name         ; Value       ; Type                       ;
+------------------------+-------------+----------------------------+
; LPM_WIDTH              ; 32          ; Untyped                    ;
; LPM_REPRESENTATION     ; UNSIGNED    ; Untyped                    ;
; LPM_DIRECTION          ; ADD         ; Untyped                    ;
; ONE_INPUT_IS_CONSTANT  ; NO          ; Untyped                    ;
; LPM_PIPELINE           ; 0           ; Untyped                    ;
; MAXIMIZE_SPEED         ; 5           ; Untyped                    ;
; REGISTERED_AT_END      ; 0           ; Untyped                    ;
; OPTIMIZE_FOR_SPEED     ; 9           ; Untyped                    ;
; USE_CS_BUFFERS         ; 1           ; Untyped                    ;
; CARRY_CHAIN            ; MANUAL      ; Untyped                    ;
; CARRY_CHAIN_LENGTH     ; 48          ; CARRY_CHAIN_LENGTH         ;
; DEVICE_FAMILY          ; MAX7000AE   ; Untyped                    ;
; USE_WYS                ; OFF         ; Untyped                    ;
; STYLE                  ; FAST        ; Untyped                    ;
; CBXI_PARAMETER         ; add_sub_7oh ; Untyped                    ;
; AUTO_CARRY_CHAINS      ; ON          ; AUTO_CARRY                 ;
; IGNORE_CARRY_BUFFERS   ; OFF         ; IGNORE_CARRY               ;
; AUTO_CASCADE_CHAINS    ; ON          ; AUTO_CASCADE               ;
; IGNORE_CASCADE_BUFFERS ; OFF         ; IGNORE_CASCADE             ;
+------------------------+-------------+----------------------------+
Note: In order to hide this table in the UI and the text report file, please set the "Show Parameter Settings Tables in Synthesis Report" option in "Analysis and Synthesis Settings -> More Settings" to "Off".


+-------------------------------------------------------------------+
; Parameter Settings for Inferred Entity Instance: lpm_add_sub:Add1 ;
+------------------------+-------------+----------------------------+
; Parameter Name         ; Value       ; Type                       ;
+------------------------+-------------+----------------------------+
; LPM_WIDTH              ; 32          ; Untyped                    ;
; LPM_REPRESENTATION     ; UNSIGNED    ; Untyped                    ;
; LPM_DIRECTION          ; ADD         ; Untyped                    ;
; ONE_INPUT_IS_CONSTANT  ; YES         ; Untyped                    ;
; LPM_PIPELINE           ; 0           ; Untyped                    ;
; MAXIMIZE_SPEED         ; 5           ; Untyped                    ;
; REGISTERED_AT_END      ; 0           ; Untyped                    ;
; OPTIMIZE_FOR_SPEED     ; 9           ; Untyped                    ;
; USE_CS_BUFFERS         ; 1           ; Untyped                    ;
; CARRY_CHAIN            ; MANUAL      ; Untyped                    ;
; CARRY_CHAIN_LENGTH     ; 48          ; CARRY_CHAIN_LENGTH         ;
; DEVICE_FAMILY          ; MAX7000AE   ; Untyped                    ;
; USE_WYS                ; OFF         ; Untyped                    ;
; STYLE                  ; FAST        ; Untyped                    ;
; CBXI_PARAMETER         ; add_sub_rrh ; Untyped                    ;
; AUTO_CARRY_CHAINS      ; ON          ; AUTO_CARRY                 ;
; IGNORE_CARRY_BUFFERS   ; OFF         ; IGNORE_CARRY               ;
; AUTO_CASCADE_CHAINS    ; ON          ; AUTO_CASCADE               ;
; IGNORE_CASCADE_BUFFERS ; OFF         ; IGNORE_CASCADE             ;
+------------------------+-------------+----------------------------+
Note: In order to hide this table in the UI and the text report file, please set the "Show Parameter Settings Tables in Synthesis Report" option in "Analysis and Synthesis Settings -> More Settings" to "Off".


+-------------------------------+
; Analysis & Synthesis Messages ;
+-------------------------------+
Info: *******************************************************************
Info: Running Quartus II Analysis & Synthesis
    Info: Version 6.1 Build 201 11/27/2006 SJ Web Edition
    Info: Processing started: Wed Jun 11 20:44:07 2008
Info: Command: quartus_map --read_settings_files=on --write_settings_files=off VHDL_FuncProc -c VHDL_FuncProc
Info: Found 6 design units, including 2 entities, in source file VHDL_FuncProc.vhd
    Info: Found design unit 1: my_package
    Info: Found design unit 2: my_package-body
    Info: Found design unit 3: reg-reg
    Info: Found design unit 4: VHDL_FuncProc-VHDL_FuncProc
    Info: Found entity 1: reg
    Info: Found entity 2: VHDL_FuncProc
Info: Elaborating entity "VHDL_FuncProc" for the top level hierarchy
Info: Found 1 design units, including 1 entities, in source file ../../../../altera/61/quartus/libraries/megafunctions/lpm_add_sub.tdf
    Info: Found entity 1: lpm_add_sub
Info: Elaborated megafunction instantiation "lpm_add_sub:Add0"
Info: Found 1 design units, including 1 entities, in source file ../../../../altera/61/quartus/libraries/megafunctions/addcore.tdf
    Info: Found entity 1: addcore
Info: Elaborated megafunction instantiation "lpm_add_sub:Add0|addcore:adder[3]", which is child of megafunction instantiation "lpm_add_sub:Add0"
Info: Instantiated megafunction "lpm_add_sub:Add0" with the following parameter:
    Info: Parameter "LPM_WIDTH" = "32"
    Info: Parameter "LPM_DIRECTION" = "ADD"
    Info: Parameter "LPM_REPRESENTATION" = "UNSIGNED"
    Info: Parameter "ONE_INPUT_IS_CONSTANT" = "NO"
Info: Found 1 design units, including 1 entities, in source file ../../../../altera/61/quartus/libraries/megafunctions/a_csnbuffer.tdf
    Info: Found entity 1: a_csnbuffer
Info: Elaborated megafunction instantiation "lpm_add_sub:Add0|addcore:adder[3]|a_csnbuffer:oflow_node", which is child of megafunction instantiation "lpm_add_sub:Add0"
Info: Instantiated megafunction "lpm_add_sub:Add0" with the following parameter:
    Info: Parameter "LPM_WIDTH" = "32"
    Info: Parameter "LPM_DIRECTION" = "ADD"
    Info: Parameter "LPM_REPRESENTATION" = "UNSIGNED"
    Info: Parameter "ONE_INPUT_IS_CONSTANT" = "NO"
Info: Elaborated megafunction instantiation "lpm_add_sub:Add0|addcore:adder[3]|a_csnbuffer:result_node", which is child of megafunction instantiation "lpm_add_sub:Add0"
Info: Instantiated megafunction "lpm_add_sub:Add0" with the following parameter:
    Info: Parameter "LPM_WIDTH" = "32"
    Info: Parameter "LPM_DIRECTION" = "ADD"
    Info: Parameter "LPM_REPRESENTATION" = "UNSIGNED"
    Info: Parameter "ONE_INPUT_IS_CONSTANT" = "NO"
Info: Found 1 design units, including 1 entities, in source file ../../../../altera/61/quartus/libraries/megafunctions/look_add.tdf
    Info: Found entity 1: look_add
Info: Elaborated megafunction instantiation "lpm_add_sub:Add0|look_add:look_ahead_unit", which is child of megafunction instantiation "lpm_add_sub:Add0"
Info: Instantiated megafunction "lpm_add_sub:Add0" with the following parameter:
    Info: Parameter "LPM_WIDTH" = "32"
    Info: Parameter "LPM_DIRECTION" = "ADD"
    Info: Parameter "LPM_REPRESENTATION" = "UNSIGNED"
    Info: Parameter "ONE_INPUT_IS_CONSTANT" = "NO"
Info: Found 1 design units, including 1 entities, in source file ../../../../altera/61/quartus/libraries/megafunctions/altshift.tdf
    Info: Found entity 1: altshift
Info: Elaborated megafunction instantiation "lpm_add_sub:Add0|altshift:result_ext_latency_ffs", which is child of megafunction instantiation "lpm_add_sub:Add0"
Info: Instantiated megafunction "lpm_add_sub:Add0" with the following parameter:
    Info: Parameter "LPM_WIDTH" = "32"
    Info: Parameter "LPM_DIRECTION" = "ADD"
    Info: Parameter "LPM_REPRESENTATION" = "UNSIGNED"
    Info: Parameter "ONE_INPUT_IS_CONSTANT" = "NO"
Info: Elaborated megafunction instantiation "lpm_add_sub:Add0|altshift:carry_ext_latency_ffs", which is child of megafunction instantiation "lpm_add_sub:Add0"
Info: Instantiated megafunction "lpm_add_sub:Add0" with the following parameter:
    Info: Parameter "LPM_WIDTH" = "32"
    Info: Parameter "LPM_DIRECTION" = "ADD"
    Info: Parameter "LPM_REPRESENTATION" = "UNSIGNED"
    Info: Parameter "ONE_INPUT_IS_CONSTANT" = "NO"
Info: Elaborated megafunction instantiation "lpm_add_sub:Add1"
Info: Ignored 64 buffer(s)
    Info: Ignored 64 SOFT buffer(s)
Warning: Output pins are stuck at VCC or GND
    Warning: Pin "OUT_C[31]" stuck at GND
    Warning: Pin "OUT_D[31]" stuck at GND
Info: Implemented 721 device resources after synthesis - the final resource count might be different
    Info: Implemented 64 input pins
    Info: Implemented 128 output pins
    Info: Implemented 461 macrocells
    Info: Implemented 68 shareable expanders
Info: Quartus II Analysis & Synthesis was successful. 0 errors, 3 warnings
    Info: Allocated 134 megabytes of memory during processing
    Info: Processing ended: Wed Jun 11 20:44:55 2008
    Info: Elapsed time: 00:00:48


