Classic Timing Analyzer report for TriState_Buffer
Fri Jun 13 19:54:17 2008
Quartus II Version 6.1 Build 201 11/27/2006 SJ Web Edition


---------------------
; Table of Contents ;
---------------------
  1. Legal Notice
  2. Timing Analyzer Summary
  3. Timing Analyzer Settings
  4. tpd
  5. Timing Analyzer Messages



----------------
; Legal Notice ;
----------------
Copyright (C) 1991-2006 Altera Corporation
Your use of Altera Corporation's design tools, logic functions 
and other software and tools, and its AMPP partner logic 
functions, and any output files from any of the foregoing 
(including device programming or simulation files), and any 
associated documentation or information are expressly subject 
to the terms and conditions of the Altera Program License 
Subscription Agreement, Altera MegaCore Function License 
Agreement, or other applicable license agreement, including, 
without limitation, that your use is for the sole purpose of 
programming logic devices manufactured by Altera and sold by 
Altera or its authorized distributors.  Please refer to the 
applicable agreement for further details.



+-------------------------------------------------------------------------------------------------------------------------------+
; Timing Analyzer Summary                                                                                                       ;
+------------------------------+-------+---------------+-------------+------+------------+------------+----------+--------------+
; Type                         ; Slack ; Required Time ; Actual Time ; From ; To         ; From Clock ; To Clock ; Failed Paths ;
+------------------------------+-------+---------------+-------------+------+------------+------------+----------+--------------+
; Worst-case tpd               ; N/A   ; None          ; 15.300 ns   ; OE0  ; BIDIR_OUT1 ; --         ; --       ; 0            ;
; Total number of failed paths ;       ;               ;             ;      ;            ;            ;          ; 0            ;
+------------------------------+-------+---------------+-------------+------+------------+------------+----------+--------------+


+------------------------------------------------------------------------------------------------------+
; Timing Analyzer Settings                                                                             ;
+-------------------------------------------------------+--------------------+------+----+-------------+
; Option                                                ; Setting            ; From ; To ; Entity Name ;
+-------------------------------------------------------+--------------------+------+----+-------------+
; Device Name                                           ; EPM7032AELC44-10   ;      ;    ;             ;
; Timing Models                                         ; Final              ;      ;    ;             ;
; Default hold multicycle                               ; Same as Multicycle ;      ;    ;             ;
; Cut paths between unrelated clock domains             ; On                 ;      ;    ;             ;
; Cut off read during write signal paths                ; On                 ;      ;    ;             ;
; Cut off feedback from I/O pins                        ; On                 ;      ;    ;             ;
; Report Combined Fast/Slow Timing                      ; Off                ;      ;    ;             ;
; Ignore Clock Settings                                 ; Off                ;      ;    ;             ;
; Analyze latches as synchronous elements               ; On                 ;      ;    ;             ;
; Enable Recovery/Removal analysis                      ; Off                ;      ;    ;             ;
; Enable Clock Latency                                  ; Off                ;      ;    ;             ;
; Number of source nodes to report per destination node ; 10                 ;      ;    ;             ;
; Number of destination nodes to report                 ; 10                 ;      ;    ;             ;
; Number of paths to report                             ; 200                ;      ;    ;             ;
; Report Minimum Timing Checks                          ; Off                ;      ;    ;             ;
; Use Fast Timing Models                                ; Off                ;      ;    ;             ;
; Report IO Paths Separately                            ; Off                ;      ;    ;             ;
+-------------------------------------------------------+--------------------+------+----+-------------+


+-----------------------------------------------------------------------+
; tpd                                                                   ;
+-------+-------------------+-----------------+------------+------------+
; Slack ; Required P2P Time ; Actual P2P Time ; From       ; To         ;
+-------+-------------------+-----------------+------------+------------+
; N/A   ; None              ; 15.300 ns       ; OE1        ; BIDIR_OUT2 ;
; N/A   ; None              ; 15.300 ns       ; OE0        ; BIDIR_OUT2 ;
; N/A   ; None              ; 15.300 ns       ; OE1        ; BIDIR_OUT0 ;
; N/A   ; None              ; 15.300 ns       ; OE0        ; BIDIR_OUT0 ;
; N/A   ; None              ; 15.300 ns       ; OE1        ; BIDIR_OUT1 ;
; N/A   ; None              ; 15.300 ns       ; OE0        ; BIDIR_OUT1 ;
; N/A   ; None              ; 10.000 ns       ; IN0        ; BIDIR_OUT2 ;
; N/A   ; None              ; 10.000 ns       ; IN1        ; BIDIR_OUT2 ;
; N/A   ; None              ; 10.000 ns       ; IN0        ; BIDIR_OUT0 ;
; N/A   ; None              ; 10.000 ns       ; IN1        ; BIDIR_OUT0 ;
; N/A   ; None              ; 10.000 ns       ; IN0        ; BIDIR_OUT1 ;
; N/A   ; None              ; 10.000 ns       ; IN1        ; BIDIR_OUT1 ;
; N/A   ; None              ; 10.000 ns       ; BIDIR_OUT2 ; OUT2       ;
; N/A   ; None              ; 10.000 ns       ; BIDIR_OUT0 ; OUT0       ;
; N/A   ; None              ; 10.000 ns       ; BIDIR_OUT1 ; OUT1       ;
+-------+-------------------+-----------------+------------+------------+


+--------------------------+
; Timing Analyzer Messages ;
+--------------------------+
Info: *******************************************************************
Info: Running Quartus II Classic Timing Analyzer
    Info: Version 6.1 Build 201 11/27/2006 SJ Web Edition
    Info: Processing started: Fri Jun 13 19:54:17 2008
Info: Command: quartus_tan --read_settings_files=off --write_settings_files=off TriState_Buffer -c TriState_Buffer
Info: Started post-fitting delay annotation
Info: Delay annotation completed successfully
Warning: Timing Analysis does not support the analysis of latches as synchronous elements for the currently selected device family
Info: Longest tpd from source pin "OE1" to destination pin "BIDIR_OUT2" is 15.300 ns
    Info: 1: + IC(0.000 ns) + CELL(1.500 ns) = 1.500 ns; Loc. = PIN_33; Fanout = 7; PIN Node = 'OE1'
    Info: 2: + IC(2.100 ns) + CELL(4.600 ns) = 8.200 ns; Loc. = LC8; Fanout = 3; COMB Node = 'inst~8'
    Info: 3: + IC(2.100 ns) + CELL(5.000 ns) = 15.300 ns; Loc. = PIN_6; Fanout = 0; PIN Node = 'BIDIR_OUT2'
    Info: Total cell delay = 11.100 ns ( 72.55 % )
    Info: Total interconnect delay = 4.200 ns ( 27.45 % )
Info: Quartus II Classic Timing Analyzer was successful. 0 errors, 1 warning
    Info: Allocated 95 megabytes of memory during processing
    Info: Processing ended: Fri Jun 13 19:54:17 2008
    Info: Elapsed time: 00:00:00


