Flow report for TriState_Buffer
Fri Jun 13 19:54:17 2008
Quartus II Version 6.1 Build 201 11/27/2006 SJ Web Edition


---------------------
; Table of Contents ;
---------------------
  1. Legal Notice
  2. Flow Summary
  3. Flow Settings
  4. Flow Non-Default Global Settings
  5. Flow Elapsed Time
  6. Flow Log



----------------
; Legal Notice ;
----------------
Copyright (C) 1991-2006 Altera Corporation
Your use of Altera Corporation's design tools, logic functions 
and other software and tools, and its AMPP partner logic 
functions, and any output files from any of the foregoing 
(including device programming or simulation files), and any 
associated documentation or information are expressly subject 
to the terms and conditions of the Altera Program License 
Subscription Agreement, Altera MegaCore Function License 
Agreement, or other applicable license agreement, including, 
without limitation, that your use is for the sole purpose of 
programming logic devices manufactured by Altera and sold by 
Altera or its authorized distributors.  Please refer to the 
applicable agreement for further details.



+-------------------------------------------------------------------+
; Flow Summary                                                      ;
+-------------------------+-----------------------------------------+
; Flow Status             ; Successful - Fri Jun 13 19:54:17 2008   ;
; Quartus II Version      ; 6.1 Build 201 11/27/2006 SJ Web Edition ;
; Revision Name           ; TriState_Buffer                         ;
; Top-level Entity Name   ; TriState_Buffer                         ;
; Family                  ; MAX7000AE                               ;
; Met timing requirements ; Yes                                     ;
; Total macrocells        ; 7 / 32 ( 22 % )                         ;
; Total pins              ; 14 / 36 ( 39 % )                        ;
; Device                  ; EPM7032AELC44-10                        ;
; Timing Models           ; Final                                   ;
+-------------------------+-----------------------------------------+


+-----------------------------------------+
; Flow Settings                           ;
+-------------------+---------------------+
; Option            ; Setting             ;
+-------------------+---------------------+
; Start date & time ; 06/13/2008 19:54:08 ;
; Main task         ; Compilation         ;
; Revision Name     ; TriState_Buffer     ;
+-------------------+---------------------+


+--------------------------------------------------------------------+
; Flow Non-Default Global Settings                                   ;
+-----------------+-------+---------------+-------------+------------+
; Assignment Name ; Value ; Default Value ; Entity Name ; Section Id ;
+-----------------+-------+---------------+-------------+------------+


+----------------------------------------+
; Flow Elapsed Time                      ;
+-------------------------+--------------+
; Module Name             ; Elapsed Time ;
+-------------------------+--------------+
; Analysis & Synthesis    ; 00:00:02     ;
; Fitter                  ; 00:00:01     ;
; Assembler               ; 00:00:04     ;
; Classic Timing Analyzer ; 00:00:00     ;
; Total                   ; 00:00:07     ;
+-------------------------+--------------+


------------
; Flow Log ;
------------
quartus_map --read_settings_files=on --write_settings_files=off TriState_Buffer -c TriState_Buffer
quartus_fit --read_settings_files=off --write_settings_files=off TriState_Buffer -c TriState_Buffer
quartus_asm --read_settings_files=off --write_settings_files=off TriState_Buffer -c TriState_Buffer
quartus_tan --read_settings_files=off --write_settings_files=off TriState_Buffer -c TriState_Buffer



