Analysis & Synthesis report for TriState_Buffer
Fri Jun 13 19:54:09 2008
Quartus II Version 6.1 Build 201 11/27/2006 SJ Web Edition


---------------------
; Table of Contents ;
---------------------
  1. Legal Notice
  2. Analysis & Synthesis Summary
  3. Analysis & Synthesis Settings
  4. Analysis & Synthesis Source Files Read
  5. Analysis & Synthesis Resource Usage Summary
  6. Analysis & Synthesis Resource Utilization by Entity
  7. Analysis & Synthesis Messages



----------------
; Legal Notice ;
----------------
Copyright (C) 1991-2006 Altera Corporation
Your use of Altera Corporation's design tools, logic functions 
and other software and tools, and its AMPP partner logic 
functions, and any output files from any of the foregoing 
(including device programming or simulation files), and any 
associated documentation or information are expressly subject 
to the terms and conditions of the Altera Program License 
Subscription Agreement, Altera MegaCore Function License 
Agreement, or other applicable license agreement, including, 
without limitation, that your use is for the sole purpose of 
programming logic devices manufactured by Altera and sold by 
Altera or its authorized distributors.  Please refer to the 
applicable agreement for further details.



+-----------------------------------------------------------------------+
; Analysis & Synthesis Summary                                          ;
+-----------------------------+-----------------------------------------+
; Analysis & Synthesis Status ; Successful - Fri Jun 13 19:54:09 2008   ;
; Quartus II Version          ; 6.1 Build 201 11/27/2006 SJ Web Edition ;
; Revision Name               ; TriState_Buffer                         ;
; Top-level Entity Name       ; TriState_Buffer                         ;
; Family                      ; MAX7000AE                               ;
; Total macrocells            ; 7                                       ;
; Total pins                  ; 10                                      ;
+-----------------------------+-----------------------------------------+


+----------------------------------------------------------------------------------------------------------+
; Analysis & Synthesis Settings                                                                            ;
+----------------------------------------------------------------------+-----------------+-----------------+
; Option                                                               ; Setting         ; Default Value   ;
+----------------------------------------------------------------------+-----------------+-----------------+
; Top-level entity name                                                ; TriState_Buffer ; TriState_Buffer ;
; Family name                                                          ; MAX7000AE       ; Stratix         ;
; Create Debugging Nodes for IP Cores                                  ; Off             ; Off             ;
; Preserve fewer node names                                            ; On              ; On              ;
; Disable OpenCore Plus hardware evaluation                            ; Off             ; Off             ;
; Verilog Version                                                      ; Verilog_2001    ; Verilog_2001    ;
; VHDL Version                                                         ; VHDL93          ; VHDL93          ;
; State Machine Processing                                             ; Auto            ; Auto            ;
; Safe State Machine                                                   ; Off             ; Off             ;
; Extract Verilog State Machines                                       ; On              ; On              ;
; Extract VHDL State Machines                                          ; On              ; On              ;
; Ignore Verilog initial constructs                                    ; Off             ; Off             ;
; Add Pass-Through Logic to Inferred RAMs                              ; On              ; On              ;
; NOT Gate Push-Back                                                   ; On              ; On              ;
; Power-Up Don't Care                                                  ; On              ; On              ;
; Remove Duplicate Registers                                           ; On              ; On              ;
; Ignore CARRY Buffers                                                 ; Off             ; Off             ;
; Ignore CASCADE Buffers                                               ; Off             ; Off             ;
; Ignore GLOBAL Buffers                                                ; Off             ; Off             ;
; Ignore ROW GLOBAL Buffers                                            ; Off             ; Off             ;
; Ignore LCELL Buffers -- MAX 7000B/7000AE/3000A/7000S/7000A           ; Auto            ; Auto            ;
; Ignore SOFT Buffers -- MAX 7000B/7000AE/3000A/7000S/7000A            ; Off             ; Off             ;
; Limit AHDL Integers to 32 Bits                                       ; Off             ; Off             ;
; Optimization Technique -- MAX 7000B/7000AE/3000A/7000S/7000A         ; Speed           ; Speed           ;
; Allow XOR Gate Usage                                                 ; On              ; On              ;
; Auto Logic Cell Insertion                                            ; On              ; On              ;
; Parallel Expander Chain Length -- MAX 7000B/7000AE/3000A/7000S/7000A ; 4               ; 4               ;
; Auto Parallel Expanders                                              ; On              ; On              ;
; Auto Open-Drain Pins                                                 ; On              ; On              ;
; Auto Resource Sharing                                                ; Off             ; Off             ;
; Maximum Fan-in Per Macrocell -- MAX 7000B/7000AE/3000A/7000S/7000A   ; 100             ; 100             ;
; Ignore translate_off and synthesis_off directives                    ; Off             ; Off             ;
; Show Parameter Settings Tables in Synthesis Report                   ; On              ; On              ;
; HDL message level                                                    ; Level2          ; Level2          ;
; Suppress Register Optimization Related Messages                      ; Off             ; Off             ;
; Number of Removed Registers Reported in Synthesis Report             ; 100             ; 100             ;
; Use smart compilation                                                ; Off             ; Off             ;
+----------------------------------------------------------------------+-----------------+-----------------+


+---------------------------------------------------------------------------------------------------------------------------------------------------------------------------------------+
; Analysis & Synthesis Source Files Read                                                                                                                                                ;
+----------------------------------+-----------------+------------------------------------+---------------------------------------------------------------------------------------------+
; File Name with User-Entered Path ; Used in Netlist ; File Type                          ; File Name with Absolute Path                                                                ;
+----------------------------------+-----------------+------------------------------------+---------------------------------------------------------------------------------------------+
; TriState_Buffer.bdf              ; yes             ; User Block Diagram/Schematic File  ; C:/Documents and Settings/Matteo/Desktop/Esempi QUARTUS/TriState_Buffer/TriState_Buffer.bdf ;
; TRI_AHDL.tdf                     ; yes             ; User AHDL File                     ; C:/Documents and Settings/Matteo/Desktop/Esempi QUARTUS/TriState_Buffer/TRI_AHDL.tdf        ;
; VHDL_TRI.vhd                     ; yes             ; User VHDL File                     ; C:/Documents and Settings/Matteo/Desktop/Esempi QUARTUS/TriState_Buffer/VHDL_TRI.vhd        ;
+----------------------------------+-----------------+------------------------------------+---------------------------------------------------------------------------------------------+


+---------------------------------------------+
; Analysis & Synthesis Resource Usage Summary ;
+----------------------+----------------------+
; Resource             ; Usage                ;
+----------------------+----------------------+
; Logic cells          ; 7                    ;
; Total registers      ; 0                    ;
; I/O pins             ; 10                   ;
; Maximum fan-out node ; OE0                  ;
; Maximum fan-out      ; 4                    ;
; Total fan-out        ; 26                   ;
; Average fan-out      ; 1.53                 ;
+----------------------+----------------------+


+----------------------------------------------------------------------------------+
; Analysis & Synthesis Resource Utilization by Entity                              ;
+----------------------------+------------+------+---------------------------------+
; Compilation Hierarchy Node ; Macrocells ; Pins ; Full Hierarchy Name             ;
+----------------------------+------------+------+---------------------------------+
; |TriState_Buffer           ; 7          ; 10   ; |TriState_Buffer                ;
;    |TRI_AHDL:inst1|        ; 3          ; 0    ; |TriState_Buffer|TRI_AHDL:inst1 ;
+----------------------------+------------+------+---------------------------------+


+-------------------------------+
; Analysis & Synthesis Messages ;
+-------------------------------+
Info: *******************************************************************
Info: Running Quartus II Analysis & Synthesis
    Info: Version 6.1 Build 201 11/27/2006 SJ Web Edition
    Info: Processing started: Fri Jun 13 19:54:07 2008
Info: Command: quartus_map --read_settings_files=on --write_settings_files=off TriState_Buffer -c TriState_Buffer
Info: Found 1 design units, including 1 entities, in source file TriState_Buffer.bdf
    Info: Found entity 1: TriState_Buffer
Info: Found 1 design units, including 1 entities, in source file TRI_AHDL.tdf
    Info: Found entity 1: TRI_AHDL
Info: Found 3 design units, including 1 entities, in source file VHDL_TRI.vhd
    Info: Found design unit 1: BufferTriState-BufferTriStateA
    Info: Found design unit 2: BufferTriState-BufferTriStateB
    Info: Found entity 1: BufferTriState
Info: Elaborating entity "TriState_Buffer" for the top level hierarchy
Info: Elaborating entity "TRI_AHDL" for hierarchy "TRI_AHDL:inst1"
Info: Elaborating entity "BufferTriState" for hierarchy "BufferTriState:inst4"
Warning: Output pin "OUT0" driven by bidirectional pin "BIDIR_OUT0" not tri-stated
Warning: Output pin "OUT1" driven by bidirectional pin "BIDIR_OUT1" not tri-stated
Warning: Output pin "OUT2" driven by bidirectional pin "BIDIR_OUT2" not tri-stated
Info: Implemented 17 device resources after synthesis - the final resource count might be different
    Info: Implemented 4 input pins
    Info: Implemented 3 output pins
    Info: Implemented 3 bidirectional pins
    Info: Implemented 7 macrocells
Info: Quartus II Analysis & Synthesis was successful. 0 errors, 3 warnings
    Info: Allocated 132 megabytes of memory during processing
    Info: Processing ended: Fri Jun 13 19:54:09 2008
    Info: Elapsed time: 00:00:02


