Fitter report for TriState_Buffer
Fri Jun 13 19:54:11 2008
Quartus II Version 6.1 Build 201 11/27/2006 SJ Web Edition


---------------------
; Table of Contents ;
---------------------
  1. Legal Notice
  2. Fitter Summary
  3. Fitter Settings
  4. Pin-Out File
  5. Fitter Resource Usage Summary
  6. Input Pins
  7. Output Pins
  8. Bidir Pins
  9. All Package Pins
 10. Output Pin Default Load For Reported TCO
 11. Fitter Resource Utilization by Entity
 12. Non-Global High Fan-Out Signals
 13. Interconnect Usage Summary
 14. LAB Macrocells
 15. Logic Cell Interconnection
 16. Fitter Device Options
 17. Fitter Messages



----------------
; Legal Notice ;
----------------
Copyright (C) 1991-2006 Altera Corporation
Your use of Altera Corporation's design tools, logic functions 
and other software and tools, and its AMPP partner logic 
functions, and any output files from any of the foregoing 
(including device programming or simulation files), and any 
associated documentation or information are expressly subject 
to the terms and conditions of the Altera Program License 
Subscription Agreement, Altera MegaCore Function License 
Agreement, or other applicable license agreement, including, 
without limitation, that your use is for the sole purpose of 
programming logic devices manufactured by Altera and sold by 
Altera or its authorized distributors.  Please refer to the 
applicable agreement for further details.



+-----------------------------------------------------------------+
; Fitter Summary                                                  ;
+-----------------------+-----------------------------------------+
; Fitter Status         ; Successful - Fri Jun 13 19:54:11 2008   ;
; Quartus II Version    ; 6.1 Build 201 11/27/2006 SJ Web Edition ;
; Revision Name         ; TriState_Buffer                         ;
; Top-level Entity Name ; TriState_Buffer                         ;
; Family                ; MAX7000AE                               ;
; Device                ; EPM7032AELC44-10                        ;
; Timing Models         ; Final                                   ;
; Total macrocells      ; 7 / 32 ( 22 % )                         ;
; Total pins            ; 14 / 36 ( 39 % )                        ;
+-----------------------+-----------------------------------------+


+-----------------------------------------------------------------------+
; Fitter Settings                                                       ;
+--------------------------------------------+----------+---------------+
; Option                                     ; Setting  ; Default Value ;
+--------------------------------------------+----------+---------------+
; Device                                     ; AUTO     ;               ;
; Optimize IOC Register Placement for Timing ; On       ; On            ;
; Limit to One Fitting Attempt               ; Off      ; Off           ;
; Fitter Initial Placement Seed              ; 1        ; 1             ;
; Slow Slew Rate                             ; Off      ; Off           ;
; Fitter Effort                              ; Auto Fit ; Auto Fit      ;
; Use smart compilation                      ; Off      ; Off           ;
+--------------------------------------------+----------+---------------+


+--------------+
; Pin-Out File ;
+--------------+
The pin-out file can be found in C:/Documents and Settings/Matteo/Desktop/Esempi QUARTUS/TriState_Buffer/TriState_Buffer.pin.


+------------------------------------------------------+
; Fitter Resource Usage Summary                        ;
+-----------------------------------+------------------+
; Resource                          ; Usage            ;
+-----------------------------------+------------------+
; Logic cells                       ; 7 / 32 ( 22 % )  ;
; Registers                         ; 0 / 32 ( 0 % )   ;
; Number of pterms used             ; 16               ;
; User inserted logic elements      ; 0                ;
; I/O pins                          ; 14 / 36 ( 39 % ) ;
;     -- Clock pins                 ; 0 / 2 ( 0 % )    ;
;     -- Dedicated input pins       ; 0 / 2 ( 0 % )    ;
; Global signals                    ; 0                ;
; Shareable expanders               ; 0 / 32 ( 0 % )   ;
; Parallel expanders                ; 0 / 30 ( 0 % )   ;
; Cells using turbo bit             ; 7 / 32 ( 22 % )  ;
; Maximum fan-out node              ; OE0              ;
; Maximum fan-out                   ; 4                ;
; Highest non-global fan-out signal ; OE0              ;
; Highest non-global fan-out        ; 4                ;
; Total fan-out                     ; 26               ;
; Average fan-out                   ; 1.24             ;
+-----------------------------------+------------------+


+------------------------------------------------------------------------------------------------------------------------------------------------------------+
; Input Pins                                                                                                                                                 ;
+------+-------+----------+-----+-----------------------+--------------------+--------+----------------+---------------+--------------+----------------------+
; Name ; Pin # ; I/O Bank ; LAB ; Combinational Fan-Out ; Registered Fan-Out ; Global ; Input Register ; Power Up High ; I/O Standard ; Location assigned by ;
+------+-------+----------+-----+-----------------------+--------------------+--------+----------------+---------------+--------------+----------------------+
; IN0  ; 21    ; --       ; 1   ; 3                     ; 0                  ; no     ; no             ; no            ; 3.3-V LVTTL  ; Fitter               ;
; IN1  ; 16    ; --       ; 1   ; 3                     ; 0                  ; no     ; no             ; no            ; 3.3-V LVTTL  ; Fitter               ;
; OE0  ; 28    ; --       ; 2   ; 4                     ; 0                  ; no     ; no             ; no            ; 3.3-V LVTTL  ; Fitter               ;
; OE1  ; 33    ; --       ; 2   ; 4                     ; 0                  ; no     ; no             ; no            ; 3.3-V LVTTL  ; Fitter               ;
+------+-------+----------+-----+-----------------------+--------------------+--------+----------------+---------------+--------------+----------------------+


+-------------------------------------------------------------------------------------------------------------------------------------------------------------+
; Output Pins                                                                                                                                                 ;
+------+-------+----------+-----+-----------------+---------------+----------------+------------+---------------+--------------+----------------------+-------+
; Name ; Pin # ; I/O Bank ; LAB ; Output Register ; Power Up High ; Slow Slew Rate ; Open Drain ; TRI Primitive ; I/O Standard ; Location assigned by ; Load  ;
+------+-------+----------+-----+-----------------+---------------+----------------+------------+---------------+--------------+----------------------+-------+
; OUT0 ; 9     ; --       ; 1   ; no              ; no            ; no             ; no         ; no            ; 3.3-V LVTTL  ; Fitter               ; 10 pF ;
; OUT1 ; 8     ; --       ; 1   ; no              ; no            ; no             ; no         ; no            ; 3.3-V LVTTL  ; Fitter               ; 10 pF ;
; OUT2 ; 11    ; --       ; 1   ; no              ; no            ; no             ; no         ; no            ; 3.3-V LVTTL  ; Fitter               ; 10 pF ;
+------+-------+----------+-----+-----------------+---------------+----------------+------------+---------------+--------------+----------------------+-------+


+--------------------------------------------------------------------------------------------------------------------------------------------------------------------------------------------------------------------------+
; Bidir Pins                                                                                                                                                                                                               ;
+------------+-------+----------+-----+-----------------------+--------------------+--------+----------------+-----------------+---------------+----------------+------------+--------------+----------------------+-------+
; Name       ; Pin # ; I/O Bank ; LAB ; Combinational Fan-Out ; Registered Fan-Out ; Global ; Input Register ; Output Register ; Power Up High ; Slow Slew Rate ; Open Drain ; I/O Standard ; Location assigned by ; Load  ;
+------------+-------+----------+-----+-----------------------+--------------------+--------+----------------+-----------------+---------------+----------------+------------+--------------+----------------------+-------+
; BIDIR_OUT0 ; 4     ; --       ; 1   ; 1                     ; 0                  ; no     ; no             ; no              ; no            ; no             ; no         ; 3.3-V LVTTL  ; Fitter               ; 10 pF ;
; BIDIR_OUT1 ; 5     ; --       ; 1   ; 1                     ; 0                  ; no     ; no             ; no              ; no            ; no             ; no         ; 3.3-V LVTTL  ; Fitter               ; 10 pF ;
; BIDIR_OUT2 ; 6     ; --       ; 1   ; 1                     ; 0                  ; no     ; no             ; no              ; no            ; no             ; no         ; 3.3-V LVTTL  ; Fitter               ; 10 pF ;
+------------+-------+----------+-----+-----------------------+--------------------+--------+----------------+-----------------+---------------+----------------+------------+--------------+----------------------+-------+


+-------------------------------------------------------------------------------------------------------+
; All Package Pins                                                                                      ;
+----------+------------+----------+----------------+--------+--------------+---------+-----------------+
; Location ; Pad Number ; I/O Bank ; Pin Name/Usage ; Dir.   ; I/O Standard ; Voltage ; User Assignment ;
+----------+------------+----------+----------------+--------+--------------+---------+-----------------+
; 1        ; 0          ; --       ; GND+           ;        ;              ;         ;                 ;
; 2        ; 1          ; --       ; GND+           ;        ;              ;         ;                 ;
; 3        ; 2          ; --       ; VCCINT         ; power  ;              ; 3.3V    ;                 ;
; 4        ; 3          ; --       ; BIDIR_OUT0     ; bidir  ; 3.3-V LVTTL  ;         ; N               ;
; 5        ; 4          ; --       ; BIDIR_OUT1     ; bidir  ; 3.3-V LVTTL  ;         ; N               ;
; 6        ; 5          ; --       ; BIDIR_OUT2     ; bidir  ; 3.3-V LVTTL  ;         ; N               ;
; 7        ; 6          ; --       ; TDI            ; input  ; 3.3-V LVTTL  ;         ; N               ;
; 8        ; 7          ; --       ; OUT1           ; output ; 3.3-V LVTTL  ;         ; N               ;
; 9        ; 8          ; --       ; OUT0           ; output ; 3.3-V LVTTL  ;         ; N               ;
; 10       ; 9          ; --       ; GND            ; gnd    ;              ;         ;                 ;
; 11       ; 10         ; --       ; OUT2           ; output ; 3.3-V LVTTL  ;         ; N               ;
; 12       ; 11         ; --       ; GND*           ;        ;              ;         ;                 ;
; 13       ; 12         ; --       ; TMS            ; input  ; 3.3-V LVTTL  ;         ; N               ;
; 14       ; 13         ; --       ; GND*           ;        ;              ;         ;                 ;
; 15       ; 14         ; --       ; VCCIO          ; power  ;              ; 3.3V    ;                 ;
; 16       ; 15         ; --       ; IN1            ; input  ; 3.3-V LVTTL  ;         ; N               ;
; 17       ; 16         ; --       ; GND*           ;        ;              ;         ;                 ;
; 18       ; 17         ; --       ; GND*           ;        ;              ;         ;                 ;
; 19       ; 18         ; --       ; GND*           ;        ;              ;         ;                 ;
; 20       ; 19         ; --       ; GND*           ;        ;              ;         ;                 ;
; 21       ; 20         ; --       ; IN0            ; input  ; 3.3-V LVTTL  ;         ; N               ;
; 22       ; 21         ; --       ; GND            ; gnd    ;              ;         ;                 ;
; 23       ; 22         ; --       ; VCCINT         ; power  ;              ; 3.3V    ;                 ;
; 24       ; 23         ; --       ; GND*           ;        ;              ;         ;                 ;
; 25       ; 24         ; --       ; GND*           ;        ;              ;         ;                 ;
; 26       ; 25         ; --       ; GND*           ;        ;              ;         ;                 ;
; 27       ; 26         ; --       ; GND*           ;        ;              ;         ;                 ;
; 28       ; 27         ; --       ; OE0            ; input  ; 3.3-V LVTTL  ;         ; N               ;
; 29       ; 28         ; --       ; GND*           ;        ;              ;         ;                 ;
; 30       ; 29         ; --       ; GND            ; gnd    ;              ;         ;                 ;
; 31       ; 30         ; --       ; GND*           ;        ;              ;         ;                 ;
; 32       ; 31         ; --       ; TCK            ; input  ; 3.3-V LVTTL  ;         ; N               ;
; 33       ; 32         ; --       ; OE1            ; input  ; 3.3-V LVTTL  ;         ; N               ;
; 34       ; 33         ; --       ; GND*           ;        ;              ;         ;                 ;
; 35       ; 34         ; --       ; VCCIO          ; power  ;              ; 3.3V    ;                 ;
; 36       ; 35         ; --       ; GND*           ;        ;              ;         ;                 ;
; 37       ; 36         ; --       ; GND*           ;        ;              ;         ;                 ;
; 38       ; 37         ; --       ; TDO            ; output ; 3.3-V LVTTL  ;         ; N               ;
; 39       ; 38         ; --       ; GND*           ;        ;              ;         ;                 ;
; 40       ; 39         ; --       ; GND*           ;        ;              ;         ;                 ;
; 41       ; 40         ; --       ; GND*           ;        ;              ;         ;                 ;
; 42       ; 41         ; --       ; GND            ; gnd    ;              ;         ;                 ;
; 43       ; 42         ; --       ; GND+           ;        ;              ;         ;                 ;
; 44       ; 43         ; --       ; GND+           ;        ;              ;         ;                 ;
+----------+------------+----------+----------------+--------+--------------+---------+-----------------+


+-----------------------------------------------+
; Output Pin Default Load For Reported TCO      ;
+--------------+-------+------------------------+
; I/O Standard ; Load  ; Termination Resistance ;
+--------------+-------+------------------------+
; 3.3-V LVTTL  ; 10 pF ; Not Available          ;
; 3.3-V LVCMOS ; 10 pF ; Not Available          ;
; 3.3-V PCI    ; 10 pF ; 25 Ohm (Parallel)      ;
; 2.5 V        ; 10 pF ; Not Available          ;
+--------------+-------+------------------------+
Note: User assignments will override these defaults. The user specified values are listed in the Output Pins and Bidir Pins tables.


+----------------------------------------------------------------------------------+
; Fitter Resource Utilization by Entity                                            ;
+----------------------------+------------+------+---------------------------------+
; Compilation Hierarchy Node ; Macrocells ; Pins ; Full Hierarchy Name             ;
+----------------------------+------------+------+---------------------------------+
; |TriState_Buffer           ; 7          ; 14   ; |TriState_Buffer                ;
;    |TRI_AHDL:inst1|        ; 3          ; 0    ; |TriState_Buffer|TRI_AHDL:inst1 ;
+----------------------------+------------+------+---------------------------------+


+-----------------------------------------+
; Non-Global High Fan-Out Signals         ;
+-------------------------------+---------+
; Name                          ; Fan-Out ;
+-------------------------------+---------+
; OE1                           ; 4       ;
; OE0                           ; 4       ;
; IN1                           ; 3       ;
; IN0                           ; 3       ;
; inst~8                        ; 3       ;
; BIDIR_OUT2~0                  ; 1       ;
; BIDIR_OUT1~0                  ; 1       ;
; BIDIR_OUT0~0                  ; 1       ;
; BIDIR_OUT2~7                  ; 1       ;
; BIDIR_OUT0~7                  ; 1       ;
; BIDIR_OUT1~7                  ; 1       ;
; TRI_AHDL:inst1|MIOTRISTATE~47 ; 1       ;
; TRI_AHDL:inst1|MIOTRISTATE~42 ; 1       ;
; TRI_AHDL:inst1|MIOTRISTATE~37 ; 1       ;
+-------------------------------+---------+


+----------------------------------------------+
; Interconnect Usage Summary                   ;
+----------------------------+-----------------+
; Interconnect Resource Type ; Usage           ;
+----------------------------+-----------------+
; Output enables             ; 1 / 6 ( 17 % )  ;
; PIA buffers                ; 7 / 72 ( 10 % ) ;
+----------------------------+-----------------+


+----------------------------------------------------------------------+
; LAB Macrocells                                                       ;
+----------------------------------------+-----------------------------+
; Number of Macrocells  (Average = 3.50) ; Number of LABs  (Total = 1) ;
+----------------------------------------+-----------------------------+
; 0                                      ; 1                           ;
; 1                                      ; 0                           ;
; 2                                      ; 0                           ;
; 3                                      ; 0                           ;
; 4                                      ; 0                           ;
; 5                                      ; 0                           ;
; 6                                      ; 0                           ;
; 7                                      ; 1                           ;
+----------------------------------------+-----------------------------+


+----------------------------------------------------------------------------+
; Logic Cell Interconnection                                                 ;
+-----+------------+--------------------+------------------------------------+
; LAB ; Logic Cell ; Input              ; Output                             ;
+-----+------------+--------------------+------------------------------------+
;  A  ; LC1        ; OE1, OE0, IN0, IN1 ; BIDIR_OUT0                         ;
;  A  ; LC8        ; OE1, OE0           ; BIDIR_OUT0, BIDIR_OUT1, BIDIR_OUT2 ;
;  A  ; LC2        ; OE1, OE0, IN0, IN1 ; BIDIR_OUT1                         ;
;  A  ; LC3        ; OE1, OE0, IN0, IN1 ; BIDIR_OUT2                         ;
;  A  ; LC5        ; BIDIR_OUT1         ; OUT1                               ;
;  A  ; LC6        ; BIDIR_OUT0         ; OUT0                               ;
;  A  ; LC7        ; BIDIR_OUT2         ; OUT2                               ;
+-----+------------+--------------------+------------------------------------+


+-------------------------------------------------------------------------+
; Fitter Device Options                                                   ;
+----------------------------------------------+--------------------------+
; Option                                       ; Setting                  ;
+----------------------------------------------+--------------------------+
; Enable user-supplied start-up clock (CLKUSR) ; Off                      ;
; Enable device-wide reset (DEV_CLRn)          ; Off                      ;
; Enable device-wide output enable (DEV_OE)    ; Off                      ;
; Enable INIT_DONE output                      ; Off                      ;
; Configuration scheme                         ; Passive Serial           ;
; Reserve all unused pins                      ; As output driving ground ;
; Security bit                                 ; Off                      ;
; Base pin-out file on sameframe device        ; Off                      ;
+----------------------------------------------+--------------------------+


+-----------------+
; Fitter Messages ;
+-----------------+
Info: *******************************************************************
Info: Running Quartus II Fitter
    Info: Version 6.1 Build 201 11/27/2006 SJ Web Edition
    Info: Processing started: Fri Jun 13 19:54:10 2008
Info: Command: quartus_fit --read_settings_files=off --write_settings_files=off TriState_Buffer -c TriState_Buffer
Info: Automatically selected device EPM7032AELC44-10 for design TriState_Buffer
Info: Quartus II Fitter was successful. 0 errors, 0 warnings
    Info: Allocated 124 megabytes of memory during processing
    Info: Processing ended: Fri Jun 13 19:54:11 2008
    Info: Elapsed time: 00:00:01


