Simulator report for TriState_Buffer
Fri Jun 13 19:41:35 2008
Quartus II Version 6.1 Build 201 11/27/2006 SJ Web Edition


---------------------
; Table of Contents ;
---------------------
  1. Legal Notice
  2. Simulator Summary
  3. Simulator Settings
  4. Simulation Waveforms
  5. Coverage Summary
  6. Complete 1/0-Value Coverage
  7. Missing 1-Value Coverage
  8. Missing 0-Value Coverage
  9. Simulator INI Usage
 10. Simulator Messages



----------------
; Legal Notice ;
----------------
Copyright (C) 1991-2006 Altera Corporation
Your use of Altera Corporation's design tools, logic functions 
and other software and tools, and its AMPP partner logic 
functions, and any output files from any of the foregoing 
(including device programming or simulation files), and any 
associated documentation or information are expressly subject 
to the terms and conditions of the Altera Program License 
Subscription Agreement, Altera MegaCore Function License 
Agreement, or other applicable license agreement, including, 
without limitation, that your use is for the sole purpose of 
programming logic devices manufactured by Altera and sold by 
Altera or its authorized distributors.  Please refer to the 
applicable agreement for further details.



+--------------------------------------------+
; Simulator Summary                          ;
+-----------------------------+--------------+
; Type                        ; Value        ;
+-----------------------------+--------------+
; Simulation Start Time       ; 0 ps         ;
; Simulation End Time         ; 1.0 us       ;
; Simulation Netlist Size     ; 19 nodes     ;
; Simulation Coverage         ;      86.36 % ;
; Total Number of Transitions ; 2367         ;
; Simulation Breakpoints      ; 0            ;
; Family                      ; MAX7000AE    ;
+-----------------------------+--------------+


+-------------------------------------------------------------------------------------------------------------------------+
; Simulator Settings                                                                                                      ;
+--------------------------------------------------------------------------------------------+------------+---------------+
; Option                                                                                     ; Setting    ; Default Value ;
+--------------------------------------------------------------------------------------------+------------+---------------+
; Simulation mode                                                                            ; Functional ; Timing        ;
; Start time                                                                                 ; 0 ns       ; 0 ns          ;
; Simulation results format                                                                  ; CVWF       ;               ;
; Add pins automatically to simulation output waveforms                                      ; On         ; On            ;
; Check outputs                                                                              ; Off        ; Off           ;
; Report simulation coverage                                                                 ; On         ; On            ;
; Display complete 1/0 value coverage report                                                 ; On         ; On            ;
; Display missing 1-value coverage report                                                    ; On         ; On            ;
; Display missing 0-value coverage report                                                    ; On         ; On            ;
; Detect setup and hold time violations                                                      ; Off        ; Off           ;
; Detect glitches                                                                            ; Off        ; Off           ;
; Disable timing delays in Timing Simulation                                                 ; Off        ; Off           ;
; Generate Signal Activity File                                                              ; Off        ; Off           ;
; Generate VCD File for PowerPlay Power Analyzer                                             ; Off        ; Off           ;
; Group bus channels in simulation results                                                   ; Off        ; Off           ;
; Preserve fewer signal transitions to reduce memory requirements                            ; On         ; On            ;
; Trigger vector comparison with the specified mode                                          ; INPUT_EDGE ; INPUT_EDGE    ;
; Disable setup and hold time violations detection in input registers of bi-directional pins ; Off        ; Off           ;
; Overwrite Waveform Inputs With Simulation Outputs                                          ; On         ;               ;
; Glitch Filtering                                                                           ; Off        ; Off           ;
+--------------------------------------------------------------------------------------------+------------+---------------+


+----------------------+
; Simulation Waveforms ;
+----------------------+
Waveform report data cannot be output to ASCII.
Please use Quartus II to view the waveform report data.


+--------------------------------------------------------------------+
; Coverage Summary                                                   ;
+-----------------------------------------------------+--------------+
; Type                                                ; Value        ;
+-----------------------------------------------------+--------------+
; Total coverage as a percentage                      ;      86.36 % ;
; Total nodes checked                                 ; 19           ;
; Total output ports checked                          ; 22           ;
; Total output ports with complete 1/0-value coverage ; 19           ;
; Total output ports with no 1/0-value coverage       ; 3            ;
; Total output ports with no 1-value coverage         ; 3            ;
; Total output ports with no 0-value coverage         ; 3            ;
+-----------------------------------------------------+--------------+


The following table displays output ports that toggle between 1 and 0 during simulation.
+----------------------------------------------------------------------------------------------------------------+
; Complete 1/0-Value Coverage                                                                                    ;
+----------------------------------------------+----------------------------------------------+------------------+
; Node Name                                    ; Output Port Name                             ; Output Port Type ;
+----------------------------------------------+----------------------------------------------+------------------+
; |TriState_Buffer|OUT0                        ; |TriState_Buffer|OUT0                        ; pin_out          ;
; |TriState_Buffer|BIDIR_OUT0                  ; |TriState_Buffer|BIDIR_OUT0~result           ; pin_out          ;
; |TriState_Buffer|BIDIR_OUT0~0                ; |TriState_Buffer|BIDIR_OUT0~0                ; out0             ;
; |TriState_Buffer|OUT1                        ; |TriState_Buffer|OUT1                        ; pin_out          ;
; |TriState_Buffer|BIDIR_OUT1                  ; |TriState_Buffer|BIDIR_OUT1~result           ; pin_out          ;
; |TriState_Buffer|BIDIR_OUT1~0                ; |TriState_Buffer|BIDIR_OUT1~0                ; out0             ;
; |TriState_Buffer|OUT2                        ; |TriState_Buffer|OUT2                        ; pin_out          ;
; |TriState_Buffer|BIDIR_OUT2                  ; |TriState_Buffer|BIDIR_OUT2~result           ; pin_out          ;
; |TriState_Buffer|BIDIR_OUT2~0                ; |TriState_Buffer|BIDIR_OUT2~0                ; out0             ;
; |TriState_Buffer|inst                        ; |TriState_Buffer|inst                        ; out              ;
; |TriState_Buffer|IN0                         ; |TriState_Buffer|IN0                         ; out              ;
; |TriState_Buffer|OE0                         ; |TriState_Buffer|OE0                         ; out              ;
; |TriState_Buffer|inst2                       ; |TriState_Buffer|inst2                       ; out              ;
; |TriState_Buffer|IN1                         ; |TriState_Buffer|IN1                         ; out              ;
; |TriState_Buffer|OE1                         ; |TriState_Buffer|OE1                         ; out              ;
; |TriState_Buffer|BufferTriState:inst4|comb~0 ; |TriState_Buffer|BufferTriState:inst4|comb~0 ; out              ;
; |TriState_Buffer|BufferTriState:inst4|comb~1 ; |TriState_Buffer|BufferTriState:inst4|comb~1 ; out              ;
; |TriState_Buffer|TRI_AHDL:inst1|MIOTRISTATE  ; |TriState_Buffer|TRI_AHDL:inst1|MIOTRISTATE  ; out              ;
; |TriState_Buffer|TRI_AHDL:inst1|$00000       ; |TriState_Buffer|TRI_AHDL:inst1|$00000       ; out              ;
+----------------------------------------------+----------------------------------------------+------------------+


The following table displays output ports that do not toggle to 1 during simulation.
+------------------------------------------------------------------------------+
; Missing 1-Value Coverage                                                     ;
+-----------------------------+-----------------------------+------------------+
; Node Name                   ; Output Port Name            ; Output Port Type ;
+-----------------------------+-----------------------------+------------------+
; |TriState_Buffer|BIDIR_OUT0 ; |TriState_Buffer|BIDIR_OUT0 ; out              ;
; |TriState_Buffer|BIDIR_OUT1 ; |TriState_Buffer|BIDIR_OUT1 ; out              ;
; |TriState_Buffer|BIDIR_OUT2 ; |TriState_Buffer|BIDIR_OUT2 ; out              ;
+-----------------------------+-----------------------------+------------------+


The following table displays output ports that do not toggle to 0 during simulation.
+------------------------------------------------------------------------------+
; Missing 0-Value Coverage                                                     ;
+-----------------------------+-----------------------------+------------------+
; Node Name                   ; Output Port Name            ; Output Port Type ;
+-----------------------------+-----------------------------+------------------+
; |TriState_Buffer|BIDIR_OUT0 ; |TriState_Buffer|BIDIR_OUT0 ; out              ;
; |TriState_Buffer|BIDIR_OUT1 ; |TriState_Buffer|BIDIR_OUT1 ; out              ;
; |TriState_Buffer|BIDIR_OUT2 ; |TriState_Buffer|BIDIR_OUT2 ; out              ;
+-----------------------------+-----------------------------+------------------+


+---------------------+
; Simulator INI Usage ;
+--------+------------+
; Option ; Usage      ;
+--------+------------+


+--------------------+
; Simulator Messages ;
+--------------------+
Info: *******************************************************************
Info: Running Quartus II Simulator
    Info: Version 6.1 Build 201 11/27/2006 SJ Web Edition
    Info: Processing started: Fri Jun 13 19:41:34 2008
Info: Command: quartus_sim --read_settings_files=on --write_settings_files=off TriState_Buffer -c TriState_Buffer
Info: Using vector source file "C:/Documents and Settings/Matteo/Desktop/Esempi QUARTUS/TriState_Buffer/TriState_Buffer.vwf"
Info: Overwriting simulation input file with simulation results
    Info: A backup of TriState_Buffer.vwf called TriState_Buffer.sim_ori.vwf has been created in the db folder
Info: Option to preserve fewer signal transitions to reduce memory requirements is enabled
    Info: Simulation has been partitioned into sub-simulations according to the maximum transition count determined by the engine. Transitions from memory will be flushed out to disk at the end of each sub-simulation to reduce memory requirements.
Warning: Found logic contention at time 25.5 ns on bus node "|TriState_Buffer|BIDIR_OUT0~0"
    Info: Node "BIDIR_OUT0" has logic level of Z
    Info: Node "inst" has logic level of 1
    Info: Node "inst2" has logic level of 0
Warning: Found logic contention at time 25.5 ns on bus node "|TriState_Buffer|BIDIR_OUT2~0"
    Info: Node "BIDIR_OUT2" has logic level of Z
    Info: Node "BufferTriState:inst4|comb~0" has logic level of 0
    Info: Node "BufferTriState:inst4|comb~1" has logic level of 1
Warning: Found logic contention at time 25.5 ns on bus node "|TriState_Buffer|BIDIR_OUT1~0"
    Info: Node "BIDIR_OUT1" has logic level of Z
    Info: Node "TRI_AHDL:inst1|MIOTRISTATE" has logic level of 1
    Info: Node "TRI_AHDL:inst1|$00000" has logic level of 0
Warning: Found logic contention at time 42.5 ns on bus node "|TriState_Buffer|BIDIR_OUT0~0"
    Info: Node "BIDIR_OUT0" has logic level of Z
    Info: Node "inst" has logic level of 1
    Info: Node "inst2" has logic level of 0
Warning: Found logic contention at time 42.5 ns on bus node "|TriState_Buffer|BIDIR_OUT2~0"
    Info: Node "BIDIR_OUT2" has logic level of Z
    Info: Node "BufferTriState:inst4|comb~0" has logic level of 0
    Info: Node "BufferTriState:inst4|comb~1" has logic level of 1
Warning: Found logic contention at time 42.5 ns on bus node "|TriState_Buffer|BIDIR_OUT1~0"
    Info: Node "BIDIR_OUT1" has logic level of Z
    Info: Node "TRI_AHDL:inst1|MIOTRISTATE" has logic level of 1
    Info: Node "TRI_AHDL:inst1|$00000" has logic level of 0
Warning: Found logic contention at time 50.0 ns on bus node "|TriState_Buffer|BIDIR_OUT0~0"
    Info: Node "BIDIR_OUT0" has logic level of Z
    Info: Node "inst" has logic level of 0
    Info: Node "inst2" has logic level of 1
Warning: Found logic contention at time 50.0 ns on bus node "|TriState_Buffer|BIDIR_OUT2~0"
    Info: Node "BIDIR_OUT2" has logic level of Z
    Info: Node "BufferTriState:inst4|comb~0" has logic level of 1
    Info: Node "BufferTriState:inst4|comb~1" has logic level of 0
Warning: Found logic contention at time 50.0 ns on bus node "|TriState_Buffer|BIDIR_OUT1~0"
    Info: Node "BIDIR_OUT1" has logic level of Z
    Info: Node "TRI_AHDL:inst1|MIOTRISTATE" has logic level of 0
    Info: Node "TRI_AHDL:inst1|$00000" has logic level of 1
Warning: Found logic contention at time 50.0 ns on bus node "|TriState_Buffer|BIDIR_OUT0~0"
    Info: Node "BIDIR_OUT0" has logic level of Z
    Info: Node "inst" has logic level of 0
    Info: Node "inst2" has logic level of 1
Warning: Found logic contention at time 50.0 ns on bus node "|TriState_Buffer|BIDIR_OUT2~0"
    Info: Node "BIDIR_OUT2" has logic level of Z
    Info: Node "BufferTriState:inst4|comb~0" has logic level of 1
    Info: Node "BufferTriState:inst4|comb~1" has logic level of 0
Warning: Found logic contention at time 50.0 ns on bus node "|TriState_Buffer|BIDIR_OUT1~0"
    Info: Node "BIDIR_OUT1" has logic level of Z
    Info: Node "TRI_AHDL:inst1|MIOTRISTATE" has logic level of 0
    Info: Node "TRI_AHDL:inst1|$00000" has logic level of 1
Warning: Found logic contention at time 67.5 ns on bus node "|TriState_Buffer|BIDIR_OUT0~0"
    Info: Node "BIDIR_OUT0" has logic level of Z
    Info: Node "inst" has logic level of 0
    Info: Node "inst2" has logic level of 1
Warning: Found logic contention at time 67.5 ns on bus node "|TriState_Buffer|BIDIR_OUT2~0"
    Info: Node "BIDIR_OUT2" has logic level of Z
    Info: Node "BufferTriState:inst4|comb~0" has logic level of 1
    Info: Node "BufferTriState:inst4|comb~1" has logic level of 0
Warning: Found logic contention at time 67.5 ns on bus node "|TriState_Buffer|BIDIR_OUT1~0"
    Info: Node "BIDIR_OUT1" has logic level of Z
    Info: Node "TRI_AHDL:inst1|MIOTRISTATE" has logic level of 0
    Info: Node "TRI_AHDL:inst1|$00000" has logic level of 1
Warning: Found logic contention at time 127.5 ns on bus node "|TriState_Buffer|BIDIR_OUT0~0"
    Info: Node "BIDIR_OUT0" has logic level of Z
    Info: Node "inst" has logic level of 1
    Info: Node "inst2" has logic level of 0
Warning: Found logic contention at time 127.5 ns on bus node "|TriState_Buffer|BIDIR_OUT2~0"
    Info: Node "BIDIR_OUT2" has logic level of Z
    Info: Node "BufferTriState:inst4|comb~0" has logic level of 0
    Info: Node "BufferTriState:inst4|comb~1" has logic level of 1
Warning: Found logic contention at time 127.5 ns on bus node "|TriState_Buffer|BIDIR_OUT1~0"
    Info: Node "BIDIR_OUT1" has logic level of Z
    Info: Node "TRI_AHDL:inst1|MIOTRISTATE" has logic level of 1
    Info: Node "TRI_AHDL:inst1|$00000" has logic level of 0
Warning: Found logic contention at time 148.5 ns on bus node "|TriState_Buffer|BIDIR_OUT0~0"
    Info: Node "BIDIR_OUT0" has logic level of Z
    Info: Node "inst" has logic level of 1
    Info: Node "inst2" has logic level of 0
Warning: Found logic contention at time 148.5 ns on bus node "|TriState_Buffer|BIDIR_OUT2~0"
    Info: Node "BIDIR_OUT2" has logic level of Z
    Info: Node "BufferTriState:inst4|comb~0" has logic level of 0
    Info: Node "BufferTriState:inst4|comb~1" has logic level of 1
Warning: Found logic contention at time 148.5 ns on bus node "|TriState_Buffer|BIDIR_OUT1~0"
    Info: Node "BIDIR_OUT1" has logic level of Z
    Info: Node "TRI_AHDL:inst1|MIOTRISTATE" has logic level of 1
    Info: Node "TRI_AHDL:inst1|$00000" has logic level of 0
Warning: Found logic contention at time 150.0 ns on bus node "|TriState_Buffer|BIDIR_OUT0~0"
    Info: Node "BIDIR_OUT0" has logic level of Z
    Info: Node "inst" has logic level of 0
    Info: Node "inst2" has logic level of 1
Warning: Found logic contention at time 150.0 ns on bus node "|TriState_Buffer|BIDIR_OUT2~0"
    Info: Node "BIDIR_OUT2" has logic level of Z
    Info: Node "BufferTriState:inst4|comb~0" has logic level of 1
    Info: Node "BufferTriState:inst4|comb~1" has logic level of 0
Warning: Found logic contention at time 150.0 ns on bus node "|TriState_Buffer|BIDIR_OUT1~0"
    Info: Node "BIDIR_OUT1" has logic level of Z
    Info: Node "TRI_AHDL:inst1|MIOTRISTATE" has logic level of 0
    Info: Node "TRI_AHDL:inst1|$00000" has logic level of 1
Warning: Found logic contention at time 150.0 ns on bus node "|TriState_Buffer|BIDIR_OUT0~0"
    Info: Node "BIDIR_OUT0" has logic level of Z
    Info: Node "inst" has logic level of 0
    Info: Node "inst2" has logic level of 1
Warning: Found logic contention at time 150.0 ns on bus node "|TriState_Buffer|BIDIR_OUT2~0"
    Info: Node "BIDIR_OUT2" has logic level of Z
    Info: Node "BufferTriState:inst4|comb~0" has logic level of 1
    Info: Node "BufferTriState:inst4|comb~1" has logic level of 0
Warning: Found logic contention at time 150.0 ns on bus node "|TriState_Buffer|BIDIR_OUT1~0"
    Info: Node "BIDIR_OUT1" has logic level of Z
    Info: Node "TRI_AHDL:inst1|MIOTRISTATE" has logic level of 0
    Info: Node "TRI_AHDL:inst1|$00000" has logic level of 1
Warning: Found logic contention at time 161.5 ns on bus node "|TriState_Buffer|BIDIR_OUT0~0"
    Info: Node "BIDIR_OUT0" has logic level of Z
    Info: Node "inst" has logic level of 0
    Info: Node "inst2" has logic level of 1
Warning: Found logic contention at time 161.5 ns on bus node "|TriState_Buffer|BIDIR_OUT2~0"
    Info: Node "BIDIR_OUT2" has logic level of Z
    Info: Node "BufferTriState:inst4|comb~0" has logic level of 1
    Info: Node "BufferTriState:inst4|comb~1" has logic level of 0
Warning: Found logic contention at time 161.5 ns on bus node "|TriState_Buffer|BIDIR_OUT1~0"
    Info: Node "BIDIR_OUT1" has logic level of Z
    Info: Node "TRI_AHDL:inst1|MIOTRISTATE" has logic level of 0
    Info: Node "TRI_AHDL:inst1|$00000" has logic level of 1
Warning: Found logic contention at time 229.5 ns on bus node "|TriState_Buffer|BIDIR_OUT0~0"
    Info: Node "BIDIR_OUT0" has logic level of Z
    Info: Node "inst" has logic level of 1
    Info: Node "inst2" has logic level of 0
Warning: Found logic contention at time 229.5 ns on bus node "|TriState_Buffer|BIDIR_OUT2~0"
    Info: Node "BIDIR_OUT2" has logic level of Z
    Info: Node "BufferTriState:inst4|comb~0" has logic level of 0
    Info: Node "BufferTriState:inst4|comb~1" has logic level of 1
Warning: Found logic contention at time 229.5 ns on bus node "|TriState_Buffer|BIDIR_OUT1~0"
    Info: Node "BIDIR_OUT1" has logic level of Z
    Info: Node "TRI_AHDL:inst1|MIOTRISTATE" has logic level of 1
    Info: Node "TRI_AHDL:inst1|$00000" has logic level of 0
Warning: Found logic contention at time 229.5 ns on bus node "|TriState_Buffer|BIDIR_OUT0~0"
    Info: Node "BIDIR_OUT0" has logic level of Z
    Info: Node "inst" has logic level of 1
    Info: Node "inst2" has logic level of 0
Warning: Found logic contention at time 229.5 ns on bus node "|TriState_Buffer|BIDIR_OUT2~0"
    Info: Node "BIDIR_OUT2" has logic level of Z
    Info: Node "BufferTriState:inst4|comb~0" has logic level of 0
    Info: Node "BufferTriState:inst4|comb~1" has logic level of 1
Warning: Found logic contention at time 229.5 ns on bus node "|TriState_Buffer|BIDIR_OUT1~0"
    Info: Node "BIDIR_OUT1" has logic level of Z
    Info: Node "TRI_AHDL:inst1|MIOTRISTATE" has logic level of 1
    Info: Node "TRI_AHDL:inst1|$00000" has logic level of 0
Warning: Found logic contention at time 263.5 ns on bus node "|TriState_Buffer|BIDIR_OUT0~0"
    Info: Node "BIDIR_OUT0" has logic level of Z
    Info: Node "inst" has logic level of 0
    Info: Node "inst2" has logic level of 1
Warning: Found logic contention at time 263.5 ns on bus node "|TriState_Buffer|BIDIR_OUT2~0"
    Info: Node "BIDIR_OUT2" has logic level of Z
    Info: Node "BufferTriState:inst4|comb~0" has logic level of 1
    Info: Node "BufferTriState:inst4|comb~1" has logic level of 0
Warning: Found logic contention at time 263.5 ns on bus node "|TriState_Buffer|BIDIR_OUT1~0"
    Info: Node "BIDIR_OUT1" has logic level of Z
    Info: Node "TRI_AHDL:inst1|MIOTRISTATE" has logic level of 0
    Info: Node "TRI_AHDL:inst1|$00000" has logic level of 1
Warning: Found logic contention at time 337.5 ns on bus node "|TriState_Buffer|BIDIR_OUT0~0"
    Info: Node "BIDIR_OUT0" has logic level of Z
    Info: Node "inst" has logic level of 1
    Info: Node "inst2" has logic level of 0
Warning: Found logic contention at time 337.5 ns on bus node "|TriState_Buffer|BIDIR_OUT2~0"
    Info: Node "BIDIR_OUT2" has logic level of Z
    Info: Node "BufferTriState:inst4|comb~0" has logic level of 0
    Info: Node "BufferTriState:inst4|comb~1" has logic level of 1
Warning: Found logic contention at time 337.5 ns on bus node "|TriState_Buffer|BIDIR_OUT1~0"
    Info: Node "BIDIR_OUT1" has logic level of Z
    Info: Node "TRI_AHDL:inst1|MIOTRISTATE" has logic level of 1
    Info: Node "TRI_AHDL:inst1|$00000" has logic level of 0
Warning: Found logic contention at time 348.5 ns on bus node "|TriState_Buffer|BIDIR_OUT0~0"
    Info: Node "BIDIR_OUT0" has logic level of Z
    Info: Node "inst" has logic level of 1
    Info: Node "inst2" has logic level of 0
Warning: Found logic contention at time 348.5 ns on bus node "|TriState_Buffer|BIDIR_OUT2~0"
    Info: Node "BIDIR_OUT2" has logic level of Z
    Info: Node "BufferTriState:inst4|comb~0" has logic level of 0
    Info: Node "BufferTriState:inst4|comb~1" has logic level of 1
Warning: Found logic contention at time 348.5 ns on bus node "|TriState_Buffer|BIDIR_OUT1~0"
    Info: Node "BIDIR_OUT1" has logic level of Z
    Info: Node "TRI_AHDL:inst1|MIOTRISTATE" has logic level of 1
    Info: Node "TRI_AHDL:inst1|$00000" has logic level of 0
Warning: Found logic contention at time 350.0 ns on bus node "|TriState_Buffer|BIDIR_OUT0~0"
    Info: Node "BIDIR_OUT0" has logic level of Z
    Info: Node "inst" has logic level of 0
    Info: Node "inst2" has logic level of 1
Warning: Found logic contention at time 350.0 ns on bus node "|TriState_Buffer|BIDIR_OUT2~0"
    Info: Node "BIDIR_OUT2" has logic level of Z
    Info: Node "BufferTriState:inst4|comb~0" has logic level of 1
    Info: Node "BufferTriState:inst4|comb~1" has logic level of 0
Warning: Found logic contention at time 350.0 ns on bus node "|TriState_Buffer|BIDIR_OUT1~0"
    Info: Node "BIDIR_OUT1" has logic level of Z
    Info: Node "TRI_AHDL:inst1|MIOTRISTATE" has logic level of 0
    Info: Node "TRI_AHDL:inst1|$00000" has logic level of 1
Warning: Found logic contention at time 350.0 ns on bus node "|TriState_Buffer|BIDIR_OUT0~0"
    Info: Node "BIDIR_OUT0" has logic level of Z
    Info: Node "inst" has logic level of 0
    Info: Node "inst2" has logic level of 1
Warning: Found logic contention at time 350.0 ns on bus node "|TriState_Buffer|BIDIR_OUT2~0"
    Info: Node "BIDIR_OUT2" has logic level of Z
    Info: Node "BufferTriState:inst4|comb~0" has logic level of 1
    Info: Node "BufferTriState:inst4|comb~1" has logic level of 0
Warning: Found logic contention at time 350.0 ns on bus node "|TriState_Buffer|BIDIR_OUT1~0"
    Info: Node "BIDIR_OUT1" has logic level of Z
    Info: Node "TRI_AHDL:inst1|MIOTRISTATE" has logic level of 0
    Info: Node "TRI_AHDL:inst1|$00000" has logic level of 1
Warning: Found logic contention at time 365.5 ns on bus node "|TriState_Buffer|BIDIR_OUT0~0"
    Info: Node "BIDIR_OUT0" has logic level of Z
    Info: Node "inst" has logic level of 0
    Info: Node "inst2" has logic level of 1
Warning: Found logic contention at time 365.5 ns on bus node "|TriState_Buffer|BIDIR_OUT2~0"
    Info: Node "BIDIR_OUT2" has logic level of Z
    Info: Node "BufferTriState:inst4|comb~0" has logic level of 1
    Info: Node "BufferTriState:inst4|comb~1" has logic level of 0
Warning: Found logic contention at time 365.5 ns on bus node "|TriState_Buffer|BIDIR_OUT1~0"
    Info: Node "BIDIR_OUT1" has logic level of Z
    Info: Node "TRI_AHDL:inst1|MIOTRISTATE" has logic level of 0
    Info: Node "TRI_AHDL:inst1|$00000" has logic level of 1
Warning: Found logic contention at time 450.5 ns on bus node "|TriState_Buffer|BIDIR_OUT0~0"
    Info: Node "BIDIR_OUT0" has logic level of Z
    Info: Node "inst" has logic level of 0
    Info: Node "inst2" has logic level of 1
Warning: Found logic contention at time 450.5 ns on bus node "|TriState_Buffer|BIDIR_OUT2~0"
    Info: Node "BIDIR_OUT2" has logic level of Z
    Info: Node "BufferTriState:inst4|comb~0" has logic level of 1
    Info: Node "BufferTriState:inst4|comb~1" has logic level of 0
Warning: Found logic contention at time 450.5 ns on bus node "|TriState_Buffer|BIDIR_OUT1~0"
    Info: Node "BIDIR_OUT1" has logic level of Z
    Info: Node "TRI_AHDL:inst1|MIOTRISTATE" has logic level of 0
    Info: Node "TRI_AHDL:inst1|$00000" has logic level of 1
Warning: Found logic contention at time 472.5 ns on bus node "|TriState_Buffer|BIDIR_OUT0~0"
    Info: Node "BIDIR_OUT0" has logic level of Z
    Info: Node "inst" has logic level of 0
    Info: Node "inst2" has logic level of 1
Warning: Found logic contention at time 472.5 ns on bus node "|TriState_Buffer|BIDIR_OUT2~0"
    Info: Node "BIDIR_OUT2" has logic level of Z
    Info: Node "BufferTriState:inst4|comb~0" has logic level of 1
    Info: Node "BufferTriState:inst4|comb~1" has logic level of 0
Warning: Found logic contention at time 472.5 ns on bus node "|TriState_Buffer|BIDIR_OUT1~0"
    Info: Node "BIDIR_OUT1" has logic level of Z
    Info: Node "TRI_AHDL:inst1|MIOTRISTATE" has logic level of 0
    Info: Node "TRI_AHDL:inst1|$00000" has logic level of 1
Warning: Found logic contention at time 526.5 ns on bus node "|TriState_Buffer|BIDIR_OUT0~0"
    Info: Node "BIDIR_OUT0" has logic level of Z
    Info: Node "inst" has logic level of 1
    Info: Node "inst2" has logic level of 0
Warning: Found logic contention at time 526.5 ns on bus node "|TriState_Buffer|BIDIR_OUT2~0"
    Info: Node "BIDIR_OUT2" has logic level of Z
    Info: Node "BufferTriState:inst4|comb~0" has logic level of 0
    Info: Node "BufferTriState:inst4|comb~1" has logic level of 1
Warning: Found logic contention at time 526.5 ns on bus node "|TriState_Buffer|BIDIR_OUT1~0"
    Info: Node "BIDIR_OUT1" has logic level of Z
    Info: Node "TRI_AHDL:inst1|MIOTRISTATE" has logic level of 1
    Info: Node "TRI_AHDL:inst1|$00000" has logic level of 0
Warning: Found logic contention at time 535.5 ns on bus node "|TriState_Buffer|BIDIR_OUT0~0"
    Info: Node "BIDIR_OUT0" has logic level of Z
    Info: Node "inst" has logic level of 1
    Info: Node "inst2" has logic level of 0
Warning: Found logic contention at time 535.5 ns on bus node "|TriState_Buffer|BIDIR_OUT2~0"
    Info: Node "BIDIR_OUT2" has logic level of Z
    Info: Node "BufferTriState:inst4|comb~0" has logic level of 0
    Info: Node "BufferTriState:inst4|comb~1" has logic level of 1
Warning: Found logic contention at time 535.5 ns on bus node "|TriState_Buffer|BIDIR_OUT1~0"
    Info: Node "BIDIR_OUT1" has logic level of Z
    Info: Node "TRI_AHDL:inst1|MIOTRISTATE" has logic level of 1
    Info: Node "TRI_AHDL:inst1|$00000" has logic level of 0
Warning: Found logic contention at time 553.5 ns on bus node "|TriState_Buffer|BIDIR_OUT0~0"
    Info: Node "BIDIR_OUT0" has logic level of Z
    Info: Node "inst" has logic level of 0
    Info: Node "inst2" has logic level of 1
Warning: Found logic contention at time 553.5 ns on bus node "|TriState_Buffer|BIDIR_OUT2~0"
    Info: Node "BIDIR_OUT2" has logic level of Z
    Info: Node "BufferTriState:inst4|comb~0" has logic level of 1
    Info: Node "BufferTriState:inst4|comb~1" has logic level of 0
Warning: Found logic contention at time 553.5 ns on bus node "|TriState_Buffer|BIDIR_OUT1~0"
    Info: Node "BIDIR_OUT1" has logic level of Z
    Info: Node "TRI_AHDL:inst1|MIOTRISTATE" has logic level of 0
    Info: Node "TRI_AHDL:inst1|$00000" has logic level of 1
Warning: Found logic contention at time 637.5 ns on bus node "|TriState_Buffer|BIDIR_OUT0~0"
    Info: Node "BIDIR_OUT0" has logic level of Z
    Info: Node "inst" has logic level of 1
    Info: Node "inst2" has logic level of 0
Warning: Found logic contention at time 637.5 ns on bus node "|TriState_Buffer|BIDIR_OUT2~0"
    Info: Node "BIDIR_OUT2" has logic level of Z
    Info: Node "BufferTriState:inst4|comb~0" has logic level of 0
    Info: Node "BufferTriState:inst4|comb~1" has logic level of 1
Warning: Found logic contention at time 637.5 ns on bus node "|TriState_Buffer|BIDIR_OUT1~0"
    Info: Node "BIDIR_OUT1" has logic level of Z
    Info: Node "TRI_AHDL:inst1|MIOTRISTATE" has logic level of 1
    Info: Node "TRI_AHDL:inst1|$00000" has logic level of 0
Warning: Found logic contention at time 661.5 ns on bus node "|TriState_Buffer|BIDIR_OUT0~0"
    Info: Node "BIDIR_OUT0" has logic level of Z
    Info: Node "inst" has logic level of 0
    Info: Node "inst2" has logic level of 1
Warning: Found logic contention at time 661.5 ns on bus node "|TriState_Buffer|BIDIR_OUT2~0"
    Info: Node "BIDIR_OUT2" has logic level of Z
    Info: Node "BufferTriState:inst4|comb~0" has logic level of 1
    Info: Node "BufferTriState:inst4|comb~1" has logic level of 0
Warning: Found logic contention at time 661.5 ns on bus node "|TriState_Buffer|BIDIR_OUT1~0"
    Info: Node "BIDIR_OUT1" has logic level of Z
    Info: Node "TRI_AHDL:inst1|MIOTRISTATE" has logic level of 0
    Info: Node "TRI_AHDL:inst1|$00000" has logic level of 1
Warning: Found logic contention at time 671.5 ns on bus node "|TriState_Buffer|BIDIR_OUT0~0"
    Info: Node "BIDIR_OUT0" has logic level of Z
    Info: Node "inst" has logic level of 0
    Info: Node "inst2" has logic level of 1
Warning: Found logic contention at time 671.5 ns on bus node "|TriState_Buffer|BIDIR_OUT2~0"
    Info: Node "BIDIR_OUT2" has logic level of Z
    Info: Node "BufferTriState:inst4|comb~0" has logic level of 1
    Info: Node "BufferTriState:inst4|comb~1" has logic level of 0
Warning: Found logic contention at time 671.5 ns on bus node "|TriState_Buffer|BIDIR_OUT1~0"
    Info: Node "BIDIR_OUT1" has logic level of Z
    Info: Node "TRI_AHDL:inst1|MIOTRISTATE" has logic level of 0
    Info: Node "TRI_AHDL:inst1|$00000" has logic level of 1
Warning: Found logic contention at time 725.0 ns on bus node "|TriState_Buffer|BIDIR_OUT0~0"
    Info: Node "BIDIR_OUT0" has logic level of Z
    Info: Node "inst" has logic level of 1
    Info: Node "inst2" has logic level of 0
Warning: Found logic contention at time 725.0 ns on bus node "|TriState_Buffer|BIDIR_OUT2~0"
    Info: Node "BIDIR_OUT2" has logic level of Z
    Info: Node "BufferTriState:inst4|comb~0" has logic level of 0
    Info: Node "BufferTriState:inst4|comb~1" has logic level of 1
Warning: Found logic contention at time 725.0 ns on bus node "|TriState_Buffer|BIDIR_OUT1~0"
    Info: Node "BIDIR_OUT1" has logic level of Z
    Info: Node "TRI_AHDL:inst1|MIOTRISTATE" has logic level of 1
    Info: Node "TRI_AHDL:inst1|$00000" has logic level of 0
Warning: Found logic contention at time 742.5 ns on bus node "|TriState_Buffer|BIDIR_OUT0~0"
    Info: Node "BIDIR_OUT0" has logic level of Z
    Info: Node "inst" has logic level of 1
    Info: Node "inst2" has logic level of 0
Warning: Found logic contention at time 742.5 ns on bus node "|TriState_Buffer|BIDIR_OUT2~0"
    Info: Node "BIDIR_OUT2" has logic level of Z
    Info: Node "BufferTriState:inst4|comb~0" has logic level of 0
    Info: Node "BufferTriState:inst4|comb~1" has logic level of 1
Warning: Found logic contention at time 742.5 ns on bus node "|TriState_Buffer|BIDIR_OUT1~0"
    Info: Node "BIDIR_OUT1" has logic level of Z
    Info: Node "TRI_AHDL:inst1|MIOTRISTATE" has logic level of 1
    Info: Node "TRI_AHDL:inst1|$00000" has logic level of 0
Warning: Found logic contention at time 773.5 ns on bus node "|TriState_Buffer|BIDIR_OUT0~0"
    Info: Node "BIDIR_OUT0" has logic level of Z
    Info: Node "inst" has logic level of 0
    Info: Node "inst2" has logic level of 1
Warning: Found logic contention at time 773.5 ns on bus node "|TriState_Buffer|BIDIR_OUT2~0"
    Info: Node "BIDIR_OUT2" has logic level of Z
    Info: Node "BufferTriState:inst4|comb~0" has logic level of 1
    Info: Node "BufferTriState:inst4|comb~1" has logic level of 0
Warning: Found logic contention at time 773.5 ns on bus node "|TriState_Buffer|BIDIR_OUT1~0"
    Info: Node "BIDIR_OUT1" has logic level of Z
    Info: Node "TRI_AHDL:inst1|MIOTRISTATE" has logic level of 0
    Info: Node "TRI_AHDL:inst1|$00000" has logic level of 1
Warning: Found logic contention at time 825.0 ns on bus node "|TriState_Buffer|BIDIR_OUT0~0"
    Info: Node "BIDIR_OUT0" has logic level of Z
    Info: Node "inst" has logic level of 1
    Info: Node "inst2" has logic level of 0
Warning: Found logic contention at time 825.0 ns on bus node "|TriState_Buffer|BIDIR_OUT2~0"
    Info: Node "BIDIR_OUT2" has logic level of Z
    Info: Node "BufferTriState:inst4|comb~0" has logic level of 0
    Info: Node "BufferTriState:inst4|comb~1" has logic level of 1
Warning: Found logic contention at time 825.0 ns on bus node "|TriState_Buffer|BIDIR_OUT1~0"
    Info: Node "BIDIR_OUT1" has logic level of Z
    Info: Node "TRI_AHDL:inst1|MIOTRISTATE" has logic level of 1
    Info: Node "TRI_AHDL:inst1|$00000" has logic level of 0
Warning: Found logic contention at time 858.5 ns on bus node "|TriState_Buffer|BIDIR_OUT0~0"
    Info: Node "BIDIR_OUT0" has logic level of Z
    Info: Node "inst" has logic level of 0
    Info: Node "inst2" has logic level of 1
Warning: Found logic contention at time 858.5 ns on bus node "|TriState_Buffer|BIDIR_OUT2~0"
    Info: Node "BIDIR_OUT2" has logic level of Z
    Info: Node "BufferTriState:inst4|comb~0" has logic level of 1
    Info: Node "BufferTriState:inst4|comb~1" has logic level of 0
Warning: Found logic contention at time 858.5 ns on bus node "|TriState_Buffer|BIDIR_OUT1~0"
    Info: Node "BIDIR_OUT1" has logic level of Z
    Info: Node "TRI_AHDL:inst1|MIOTRISTATE" has logic level of 0
    Info: Node "TRI_AHDL:inst1|$00000" has logic level of 1
Warning: Found logic contention at time 931.5 ns on bus node "|TriState_Buffer|BIDIR_OUT0~0"
    Info: Node "BIDIR_OUT0" has logic level of Z
    Info: Node "inst" has logic level of 1
    Info: Node "inst2" has logic level of 0
Warning: Found logic contention at time 931.5 ns on bus node "|TriState_Buffer|BIDIR_OUT2~0"
    Info: Node "BIDIR_OUT2" has logic level of Z
    Info: Node "BufferTriState:inst4|comb~0" has logic level of 0
    Info: Node "BufferTriState:inst4|comb~1" has logic level of 1
Warning: Found logic contention at time 931.5 ns on bus node "|TriState_Buffer|BIDIR_OUT1~0"
    Info: Node "BIDIR_OUT1" has logic level of Z
    Info: Node "TRI_AHDL:inst1|MIOTRISTATE" has logic level of 1
    Info: Node "TRI_AHDL:inst1|$00000" has logic level of 0
Warning: Found logic contention at time 943.5 ns on bus node "|TriState_Buffer|BIDIR_OUT0~0"
    Info: Node "BIDIR_OUT0" has logic level of Z
    Info: Node "inst" has logic level of 1
    Info: Node "inst2" has logic level of 0
Warning: Found logic contention at time 943.5 ns on bus node "|TriState_Buffer|BIDIR_OUT2~0"
    Info: Node "BIDIR_OUT2" has logic level of Z
    Info: Node "BufferTriState:inst4|comb~0" has logic level of 0
    Info: Node "BufferTriState:inst4|comb~1" has logic level of 1
Warning: Found logic contention at time 943.5 ns on bus node "|TriState_Buffer|BIDIR_OUT1~0"
    Info: Node "BIDIR_OUT1" has logic level of Z
    Info: Node "TRI_AHDL:inst1|MIOTRISTATE" has logic level of 1
    Info: Node "TRI_AHDL:inst1|$00000" has logic level of 0
Warning: Found logic contention at time 960.5 ns on bus node "|TriState_Buffer|BIDIR_OUT0~0"
    Info: Node "BIDIR_OUT0" has logic level of Z
    Info: Node "inst" has logic level of 0
    Info: Node "inst2" has logic level of 1
Warning: Truncated list of logic contention messages
Info: Simulation partitioned into 1 sub-simulations
Info: Simulation coverage is      86.36 %
Info: Number of transitions in simulation is 2367
Info: Vector file TriState_Buffer.vwf is saved in VWF text format. You can compress it into CVWF format in order to reduce file size. For more details please refer to the Quartus II Help.
Info: Quartus II Simulator was successful. 0 errors, 101 warnings
    Info: Allocated 82 megabytes of memory during processing
    Info: Processing ended: Fri Jun 13 19:41:35 2008
    Info: Elapsed time: 00:00:01


