Classic Timing Analyzer report for PROVA
Mon Jun 30 20:23:43 2008
Quartus II Version 6.1 Build 201 11/27/2006 SJ Web Edition


---------------------
; Table of Contents ;
---------------------
  1. Legal Notice
  2. Timing Analyzer Summary
  3. Timing Analyzer Settings
  4. Clock Settings Summary
  5. tsu
  6. tco
  7. tpd
  8. th
  9. Timing Analyzer Messages



----------------
; Legal Notice ;
----------------
Copyright (C) 1991-2006 Altera Corporation
Your use of Altera Corporation's design tools, logic functions 
and other software and tools, and its AMPP partner logic 
functions, and any output files from any of the foregoing 
(including device programming or simulation files), and any 
associated documentation or information are expressly subject 
to the terms and conditions of the Altera Program License 
Subscription Agreement, Altera MegaCore Function License 
Agreement, or other applicable license agreement, including, 
without limitation, that your use is for the sole purpose of 
programming logic devices manufactured by Altera and sold by 
Altera or its authorized distributors.  Please refer to the 
applicable agreement for further details.



+---------------------------------------------------------------------------------------------------------------------------+
; Timing Analyzer Summary                                                                                                   ;
+------------------------------+-------+---------------+-------------+-------+-------+------------+----------+--------------+
; Type                         ; Slack ; Required Time ; Actual Time ; From  ; To    ; From Clock ; To Clock ; Failed Paths ;
+------------------------------+-------+---------------+-------------+-------+-------+------------+----------+--------------+
; Worst-case tsu               ; N/A   ; None          ; 6.300 ns    ; OUT_A ; inst  ; --         ; CLOCK    ; 0            ;
; Worst-case tco               ; N/A   ; None          ; 6.700 ns    ; inst  ; OUT_A ; CLOCK      ; --       ; 0            ;
; Worst-case tpd               ; N/A   ; None          ; 8.400 ns    ; OE    ; OUT_A ; --         ; --       ; 0            ;
; Worst-case th                ; N/A   ; None          ; -2.200 ns   ; OUT_A ; inst  ; --         ; CLOCK    ; 0            ;
; Total number of failed paths ;       ;               ;             ;       ;       ;            ;          ; 0            ;
+------------------------------+-------+---------------+-------------+-------+-------+------------+----------+--------------+


+------------------------------------------------------------------------------------------------------+
; Timing Analyzer Settings                                                                             ;
+-------------------------------------------------------+--------------------+------+----+-------------+
; Option                                                ; Setting            ; From ; To ; Entity Name ;
+-------------------------------------------------------+--------------------+------+----+-------------+
; Device Name                                           ; EPM7032AELC44-10   ;      ;    ;             ;
; Timing Models                                         ; Final              ;      ;    ;             ;
; Default hold multicycle                               ; Same as Multicycle ;      ;    ;             ;
; Cut paths between unrelated clock domains             ; On                 ;      ;    ;             ;
; Cut off read during write signal paths                ; On                 ;      ;    ;             ;
; Cut off feedback from I/O pins                        ; On                 ;      ;    ;             ;
; Report Combined Fast/Slow Timing                      ; Off                ;      ;    ;             ;
; Ignore Clock Settings                                 ; Off                ;      ;    ;             ;
; Analyze latches as synchronous elements               ; On                 ;      ;    ;             ;
; Enable Recovery/Removal analysis                      ; Off                ;      ;    ;             ;
; Enable Clock Latency                                  ; Off                ;      ;    ;             ;
; Number of source nodes to report per destination node ; 10                 ;      ;    ;             ;
; Number of destination nodes to report                 ; 10                 ;      ;    ;             ;
; Number of paths to report                             ; 200                ;      ;    ;             ;
; Report Minimum Timing Checks                          ; Off                ;      ;    ;             ;
; Use Fast Timing Models                                ; Off                ;      ;    ;             ;
; Report IO Paths Separately                            ; Off                ;      ;    ;             ;
+-------------------------------------------------------+--------------------+------+----+-------------+


+------------------------------------------------------------------------------------------------------------------------------------------------------------------------------------+
; Clock Settings Summary                                                                                                                                                             ;
+-----------------+--------------------+----------+------------------+---------------+--------------+----------+-----------------------+---------------------+--------+--------------+
; Clock Node Name ; Clock Setting Name ; Type     ; Fmax Requirement ; Early Latency ; Late Latency ; Based on ; Multiply Base Fmax by ; Divide Base Fmax by ; Offset ; Phase offset ;
+-----------------+--------------------+----------+------------------+---------------+--------------+----------+-----------------------+---------------------+--------+--------------+
; CLOCK           ;                    ; User Pin ; None             ; 0.000 ns      ; 0.000 ns     ; --       ; N/A                   ; N/A                 ; N/A    ;              ;
+-----------------+--------------------+----------+------------------+---------------+--------------+----------+-----------------------+---------------------+--------+--------------+


+-------------------------------------------------------------+
; tsu                                                         ;
+-------+--------------+------------+-------+------+----------+
; Slack ; Required tsu ; Actual tsu ; From  ; To   ; To Clock ;
+-------+--------------+------------+-------+------+----------+
; N/A   ; None         ; 6.300 ns   ; IN_A  ; inst ; CLOCK    ;
; N/A   ; None         ; 6.300 ns   ; OUT_A ; inst ; CLOCK    ;
+-------+--------------+------------+-------+------+----------+


+---------------------------------------------------------------+
; tco                                                           ;
+-------+--------------+------------+------+-------+------------+
; Slack ; Required tco ; Actual tco ; From ; To    ; From Clock ;
+-------+--------------+------------+------+-------+------------+
; N/A   ; None         ; 6.700 ns   ; inst ; OUT_A ; CLOCK      ;
+-------+--------------+------------+------+-------+------------+


+------------------------------------------------------------+
; tpd                                                        ;
+-------+-------------------+-----------------+------+-------+
; Slack ; Required P2P Time ; Actual P2P Time ; From ; To    ;
+-------+-------------------+-----------------+------+-------+
; N/A   ; None              ; 8.400 ns        ; OE   ; OUT_A ;
+-------+-------------------+-----------------+------+-------+


+-------------------------------------------------------------------+
; th                                                                ;
+---------------+-------------+-----------+-------+------+----------+
; Minimum Slack ; Required th ; Actual th ; From  ; To   ; To Clock ;
+---------------+-------------+-----------+-------+------+----------+
; N/A           ; None        ; -2.200 ns ; IN_A  ; inst ; CLOCK    ;
; N/A           ; None        ; -2.200 ns ; OUT_A ; inst ; CLOCK    ;
+---------------+-------------+-----------+-------+------+----------+


+--------------------------+
; Timing Analyzer Messages ;
+--------------------------+
Info: *******************************************************************
Info: Running Quartus II Classic Timing Analyzer
    Info: Version 6.1 Build 201 11/27/2006 SJ Web Edition
    Info: Processing started: Mon Jun 30 20:23:43 2008
Info: Command: quartus_tan --read_settings_files=on --write_settings_files=off PROVA -c PROVA --speed=10
Info: Started post-fitting delay annotation
Info: Delay annotation completed successfully
Warning: Timing Analysis does not support the analysis of latches as synchronous elements for the currently selected device family
Warning: Found pins functioning as undefined clocks and/or memory enables
    Info: Assuming node "CLOCK" is an undefined clock
Info: No valid register-to-register data paths exist for clock "CLOCK"
Info: tsu for register "inst" (data pin = "IN_A", clock pin = "CLOCK") is 6.300 ns
    Info: + Longest pin to register delay is 6.900 ns
        Info: 1: + IC(0.000 ns) + CELL(1.500 ns) = 1.500 ns; Loc. = PIN_24; Fanout = 1; PIN Node = 'IN_A'
        Info: 2: + IC(2.100 ns) + CELL(3.300 ns) = 6.900 ns; Loc. = LC1; Fanout = 1; REG Node = 'inst'
        Info: Total cell delay = 4.800 ns ( 69.57 % )
        Info: Total interconnect delay = 2.100 ns ( 30.43 % )
    Info: + Micro setup delay of destination is 2.800 ns
    Info: - Shortest clock path from clock "CLOCK" to destination register is 3.400 ns
        Info: 1: + IC(0.000 ns) + CELL(2.100 ns) = 2.100 ns; Loc. = PIN_43; Fanout = 1; CLK Node = 'CLOCK'
        Info: 2: + IC(0.000 ns) + CELL(1.300 ns) = 3.400 ns; Loc. = LC1; Fanout = 1; REG Node = 'inst'
        Info: Total cell delay = 3.400 ns ( 100.00 % )
Info: tco from clock "CLOCK" to destination pin "OUT_A" through register "inst" is 6.700 ns
    Info: + Longest clock path from clock "CLOCK" to source register is 3.400 ns
        Info: 1: + IC(0.000 ns) + CELL(2.100 ns) = 2.100 ns; Loc. = PIN_43; Fanout = 1; CLK Node = 'CLOCK'
        Info: 2: + IC(0.000 ns) + CELL(1.300 ns) = 3.400 ns; Loc. = LC1; Fanout = 1; REG Node = 'inst'
        Info: Total cell delay = 3.400 ns ( 100.00 % )
    Info: + Micro clock to output delay of source is 1.500 ns
    Info: + Longest register to pin delay is 1.800 ns
        Info: 1: + IC(0.000 ns) + CELL(0.000 ns) = 0.000 ns; Loc. = LC1; Fanout = 1; REG Node = 'inst'
        Info: 2: + IC(0.000 ns) + CELL(1.800 ns) = 1.800 ns; Loc. = PIN_4; Fanout = 0; PIN Node = 'OUT_A'
        Info: Total cell delay = 1.800 ns ( 100.00 % )
Info: Longest tpd from source pin "OE" to destination pin "OUT_A" is 8.400 ns
    Info: 1: + IC(0.000 ns) + CELL(2.100 ns) = 2.100 ns; Loc. = PIN_44; Fanout = 1; PIN Node = 'OE'
    Info: 2: + IC(1.300 ns) + CELL(5.000 ns) = 8.400 ns; Loc. = PIN_4; Fanout = 0; PIN Node = 'OUT_A'
    Info: Total cell delay = 7.100 ns ( 84.52 % )
    Info: Total interconnect delay = 1.300 ns ( 15.48 % )
Info: th for register "inst" (data pin = "IN_A", clock pin = "CLOCK") is -2.200 ns
    Info: + Longest clock path from clock "CLOCK" to destination register is 3.400 ns
        Info: 1: + IC(0.000 ns) + CELL(2.100 ns) = 2.100 ns; Loc. = PIN_43; Fanout = 1; CLK Node = 'CLOCK'
        Info: 2: + IC(0.000 ns) + CELL(1.300 ns) = 3.400 ns; Loc. = LC1; Fanout = 1; REG Node = 'inst'
        Info: Total cell delay = 3.400 ns ( 100.00 % )
    Info: + Micro hold delay of destination is 1.300 ns
    Info: - Shortest pin to register delay is 6.900 ns
        Info: 1: + IC(0.000 ns) + CELL(1.500 ns) = 1.500 ns; Loc. = PIN_24; Fanout = 1; PIN Node = 'IN_A'
        Info: 2: + IC(2.100 ns) + CELL(3.300 ns) = 6.900 ns; Loc. = LC1; Fanout = 1; REG Node = 'inst'
        Info: Total cell delay = 4.800 ns ( 69.57 % )
        Info: Total interconnect delay = 2.100 ns ( 30.43 % )
Info: Quartus II Classic Timing Analyzer was successful. 0 errors, 2 warnings
    Info: Allocated 95 megabytes of memory during processing
    Info: Processing ended: Mon Jun 30 20:23:43 2008
    Info: Elapsed time: 00:00:00


