Analysis & Synthesis report for RAM
Fri Jun 13 19:48:52 2008
Quartus II Version 6.1 Build 201 11/27/2006 SJ Web Edition


---------------------
; Table of Contents ;
---------------------
  1. Legal Notice
  2. Analysis & Synthesis Summary
  3. Analysis & Synthesis Settings
  4. Analysis & Synthesis Source Files Read
  5. Analysis & Synthesis Resource Usage Summary
  6. Analysis & Synthesis Resource Utilization by Entity
  7. General Register Statistics
  8. Parameter Settings for User Entity Instance: Top-level Entity: |RAM
  9. Analysis & Synthesis Messages



----------------
; Legal Notice ;
----------------
Copyright (C) 1991-2006 Altera Corporation
Your use of Altera Corporation's design tools, logic functions 
and other software and tools, and its AMPP partner logic 
functions, and any output files from any of the foregoing 
(including device programming or simulation files), and any 
associated documentation or information are expressly subject 
to the terms and conditions of the Altera Program License 
Subscription Agreement, Altera MegaCore Function License 
Agreement, or other applicable license agreement, including, 
without limitation, that your use is for the sole purpose of 
programming logic devices manufactured by Altera and sold by 
Altera or its authorized distributors.  Please refer to the 
applicable agreement for further details.



+-----------------------------------------------------------------------+
; Analysis & Synthesis Summary                                          ;
+-----------------------------+-----------------------------------------+
; Analysis & Synthesis Status ; Successful - Fri Jun 13 19:48:52 2008   ;
; Quartus II Version          ; 6.1 Build 201 11/27/2006 SJ Web Edition ;
; Revision Name               ; RAM                                     ;
; Top-level Entity Name       ; RAM                                     ;
; Family                      ; Stratix                                 ;
; Total logic elements        ; N/A until Partition Merge               ;
; Total pins                  ; N/A until Partition Merge               ;
; Total virtual pins          ; N/A until Partition Merge               ;
; Total memory bits           ; N/A until Partition Merge               ;
; DSP block 9-bit elements    ; N/A until Partition Merge               ;
; Total PLLs                  ; N/A until Partition Merge               ;
; Total DLLs                  ; N/A until Partition Merge               ;
+-----------------------------+-----------------------------------------+


+--------------------------------------------------------------------------------------------------------------+
; Analysis & Synthesis Settings                                                                                ;
+--------------------------------------------------------------------+--------------------+--------------------+
; Option                                                             ; Setting            ; Default Value      ;
+--------------------------------------------------------------------+--------------------+--------------------+
; Top-level entity name                                              ; RAM                ; RAM                ;
; Family name                                                        ; Stratix            ; Stratix            ;
; Restructure Multiplexers                                           ; Auto               ; Auto               ;
; Create Debugging Nodes for IP Cores                                ; Off                ; Off                ;
; Preserve fewer node names                                          ; On                 ; On                 ;
; Disable OpenCore Plus hardware evaluation                          ; Off                ; Off                ;
; Verilog Version                                                    ; Verilog_2001       ; Verilog_2001       ;
; VHDL Version                                                       ; VHDL93             ; VHDL93             ;
; State Machine Processing                                           ; Auto               ; Auto               ;
; Safe State Machine                                                 ; Off                ; Off                ;
; Extract Verilog State Machines                                     ; On                 ; On                 ;
; Extract VHDL State Machines                                        ; On                 ; On                 ;
; Ignore Verilog initial constructs                                  ; Off                ; Off                ;
; Add Pass-Through Logic to Inferred RAMs                            ; On                 ; On                 ;
; DSP Block Balancing                                                ; Auto               ; Auto               ;
; NOT Gate Push-Back                                                 ; On                 ; On                 ;
; Power-Up Don't Care                                                ; On                 ; On                 ;
; Remove Redundant Logic Cells                                       ; Off                ; Off                ;
; Remove Duplicate Registers                                         ; On                 ; On                 ;
; Ignore CARRY Buffers                                               ; Off                ; Off                ;
; Ignore CASCADE Buffers                                             ; Off                ; Off                ;
; Ignore GLOBAL Buffers                                              ; Off                ; Off                ;
; Ignore ROW GLOBAL Buffers                                          ; Off                ; Off                ;
; Ignore LCELL Buffers                                               ; Off                ; Off                ;
; Ignore SOFT Buffers                                                ; On                 ; On                 ;
; Limit AHDL Integers to 32 Bits                                     ; Off                ; Off                ;
; Optimization Technique -- Stratix/Stratix GX                       ; Balanced           ; Balanced           ;
; Carry Chain Length -- Stratix/Stratix GX/Cyclone/MAX II/Cyclone II ; 70                 ; 70                 ;
; Auto Carry Chains                                                  ; On                 ; On                 ;
; Auto Open-Drain Pins                                               ; On                 ; On                 ;
; Perform WYSIWYG Primitive Resynthesis                              ; Off                ; Off                ;
; Perform gate-level register retiming                               ; Off                ; Off                ;
; Allow register retiming to trade off Tsu/Tco with Fmax             ; On                 ; On                 ;
; Auto ROM Replacement                                               ; On                 ; On                 ;
; Auto RAM Replacement                                               ; On                 ; On                 ;
; Auto DSP Block Replacement                                         ; On                 ; On                 ;
; Auto Shift Register Replacement                                    ; On                 ; On                 ;
; Auto Clock Enable Replacement                                      ; On                 ; On                 ;
; Allow Synchronous Control Signals                                  ; On                 ; On                 ;
; Force Use of Synchronous Clear Signals                             ; Off                ; Off                ;
; Auto RAM Block Balancing                                           ; On                 ; On                 ;
; Auto RAM to Logic Cell Conversion                                  ; Off                ; Off                ;
; Auto Resource Sharing                                              ; Off                ; Off                ;
; Allow Any RAM Size For Recognition                                 ; Off                ; Off                ;
; Allow Any ROM Size For Recognition                                 ; Off                ; Off                ;
; Allow Any Shift Register Size For Recognition                      ; Off                ; Off                ;
; Ignore translate_off and synthesis_off directives                  ; Off                ; Off                ;
; Show Parameter Settings Tables in Synthesis Report                 ; On                 ; On                 ;
; Ignore Maximum Fan-Out Assignments                                 ; Off                ; Off                ;
; Retiming Meta-Stability Register Sequence Length                   ; 2                  ; 2                  ;
; PowerPlay Power Optimization                                       ; Normal compilation ; Normal compilation ;
; HDL message level                                                  ; Level2             ; Level2             ;
; Suppress Register Optimization Related Messages                    ; Off                ; Off                ;
; Number of Removed Registers Reported in Synthesis Report           ; 100                ; 100                ;
; Use smart compilation                                              ; Off                ; Off                ;
+--------------------------------------------------------------------+--------------------+--------------------+


+--------------------------------------------------------------------------------------------------------------------------------------------+
; Analysis & Synthesis Source Files Read                                                                                                     ;
+----------------------------------+-----------------+-----------------+---------------------------------------------------------------------+
; File Name with User-Entered Path ; Used in Netlist ; File Type       ; File Name with Absolute Path                                        ;
+----------------------------------+-----------------+-----------------+---------------------------------------------------------------------+
; RAM.vhd                          ; yes             ; User VHDL File  ; C:/Documents and Settings/Matteo/Desktop/Esempi QUARTUS/RAM/RAM.vhd ;
+----------------------------------+-----------------+-----------------+---------------------------------------------------------------------+


+-----------------------------------------------------+
; Analysis & Synthesis Resource Usage Summary         ;
+---------------------------------------------+-------+
; Resource                                    ; Usage ;
+---------------------------------------------+-------+
; Total logic elements                        ; 240   ;
;     -- Combinational with no register       ; 112   ;
;     -- Register only                        ; 128   ;
;     -- Combinational with a register        ; 0     ;
;                                             ;       ;
; Logic element usage by number of LUT inputs ;       ;
;     -- 4 input functions                    ; 96    ;
;     -- 3 input functions                    ; 0     ;
;     -- 2 input functions                    ; 16    ;
;     -- 1 input functions                    ; 0     ;
;     -- 0 input functions                    ; 0     ;
;                                             ;       ;
; Logic elements by mode                      ;       ;
;     -- normal mode                          ; 240   ;
;     -- arithmetic mode                      ; 0     ;
;     -- qfbk mode                            ; 0     ;
;     -- register cascade mode                ; 0     ;
;     -- synchronous clear/load mode          ; 0     ;
;     -- asynchronous clear/load mode         ; 0     ;
;                                             ;       ;
; Total registers                             ; 128   ;
; I/O pins                                    ; 8     ;
; Maximum fan-out node                        ; clk   ;
; Maximum fan-out                             ; 128   ;
; Total fan-out                               ; 824   ;
; Average fan-out                             ; 3.15  ;
+---------------------------------------------+-------+


+---------------------------------------------------------------------------------------------------------------------------------------------------------------------------------------------------------------------------------------------------------+
; Analysis & Synthesis Resource Utilization by Entity                                                                                                                                                                                                     ;
+----------------------------+-------------+--------------+-------------+--------------+---------+-----------+-----------+------+--------------+--------------+-------------------+------------------+-----------------+------------+---------------------+
; Compilation Hierarchy Node ; Logic Cells ; LC Registers ; Memory Bits ; DSP Elements ; DSP 9x9 ; DSP 18x18 ; DSP 36x36 ; Pins ; Virtual Pins ; LUT-Only LCs ; Register-Only LCs ; LUT/Register LCs ; Carry Chain LCs ; Packed LCs ; Full Hierarchy Name ;
+----------------------------+-------------+--------------+-------------+--------------+---------+-----------+-----------+------+--------------+--------------+-------------------+------------------+-----------------+------------+---------------------+
; |RAM                       ; 240 (240)   ; 128          ; 0           ; 0            ; 0       ; 0         ; 0         ; 8    ; 0            ; 112 (112)    ; 128 (128)         ; 0 (0)            ; 0 (0)           ; 0 (0)      ; |RAM                ;
+----------------------------+-------------+--------------+-------------+--------------+---------+-----------+-----------+------+--------------+--------------+-------------------+------------------+-----------------+------------+---------------------+
Note: For table entries with two numbers listed, the numbers in parentheses indicate the number of resources of the given type used by the specific entity alone. The numbers listed outside of parentheses indicate the total resources of the given type used by the specific entity and all of its sub-entities in the hierarchy.


+------------------------------------------------------+
; General Register Statistics                          ;
+----------------------------------------------+-------+
; Statistic                                    ; Value ;
+----------------------------------------------+-------+
; Total registers                              ; 128   ;
; Number of registers using Synchronous Clear  ; 0     ;
; Number of registers using Synchronous Load   ; 0     ;
; Number of registers using Asynchronous Clear ; 0     ;
; Number of registers using Asynchronous Load  ; 0     ;
; Number of registers using Clock Enable       ; 128   ;
; Number of registers using Preset             ; 0     ;
+----------------------------------------------+-------+


+---------------------------------------------------------------------+
; Parameter Settings for User Entity Instance: Top-level Entity: |RAM ;
+----------------+-------+--------------------------------------------+
; Parameter Name ; Value ; Type                                       ;
+----------------+-------+--------------------------------------------+
; bits           ; 8     ; Signed Integer                             ;
; words          ; 16    ; Signed Integer                             ;
+----------------+-------+--------------------------------------------+
Note: In order to hide this table in the UI and the text report file, please set the "Show Parameter Settings Tables in Synthesis Report" option in "Analysis and Synthesis Settings -> More Settings" to "Off".


+-------------------------------+
; Analysis & Synthesis Messages ;
+-------------------------------+
Info: *******************************************************************
Info: Running Quartus II Analysis & Synthesis
    Info: Version 6.1 Build 201 11/27/2006 SJ Web Edition
    Info: Processing started: Fri Jun 13 19:48:50 2008
Info: Command: quartus_map --read_settings_files=on --write_settings_files=off RAM -c RAM
Info: Found 2 design units, including 1 entities, in source file RAM.vhd
    Info: Found design unit 1: RAM-RAM
    Info: Found entity 1: RAM
Info: Elaborating entity "RAM" for the top level hierarchy
Warning (10492): VHDL Process Statement warning at RAM.vhd(31): signal "memory" is read inside the Process Statement but isn't in the Process Statement's sensitivity list
Warning (10492): VHDL Process Statement warning at RAM.vhd(31): signal "addr" is read inside the Process Statement but isn't in the Process Statement's sensitivity list
Info: Implemented 262 device resources after synthesis - the final resource count might be different
    Info: Implemented 6 input pins
    Info: Implemented 0 output pins
    Info: Implemented 16 bidirectional pins
    Info: Implemented 240 logic cells
Info: Quartus II Analysis & Synthesis was successful. 0 errors, 2 warnings
    Info: Allocated 138 megabytes of memory during processing
    Info: Processing ended: Fri Jun 13 19:48:52 2008
    Info: Elapsed time: 00:00:02


