Classic Timing Analyzer report for RAM
Fri Jun 13 19:49:17 2008
Quartus II Version 6.1 Build 201 11/27/2006 SJ Web Edition


---------------------
; Table of Contents ;
---------------------
  1. Legal Notice
  2. Timing Analyzer Summary
  3. Timing Analyzer Settings
  4. Clock Settings Summary
  5. tsu
  6. tco
  7. tpd
  8. th
  9. Timing Analyzer Messages



----------------
; Legal Notice ;
----------------
Copyright (C) 1991-2006 Altera Corporation
Your use of Altera Corporation's design tools, logic functions 
and other software and tools, and its AMPP partner logic 
functions, and any output files from any of the foregoing 
(including device programming or simulation files), and any 
associated documentation or information are expressly subject 
to the terms and conditions of the Altera Program License 
Subscription Agreement, Altera MegaCore Function License 
Agreement, or other applicable license agreement, including, 
without limitation, that your use is for the sole purpose of 
programming logic devices manufactured by Altera and sold by 
Altera or its authorized distributors.  Please refer to the 
applicable agreement for further details.



+------------------------------------------------------------------------------------------------------------------------------------+
; Timing Analyzer Summary                                                                                                            ;
+------------------------------+-------+---------------+-------------+-----------+------------+------------+----------+--------------+
; Type                         ; Slack ; Required Time ; Actual Time ; From      ; To         ; From Clock ; To Clock ; Failed Paths ;
+------------------------------+-------+---------------+-------------+-----------+------------+------------+----------+--------------+
; Worst-case tsu               ; N/A   ; None          ; 6.890 ns    ; addr[3]   ; memory~256 ; --         ; clk      ; 0            ;
; Worst-case tco               ; N/A   ; None          ; 11.634 ns   ; memory~70 ; data[7]    ; clk        ; --       ; 0            ;
; Worst-case tpd               ; N/A   ; None          ; 13.800 ns   ; addr[1]   ; data[4]    ; --         ; --       ; 0            ;
; Worst-case th                ; N/A   ; None          ; -2.040 ns   ; data[6]   ; memory~180 ; --         ; clk      ; 0            ;
; Total number of failed paths ;       ;               ;             ;           ;            ;            ;          ; 0            ;
+------------------------------+-------+---------------+-------------+-----------+------------+------------+----------+--------------+


+------------------------------------------------------------------------------------------------------+
; Timing Analyzer Settings                                                                             ;
+-------------------------------------------------------+--------------------+------+----+-------------+
; Option                                                ; Setting            ; From ; To ; Entity Name ;
+-------------------------------------------------------+--------------------+------+----+-------------+
; Device Name                                           ; EP1S10F484C5       ;      ;    ;             ;
; Timing Models                                         ; Final              ;      ;    ;             ;
; Default hold multicycle                               ; Same as Multicycle ;      ;    ;             ;
; Cut paths between unrelated clock domains             ; On                 ;      ;    ;             ;
; Cut off read during write signal paths                ; On                 ;      ;    ;             ;
; Cut off feedback from I/O pins                        ; On                 ;      ;    ;             ;
; Report Combined Fast/Slow Timing                      ; Off                ;      ;    ;             ;
; Ignore Clock Settings                                 ; Off                ;      ;    ;             ;
; Analyze latches as synchronous elements               ; On                 ;      ;    ;             ;
; Enable Recovery/Removal analysis                      ; Off                ;      ;    ;             ;
; Enable Clock Latency                                  ; Off                ;      ;    ;             ;
; Number of source nodes to report per destination node ; 10                 ;      ;    ;             ;
; Number of destination nodes to report                 ; 10                 ;      ;    ;             ;
; Number of paths to report                             ; 200                ;      ;    ;             ;
; Report Minimum Timing Checks                          ; Off                ;      ;    ;             ;
; Use Fast Timing Models                                ; Off                ;      ;    ;             ;
; Report IO Paths Separately                            ; Off                ;      ;    ;             ;
+-------------------------------------------------------+--------------------+------+----+-------------+


+------------------------------------------------------------------------------------------------------------------------------------------------------------------------------------+
; Clock Settings Summary                                                                                                                                                             ;
+-----------------+--------------------+----------+------------------+---------------+--------------+----------+-----------------------+---------------------+--------+--------------+
; Clock Node Name ; Clock Setting Name ; Type     ; Fmax Requirement ; Early Latency ; Late Latency ; Based on ; Multiply Base Fmax by ; Divide Base Fmax by ; Offset ; Phase offset ;
+-----------------+--------------------+----------+------------------+---------------+--------------+----------+-----------------------+---------------------+--------+--------------+
; clk             ;                    ; User Pin ; None             ; 0.000 ns      ; 0.000 ns     ; --       ; N/A                   ; N/A                 ; N/A    ;              ;
+-----------------+--------------------+----------+------------------+---------------+--------------+----------+-----------------------+---------------------+--------+--------------+


+----------------------------------------------------------------------------------------------------------------------------------------------+
; tsu                                                                                                                                          ;
+-----------------------------------------+-----------------------------------------------------+------------+---------+------------+----------+
; Slack                                   ; Required tsu                                        ; Actual tsu ; From    ; To         ; To Clock ;
+-----------------------------------------+-----------------------------------------------------+------------+---------+------------+----------+
; N/A                                     ; None                                                ; 6.890 ns   ; addr[3] ; memory~256 ; clk      ;
; N/A                                     ; None                                                ; 6.690 ns   ; addr[3] ; memory~260 ; clk      ;
; N/A                                     ; None                                                ; 6.596 ns   ; addr[3] ; memory~248 ; clk      ;
; N/A                                     ; None                                                ; 6.596 ns   ; addr[3] ; memory~252 ; clk      ;
; N/A                                     ; None                                                ; 6.444 ns   ; addr[1] ; memory~256 ; clk      ;
; N/A                                     ; None                                                ; 6.440 ns   ; addr[2] ; memory~256 ; clk      ;
; N/A                                     ; None                                                ; 6.285 ns   ; addr[0] ; memory~256 ; clk      ;
; N/A                                     ; None                                                ; 6.244 ns   ; addr[1] ; memory~260 ; clk      ;
; N/A                                     ; None                                                ; 6.240 ns   ; addr[2] ; memory~260 ; clk      ;
; N/A                                     ; None                                                ; 6.160 ns   ; addr[0] ; memory~120 ; clk      ;
; N/A                                     ; None                                                ; 6.160 ns   ; addr[0] ; memory~126 ; clk      ;
; N/A                                     ; None                                                ; 6.160 ns   ; addr[0] ; memory~128 ; clk      ;
; N/A                                     ; None                                                ; 6.150 ns   ; addr[1] ; memory~248 ; clk      ;
; N/A                                     ; None                                                ; 6.150 ns   ; addr[1] ; memory~252 ; clk      ;
; N/A                                     ; None                                                ; 6.146 ns   ; addr[2] ; memory~248 ; clk      ;
; N/A                                     ; None                                                ; 6.146 ns   ; addr[2] ; memory~252 ; clk      ;
; N/A                                     ; None                                                ; 6.085 ns   ; addr[0] ; memory~260 ; clk      ;
; N/A                                     ; None                                                ; 5.991 ns   ; addr[0] ; memory~248 ; clk      ;
; N/A                                     ; None                                                ; 5.991 ns   ; addr[0] ; memory~252 ; clk      ;
; N/A                                     ; None                                                ; 5.955 ns   ; addr[3] ; memory~250 ; clk      ;
; N/A                                     ; None                                                ; 5.955 ns   ; addr[3] ; memory~254 ; clk      ;
; N/A                                     ; None                                                ; 5.955 ns   ; addr[3] ; memory~258 ; clk      ;
; N/A                                     ; None                                                ; 5.955 ns   ; addr[3] ; memory~262 ; clk      ;
; N/A                                     ; None                                                ; 5.910 ns   ; addr[2] ; memory~58  ; clk      ;
; N/A                                     ; None                                                ; 5.910 ns   ; addr[2] ; memory~62  ; clk      ;
; N/A                                     ; None                                                ; 5.910 ns   ; addr[2] ; memory~66  ; clk      ;
; N/A                                     ; None                                                ; 5.910 ns   ; addr[2] ; memory~70  ; clk      ;
; N/A                                     ; None                                                ; 5.882 ns   ; addr[0] ; memory~174 ; clk      ;
; N/A                                     ; None                                                ; 5.882 ns   ; addr[0] ; memory~178 ; clk      ;
; N/A                                     ; None                                                ; 5.882 ns   ; addr[0] ; memory~182 ; clk      ;
; N/A                                     ; None                                                ; 5.839 ns   ; addr[0] ; memory~204 ; clk      ;
; N/A                                     ; None                                                ; 5.839 ns   ; addr[0] ; memory~206 ; clk      ;
; N/A                                     ; None                                                ; 5.813 ns   ; addr[2] ; memory~174 ; clk      ;
; N/A                                     ; None                                                ; 5.813 ns   ; addr[2] ; memory~178 ; clk      ;
; N/A                                     ; None                                                ; 5.813 ns   ; addr[2] ; memory~182 ; clk      ;
; N/A                                     ; None                                                ; 5.806 ns   ; addr[0] ; memory~104 ; clk      ;
; N/A                                     ; None                                                ; 5.806 ns   ; addr[0] ; memory~114 ; clk      ;
; N/A                                     ; None                                                ; 5.790 ns   ; addr[0] ; memory~210 ; clk      ;
; N/A                                     ; None                                                ; 5.786 ns   ; addr[3] ; memory~244 ; clk      ;
; N/A                                     ; None                                                ; 5.783 ns   ; addr[1] ; memory~88  ; clk      ;
; N/A                                     ; None                                                ; 5.783 ns   ; addr[1] ; memory~90  ; clk      ;
; N/A                                     ; None                                                ; 5.783 ns   ; addr[1] ; memory~94  ; clk      ;
; N/A                                     ; None                                                ; 5.783 ns   ; addr[1] ; memory~98  ; clk      ;
; N/A                                     ; None                                                ; 5.783 ns   ; addr[1] ; memory~102 ; clk      ;
; N/A                                     ; None                                                ; 5.778 ns   ; addr[1] ; memory~92  ; clk      ;
; N/A                                     ; None                                                ; 5.778 ns   ; addr[1] ; memory~96  ; clk      ;
; N/A                                     ; None                                                ; 5.778 ns   ; addr[1] ; memory~100 ; clk      ;
; N/A                                     ; None                                                ; 5.778 ns   ; addr[0] ; memory~200 ; clk      ;
; N/A                                     ; None                                                ; 5.778 ns   ; addr[0] ; memory~202 ; clk      ;
; N/A                                     ; None                                                ; 5.778 ns   ; addr[0] ; memory~212 ; clk      ;
; N/A                                     ; None                                                ; 5.772 ns   ; addr[3] ; memory~58  ; clk      ;
; N/A                                     ; None                                                ; 5.772 ns   ; addr[3] ; memory~62  ; clk      ;
; N/A                                     ; None                                                ; 5.772 ns   ; addr[3] ; memory~66  ; clk      ;
; N/A                                     ; None                                                ; 5.772 ns   ; addr[3] ; memory~70  ; clk      ;
; N/A                                     ; None                                                ; 5.768 ns   ; addr[0] ; memory~110 ; clk      ;
; N/A                                     ; None                                                ; 5.768 ns   ; addr[0] ; memory~112 ; clk      ;
; N/A                                     ; None                                                ; 5.768 ns   ; addr[0] ; memory~118 ; clk      ;
; N/A                                     ; None                                                ; 5.767 ns   ; addr[0] ; memory~208 ; clk      ;
; N/A                                     ; None                                                ; 5.732 ns   ; addr[2] ; memory~24  ; clk      ;
; N/A                                     ; None                                                ; 5.732 ns   ; addr[2] ; memory~26  ; clk      ;
; N/A                                     ; None                                                ; 5.732 ns   ; addr[2] ; memory~30  ; clk      ;
; N/A                                     ; None                                                ; 5.732 ns   ; addr[2] ; memory~34  ; clk      ;
; N/A                                     ; None                                                ; 5.732 ns   ; addr[2] ; memory~38  ; clk      ;
; N/A                                     ; None                                                ; 5.706 ns   ; addr[2] ; memory~42  ; clk      ;
; N/A                                     ; None                                                ; 5.706 ns   ; addr[2] ; memory~46  ; clk      ;
; N/A                                     ; None                                                ; 5.706 ns   ; addr[2] ; memory~50  ; clk      ;
; N/A                                     ; None                                                ; 5.706 ns   ; addr[2] ; memory~54  ; clk      ;
; N/A                                     ; None                                                ; 5.692 ns   ; addr[0] ; memory~58  ; clk      ;
; N/A                                     ; None                                                ; 5.692 ns   ; addr[0] ; memory~62  ; clk      ;
; N/A                                     ; None                                                ; 5.692 ns   ; addr[0] ; memory~66  ; clk      ;
; N/A                                     ; None                                                ; 5.692 ns   ; addr[0] ; memory~70  ; clk      ;
; N/A                                     ; None                                                ; 5.687 ns   ; addr[0] ; memory~122 ; clk      ;
; N/A                                     ; None                                                ; 5.687 ns   ; addr[0] ; memory~124 ; clk      ;
; N/A                                     ; None                                                ; 5.687 ns   ; addr[0] ; memory~130 ; clk      ;
; N/A                                     ; None                                                ; 5.687 ns   ; addr[0] ; memory~132 ; clk      ;
; N/A                                     ; None                                                ; 5.687 ns   ; addr[0] ; memory~134 ; clk      ;
; N/A                                     ; None                                                ; 5.683 ns   ; addr[0] ; memory~168 ; clk      ;
; N/A                                     ; None                                                ; 5.683 ns   ; addr[0] ; memory~170 ; clk      ;
; N/A                                     ; None                                                ; 5.683 ns   ; addr[0] ; memory~176 ; clk      ;
; N/A                                     ; None                                                ; 5.681 ns   ; addr[0] ; memory~184 ; clk      ;
; N/A                                     ; None                                                ; 5.681 ns   ; addr[0] ; memory~186 ; clk      ;
; N/A                                     ; None                                                ; 5.681 ns   ; addr[0] ; memory~192 ; clk      ;
; N/A                                     ; None                                                ; 5.681 ns   ; addr[0] ; memory~194 ; clk      ;
; N/A                                     ; None                                                ; 5.681 ns   ; addr[0] ; memory~198 ; clk      ;
; N/A                                     ; None                                                ; 5.614 ns   ; addr[2] ; memory~168 ; clk      ;
; N/A                                     ; None                                                ; 5.614 ns   ; addr[2] ; memory~170 ; clk      ;
; N/A                                     ; None                                                ; 5.614 ns   ; addr[2] ; memory~176 ; clk      ;
; N/A                                     ; None                                                ; 5.613 ns   ; addr[0] ; memory~172 ; clk      ;
; N/A                                     ; None                                                ; 5.613 ns   ; addr[0] ; memory~180 ; clk      ;
; N/A                                     ; None                                                ; 5.603 ns   ; addr[1] ; memory~174 ; clk      ;
; N/A                                     ; None                                                ; 5.603 ns   ; addr[1] ; memory~178 ; clk      ;
; N/A                                     ; None                                                ; 5.603 ns   ; addr[1] ; memory~182 ; clk      ;
; N/A                                     ; None                                                ; 5.599 ns   ; addr[2] ; memory~184 ; clk      ;
; N/A                                     ; None                                                ; 5.599 ns   ; addr[2] ; memory~186 ; clk      ;
; N/A                                     ; None                                                ; 5.599 ns   ; addr[2] ; memory~192 ; clk      ;
; N/A                                     ; None                                                ; 5.599 ns   ; addr[2] ; memory~194 ; clk      ;
; N/A                                     ; None                                                ; 5.599 ns   ; addr[2] ; memory~198 ; clk      ;
; N/A                                     ; None                                                ; 5.595 ns   ; addr[3] ; memory~240 ; clk      ;
; N/A                                     ; None                                                ; 5.594 ns   ; addr[3] ; memory~24  ; clk      ;
; N/A                                     ; None                                                ; 5.594 ns   ; addr[3] ; memory~26  ; clk      ;
; N/A                                     ; None                                                ; 5.594 ns   ; addr[3] ; memory~30  ; clk      ;
; N/A                                     ; None                                                ; 5.594 ns   ; addr[3] ; memory~34  ; clk      ;
; N/A                                     ; None                                                ; 5.594 ns   ; addr[3] ; memory~38  ; clk      ;
; N/A                                     ; None                                                ; 5.578 ns   ; addr[0] ; memory~278 ; clk      ;
; N/A                                     ; None                                                ; 5.574 ns   ; addr[0] ; memory~264 ; clk      ;
; N/A                                     ; None                                                ; 5.574 ns   ; addr[0] ; memory~266 ; clk      ;
; N/A                                     ; None                                                ; 5.574 ns   ; addr[0] ; memory~268 ; clk      ;
; N/A                                     ; None                                                ; 5.574 ns   ; addr[0] ; memory~270 ; clk      ;
; N/A                                     ; None                                                ; 5.574 ns   ; addr[0] ; memory~272 ; clk      ;
; N/A                                     ; None                                                ; 5.574 ns   ; addr[0] ; memory~274 ; clk      ;
; N/A                                     ; None                                                ; 5.574 ns   ; addr[0] ; memory~276 ; clk      ;
; N/A                                     ; None                                                ; 5.571 ns   ; addr[3] ; memory~42  ; clk      ;
; N/A                                     ; None                                                ; 5.571 ns   ; addr[3] ; memory~46  ; clk      ;
; N/A                                     ; None                                                ; 5.571 ns   ; addr[3] ; memory~50  ; clk      ;
; N/A                                     ; None                                                ; 5.571 ns   ; addr[3] ; memory~54  ; clk      ;
; N/A                                     ; None                                                ; 5.556 ns   ; addr[0] ; memory~106 ; clk      ;
; N/A                                     ; None                                                ; 5.556 ns   ; addr[0] ; memory~108 ; clk      ;
; N/A                                     ; None                                                ; 5.556 ns   ; addr[0] ; memory~116 ; clk      ;
; N/A                                     ; None                                                ; 5.552 ns   ; addr[3] ; memory~234 ; clk      ;
; N/A                                     ; None                                                ; 5.552 ns   ; addr[3] ; memory~236 ; clk      ;
; N/A                                     ; None                                                ; 5.552 ns   ; addr[3] ; memory~238 ; clk      ;
; N/A                                     ; None                                                ; 5.552 ns   ; addr[3] ; memory~242 ; clk      ;
; N/A                                     ; None                                                ; 5.552 ns   ; addr[3] ; memory~246 ; clk      ;
; N/A                                     ; None                                                ; 5.544 ns   ; addr[2] ; memory~172 ; clk      ;
; N/A                                     ; None                                                ; 5.544 ns   ; addr[2] ; memory~180 ; clk      ;
; N/A                                     ; None                                                ; 5.514 ns   ; addr[0] ; memory~24  ; clk      ;
; N/A                                     ; None                                                ; 5.514 ns   ; addr[0] ; memory~26  ; clk      ;
; N/A                                     ; None                                                ; 5.514 ns   ; addr[0] ; memory~30  ; clk      ;
; N/A                                     ; None                                                ; 5.514 ns   ; addr[0] ; memory~34  ; clk      ;
; N/A                                     ; None                                                ; 5.514 ns   ; addr[0] ; memory~38  ; clk      ;
; N/A                                     ; None                                                ; 5.513 ns   ; addr[2] ; memory~278 ; clk      ;
; N/A                                     ; None                                                ; 5.509 ns   ; addr[2] ; memory~264 ; clk      ;
; N/A                                     ; None                                                ; 5.509 ns   ; addr[2] ; memory~266 ; clk      ;
; N/A                                     ; None                                                ; 5.509 ns   ; addr[2] ; memory~268 ; clk      ;
; N/A                                     ; None                                                ; 5.509 ns   ; addr[2] ; memory~270 ; clk      ;
; N/A                                     ; None                                                ; 5.509 ns   ; addr[2] ; memory~272 ; clk      ;
; N/A                                     ; None                                                ; 5.509 ns   ; addr[2] ; memory~274 ; clk      ;
; N/A                                     ; None                                                ; 5.509 ns   ; addr[2] ; memory~276 ; clk      ;
; N/A                                     ; None                                                ; 5.509 ns   ; addr[1] ; memory~250 ; clk      ;
; N/A                                     ; None                                                ; 5.509 ns   ; addr[1] ; memory~254 ; clk      ;
; N/A                                     ; None                                                ; 5.509 ns   ; addr[1] ; memory~258 ; clk      ;
; N/A                                     ; None                                                ; 5.509 ns   ; addr[1] ; memory~262 ; clk      ;
; N/A                                     ; None                                                ; 5.505 ns   ; addr[2] ; memory~250 ; clk      ;
; N/A                                     ; None                                                ; 5.505 ns   ; addr[2] ; memory~254 ; clk      ;
; N/A                                     ; None                                                ; 5.505 ns   ; addr[2] ; memory~258 ; clk      ;
; N/A                                     ; None                                                ; 5.505 ns   ; addr[2] ; memory~262 ; clk      ;
; N/A                                     ; None                                                ; 5.492 ns   ; addr[0] ; memory~42  ; clk      ;
; N/A                                     ; None                                                ; 5.492 ns   ; addr[0] ; memory~46  ; clk      ;
; N/A                                     ; None                                                ; 5.492 ns   ; addr[0] ; memory~50  ; clk      ;
; N/A                                     ; None                                                ; 5.492 ns   ; addr[0] ; memory~54  ; clk      ;
; N/A                                     ; None                                                ; 5.485 ns   ; addr[0] ; memory~188 ; clk      ;
; N/A                                     ; None                                                ; 5.485 ns   ; addr[0] ; memory~190 ; clk      ;
; N/A                                     ; None                                                ; 5.485 ns   ; addr[0] ; memory~196 ; clk      ;
; N/A                                     ; None                                                ; 5.480 ns   ; addr[0] ; memory~136 ; clk      ;
; N/A                                     ; None                                                ; 5.480 ns   ; addr[0] ; memory~138 ; clk      ;
; N/A                                     ; None                                                ; 5.480 ns   ; addr[0] ; memory~140 ; clk      ;
; N/A                                     ; None                                                ; 5.480 ns   ; addr[0] ; memory~142 ; clk      ;
; N/A                                     ; None                                                ; 5.480 ns   ; addr[0] ; memory~144 ; clk      ;
; N/A                                     ; None                                                ; 5.480 ns   ; addr[0] ; memory~146 ; clk      ;
; N/A                                     ; None                                                ; 5.480 ns   ; addr[0] ; memory~148 ; clk      ;
; N/A                                     ; None                                                ; 5.477 ns   ; addr[2] ; memory~28  ; clk      ;
; N/A                                     ; None                                                ; 5.477 ns   ; addr[2] ; memory~32  ; clk      ;
; N/A                                     ; None                                                ; 5.477 ns   ; addr[2] ; memory~36  ; clk      ;
; N/A                                     ; None                                                ; 5.426 ns   ; addr[0] ; memory~152 ; clk      ;
; N/A                                     ; None                                                ; 5.426 ns   ; addr[0] ; memory~154 ; clk      ;
; N/A                                     ; None                                                ; 5.426 ns   ; addr[0] ; memory~158 ; clk      ;
; N/A                                     ; None                                                ; 5.426 ns   ; addr[0] ; memory~162 ; clk      ;
; N/A                                     ; None                                                ; 5.426 ns   ; addr[0] ; memory~166 ; clk      ;
; N/A                                     ; None                                                ; 5.418 ns   ; addr[0] ; memory~156 ; clk      ;
; N/A                                     ; None                                                ; 5.418 ns   ; addr[0] ; memory~160 ; clk      ;
; N/A                                     ; None                                                ; 5.418 ns   ; addr[0] ; memory~164 ; clk      ;
; N/A                                     ; None                                                ; 5.414 ns   ; addr[3] ; memory~278 ; clk      ;
; N/A                                     ; None                                                ; 5.410 ns   ; addr[3] ; memory~264 ; clk      ;
; N/A                                     ; None                                                ; 5.410 ns   ; addr[3] ; memory~266 ; clk      ;
; N/A                                     ; None                                                ; 5.410 ns   ; addr[3] ; memory~268 ; clk      ;
; N/A                                     ; None                                                ; 5.410 ns   ; addr[3] ; memory~270 ; clk      ;
; N/A                                     ; None                                                ; 5.410 ns   ; addr[3] ; memory~272 ; clk      ;
; N/A                                     ; None                                                ; 5.410 ns   ; addr[3] ; memory~274 ; clk      ;
; N/A                                     ; None                                                ; 5.410 ns   ; addr[3] ; memory~276 ; clk      ;
; N/A                                     ; None                                                ; 5.404 ns   ; addr[1] ; memory~168 ; clk      ;
; N/A                                     ; None                                                ; 5.404 ns   ; addr[1] ; memory~184 ; clk      ;
; N/A                                     ; None                                                ; 5.404 ns   ; addr[1] ; memory~186 ; clk      ;
; N/A                                     ; None                                                ; 5.404 ns   ; addr[1] ; memory~170 ; clk      ;
; N/A                                     ; None                                                ; 5.404 ns   ; addr[1] ; memory~176 ; clk      ;
; N/A                                     ; None                                                ; 5.404 ns   ; addr[1] ; memory~192 ; clk      ;
; N/A                                     ; None                                                ; 5.404 ns   ; addr[1] ; memory~194 ; clk      ;
; N/A                                     ; None                                                ; 5.404 ns   ; addr[1] ; memory~198 ; clk      ;
; N/A                                     ; None                                                ; 5.403 ns   ; addr[2] ; memory~188 ; clk      ;
; N/A                                     ; None                                                ; 5.403 ns   ; addr[2] ; memory~190 ; clk      ;
; N/A                                     ; None                                                ; 5.403 ns   ; addr[2] ; memory~196 ; clk      ;
; N/A                                     ; None                                                ; 5.403 ns   ; addr[0] ; memory~88  ; clk      ;
; N/A                                     ; None                                                ; 5.403 ns   ; addr[0] ; memory~90  ; clk      ;
; N/A                                     ; None                                                ; 5.403 ns   ; addr[0] ; memory~94  ; clk      ;
; N/A                                     ; None                                                ; 5.403 ns   ; addr[0] ; memory~98  ; clk      ;
; N/A                                     ; None                                                ; 5.403 ns   ; addr[0] ; memory~102 ; clk      ;
; N/A                                     ; None                                                ; 5.398 ns   ; addr[0] ; memory~92  ; clk      ;
; N/A                                     ; None                                                ; 5.398 ns   ; addr[0] ; memory~96  ; clk      ;
; N/A                                     ; None                                                ; 5.398 ns   ; addr[0] ; memory~100 ; clk      ;
; N/A                                     ; None                                                ; 5.392 ns   ; addr[2] ; memory~120 ; clk      ;
; N/A                                     ; None                                                ; 5.392 ns   ; addr[2] ; memory~126 ; clk      ;
; Timing analysis restricted to 200 rows. ; To change the limit use Settings (Assignments menu) ;            ;         ;            ;          ;
+-----------------------------------------+-----------------------------------------------------+------------+---------+------------+----------+


+-----------------------------------------------------------------------+
; tco                                                                   ;
+-------+--------------+------------+------------+---------+------------+
; Slack ; Required tco ; Actual tco ; From       ; To      ; From Clock ;
+-------+--------------+------------+------------+---------+------------+
; N/A   ; None         ; 11.634 ns  ; memory~70  ; data[7] ; clk        ;
; N/A   ; None         ; 11.584 ns  ; memory~38  ; data[7] ; clk        ;
; N/A   ; None         ; 11.545 ns  ; memory~96  ; data[4] ; clk        ;
; N/A   ; None         ; 11.466 ns  ; memory~156 ; data[2] ; clk        ;
; N/A   ; None         ; 11.176 ns  ; memory~54  ; data[7] ; clk        ;
; N/A   ; None         ; 11.109 ns  ; memory~46  ; data[3] ; clk        ;
; N/A   ; None         ; 11.044 ns  ; memory~152 ; data[0] ; clk        ;
; N/A   ; None         ; 11.013 ns  ; memory~164 ; data[6] ; clk        ;
; N/A   ; None         ; 10.973 ns  ; memory~30  ; data[3] ; clk        ;
; N/A   ; None         ; 10.834 ns  ; memory~34  ; data[5] ; clk        ;
; N/A   ; None         ; 10.767 ns  ; memory~160 ; data[4] ; clk        ;
; N/A   ; None         ; 10.753 ns  ; memory~134 ; data[7] ; clk        ;
; N/A   ; None         ; 10.743 ns  ; memory~102 ; data[7] ; clk        ;
; N/A   ; None         ; 10.743 ns  ; memory~26  ; data[1] ; clk        ;
; N/A   ; None         ; 10.719 ns  ; memory~32  ; data[4] ; clk        ;
; N/A   ; None         ; 10.687 ns  ; memory~92  ; data[2] ; clk        ;
; N/A   ; None         ; 10.685 ns  ; memory~128 ; data[4] ; clk        ;
; N/A   ; None         ; 10.670 ns  ; memory~50  ; data[5] ; clk        ;
; N/A   ; None         ; 10.647 ns  ; memory~188 ; data[2] ; clk        ;
; N/A   ; None         ; 10.640 ns  ; memory~36  ; data[6] ; clk        ;
; N/A   ; None         ; 10.607 ns  ; memory~162 ; data[5] ; clk        ;
; N/A   ; None         ; 10.597 ns  ; memory~24  ; data[0] ; clk        ;
; N/A   ; None         ; 10.531 ns  ; memory~74  ; data[1] ; clk        ;
; N/A   ; None         ; 10.515 ns  ; memory~154 ; data[1] ; clk        ;
; N/A   ; None         ; 10.503 ns  ; memory~88  ; data[0] ; clk        ;
; N/A   ; None         ; 10.480 ns  ; memory~28  ; data[2] ; clk        ;
; N/A   ; None         ; 10.441 ns  ; memory~66  ; data[5] ; clk        ;
; N/A   ; None         ; 10.367 ns  ; memory~262 ; data[7] ; clk        ;
; N/A   ; None         ; 10.332 ns  ; memory~72  ; data[0] ; clk        ;
; N/A   ; None         ; 10.313 ns  ; memory~226 ; data[5] ; clk        ;
; N/A   ; None         ; 10.278 ns  ; memory~212 ; data[6] ; clk        ;
; N/A   ; None         ; 10.271 ns  ; memory~204 ; data[2] ; clk        ;
; N/A   ; None         ; 10.251 ns  ; memory~100 ; data[6] ; clk        ;
; N/A   ; None         ; 10.212 ns  ; memory~168 ; data[0] ; clk        ;
; N/A   ; None         ; 10.209 ns  ; memory~194 ; data[5] ; clk        ;
; N/A   ; None         ; 10.183 ns  ; memory~196 ; data[6] ; clk        ;
; N/A   ; None         ; 10.163 ns  ; memory~268 ; data[2] ; clk        ;
; N/A   ; None         ; 10.162 ns  ; memory~144 ; data[4] ; clk        ;
; N/A   ; None         ; 10.162 ns  ; memory~94  ; data[3] ; clk        ;
; N/A   ; None         ; 10.104 ns  ; memory~76  ; data[2] ; clk        ;
; N/A   ; None         ; 10.004 ns  ; memory~218 ; data[1] ; clk        ;
; N/A   ; None         ; 9.974 ns   ; memory~78  ; data[3] ; clk        ;
; N/A   ; None         ; 9.932 ns   ; memory~140 ; data[2] ; clk        ;
; N/A   ; None         ; 9.920 ns   ; memory~230 ; data[7] ; clk        ;
; N/A   ; None         ; 9.918 ns   ; memory~220 ; data[2] ; clk        ;
; N/A   ; None         ; 9.912 ns   ; memory~182 ; data[7] ; clk        ;
; N/A   ; None         ; 9.870 ns   ; memory~176 ; data[4] ; clk        ;
; N/A   ; None         ; 9.862 ns   ; memory~108 ; data[2] ; clk        ;
; N/A   ; None         ; 9.817 ns   ; memory~62  ; data[3] ; clk        ;
; N/A   ; None         ; 9.804 ns   ; memory~174 ; data[3] ; clk        ;
; N/A   ; None         ; 9.767 ns   ; memory~86  ; data[7] ; clk        ;
; N/A   ; None         ; 9.755 ns   ; memory~80  ; data[4] ; clk        ;
; N/A   ; None         ; 9.747 ns   ; memory~206 ; data[3] ; clk        ;
; N/A   ; None         ; 9.701 ns   ; memory~208 ; data[4] ; clk        ;
; N/A   ; None         ; 9.698 ns   ; memory~258 ; data[5] ; clk        ;
; N/A   ; None         ; 9.684 ns   ; memory~84  ; data[6] ; clk        ;
; N/A   ; None         ; 9.608 ns   ; memory~58  ; data[1] ; clk        ;
; N/A   ; None         ; 9.601 ns   ; memory~120 ; data[0] ; clk        ;
; N/A   ; None         ; 9.600 ns   ; memory~42  ; data[1] ; clk        ;
; N/A   ; None         ; 9.597 ns   ; memory~48  ; data[4] ; clk        ;
; N/A   ; None         ; 9.551 ns   ; memory~236 ; data[2] ; clk        ;
; N/A   ; None         ; 9.533 ns   ; memory~114 ; data[5] ; clk        ;
; N/A   ; None         ; 9.522 ns   ; memory~166 ; data[7] ; clk        ;
; N/A   ; None         ; 9.512 ns   ; memory~198 ; data[7] ; clk        ;
; N/A   ; None         ; 9.510 ns   ; memory~138 ; data[1] ; clk        ;
; N/A   ; None         ; 9.502 ns   ; memory~68  ; data[6] ; clk        ;
; N/A   ; None         ; 9.497 ns   ; memory~148 ; data[6] ; clk        ;
; N/A   ; None         ; 9.477 ns   ; memory~250 ; data[1] ; clk        ;
; N/A   ; None         ; 9.476 ns   ; memory~234 ; data[1] ; clk        ;
; N/A   ; None         ; 9.421 ns   ; memory~116 ; data[6] ; clk        ;
; N/A   ; None         ; 9.412 ns   ; memory~136 ; data[0] ; clk        ;
; N/A   ; None         ; 9.407 ns   ; memory~172 ; data[2] ; clk        ;
; N/A   ; None         ; 9.390 ns   ; memory~270 ; data[3] ; clk        ;
; N/A   ; None         ; 9.384 ns   ; memory~82  ; data[5] ; clk        ;
; N/A   ; None         ; 9.379 ns   ; memory~186 ; data[1] ; clk        ;
; N/A   ; None         ; 9.365 ns   ; memory~238 ; data[3] ; clk        ;
; N/A   ; None         ; 9.364 ns   ; memory~200 ; data[0] ; clk        ;
; N/A   ; None         ; 9.355 ns   ; memory~60  ; data[2] ; clk        ;
; N/A   ; None         ; 9.303 ns   ; memory~222 ; data[3] ; clk        ;
; N/A   ; None         ; 9.283 ns   ; memory~98  ; data[5] ; clk        ;
; N/A   ; None         ; 9.221 ns   ; memory~272 ; data[4] ; clk        ;
; N/A   ; None         ; 9.212 ns   ; memory~106 ; data[1] ; clk        ;
; N/A   ; None         ; 9.190 ns   ; memory~90  ; data[1] ; clk        ;
; N/A   ; None         ; 9.170 ns   ; memory~40  ; data[0] ; clk        ;
; N/A   ; None         ; 9.167 ns   ; memory~224 ; data[4] ; clk        ;
; N/A   ; None         ; 9.146 ns   ; memory~254 ; data[3] ; clk        ;
; N/A   ; None         ; 9.139 ns   ; memory~242 ; data[5] ; clk        ;
; N/A   ; None         ; 9.125 ns   ; memory~274 ; data[5] ; clk        ;
; N/A   ; None         ; 9.117 ns   ; memory~112 ; data[4] ; clk        ;
; N/A   ; None         ; 9.105 ns   ; memory~124 ; data[2] ; clk        ;
; N/A   ; None         ; 9.089 ns   ; memory~180 ; data[6] ; clk        ;
; N/A   ; None         ; 9.068 ns   ; memory~276 ; data[6] ; clk        ;
; N/A   ; None         ; 9.002 ns   ; memory~216 ; data[0] ; clk        ;
; N/A   ; None         ; 9.001 ns   ; memory~228 ; data[6] ; clk        ;
; N/A   ; None         ; 8.994 ns   ; memory~184 ; data[0] ; clk        ;
; N/A   ; None         ; 8.991 ns   ; memory~252 ; data[2] ; clk        ;
; N/A   ; None         ; 8.961 ns   ; memory~56  ; data[0] ; clk        ;
; N/A   ; None         ; 8.960 ns   ; memory~44  ; data[2] ; clk        ;
; N/A   ; None         ; 8.925 ns   ; memory~266 ; data[1] ; clk        ;
; N/A   ; None         ; 8.924 ns   ; memory~158 ; data[3] ; clk        ;
; N/A   ; None         ; 8.911 ns   ; memory~64  ; data[4] ; clk        ;
; N/A   ; None         ; 8.887 ns   ; memory~246 ; data[7] ; clk        ;
; N/A   ; None         ; 8.875 ns   ; memory~130 ; data[5] ; clk        ;
; N/A   ; None         ; 8.859 ns   ; memory~192 ; data[4] ; clk        ;
; N/A   ; None         ; 8.840 ns   ; memory~264 ; data[0] ; clk        ;
; N/A   ; None         ; 8.814 ns   ; memory~52  ; data[6] ; clk        ;
; N/A   ; None         ; 8.782 ns   ; memory~110 ; data[3] ; clk        ;
; N/A   ; None         ; 8.774 ns   ; memory~248 ; data[0] ; clk        ;
; N/A   ; None         ; 8.731 ns   ; memory~278 ; data[7] ; clk        ;
; N/A   ; None         ; 8.669 ns   ; memory~126 ; data[3] ; clk        ;
; N/A   ; None         ; 8.659 ns   ; memory~118 ; data[7] ; clk        ;
; N/A   ; None         ; 8.652 ns   ; memory~132 ; data[6] ; clk        ;
; N/A   ; None         ; 8.626 ns   ; memory~170 ; data[1] ; clk        ;
; N/A   ; None         ; 8.568 ns   ; memory~214 ; data[7] ; clk        ;
; N/A   ; None         ; 8.543 ns   ; memory~104 ; data[0] ; clk        ;
; N/A   ; None         ; 8.523 ns   ; memory~142 ; data[3] ; clk        ;
; N/A   ; None         ; 8.501 ns   ; memory~202 ; data[1] ; clk        ;
; N/A   ; None         ; 8.359 ns   ; memory~146 ; data[5] ; clk        ;
; N/A   ; None         ; 8.344 ns   ; memory~122 ; data[1] ; clk        ;
; N/A   ; None         ; 8.314 ns   ; memory~178 ; data[5] ; clk        ;
; N/A   ; None         ; 8.119 ns   ; memory~256 ; data[4] ; clk        ;
; N/A   ; None         ; 8.113 ns   ; memory~244 ; data[6] ; clk        ;
; N/A   ; None         ; 8.066 ns   ; memory~190 ; data[3] ; clk        ;
; N/A   ; None         ; 7.872 ns   ; memory~150 ; data[7] ; clk        ;
; N/A   ; None         ; 7.802 ns   ; memory~210 ; data[5] ; clk        ;
; N/A   ; None         ; 7.756 ns   ; memory~232 ; data[0] ; clk        ;
; N/A   ; None         ; 7.731 ns   ; memory~260 ; data[6] ; clk        ;
; N/A   ; None         ; 7.728 ns   ; memory~240 ; data[4] ; clk        ;
+-------+--------------+------------+------------+---------+------------+


+-----------------------------------------------------------------+
; tpd                                                             ;
+-------+-------------------+-----------------+---------+---------+
; Slack ; Required P2P Time ; Actual P2P Time ; From    ; To      ;
+-------+-------------------+-----------------+---------+---------+
; N/A   ; None              ; 13.800 ns       ; addr[1] ; data[4] ;
; N/A   ; None              ; 13.761 ns       ; addr[1] ; data[2] ;
; N/A   ; None              ; 13.346 ns       ; addr[0] ; data[4] ;
; N/A   ; None              ; 13.302 ns       ; addr[0] ; data[2] ;
; N/A   ; None              ; 13.297 ns       ; addr[1] ; data[6] ;
; N/A   ; None              ; 13.202 ns       ; addr[3] ; data[5] ;
; N/A   ; None              ; 13.138 ns       ; addr[0] ; data[0] ;
; N/A   ; None              ; 13.108 ns       ; addr[3] ; data[1] ;
; N/A   ; None              ; 13.019 ns       ; addr[3] ; data[7] ;
; N/A   ; None              ; 12.994 ns       ; addr[2] ; data[7] ;
; N/A   ; None              ; 12.856 ns       ; addr[2] ; data[5] ;
; N/A   ; None              ; 12.843 ns       ; addr[0] ; data[6] ;
; N/A   ; None              ; 12.765 ns       ; addr[2] ; data[1] ;
; N/A   ; None              ; 12.742 ns       ; addr[3] ; data[3] ;
; N/A   ; None              ; 12.713 ns       ; addr[1] ; data[0] ;
; N/A   ; None              ; 12.541 ns       ; addr[2] ; data[3] ;
; N/A   ; None              ; 11.412 ns       ; addr[3] ; data[2] ;
; N/A   ; None              ; 11.074 ns       ; addr[2] ; data[2] ;
; N/A   ; None              ; 11.046 ns       ; addr[2] ; data[4] ;
; N/A   ; None              ; 10.983 ns       ; addr[0] ; data[1] ;
; N/A   ; None              ; 10.913 ns       ; addr[2] ; data[6] ;
; N/A   ; None              ; 10.913 ns       ; addr[3] ; data[4] ;
; N/A   ; None              ; 10.908 ns       ; addr[0] ; data[5] ;
; N/A   ; None              ; 10.891 ns       ; addr[0] ; data[7] ;
; N/A   ; None              ; 10.836 ns       ; addr[3] ; data[0] ;
; N/A   ; None              ; 10.715 ns       ; addr[1] ; data[3] ;
; N/A   ; None              ; 10.654 ns       ; addr[2] ; data[0] ;
; N/A   ; None              ; 10.585 ns       ; addr[1] ; data[7] ;
; N/A   ; None              ; 10.521 ns       ; addr[1] ; data[1] ;
; N/A   ; None              ; 10.414 ns       ; addr[3] ; data[6] ;
; N/A   ; None              ; 10.339 ns       ; addr[0] ; data[3] ;
; N/A   ; None              ; 10.250 ns       ; addr[1] ; data[5] ;
; N/A   ; None              ; 7.720 ns        ; wr_ena  ; data[7] ;
; N/A   ; None              ; 7.720 ns        ; wr_ena  ; data[5] ;
; N/A   ; None              ; 7.720 ns        ; wr_ena  ; data[4] ;
; N/A   ; None              ; 7.720 ns        ; wr_ena  ; data[0] ;
; N/A   ; None              ; 7.607 ns        ; wr_ena  ; data[6] ;
; N/A   ; None              ; 7.607 ns        ; wr_ena  ; data[3] ;
; N/A   ; None              ; 7.607 ns        ; wr_ena  ; data[2] ;
; N/A   ; None              ; 7.607 ns        ; wr_ena  ; data[1] ;
+-------+-------------------+-----------------+---------+---------+


+---------------------------------------------------------------------------------------------------------------------------------------------+
; th                                                                                                                                          ;
+-----------------------------------------+-----------------------------------------------------+-----------+---------+------------+----------+
; Minimum Slack                           ; Required th                                         ; Actual th ; From    ; To         ; To Clock ;
+-----------------------------------------+-----------------------------------------------------+-----------+---------+------------+----------+
; N/A                                     ; None                                                ; -2.040 ns ; data[6] ; memory~180 ; clk      ;
; N/A                                     ; None                                                ; -2.051 ns ; data[4] ; memory~224 ; clk      ;
; N/A                                     ; None                                                ; -2.081 ns ; data[7] ; memory~182 ; clk      ;
; N/A                                     ; None                                                ; -2.084 ns ; data[2] ; memory~44  ; clk      ;
; N/A                                     ; None                                                ; -2.088 ns ; data[2] ; memory~60  ; clk      ;
; N/A                                     ; None                                                ; -2.089 ns ; data[6] ; memory~164 ; clk      ;
; N/A                                     ; None                                                ; -2.090 ns ; data[6] ; memory~36  ; clk      ;
; N/A                                     ; None                                                ; -2.136 ns ; data[3] ; memory~238 ; clk      ;
; N/A                                     ; None                                                ; -2.138 ns ; data[3] ; memory~110 ; clk      ;
; N/A                                     ; None                                                ; -2.199 ns ; data[7] ; memory~262 ; clk      ;
; N/A                                     ; None                                                ; -2.235 ns ; data[2] ; memory~172 ; clk      ;
; N/A                                     ; None                                                ; -2.248 ns ; data[2] ; memory~28  ; clk      ;
; N/A                                     ; None                                                ; -2.249 ns ; data[2] ; memory~156 ; clk      ;
; N/A                                     ; None                                                ; -2.257 ns ; data[2] ; memory~204 ; clk      ;
; N/A                                     ; None                                                ; -2.258 ns ; data[2] ; memory~76  ; clk      ;
; N/A                                     ; None                                                ; -2.278 ns ; data[4] ; memory~160 ; clk      ;
; N/A                                     ; None                                                ; -2.278 ns ; data[4] ; memory~80  ; clk      ;
; N/A                                     ; None                                                ; -2.279 ns ; data[4] ; memory~32  ; clk      ;
; N/A                                     ; None                                                ; -2.282 ns ; data[4] ; memory~176 ; clk      ;
; N/A                                     ; None                                                ; -2.288 ns ; data[6] ; memory~84  ; clk      ;
; N/A                                     ; None                                                ; -2.292 ns ; data[4] ; memory~208 ; clk      ;
; N/A                                     ; None                                                ; -2.292 ns ; data[4] ; memory~144 ; clk      ;
; N/A                                     ; None                                                ; -2.293 ns ; data[4] ; memory~96  ; clk      ;
; N/A                                     ; None                                                ; -2.295 ns ; data[6] ; memory~132 ; clk      ;
; N/A                                     ; None                                                ; -2.298 ns ; data[3] ; memory~30  ; clk      ;
; N/A                                     ; None                                                ; -2.298 ns ; data[3] ; memory~158 ; clk      ;
; N/A                                     ; None                                                ; -2.301 ns ; data[6] ; memory~228 ; clk      ;
; N/A                                     ; None                                                ; -2.304 ns ; data[7] ; memory~86  ; clk      ;
; N/A                                     ; None                                                ; -2.306 ns ; data[3] ; memory~190 ; clk      ;
; N/A                                     ; None                                                ; -2.312 ns ; data[3] ; memory~126 ; clk      ;
; N/A                                     ; None                                                ; -2.318 ns ; data[7] ; memory~230 ; clk      ;
; N/A                                     ; None                                                ; -2.323 ns ; data[4] ; memory~240 ; clk      ;
; N/A                                     ; None                                                ; -2.327 ns ; data[4] ; memory~256 ; clk      ;
; N/A                                     ; None                                                ; -2.337 ns ; data[7] ; memory~246 ; clk      ;
; N/A                                     ; None                                                ; -2.339 ns ; data[7] ; memory~118 ; clk      ;
; N/A                                     ; None                                                ; -2.341 ns ; data[4] ; memory~64  ; clk      ;
; N/A                                     ; None                                                ; -2.342 ns ; data[7] ; memory~214 ; clk      ;
; N/A                                     ; None                                                ; -2.343 ns ; data[4] ; memory~48  ; clk      ;
; N/A                                     ; None                                                ; -2.345 ns ; data[7] ; memory~150 ; clk      ;
; N/A                                     ; None                                                ; -2.382 ns ; data[2] ; memory~220 ; clk      ;
; N/A                                     ; None                                                ; -2.398 ns ; data[2] ; memory~92  ; clk      ;
; N/A                                     ; None                                                ; -2.399 ns ; data[2] ; memory~140 ; clk      ;
; N/A                                     ; None                                                ; -2.404 ns ; data[3] ; memory~62  ; clk      ;
; N/A                                     ; None                                                ; -2.406 ns ; data[7] ; memory~278 ; clk      ;
; N/A                                     ; None                                                ; -2.420 ns ; data[2] ; memory~124 ; clk      ;
; N/A                                     ; None                                                ; -2.430 ns ; data[6] ; memory~212 ; clk      ;
; N/A                                     ; None                                                ; -2.437 ns ; data[6] ; memory~276 ; clk      ;
; N/A                                     ; None                                                ; -2.441 ns ; data[2] ; memory~188 ; clk      ;
; N/A                                     ; None                                                ; -2.452 ns ; data[6] ; memory~260 ; clk      ;
; N/A                                     ; None                                                ; -2.453 ns ; data[6] ; memory~244 ; clk      ;
; N/A                                     ; None                                                ; -2.459 ns ; data[2] ; memory~236 ; clk      ;
; N/A                                     ; None                                                ; -2.460 ns ; data[7] ; memory~102 ; clk      ;
; N/A                                     ; None                                                ; -2.474 ns ; data[4] ; memory~128 ; clk      ;
; N/A                                     ; None                                                ; -2.479 ns ; data[6] ; memory~196 ; clk      ;
; N/A                                     ; None                                                ; -2.487 ns ; data[1] ; memory~202 ; clk      ;
; N/A                                     ; None                                                ; -2.493 ns ; data[6] ; memory~148 ; clk      ;
; N/A                                     ; None                                                ; -2.494 ns ; data[6] ; memory~100 ; clk      ;
; N/A                                     ; None                                                ; -2.496 ns ; data[3] ; memory~94  ; clk      ;
; N/A                                     ; None                                                ; -2.498 ns ; data[5] ; memory~226 ; clk      ;
; N/A                                     ; None                                                ; -2.498 ns ; data[5] ; memory~82  ; clk      ;
; N/A                                     ; None                                                ; -2.498 ns ; data[3] ; memory~254 ; clk      ;
; N/A                                     ; None                                                ; -2.501 ns ; data[3] ; memory~206 ; clk      ;
; N/A                                     ; None                                                ; -2.502 ns ; data[4] ; memory~272 ; clk      ;
; N/A                                     ; None                                                ; -2.502 ns ; data[3] ; memory~78  ; clk      ;
; N/A                                     ; None                                                ; -2.505 ns ; data[3] ; memory~142 ; clk      ;
; N/A                                     ; None                                                ; -2.506 ns ; data[6] ; memory~116 ; clk      ;
; N/A                                     ; None                                                ; -2.506 ns ; data[5] ; memory~274 ; clk      ;
; N/A                                     ; None                                                ; -2.507 ns ; data[3] ; memory~222 ; clk      ;
; N/A                                     ; None                                                ; -2.510 ns ; data[3] ; memory~270 ; clk      ;
; N/A                                     ; None                                                ; -2.513 ns ; data[5] ; memory~242 ; clk      ;
; N/A                                     ; None                                                ; -2.513 ns ; data[0] ; memory~72  ; clk      ;
; N/A                                     ; None                                                ; -2.519 ns ; data[5] ; memory~146 ; clk      ;
; N/A                                     ; None                                                ; -2.525 ns ; data[0] ; memory~136 ; clk      ;
; N/A                                     ; None                                                ; -2.528 ns ; data[0] ; memory~40  ; clk      ;
; N/A                                     ; None                                                ; -2.528 ns ; data[0] ; memory~56  ; clk      ;
; N/A                                     ; None                                                ; -2.530 ns ; data[4] ; memory~192 ; clk      ;
; N/A                                     ; None                                                ; -2.534 ns ; data[7] ; memory~38  ; clk      ;
; N/A                                     ; None                                                ; -2.534 ns ; data[1] ; memory~26  ; clk      ;
; N/A                                     ; None                                                ; -2.536 ns ; data[1] ; memory~154 ; clk      ;
; N/A                                     ; None                                                ; -2.537 ns ; data[7] ; memory~166 ; clk      ;
; N/A                                     ; None                                                ; -2.538 ns ; data[0] ; memory~248 ; clk      ;
; N/A                                     ; None                                                ; -2.541 ns ; data[0] ; memory~216 ; clk      ;
; N/A                                     ; None                                                ; -2.545 ns ; data[2] ; memory~268 ; clk      ;
; N/A                                     ; None                                                ; -2.547 ns ; data[5] ; memory~178 ; clk      ;
; N/A                                     ; None                                                ; -2.550 ns ; data[5] ; memory~210 ; clk      ;
; N/A                                     ; None                                                ; -2.572 ns ; data[0] ; memory~168 ; clk      ;
; N/A                                     ; None                                                ; -2.594 ns ; data[7] ; memory~54  ; clk      ;
; N/A                                     ; None                                                ; -2.594 ns ; data[2] ; memory~252 ; clk      ;
; N/A                                     ; None                                                ; -2.608 ns ; data[7] ; memory~70  ; clk      ;
; N/A                                     ; None                                                ; -2.619 ns ; data[2] ; memory~108 ; clk      ;
; N/A                                     ; None                                                ; -2.658 ns ; data[3] ; memory~46  ; clk      ;
; N/A                                     ; None                                                ; -2.661 ns ; data[1] ; memory~106 ; clk      ;
; N/A                                     ; None                                                ; -2.664 ns ; data[1] ; memory~170 ; clk      ;
; N/A                                     ; None                                                ; -2.667 ns ; data[6] ; memory~68  ; clk      ;
; N/A                                     ; None                                                ; -2.669 ns ; data[6] ; memory~52  ; clk      ;
; N/A                                     ; None                                                ; -2.673 ns ; data[5] ; memory~98  ; clk      ;
; N/A                                     ; None                                                ; -2.704 ns ; data[0] ; memory~120 ; clk      ;
; N/A                                     ; None                                                ; -2.708 ns ; data[0] ; memory~88  ; clk      ;
; N/A                                     ; None                                                ; -2.710 ns ; data[1] ; memory~74  ; clk      ;
; N/A                                     ; None                                                ; -2.711 ns ; data[0] ; memory~152 ; clk      ;
; N/A                                     ; None                                                ; -2.711 ns ; data[0] ; memory~24  ; clk      ;
; N/A                                     ; None                                                ; -2.713 ns ; data[1] ; memory~250 ; clk      ;
; N/A                                     ; None                                                ; -2.728 ns ; data[1] ; memory~138 ; clk      ;
; N/A                                     ; None                                                ; -2.738 ns ; data[0] ; memory~184 ; clk      ;
; N/A                                     ; None                                                ; -2.747 ns ; data[0] ; memory~104 ; clk      ;
; N/A                                     ; None                                                ; -2.752 ns ; data[0] ; memory~232 ; clk      ;
; N/A                                     ; None                                                ; -2.758 ns ; data[3] ; memory~174 ; clk      ;
; N/A                                     ; None                                                ; -2.759 ns ; data[1] ; memory~90  ; clk      ;
; N/A                                     ; None                                                ; -2.777 ns ; data[1] ; memory~122 ; clk      ;
; N/A                                     ; None                                                ; -2.778 ns ; data[1] ; memory~42  ; clk      ;
; N/A                                     ; None                                                ; -2.789 ns ; data[1] ; memory~234 ; clk      ;
; N/A                                     ; None                                                ; -2.874 ns ; data[4] ; memory~112 ; clk      ;
; N/A                                     ; None                                                ; -2.878 ns ; data[5] ; memory~258 ; clk      ;
; N/A                                     ; None                                                ; -2.895 ns ; data[1] ; memory~218 ; clk      ;
; N/A                                     ; None                                                ; -2.982 ns ; data[1] ; memory~186 ; clk      ;
; N/A                                     ; None                                                ; -2.983 ns ; data[5] ; memory~114 ; clk      ;
; N/A                                     ; None                                                ; -2.984 ns ; data[5] ; memory~162 ; clk      ;
; N/A                                     ; None                                                ; -2.987 ns ; data[5] ; memory~34  ; clk      ;
; N/A                                     ; None                                                ; -3.001 ns ; data[5] ; memory~50  ; clk      ;
; N/A                                     ; None                                                ; -3.004 ns ; data[5] ; memory~130 ; clk      ;
; N/A                                     ; None                                                ; -3.070 ns ; data[7] ; memory~198 ; clk      ;
; N/A                                     ; None                                                ; -3.073 ns ; data[7] ; memory~134 ; clk      ;
; N/A                                     ; None                                                ; -3.085 ns ; data[0] ; memory~200 ; clk      ;
; N/A                                     ; None                                                ; -3.089 ns ; data[0] ; memory~264 ; clk      ;
; N/A                                     ; None                                                ; -3.125 ns ; data[1] ; memory~266 ; clk      ;
; N/A                                     ; None                                                ; -3.136 ns ; data[1] ; memory~58  ; clk      ;
; N/A                                     ; None                                                ; -3.179 ns ; data[5] ; memory~194 ; clk      ;
; N/A                                     ; None                                                ; -3.184 ns ; data[5] ; memory~66  ; clk      ;
; N/A                                     ; None                                                ; -3.594 ns ; wr_ena  ; memory~214 ; clk      ;
; N/A                                     ; None                                                ; -3.725 ns ; wr_ena  ; memory~150 ; clk      ;
; N/A                                     ; None                                                ; -3.771 ns ; wr_ena  ; memory~232 ; clk      ;
; N/A                                     ; None                                                ; -3.794 ns ; wr_ena  ; memory~250 ; clk      ;
; N/A                                     ; None                                                ; -3.794 ns ; wr_ena  ; memory~254 ; clk      ;
; N/A                                     ; None                                                ; -3.794 ns ; wr_ena  ; memory~258 ; clk      ;
; N/A                                     ; None                                                ; -3.794 ns ; wr_ena  ; memory~262 ; clk      ;
; N/A                                     ; None                                                ; -3.855 ns ; addr[3] ; memory~214 ; clk      ;
; N/A                                     ; None                                                ; -3.902 ns ; wr_ena  ; memory~56  ; clk      ;
; N/A                                     ; None                                                ; -3.902 ns ; wr_ena  ; memory~60  ; clk      ;
; N/A                                     ; None                                                ; -3.902 ns ; wr_ena  ; memory~64  ; clk      ;
; N/A                                     ; None                                                ; -3.902 ns ; wr_ena  ; memory~68  ; clk      ;
; N/A                                     ; None                                                ; -3.928 ns ; wr_ena  ; memory~72  ; clk      ;
; N/A                                     ; None                                                ; -3.928 ns ; wr_ena  ; memory~74  ; clk      ;
; N/A                                     ; None                                                ; -3.928 ns ; wr_ena  ; memory~76  ; clk      ;
; N/A                                     ; None                                                ; -3.928 ns ; wr_ena  ; memory~78  ; clk      ;
; N/A                                     ; None                                                ; -3.928 ns ; wr_ena  ; memory~80  ; clk      ;
; N/A                                     ; None                                                ; -3.928 ns ; wr_ena  ; memory~82  ; clk      ;
; N/A                                     ; None                                                ; -3.928 ns ; wr_ena  ; memory~84  ; clk      ;
; N/A                                     ; None                                                ; -3.928 ns ; wr_ena  ; memory~86  ; clk      ;
; N/A                                     ; None                                                ; -3.949 ns ; addr[3] ; memory~150 ; clk      ;
; N/A                                     ; None                                                ; -4.022 ns ; addr[2] ; memory~150 ; clk      ;
; N/A                                     ; None                                                ; -4.031 ns ; wr_ena  ; memory~122 ; clk      ;
; N/A                                     ; None                                                ; -4.031 ns ; wr_ena  ; memory~124 ; clk      ;
; N/A                                     ; None                                                ; -4.031 ns ; wr_ena  ; memory~130 ; clk      ;
; N/A                                     ; None                                                ; -4.031 ns ; wr_ena  ; memory~132 ; clk      ;
; N/A                                     ; None                                                ; -4.031 ns ; wr_ena  ; memory~134 ; clk      ;
; N/A                                     ; None                                                ; -4.072 ns ; wr_ena  ; memory~106 ; clk      ;
; N/A                                     ; None                                                ; -4.072 ns ; wr_ena  ; memory~108 ; clk      ;
; N/A                                     ; None                                                ; -4.072 ns ; wr_ena  ; memory~116 ; clk      ;
; N/A                                     ; None                                                ; -4.129 ns ; wr_ena  ; memory~40  ; clk      ;
; N/A                                     ; None                                                ; -4.129 ns ; wr_ena  ; memory~44  ; clk      ;
; N/A                                     ; None                                                ; -4.129 ns ; wr_ena  ; memory~48  ; clk      ;
; N/A                                     ; None                                                ; -4.129 ns ; wr_ena  ; memory~52  ; clk      ;
; N/A                                     ; None                                                ; -4.164 ns ; addr[1] ; memory~214 ; clk      ;
; N/A                                     ; None                                                ; -4.187 ns ; addr[2] ; memory~214 ; clk      ;
; N/A                                     ; None                                                ; -4.188 ns ; wr_ena  ; memory~136 ; clk      ;
; N/A                                     ; None                                                ; -4.188 ns ; wr_ena  ; memory~138 ; clk      ;
; N/A                                     ; None                                                ; -4.188 ns ; wr_ena  ; memory~140 ; clk      ;
; N/A                                     ; None                                                ; -4.188 ns ; wr_ena  ; memory~142 ; clk      ;
; N/A                                     ; None                                                ; -4.188 ns ; wr_ena  ; memory~144 ; clk      ;
; N/A                                     ; None                                                ; -4.188 ns ; wr_ena  ; memory~146 ; clk      ;
; N/A                                     ; None                                                ; -4.188 ns ; wr_ena  ; memory~148 ; clk      ;
; N/A                                     ; None                                                ; -4.192 ns ; addr[0] ; memory~232 ; clk      ;
; N/A                                     ; None                                                ; -4.284 ns ; wr_ena  ; memory~110 ; clk      ;
; N/A                                     ; None                                                ; -4.284 ns ; wr_ena  ; memory~112 ; clk      ;
; N/A                                     ; None                                                ; -4.284 ns ; wr_ena  ; memory~118 ; clk      ;
; N/A                                     ; None                                                ; -4.297 ns ; wr_ena  ; memory~208 ; clk      ;
; N/A                                     ; None                                                ; -4.308 ns ; wr_ena  ; memory~200 ; clk      ;
; N/A                                     ; None                                                ; -4.308 ns ; wr_ena  ; memory~202 ; clk      ;
; N/A                                     ; None                                                ; -4.308 ns ; wr_ena  ; memory~212 ; clk      ;
; N/A                                     ; None                                                ; -4.320 ns ; wr_ena  ; memory~210 ; clk      ;
; N/A                                     ; None                                                ; -4.322 ns ; wr_ena  ; memory~104 ; clk      ;
; N/A                                     ; None                                                ; -4.322 ns ; wr_ena  ; memory~114 ; clk      ;
; N/A                                     ; None                                                ; -4.330 ns ; wr_ena  ; memory~28  ; clk      ;
; N/A                                     ; None                                                ; -4.330 ns ; wr_ena  ; memory~32  ; clk      ;
; N/A                                     ; None                                                ; -4.330 ns ; wr_ena  ; memory~36  ; clk      ;
; N/A                                     ; None                                                ; -4.332 ns ; addr[3] ; memory~106 ; clk      ;
; N/A                                     ; None                                                ; -4.332 ns ; addr[3] ; memory~108 ; clk      ;
; N/A                                     ; None                                                ; -4.332 ns ; addr[3] ; memory~116 ; clk      ;
; N/A                                     ; None                                                ; -4.334 ns ; addr[2] ; memory~232 ; clk      ;
; N/A                                     ; None                                                ; -4.341 ns ; addr[1] ; memory~232 ; clk      ;
; N/A                                     ; None                                                ; -4.349 ns ; addr[0] ; memory~72  ; clk      ;
; N/A                                     ; None                                                ; -4.349 ns ; addr[0] ; memory~74  ; clk      ;
; N/A                                     ; None                                                ; -4.349 ns ; addr[0] ; memory~76  ; clk      ;
; N/A                                     ; None                                                ; -4.349 ns ; addr[0] ; memory~78  ; clk      ;
; N/A                                     ; None                                                ; -4.349 ns ; addr[0] ; memory~80  ; clk      ;
; N/A                                     ; None                                                ; -4.349 ns ; addr[0] ; memory~82  ; clk      ;
; N/A                                     ; None                                                ; -4.349 ns ; addr[0] ; memory~84  ; clk      ;
; N/A                                     ; None                                                ; -4.349 ns ; addr[0] ; memory~86  ; clk      ;
; N/A                                     ; None                                                ; -4.369 ns ; wr_ena  ; memory~204 ; clk      ;
; N/A                                     ; None                                                ; -4.369 ns ; wr_ena  ; memory~206 ; clk      ;
; Timing analysis restricted to 200 rows. ; To change the limit use Settings (Assignments menu) ;           ;         ;            ;          ;
+-----------------------------------------+-----------------------------------------------------+-----------+---------+------------+----------+


+--------------------------+
; Timing Analyzer Messages ;
+--------------------------+
Info: *******************************************************************
Info: Running Quartus II Classic Timing Analyzer
    Info: Version 6.1 Build 201 11/27/2006 SJ Web Edition
    Info: Processing started: Fri Jun 13 19:49:16 2008
Info: Command: quartus_tan --read_settings_files=off --write_settings_files=off RAM -c RAM --timing_analysis_only
Warning: Found pins functioning as undefined clocks and/or memory enables
    Info: Assuming node "clk" is an undefined clock
Info: No valid register-to-register data paths exist for clock "clk"
Info: tsu for register "memory~256" (data pin = "addr[3]", clock pin = "clk") is 6.890 ns
    Info: + Longest pin to register delay is 9.871 ns
        Info: 1: + IC(0.000 ns) + CELL(1.087 ns) = 1.087 ns; Loc. = PIN_N15; Fanout = 46; PIN Node = 'addr[3]'
        Info: 2: + IC(4.983 ns) + CELL(0.280 ns) = 6.350 ns; Loc. = LC_X17_Y12_N7; Fanout = 1; COMB Node = 'memory~4285'
        Info: 3: + IC(1.213 ns) + CELL(0.366 ns) = 7.929 ns; Loc. = LC_X19_Y14_N2; Fanout = 8; COMB Node = 'rtl~13'
        Info: 4: + IC(1.237 ns) + CELL(0.705 ns) = 9.871 ns; Loc. = LC_X17_Y11_N0; Fanout = 1; REG Node = 'memory~256'
        Info: Total cell delay = 2.438 ns ( 24.70 % )
        Info: Total interconnect delay = 7.433 ns ( 75.30 % )
    Info: + Micro setup delay of destination is 0.010 ns
    Info: - Shortest clock path from clock "clk" to destination register is 2.991 ns
        Info: 1: + IC(0.000 ns) + CELL(0.828 ns) = 0.828 ns; Loc. = PIN_M20; Fanout = 128; CLK Node = 'clk'
        Info: 2: + IC(1.621 ns) + CELL(0.542 ns) = 2.991 ns; Loc. = LC_X17_Y11_N0; Fanout = 1; REG Node = 'memory~256'
        Info: Total cell delay = 1.370 ns ( 45.80 % )
        Info: Total interconnect delay = 1.621 ns ( 54.20 % )
Info: tco from clock "clk" to destination pin "data[7]" through register "memory~70" is 11.634 ns
    Info: + Longest clock path from clock "clk" to source register is 3.025 ns
        Info: 1: + IC(0.000 ns) + CELL(0.828 ns) = 0.828 ns; Loc. = PIN_M20; Fanout = 128; CLK Node = 'clk'
        Info: 2: + IC(1.655 ns) + CELL(0.542 ns) = 3.025 ns; Loc. = LC_X19_Y16_N7; Fanout = 1; REG Node = 'memory~70'
        Info: Total cell delay = 1.370 ns ( 45.29 % )
        Info: Total interconnect delay = 1.655 ns ( 54.71 % )
    Info: + Micro clock to output delay of source is 0.156 ns
    Info: + Longest register to pin delay is 8.453 ns
        Info: 1: + IC(0.000 ns) + CELL(0.000 ns) = 0.000 ns; Loc. = LC_X19_Y16_N7; Fanout = 1; REG Node = 'memory~70'
        Info: 2: + IC(1.032 ns) + CELL(0.075 ns) = 1.107 ns; Loc. = LC_X19_Y15_N5; Fanout = 1; COMB Node = 'memory~4264'
        Info: 3: + IC(0.965 ns) + CELL(0.280 ns) = 2.352 ns; Loc. = LC_X19_Y16_N1; Fanout = 1; COMB Node = 'memory~4265'
        Info: 4: + IC(1.258 ns) + CELL(0.183 ns) = 3.793 ns; Loc. = LC_X17_Y15_N9; Fanout = 1; COMB Node = 'memory~4268'
        Info: 5: + IC(0.305 ns) + CELL(0.280 ns) = 4.378 ns; Loc. = LC_X17_Y15_N2; Fanout = 1; COMB Node = 'memory~4271'
        Info: 6: + IC(1.671 ns) + CELL(2.404 ns) = 8.453 ns; Loc. = PIN_V14; Fanout = 0; PIN Node = 'data[7]'
        Info: Total cell delay = 3.222 ns ( 38.12 % )
        Info: Total interconnect delay = 5.231 ns ( 61.88 % )
Info: Longest tpd from source pin "addr[1]" to destination pin "data[4]" is 13.800 ns
    Info: 1: + IC(0.000 ns) + CELL(1.087 ns) = 1.087 ns; Loc. = PIN_U15; Fanout = 46; PIN Node = 'addr[1]'
    Info: 2: + IC(5.135 ns) + CELL(0.280 ns) = 6.502 ns; Loc. = LC_X19_Y12_N8; Fanout = 1; COMB Node = 'memory~4234'
    Info: 3: + IC(1.210 ns) + CELL(0.366 ns) = 8.078 ns; Loc. = LC_X17_Y13_N9; Fanout = 1; COMB Node = 'memory~4235'
    Info: 4: + IC(0.999 ns) + CELL(0.075 ns) = 9.152 ns; Loc. = LC_X17_Y11_N7; Fanout = 1; COMB Node = 'memory~4238'
    Info: 5: + IC(0.321 ns) + CELL(0.366 ns) = 9.839 ns; Loc. = LC_X17_Y11_N3; Fanout = 1; COMB Node = 'memory~4241'
    Info: 6: + IC(1.557 ns) + CELL(2.404 ns) = 13.800 ns; Loc. = PIN_W14; Fanout = 0; PIN Node = 'data[4]'
    Info: Total cell delay = 4.578 ns ( 33.17 % )
    Info: Total interconnect delay = 9.222 ns ( 66.83 % )
Info: th for register "memory~180" (data pin = "data[6]", clock pin = "clk") is -2.040 ns
    Info: + Longest clock path from clock "clk" to destination register is 2.981 ns
        Info: 1: + IC(0.000 ns) + CELL(0.828 ns) = 0.828 ns; Loc. = PIN_M20; Fanout = 128; CLK Node = 'clk'
        Info: 2: + IC(1.611 ns) + CELL(0.542 ns) = 2.981 ns; Loc. = LC_X19_Y10_N2; Fanout = 1; REG Node = 'memory~180'
        Info: Total cell delay = 1.370 ns ( 45.96 % )
        Info: Total interconnect delay = 1.611 ns ( 54.04 % )
    Info: + Micro hold delay of destination is 0.100 ns
    Info: - Shortest pin to register delay is 5.121 ns
        Info: 1: + IC(0.000 ns) + CELL(0.000 ns) = 0.000 ns; Loc. = PIN_P15; Fanout = 1; PIN Node = 'data[6]'
        Info: 2: + IC(0.000 ns) + CELL(1.087 ns) = 1.087 ns; Loc. = IOC_X19_Y0_N1; Fanout = 16; COMB Node = 'data[6]~1'
        Info: 3: + IC(3.949 ns) + CELL(0.085 ns) = 5.121 ns; Loc. = LC_X19_Y10_N2; Fanout = 1; REG Node = 'memory~180'
        Info: Total cell delay = 1.172 ns ( 22.89 % )
        Info: Total interconnect delay = 3.949 ns ( 77.11 % )
Info: Quartus II Classic Timing Analyzer was successful. 0 errors, 1 warning
    Info: Allocated 99 megabytes of memory during processing
    Info: Processing ended: Fri Jun 13 19:49:17 2008
    Info: Elapsed time: 00:00:01


