Flow report for Decoder
Fri Jun 06 16:02:34 2008
Quartus II Version 6.1 Build 201 11/27/2006 SJ Web Edition


---------------------
; Table of Contents ;
---------------------
  1. Legal Notice
  2. Flow Summary
  3. Flow Settings
  4. Flow Non-Default Global Settings
  5. Flow Elapsed Time
  6. Flow Log



----------------
; Legal Notice ;
----------------
Copyright (C) 1991-2006 Altera Corporation
Your use of Altera Corporation's design tools, logic functions 
and other software and tools, and its AMPP partner logic 
functions, and any output files from any of the foregoing 
(including device programming or simulation files), and any 
associated documentation or information are expressly subject 
to the terms and conditions of the Altera Program License 
Subscription Agreement, Altera MegaCore Function License 
Agreement, or other applicable license agreement, including, 
without limitation, that your use is for the sole purpose of 
programming logic devices manufactured by Altera and sold by 
Altera or its authorized distributors.  Please refer to the 
applicable agreement for further details.



+-------------------------------------------------------------------+
; Flow Summary                                                      ;
+-------------------------+-----------------------------------------+
; Flow Status             ; Successful - Fri Jun 06 16:02:34 2008   ;
; Quartus II Version      ; 6.1 Build 201 11/27/2006 SJ Web Edition ;
; Revision Name           ; Decoder                                 ;
; Top-level Entity Name   ; Decoder                                 ;
; Family                  ; MAX7000AE                               ;
; Met timing requirements ; Yes                                     ;
; Total macrocells        ; 16 / 32 ( 50 % )                        ;
; Total pins              ; 25 / 36 ( 69 % )                        ;
; Device                  ; EPM7032AELC44-4                         ;
; Timing Models           ; Final                                   ;
+-------------------------+-----------------------------------------+


+-----------------------------------------+
; Flow Settings                           ;
+-------------------+---------------------+
; Option            ; Setting             ;
+-------------------+---------------------+
; Start date & time ; 06/06/2008 16:02:16 ;
; Main task         ; Compilation         ;
; Revision Name     ; Decoder             ;
+-------------------+---------------------+


+-------------------------------------------------------------------------------------------------+
; Flow Non-Default Global Settings                                                                ;
+----------------------+--------------+--------------------------------+-------------+------------+
; Assignment Name      ; Value        ; Default Value                  ; Entity Name ; Section Id ;
+----------------------+--------------+--------------------------------+-------------+------------+
; FITTER_EFFORT        ; Standard Fit ; Auto Fit                       ; --          ; --         ;
; OPTIMIZE_HOLD_TIMING ; Off          ; IO Paths and Minimum TPD Paths ; --          ; --         ;
+----------------------+--------------+--------------------------------+-------------+------------+


+----------------------------------------+
; Flow Elapsed Time                      ;
+-------------------------+--------------+
; Module Name             ; Elapsed Time ;
+-------------------------+--------------+
; Analysis & Synthesis    ; 00:00:04     ;
; Fitter                  ; 00:00:01     ;
; Assembler               ; 00:00:06     ;
; Classic Timing Analyzer ; 00:00:01     ;
; Total                   ; 00:00:12     ;
+-------------------------+--------------+


------------
; Flow Log ;
------------
quartus_map --read_settings_files=on --write_settings_files=off Decoder -c Decoder
quartus_fit --read_settings_files=off --write_settings_files=off Decoder -c Decoder
quartus_asm --read_settings_files=off --write_settings_files=off Decoder -c Decoder
quartus_tan --read_settings_files=off --write_settings_files=off Decoder -c Decoder



