Classic Timing Analyzer report for AHDL1
Mon May 26 19:13:31 2008
Quartus II Version 6.1 Build 201 11/27/2006 SJ Web Edition


---------------------
; Table of Contents ;
---------------------
  1. Legal Notice
  2. Timing Analyzer Summary
  3. Timing Analyzer Settings
  4. Clock Settings Summary
  5. tsu
  6. tco
  7. tpd
  8. th
  9. Timing Analyzer Messages



----------------
; Legal Notice ;
----------------
Copyright (C) 1991-2006 Altera Corporation
Your use of Altera Corporation's design tools, logic functions 
and other software and tools, and its AMPP partner logic 
functions, and any output files from any of the foregoing 
(including device programming or simulation files), and any 
associated documentation or information are expressly subject 
to the terms and conditions of the Altera Program License 
Subscription Agreement, Altera MegaCore Function License 
Agreement, or other applicable license agreement, including, 
without limitation, that your use is for the sole purpose of 
programming logic devices manufactured by Altera and sold by 
Altera or its authorized distributors.  Please refer to the 
applicable agreement for further details.



+---------------------------------------------------------------------------------------------------------------------------------+
; Timing Analyzer Summary                                                                                                         ;
+------------------------------+-------+---------------+-------------+----------+----------+------------+----------+--------------+
; Type                         ; Slack ; Required Time ; Actual Time ; From     ; To       ; From Clock ; To Clock ; Failed Paths ;
+------------------------------+-------+---------------+-------------+----------+----------+------------+----------+--------------+
; Worst-case tsu               ; N/A   ; None          ; 6.200 ns    ; TEST     ; FLIPFLOP ; --         ; CLOCK    ; 0            ;
; Worst-case tco               ; N/A   ; None          ; 13.800 ns   ; FLIPFLOP ; TEST     ; CLOCK      ; --       ; 0            ;
; Worst-case tpd               ; N/A   ; None          ; 10.000 ns   ; B        ; OUT_A    ; --         ; --       ; 0            ;
; Worst-case th                ; N/A   ; None          ; -2.000 ns   ; TEST     ; FLIPFLOP ; --         ; CLOCK    ; 0            ;
; Total number of failed paths ;       ;               ;             ;          ;          ;            ;          ; 0            ;
+------------------------------+-------+---------------+-------------+----------+----------+------------+----------+--------------+


+------------------------------------------------------------------------------------------------------+
; Timing Analyzer Settings                                                                             ;
+-------------------------------------------------------+--------------------+------+----+-------------+
; Option                                                ; Setting            ; From ; To ; Entity Name ;
+-------------------------------------------------------+--------------------+------+----+-------------+
; Device Name                                           ; EPM7064AEFC100-10  ;      ;    ;             ;
; Timing Models                                         ; Final              ;      ;    ;             ;
; Default hold multicycle                               ; Same as Multicycle ;      ;    ;             ;
; Cut paths between unrelated clock domains             ; On                 ;      ;    ;             ;
; Cut off read during write signal paths                ; On                 ;      ;    ;             ;
; Cut off feedback from I/O pins                        ; On                 ;      ;    ;             ;
; Report Combined Fast/Slow Timing                      ; Off                ;      ;    ;             ;
; Ignore Clock Settings                                 ; Off                ;      ;    ;             ;
; Analyze latches as synchronous elements               ; On                 ;      ;    ;             ;
; Enable Recovery/Removal analysis                      ; Off                ;      ;    ;             ;
; Enable Clock Latency                                  ; Off                ;      ;    ;             ;
; Number of source nodes to report per destination node ; 10                 ;      ;    ;             ;
; Number of destination nodes to report                 ; 10                 ;      ;    ;             ;
; Number of paths to report                             ; 200                ;      ;    ;             ;
; Report Minimum Timing Checks                          ; Off                ;      ;    ;             ;
; Use Fast Timing Models                                ; Off                ;      ;    ;             ;
; Report IO Paths Separately                            ; Off                ;      ;    ;             ;
+-------------------------------------------------------+--------------------+------+----+-------------+


+------------------------------------------------------------------------------------------------------------------------------------------------------------------------------------+
; Clock Settings Summary                                                                                                                                                             ;
+-----------------+--------------------+----------+------------------+---------------+--------------+----------+-----------------------+---------------------+--------+--------------+
; Clock Node Name ; Clock Setting Name ; Type     ; Fmax Requirement ; Early Latency ; Late Latency ; Based on ; Multiply Base Fmax by ; Divide Base Fmax by ; Offset ; Phase offset ;
+-----------------+--------------------+----------+------------------+---------------+--------------+----------+-----------------------+---------------------+--------+--------------+
; CLOCK           ;                    ; User Pin ; None             ; 0.000 ns      ; 0.000 ns     ; --       ; N/A                   ; N/A                 ; N/A    ;              ;
+-----------------+--------------------+----------+------------------+---------------+--------------+----------+-----------------------+---------------------+--------+--------------+


+----------------------------------------------------------------+
; tsu                                                            ;
+-------+--------------+------------+------+----------+----------+
; Slack ; Required tsu ; Actual tsu ; From ; To       ; To Clock ;
+-------+--------------+------------+------+----------+----------+
; N/A   ; None         ; 6.200 ns   ; TEST ; FLIPFLOP ; CLOCK    ;
+-------+--------------+------------+------+----------+----------+


+-------------------------------------------------------------------+
; tco                                                               ;
+-------+--------------+------------+----------+-------+------------+
; Slack ; Required tco ; Actual tco ; From     ; To    ; From Clock ;
+-------+--------------+------------+----------+-------+------------+
; N/A   ; None         ; 13.800 ns  ; FLIPFLOP ; TEST  ; CLOCK      ;
; N/A   ; None         ; 7.000 ns   ; FLIPFLOP ; OUT_F ; CLOCK      ;
+-------+--------------+------------+----------+-------+------------+


+----------------------------------------------------------------+
; tpd                                                            ;
+-------+-------------------+-----------------+-------+----------+
; Slack ; Required P2P Time ; Actual P2P Time ; From  ; To       ;
+-------+-------------------+-----------------+-------+----------+
; N/A   ; None              ; 10.000 ns       ; DB[3] ; PROVA[7] ;
; N/A   ; None              ; 10.000 ns       ; DB[1] ; PROVA[7] ;
; N/A   ; None              ; 10.000 ns       ; DB[4] ; PROVA[7] ;
; N/A   ; None              ; 10.000 ns       ; DB[2] ; PROVA[7] ;
; N/A   ; None              ; 10.000 ns       ; DB[0] ; PROVA[7] ;
; N/A   ; None              ; 10.000 ns       ; DB[7] ; PROVA[7] ;
; N/A   ; None              ; 10.000 ns       ; DB[6] ; PROVA[7] ;
; N/A   ; None              ; 10.000 ns       ; DB[5] ; PROVA[7] ;
; N/A   ; None              ; 10.000 ns       ; DB[3] ; PROVA[3] ;
; N/A   ; None              ; 10.000 ns       ; DB[1] ; PROVA[3] ;
; N/A   ; None              ; 10.000 ns       ; DB[4] ; PROVA[3] ;
; N/A   ; None              ; 10.000 ns       ; DB[2] ; PROVA[3] ;
; N/A   ; None              ; 10.000 ns       ; DB[0] ; PROVA[3] ;
; N/A   ; None              ; 10.000 ns       ; DB[7] ; PROVA[3] ;
; N/A   ; None              ; 10.000 ns       ; DB[6] ; PROVA[3] ;
; N/A   ; None              ; 10.000 ns       ; DB[5] ; PROVA[3] ;
; N/A   ; None              ; 10.000 ns       ; DB[3] ; PROVA[8] ;
; N/A   ; None              ; 10.000 ns       ; DB[1] ; PROVA[8] ;
; N/A   ; None              ; 10.000 ns       ; DB[4] ; PROVA[8] ;
; N/A   ; None              ; 10.000 ns       ; DB[2] ; PROVA[8] ;
; N/A   ; None              ; 10.000 ns       ; DB[0] ; PROVA[8] ;
; N/A   ; None              ; 10.000 ns       ; DB[7] ; PROVA[8] ;
; N/A   ; None              ; 10.000 ns       ; DB[6] ; PROVA[8] ;
; N/A   ; None              ; 10.000 ns       ; DB[5] ; PROVA[8] ;
; N/A   ; None              ; 10.000 ns       ; DB[3] ; PROVA[6] ;
; N/A   ; None              ; 10.000 ns       ; DB[1] ; PROVA[6] ;
; N/A   ; None              ; 10.000 ns       ; DB[4] ; PROVA[6] ;
; N/A   ; None              ; 10.000 ns       ; DB[2] ; PROVA[6] ;
; N/A   ; None              ; 10.000 ns       ; DB[0] ; PROVA[6] ;
; N/A   ; None              ; 10.000 ns       ; DB[7] ; PROVA[6] ;
; N/A   ; None              ; 10.000 ns       ; DB[6] ; PROVA[6] ;
; N/A   ; None              ; 10.000 ns       ; DB[5] ; PROVA[6] ;
; N/A   ; None              ; 10.000 ns       ; DB[3] ; PROVA[4] ;
; N/A   ; None              ; 10.000 ns       ; DB[1] ; PROVA[4] ;
; N/A   ; None              ; 10.000 ns       ; DB[4] ; PROVA[4] ;
; N/A   ; None              ; 10.000 ns       ; DB[2] ; PROVA[4] ;
; N/A   ; None              ; 10.000 ns       ; DB[0] ; PROVA[4] ;
; N/A   ; None              ; 10.000 ns       ; DB[7] ; PROVA[4] ;
; N/A   ; None              ; 10.000 ns       ; DB[6] ; PROVA[4] ;
; N/A   ; None              ; 10.000 ns       ; DB[5] ; PROVA[4] ;
; N/A   ; None              ; 10.000 ns       ; DB[3] ; OUT_C    ;
; N/A   ; None              ; 10.000 ns       ; DB[1] ; OUT_C    ;
; N/A   ; None              ; 10.000 ns       ; DB[4] ; OUT_C    ;
; N/A   ; None              ; 10.000 ns       ; DB[2] ; OUT_C    ;
; N/A   ; None              ; 10.000 ns       ; DB[0] ; OUT_C    ;
; N/A   ; None              ; 10.000 ns       ; DB[7] ; OUT_C    ;
; N/A   ; None              ; 10.000 ns       ; DB[6] ; OUT_C    ;
; N/A   ; None              ; 10.000 ns       ; DB[5] ; OUT_C    ;
; N/A   ; None              ; 10.000 ns       ; DB[3] ; OUT_D    ;
; N/A   ; None              ; 10.000 ns       ; DB[1] ; OUT_D    ;
; N/A   ; None              ; 10.000 ns       ; DB[4] ; OUT_D    ;
; N/A   ; None              ; 10.000 ns       ; DB[2] ; OUT_D    ;
; N/A   ; None              ; 10.000 ns       ; DB[0] ; OUT_D    ;
; N/A   ; None              ; 10.000 ns       ; DB[7] ; OUT_D    ;
; N/A   ; None              ; 10.000 ns       ; DB[6] ; OUT_D    ;
; N/A   ; None              ; 10.000 ns       ; DB[5] ; OUT_D    ;
; N/A   ; None              ; 10.000 ns       ; DB[3] ; OUT_B    ;
; N/A   ; None              ; 10.000 ns       ; DB[1] ; OUT_B    ;
; N/A   ; None              ; 10.000 ns       ; DB[4] ; OUT_B    ;
; N/A   ; None              ; 10.000 ns       ; DB[2] ; OUT_B    ;
; N/A   ; None              ; 10.000 ns       ; DB[0] ; OUT_B    ;
; N/A   ; None              ; 10.000 ns       ; DB[7] ; OUT_B    ;
; N/A   ; None              ; 10.000 ns       ; DB[6] ; OUT_B    ;
; N/A   ; None              ; 10.000 ns       ; DB[5] ; OUT_B    ;
; N/A   ; None              ; 10.000 ns       ; DB[3] ; PROVA[5] ;
; N/A   ; None              ; 10.000 ns       ; DB[1] ; PROVA[5] ;
; N/A   ; None              ; 10.000 ns       ; DB[4] ; PROVA[5] ;
; N/A   ; None              ; 10.000 ns       ; DB[2] ; PROVA[5] ;
; N/A   ; None              ; 10.000 ns       ; DB[0] ; PROVA[5] ;
; N/A   ; None              ; 10.000 ns       ; DB[7] ; PROVA[5] ;
; N/A   ; None              ; 10.000 ns       ; DB[6] ; PROVA[5] ;
; N/A   ; None              ; 10.000 ns       ; DB[5] ; PROVA[5] ;
; N/A   ; None              ; 10.000 ns       ; DB[3] ; PROVA[1] ;
; N/A   ; None              ; 10.000 ns       ; DB[1] ; PROVA[1] ;
; N/A   ; None              ; 10.000 ns       ; DB[4] ; PROVA[1] ;
; N/A   ; None              ; 10.000 ns       ; DB[2] ; PROVA[1] ;
; N/A   ; None              ; 10.000 ns       ; DB[0] ; PROVA[1] ;
; N/A   ; None              ; 10.000 ns       ; DB[7] ; PROVA[1] ;
; N/A   ; None              ; 10.000 ns       ; DB[6] ; PROVA[1] ;
; N/A   ; None              ; 10.000 ns       ; DB[5] ; PROVA[1] ;
; N/A   ; None              ; 10.000 ns       ; D     ; OUT_E    ;
; N/A   ; None              ; 10.000 ns       ; C     ; OUT_E    ;
; N/A   ; None              ; 10.000 ns       ; A     ; OUT_A    ;
; N/A   ; None              ; 10.000 ns       ; B     ; OUT_A    ;
; N/A   ; None              ; 8.600 ns        ; OE    ; TEST     ;
+-------+-------------------+-----------------+-------+----------+


+----------------------------------------------------------------------+
; th                                                                   ;
+---------------+-------------+-----------+------+----------+----------+
; Minimum Slack ; Required th ; Actual th ; From ; To       ; To Clock ;
+---------------+-------------+-----------+------+----------+----------+
; N/A           ; None        ; -2.000 ns ; TEST ; FLIPFLOP ; CLOCK    ;
+---------------+-------------+-----------+------+----------+----------+


+--------------------------+
; Timing Analyzer Messages ;
+--------------------------+
Info: *******************************************************************
Info: Running Quartus II Classic Timing Analyzer
    Info: Version 6.1 Build 201 11/27/2006 SJ Web Edition
    Info: Processing started: Mon May 26 19:13:31 2008
Info: Command: quartus_tan --read_settings_files=off --write_settings_files=off AHDL1 -c AHDL1
Info: Started post-fitting delay annotation
Info: Delay annotation completed successfully
Warning: Timing Analysis does not support the analysis of latches as synchronous elements for the currently selected device family
Warning: Found pins functioning as undefined clocks and/or memory enables
    Info: Assuming node "CLOCK" is an undefined clock
Info: No valid register-to-register data paths exist for clock "CLOCK"
Info: tsu for register "FLIPFLOP" (data pin = "TEST", clock pin = "CLOCK") is 6.200 ns
    Info: + Longest pin to register delay is 6.900 ns
        Info: 1: + IC(0.000 ns) + CELL(0.000 ns) = 0.000 ns; Loc. = PIN_K5; Fanout = 1; PIN Node = 'TEST'
        Info: 2: + IC(0.000 ns) + CELL(1.400 ns) = 1.400 ns; Loc. = IO17; Fanout = 1; COMB Node = 'TEST~0'
        Info: 3: + IC(2.300 ns) + CELL(3.200 ns) = 6.900 ns; Loc. = LC20; Fanout = 2; REG Node = 'FLIPFLOP'
        Info: Total cell delay = 4.600 ns ( 66.67 % )
        Info: Total interconnect delay = 2.300 ns ( 33.33 % )
    Info: + Micro setup delay of destination is 2.900 ns
    Info: - Shortest clock path from clock "CLOCK" to destination register is 3.600 ns
        Info: 1: + IC(0.000 ns) + CELL(2.300 ns) = 2.300 ns; Loc. = PIN_A6; Fanout = 1; CLK Node = 'CLOCK'
        Info: 2: + IC(0.000 ns) + CELL(1.300 ns) = 3.600 ns; Loc. = LC20; Fanout = 2; REG Node = 'FLIPFLOP'
        Info: Total cell delay = 3.600 ns ( 100.00 % )
Info: tco from clock "CLOCK" to destination pin "TEST" through register "FLIPFLOP" is 13.800 ns
    Info: + Longest clock path from clock "CLOCK" to source register is 3.600 ns
        Info: 1: + IC(0.000 ns) + CELL(2.300 ns) = 2.300 ns; Loc. = PIN_A6; Fanout = 1; CLK Node = 'CLOCK'
        Info: 2: + IC(0.000 ns) + CELL(1.300 ns) = 3.600 ns; Loc. = LC20; Fanout = 2; REG Node = 'FLIPFLOP'
        Info: Total cell delay = 3.600 ns ( 100.00 % )
    Info: + Micro clock to output delay of source is 1.600 ns
    Info: + Longest register to pin delay is 8.600 ns
        Info: 1: + IC(0.000 ns) + CELL(0.000 ns) = 0.000 ns; Loc. = LC20; Fanout = 2; REG Node = 'FLIPFLOP'
        Info: 2: + IC(2.300 ns) + CELL(4.500 ns) = 6.800 ns; Loc. = LC17; Fanout = 1; COMB Node = 'FLIPFLOP~2'
        Info: 3: + IC(0.000 ns) + CELL(1.800 ns) = 8.600 ns; Loc. = PIN_K5; Fanout = 0; PIN Node = 'TEST'
        Info: Total cell delay = 6.300 ns ( 73.26 % )
        Info: Total interconnect delay = 2.300 ns ( 26.74 % )
Info: Longest tpd from source pin "DB[3]" to destination pin "PROVA[7]" is 10.000 ns
    Info: 1: + IC(0.000 ns) + CELL(1.400 ns) = 1.400 ns; Loc. = PIN_G10; Fanout = 14; PIN Node = 'DB[3]'
    Info: 2: + IC(2.300 ns) + CELL(4.500 ns) = 8.200 ns; Loc. = LC11; Fanout = 1; COMB Node = 'PROVA[6]~32'
    Info: 3: + IC(0.000 ns) + CELL(1.800 ns) = 10.000 ns; Loc. = PIN_A3; Fanout = 0; PIN Node = 'PROVA[7]'
    Info: Total cell delay = 7.700 ns ( 77.00 % )
    Info: Total interconnect delay = 2.300 ns ( 23.00 % )
Info: th for register "FLIPFLOP" (data pin = "TEST", clock pin = "CLOCK") is -2.000 ns
    Info: + Longest clock path from clock "CLOCK" to destination register is 3.600 ns
        Info: 1: + IC(0.000 ns) + CELL(2.300 ns) = 2.300 ns; Loc. = PIN_A6; Fanout = 1; CLK Node = 'CLOCK'
        Info: 2: + IC(0.000 ns) + CELL(1.300 ns) = 3.600 ns; Loc. = LC20; Fanout = 2; REG Node = 'FLIPFLOP'
        Info: Total cell delay = 3.600 ns ( 100.00 % )
    Info: + Micro hold delay of destination is 1.300 ns
    Info: - Shortest pin to register delay is 6.900 ns
        Info: 1: + IC(0.000 ns) + CELL(0.000 ns) = 0.000 ns; Loc. = PIN_K5; Fanout = 1; PIN Node = 'TEST'
        Info: 2: + IC(0.000 ns) + CELL(1.400 ns) = 1.400 ns; Loc. = IO17; Fanout = 1; COMB Node = 'TEST~0'
        Info: 3: + IC(2.300 ns) + CELL(3.200 ns) = 6.900 ns; Loc. = LC20; Fanout = 2; REG Node = 'FLIPFLOP'
        Info: Total cell delay = 4.600 ns ( 66.67 % )
        Info: Total interconnect delay = 2.300 ns ( 33.33 % )
Info: Quartus II Classic Timing Analyzer was successful. 0 errors, 2 warnings
    Info: Allocated 95 megabytes of memory during processing
    Info: Processing ended: Mon May 26 19:13:31 2008
    Info: Elapsed time: 00:00:00


