This is pdfTeX, Version 3.1415926-1.40.9 (MiKTeX 2.7) (preloaded format=pdflatex 2009.5.25)  4 JUN 2009 02:59
entering extended mode
**capitolo2.tex
(capitolo2.tex
LaTeX2e <2005/12/01>
Babel <v3.8l> and hyphenation patterns for english, dumylang, nohyphenation, ge
rman, ngerman, german-x-2008-06-18, ngerman-x-2008-06-18, french, italian, load
ed.
! Undefined control sequence.
l.1 \graphicspath
                 {{img/lab2/}}
? 
! Emergency stop.
l.1 \graphicspath
                 {{img/lab2/}}
End of file on the terminal!

 
Here is how much of TeX's memory you used:
 6 strings out of 95282
 96 string characters out of 1182791
 45040 words of memory out of 1500000
 3322 multiletter control sequences out of 110000
 3640 words of font info for 14 fonts, out of 3000000 for 5000
 14 hyphenation exceptions out of 8191
 5i,0n,1p,43b,8s stack positions out of 5000i,500n,10000p,200000b,50000s
!  ==> Fatal error occurred, no output PDF file produced!
