Flow report for Apricancello
Mon May 26 20:14:54 2008
Quartus II Version 6.1 Build 201 11/27/2006 SJ Web Edition


---------------------
; Table of Contents ;
---------------------
  1. Legal Notice
  2. Flow Summary
  3. Flow Settings
  4. Flow Non-Default Global Settings
  5. Flow Elapsed Time
  6. Flow Log



----------------
; Legal Notice ;
----------------
Copyright (C) 1991-2006 Altera Corporation
Your use of Altera Corporation's design tools, logic functions 
and other software and tools, and its AMPP partner logic 
functions, and any output files from any of the foregoing 
(including device programming or simulation files), and any 
associated documentation or information are expressly subject 
to the terms and conditions of the Altera Program License 
Subscription Agreement, Altera MegaCore Function License 
Agreement, or other applicable license agreement, including, 
without limitation, that your use is for the sole purpose of 
programming logic devices manufactured by Altera and sold by 
Altera or its authorized distributors.  Please refer to the 
applicable agreement for further details.



+-------------------------------------------------------------------+
; Flow Summary                                                      ;
+-------------------------+-----------------------------------------+
; Flow Status             ; Successful - Mon May 26 20:14:54 2008   ;
; Quartus II Version      ; 6.1 Build 201 11/27/2006 SJ Web Edition ;
; Revision Name           ; Apricancello                            ;
; Top-level Entity Name   ; Apricancello                            ;
; Family                  ; Cyclone                                 ;
; Met timing requirements ; Yes                                     ;
; Total logic elements    ; 22 / 2,910 ( < 1 % )                    ;
; Total pins              ; 18 / 65 ( 28 % )                        ;
; Total virtual pins      ; 0                                       ;
; Total memory bits       ; 0 / 59,904 ( 0 % )                      ;
; Total PLLs              ; 0 / 1 ( 0 % )                           ;
; Device                  ; EP1C3T100C6                             ;
; Timing Models           ; Final                                   ;
+-------------------------+-----------------------------------------+


+-----------------------------------------+
; Flow Settings                           ;
+-------------------+---------------------+
; Option            ; Setting             ;
+-------------------+---------------------+
; Start date & time ; 05/26/2008 20:14:42 ;
; Main task         ; Compilation         ;
; Revision Name     ; Apricancello        ;
+-------------------+---------------------+


+--------------------------------------------------------------------+
; Flow Non-Default Global Settings                                   ;
+-----------------+-------+---------------+-------------+------------+
; Assignment Name ; Value ; Default Value ; Entity Name ; Section Id ;
+-----------------+-------+---------------+-------------+------------+


+----------------------------------------+
; Flow Elapsed Time                      ;
+-------------------------+--------------+
; Module Name             ; Elapsed Time ;
+-------------------------+--------------+
; Analysis & Synthesis    ; 00:00:01     ;
; Fitter                  ; 00:00:03     ;
; Assembler               ; 00:00:05     ;
; Classic Timing Analyzer ; 00:00:00     ;
; Total                   ; 00:00:09     ;
+-------------------------+--------------+


------------
; Flow Log ;
------------
quartus_map --read_settings_files=on --write_settings_files=off Apricancello -c Apricancello
quartus_fit --read_settings_files=off --write_settings_files=off Apricancello -c Apricancello
quartus_asm --read_settings_files=off --write_settings_files=off Apricancello -c Apricancello
quartus_tan --read_settings_files=off --write_settings_files=off Apricancello -c Apricancello --timing_analysis_only



